#
# There is insufficient memory for the Java Runtime Environment to continue.
# Native memory allocation (malloc) failed to allocate 9616696 bytes for AllocateHeap
# Possible reasons:
#   The system is out of physical RAM or swap space
#   The process is running with CompressedOops enabled, and the Java Heap may be blocking the growth of the native heap
# Possible solutions:
#   Reduce memory load on the system
#   Increase physical memory or swap space
#   Check if swap backing store is full
#   Decrease Java heap size (-Xmx/-Xms)
#   Decrease number of Java threads
#   Decrease Java thread stack sizes (-Xss)
#   Set larger code cache with -XX:ReservedCodeCacheSize=
#   JVM is running with Unscaled Compressed Oops mode in which the Java heap is
#     placed in the first 4GB address space. The Java Heap base address is the
#     maximum limit for the native heap growth. Please use -XX:HeapBaseMinAddress
#     to set the Java Heap base and to place the Java Heap above 4GB virtual address.
# This output file may be truncated or incomplete.
#
#  Out of Memory Error (allocation.cpp:44), pid=4500, tid=9800
#
# JRE version: Java(TM) SE Runtime Environment (17.0.4.1+1) (build 17.0.4.1+1-LTS-2)
# Java VM: Java HotSpot(TM) 64-Bit Server VM (17.0.4.1+1-LTS-2, mixed mode, sharing, tiered, compressed oops, compressed class ptrs, g1 gc, windows-amd64)
# No core dump will be written. Minidumps are not enabled by default on client versions of Windows
#

---------------  S U M M A R Y ------------

Command Line: -Dfile.encoding=UTF-8 --module-path=C:\Users\VictorHugo\Documents\NetBeansProjects\JustA2Dgame\build\classes main.Main

Host: Intel(R) Core(TM) i5-3470 CPU @ 3.20GHz, 4 cores, 7G,  Windows 10 , 64 bit Build 19041 (10.0.19041.1889)
Time: Wed Oct 19 11:05:17 2022 E. South America Standard Time elapsed time: 3.119007 seconds (0d 0h 0m 3s)

---------------  T H R E A D  ---------------

Current thread (0x000001eeee006af0):  JavaThread "Direct Clip" daemon [_thread_in_vm, id=9800, stack(0x0000001899300000,0x0000001899400000)]

Stack: [0x0000001899300000,0x0000001899400000]
Native frames: (J=compiled Java code, j=interpreted, Vv=VM code, C=native code)
V  [jvm.dll+0x6723ba]
V  [jvm.dll+0x7d1e34]
V  [jvm.dll+0x7d35de]
V  [jvm.dll+0x7d3c43]
V  [jvm.dll+0x243065]
V  [jvm.dll+0xa4b93]
V  [jvm.dll+0x3e44b3]
C  [jsound.dll+0x1526]

Java frames: (J=compiled Java code, j=interpreted, Vv=VM code)
j  com.sun.media.sound.DirectAudioDevice.nWrite(J[BIIIFF)I+0 java.desktop@17.0.4.1
j  com.sun.media.sound.DirectAudioDevice$DirectDL.write([BII)I+180 java.desktop@17.0.4.1
j  com.sun.media.sound.DirectAudioDevice$DirectClip.run()V+189 java.desktop@17.0.4.1
j  java.lang.Thread.run()V+11 java.base@17.0.4.1
v  ~StubRoutines::call_stub

---------------  P R O C E S S  ---------------

Threads class SMR info:
_java_thread_list=0x000001eece97abf0, length=19, elements={
0x000001eeec1933e0, 0x000001eeec194250, 0x000001eeec1a3b00, 0x000001eeec1a64d0,
0x000001eeec1a6e80, 0x000001eeec1a7830, 0x000001eeec1acad0, 0x000001eeec1ae520,
0x000001eeec1b49d0, 0x000001eeec179730, 0x000001eeecd19f10, 0x000001eeecec0c80,
0x000001eeece9a400, 0x000001eeece9a8d0, 0x000001eeedce9530, 0x000001eeede8f010,
0x000001eece96c190, 0x000001eeedf27ce0, 0x000001eeee006af0
}

Java Threads: ( => current thread )
  0x000001eeec1933e0 JavaThread "Reference Handler" daemon [_thread_blocked, id=6288, stack(0x0000001897900000,0x0000001897a00000)]
  0x000001eeec194250 JavaThread "Finalizer" daemon [_thread_blocked, id=7760, stack(0x0000001897a00000,0x0000001897b00000)]
  0x000001eeec1a3b00 JavaThread "Signal Dispatcher" daemon [_thread_blocked, id=11048, stack(0x0000001897b00000,0x0000001897c00000)]
  0x000001eeec1a64d0 JavaThread "Attach Listener" daemon [_thread_blocked, id=13496, stack(0x0000001897c00000,0x0000001897d00000)]
  0x000001eeec1a6e80 JavaThread "Service Thread" daemon [_thread_blocked, id=7468, stack(0x0000001897d00000,0x0000001897e00000)]
  0x000001eeec1a7830 JavaThread "Monitor Deflation Thread" daemon [_thread_blocked, id=12464, stack(0x0000001897e00000,0x0000001897f00000)]
  0x000001eeec1acad0 JavaThread "C2 CompilerThread0" daemon [_thread_blocked, id=12308, stack(0x0000001897f00000,0x0000001898000000)]
  0x000001eeec1ae520 JavaThread "C1 CompilerThread0" daemon [_thread_blocked, id=3272, stack(0x0000001898000000,0x0000001898100000)]
  0x000001eeec1b49d0 JavaThread "Sweeper thread" daemon [_thread_blocked, id=14140, stack(0x0000001898100000,0x0000001898200000)]
  0x000001eeec179730 JavaThread "Common-Cleaner" daemon [_thread_blocked, id=7200, stack(0x0000001898200000,0x0000001898300000)]
  0x000001eeecd19f10 JavaThread "Notification Thread" daemon [_thread_blocked, id=13512, stack(0x0000001898300000,0x0000001898400000)]
  0x000001eeecec0c80 JavaThread "Java2D Disposer" daemon [_thread_blocked, id=11524, stack(0x0000001898500000,0x0000001898600000)]
  0x000001eeece9a400 JavaThread "AWT-Shutdown" [_thread_blocked, id=4108, stack(0x0000001898600000,0x0000001898700000)]
  0x000001eeece9a8d0 JavaThread "AWT-Windows" daemon [_thread_in_native, id=5200, stack(0x0000001898700000,0x0000001898800000)]
  0x000001eeedce9530 JavaThread "AWT-EventQueue-0" [_thread_in_native, id=7980, stack(0x0000001898c00000,0x0000001898d00000)]
  0x000001eeede8f010 JavaThread "Thread-0" [_thread_in_Java, id=6088, stack(0x0000001898d00000,0x0000001898e00000)]
  0x000001eece96c190 JavaThread "DestroyJavaVM" [_thread_blocked, id=11944, stack(0x0000001897200000,0x0000001897300000)]
  0x000001eeedf27ce0 JavaThread "Java Sound Event Dispatcher" daemon [_thread_blocked, id=8796, stack(0x0000001898f00000,0x0000001899000000)]
=>0x000001eeee006af0 JavaThread "Direct Clip" daemon [_thread_in_vm, id=9800, stack(0x0000001899300000,0x0000001899400000)]

Other Threads:
  0x000001eeec189b10 VMThread "VM Thread" [stack: 0x0000001897800000,0x0000001897900000] [id=9868]
  0x000001eece9de720 WatcherThread [stack: 0x0000001898400000,0x0000001898500000] [id=11580]
  0x000001eece9c5b50 GCTaskThread "GC Thread#0" [stack: 0x0000001897300000,0x0000001897400000] [id=11368]
  0x000001eeecfd5740 GCTaskThread "GC Thread#1" [stack: 0x0000001898900000,0x0000001898a00000] [id=13732]
  0x000001eeecfd59f0 GCTaskThread "GC Thread#2" [stack: 0x0000001898a00000,0x0000001898b00000] [id=9724]
  0x000001eeecfd5ca0 GCTaskThread "GC Thread#3" [stack: 0x0000001898b00000,0x0000001898c00000] [id=13044]
  0x000001eece9d6710 ConcurrentGCThread "G1 Main Marker" [stack: 0x0000001897400000,0x0000001897500000] [id=13860]
  0x000001eece9d78d0 ConcurrentGCThread "G1 Conc#0" [stack: 0x0000001897500000,0x0000001897600000] [id=1452]
  0x000001eeec050090 ConcurrentGCThread "G1 Refine#0" [stack: 0x0000001897600000,0x0000001897700000] [id=6060]
  0x000001eeec050ab0 ConcurrentGCThread "G1 Service" [stack: 0x0000001897700000,0x0000001897800000] [id=3712]

Threads with active compile tasks:

VM state: not at safepoint (normal execution)

VM Mutex/Monitor currently owned by a thread: None

Heap address: 0x0000000081c00000, size: 2020 MB, Compressed Oops mode: 32-bit

CDS archive(s) mapped at: [0x0000000800000000-0x0000000800bc0000-0x0000000800bc0000), size 12320768, SharedBaseAddress: 0x0000000800000000, ArchiveRelocationMode: 0.
Compressed class space mapped at: 0x0000000800c00000-0x0000000840c00000, reserved size: 1073741824
Narrow klass base: 0x0000000800000000, Narrow klass shift: 0, Narrow klass range: 0x100000000

GC Precious Log:
 CPUs: 4 total, 4 available
 Memory: 8078M
 Large Page Support: Disabled
 NUMA Support: Disabled
 Compressed Oops: Enabled (32-bit)
 Heap Region Size: 1M
 Heap Min Capacity: 8M
 Heap Initial Capacity: 128M
 Heap Max Capacity: 2020M
 Pre-touch: Disabled
 Parallel Workers: 4
 Concurrent Workers: 1
 Concurrent Refinement Workers: 4
 Periodic GC: Disabled

Heap:
 garbage-first heap   total 131072K, used 21621K [0x0000000081c00000, 0x0000000100000000)
  region size 1024K, 10 young (10240K), 2 survivors (2048K)
 Metaspace       used 8233K, committed 8448K, reserved 1056768K
  class space    used 882K, committed 960K, reserved 1048576K

Heap Regions: E=young(eden), S=young(survivor), O=old, HS=humongous(starts), HC=humongous(continues), CS=collection set, F=free, OA=open archive, CA=closed archive, TAMS=top-at-mark-start (previous, next)
|   0|0x0000000081c00000, 0x0000000081c1d400, 0x0000000081d00000| 11%| O|  |TAMS 0x0000000081c00000, 0x0000000081c00000| Untracked 
|   1|0x0000000081d00000, 0x0000000081e00000, 0x0000000081e00000|100%|HS|  |TAMS 0x0000000081d00000, 0x0000000081d00000| Complete 
|   2|0x0000000081e00000, 0x0000000081f00000, 0x0000000081f00000|100%|HC|  |TAMS 0x0000000081e00000, 0x0000000081e00000| Complete 
|   3|0x0000000081f00000, 0x0000000082000000, 0x0000000082000000|100%|HS|  |TAMS 0x0000000081f00000, 0x0000000081f00000| Complete 
|   4|0x0000000082000000, 0x0000000082100000, 0x0000000082100000|100%|HC|  |TAMS 0x0000000082000000, 0x0000000082000000| Complete 
|   5|0x0000000082100000, 0x0000000082200000, 0x0000000082200000|100%|HC|  |TAMS 0x0000000082100000, 0x0000000082100000| Complete 
|   6|0x0000000082200000, 0x0000000082300000, 0x0000000082300000|100%|HC|  |TAMS 0x0000000082200000, 0x0000000082200000| Complete 
|   7|0x0000000082300000, 0x0000000082400000, 0x0000000082400000|100%|HC|  |TAMS 0x0000000082300000, 0x0000000082300000| Complete 
|   8|0x0000000082400000, 0x0000000082500000, 0x0000000082500000|100%|HC|  |TAMS 0x0000000082400000, 0x0000000082400000| Complete 
|   9|0x0000000082500000, 0x0000000082600000, 0x0000000082600000|100%|HC|  |TAMS 0x0000000082500000, 0x0000000082500000| Complete 
|  10|0x0000000082600000, 0x0000000082700000, 0x0000000082700000|100%|HC|  |TAMS 0x0000000082600000, 0x0000000082600000| Complete 
|  11|0x0000000082700000, 0x0000000082800000, 0x0000000082800000|100%|HC|  |TAMS 0x0000000082700000, 0x0000000082700000| Complete 
|  12|0x0000000082800000, 0x0000000082900000, 0x0000000082900000|100%|HC|  |TAMS 0x0000000082800000, 0x0000000082800000| Complete 
|  13|0x0000000082900000, 0x0000000082900000, 0x0000000082a00000|  0%| F|  |TAMS 0x0000000082900000, 0x0000000082900000| Untracked 
|  14|0x0000000082a00000, 0x0000000082a00000, 0x0000000082b00000|  0%| F|  |TAMS 0x0000000082a00000, 0x0000000082a00000| Untracked 
|  15|0x0000000082b00000, 0x0000000082b00000, 0x0000000082c00000|  0%| F|  |TAMS 0x0000000082b00000, 0x0000000082b00000| Untracked 
|  16|0x0000000082c00000, 0x0000000082c00000, 0x0000000082d00000|  0%| F|  |TAMS 0x0000000082c00000, 0x0000000082c00000| Untracked 
|  17|0x0000000082d00000, 0x0000000082d00000, 0x0000000082e00000|  0%| F|  |TAMS 0x0000000082d00000, 0x0000000082d00000| Untracked 
|  18|0x0000000082e00000, 0x0000000082e00000, 0x0000000082f00000|  0%| F|  |TAMS 0x0000000082e00000, 0x0000000082e00000| Untracked 
|  19|0x0000000082f00000, 0x0000000082f00000, 0x0000000083000000|  0%| F|  |TAMS 0x0000000082f00000, 0x0000000082f00000| Untracked 
|  20|0x0000000083000000, 0x0000000083000000, 0x0000000083100000|  0%| F|  |TAMS 0x0000000083000000, 0x0000000083000000| Untracked 
|  21|0x0000000083100000, 0x0000000083100000, 0x0000000083200000|  0%| F|  |TAMS 0x0000000083100000, 0x0000000083100000| Untracked 
|  22|0x0000000083200000, 0x0000000083200000, 0x0000000083300000|  0%| F|  |TAMS 0x0000000083200000, 0x0000000083200000| Untracked 
|  23|0x0000000083300000, 0x0000000083300000, 0x0000000083400000|  0%| F|  |TAMS 0x0000000083300000, 0x0000000083300000| Untracked 
|  24|0x0000000083400000, 0x0000000083400000, 0x0000000083500000|  0%| F|  |TAMS 0x0000000083400000, 0x0000000083400000| Untracked 
|  25|0x0000000083500000, 0x0000000083500000, 0x0000000083600000|  0%| F|  |TAMS 0x0000000083500000, 0x0000000083500000| Untracked 
|  26|0x0000000083600000, 0x0000000083600000, 0x0000000083700000|  0%| F|  |TAMS 0x0000000083600000, 0x0000000083600000| Untracked 
|  27|0x0000000083700000, 0x0000000083700000, 0x0000000083800000|  0%| F|  |TAMS 0x0000000083700000, 0x0000000083700000| Untracked 
|  28|0x0000000083800000, 0x0000000083800000, 0x0000000083900000|  0%| F|  |TAMS 0x0000000083800000, 0x0000000083800000| Untracked 
|  29|0x0000000083900000, 0x0000000083900000, 0x0000000083a00000|  0%| F|  |TAMS 0x0000000083900000, 0x0000000083900000| Untracked 
|  30|0x0000000083a00000, 0x0000000083a00000, 0x0000000083b00000|  0%| F|  |TAMS 0x0000000083a00000, 0x0000000083a00000| Untracked 
|  31|0x0000000083b00000, 0x0000000083b00000, 0x0000000083c00000|  0%| F|  |TAMS 0x0000000083b00000, 0x0000000083b00000| Untracked 
|  32|0x0000000083c00000, 0x0000000083c00000, 0x0000000083d00000|  0%| F|  |TAMS 0x0000000083c00000, 0x0000000083c00000| Untracked 
|  33|0x0000000083d00000, 0x0000000083d00000, 0x0000000083e00000|  0%| F|  |TAMS 0x0000000083d00000, 0x0000000083d00000| Untracked 
|  34|0x0000000083e00000, 0x0000000083e00000, 0x0000000083f00000|  0%| F|  |TAMS 0x0000000083e00000, 0x0000000083e00000| Untracked 
|  35|0x0000000083f00000, 0x0000000083f00000, 0x0000000084000000|  0%| F|  |TAMS 0x0000000083f00000, 0x0000000083f00000| Untracked 
|  36|0x0000000084000000, 0x0000000084000000, 0x0000000084100000|  0%| F|  |TAMS 0x0000000084000000, 0x0000000084000000| Untracked 
|  37|0x0000000084100000, 0x0000000084100000, 0x0000000084200000|  0%| F|  |TAMS 0x0000000084100000, 0x0000000084100000| Untracked 
|  38|0x0000000084200000, 0x0000000084200000, 0x0000000084300000|  0%| F|  |TAMS 0x0000000084200000, 0x0000000084200000| Untracked 
|  39|0x0000000084300000, 0x0000000084300000, 0x0000000084400000|  0%| F|  |TAMS 0x0000000084300000, 0x0000000084300000| Untracked 
|  40|0x0000000084400000, 0x0000000084400000, 0x0000000084500000|  0%| F|  |TAMS 0x0000000084400000, 0x0000000084400000| Untracked 
|  41|0x0000000084500000, 0x0000000084500000, 0x0000000084600000|  0%| F|  |TAMS 0x0000000084500000, 0x0000000084500000| Untracked 
|  42|0x0000000084600000, 0x0000000084600000, 0x0000000084700000|  0%| F|  |TAMS 0x0000000084600000, 0x0000000084600000| Untracked 
|  43|0x0000000084700000, 0x0000000084700000, 0x0000000084800000|  0%| F|  |TAMS 0x0000000084700000, 0x0000000084700000| Untracked 
|  44|0x0000000084800000, 0x0000000084800000, 0x0000000084900000|  0%| F|  |TAMS 0x0000000084800000, 0x0000000084800000| Untracked 
|  45|0x0000000084900000, 0x0000000084900000, 0x0000000084a00000|  0%| F|  |TAMS 0x0000000084900000, 0x0000000084900000| Untracked 
|  46|0x0000000084a00000, 0x0000000084a00000, 0x0000000084b00000|  0%| F|  |TAMS 0x0000000084a00000, 0x0000000084a00000| Untracked 
|  47|0x0000000084b00000, 0x0000000084b00000, 0x0000000084c00000|  0%| F|  |TAMS 0x0000000084b00000, 0x0000000084b00000| Untracked 
|  48|0x0000000084c00000, 0x0000000084c00000, 0x0000000084d00000|  0%| F|  |TAMS 0x0000000084c00000, 0x0000000084c00000| Untracked 
|  49|0x0000000084d00000, 0x0000000084d00000, 0x0000000084e00000|  0%| F|  |TAMS 0x0000000084d00000, 0x0000000084d00000| Untracked 
|  50|0x0000000084e00000, 0x0000000084e00000, 0x0000000084f00000|  0%| F|  |TAMS 0x0000000084e00000, 0x0000000084e00000| Untracked 
|  51|0x0000000084f00000, 0x0000000084f00000, 0x0000000085000000|  0%| F|  |TAMS 0x0000000084f00000, 0x0000000084f00000| Untracked 
|  52|0x0000000085000000, 0x0000000085000000, 0x0000000085100000|  0%| F|  |TAMS 0x0000000085000000, 0x0000000085000000| Untracked 
|  53|0x0000000085100000, 0x0000000085100000, 0x0000000085200000|  0%| F|  |TAMS 0x0000000085100000, 0x0000000085100000| Untracked 
|  54|0x0000000085200000, 0x0000000085200000, 0x0000000085300000|  0%| F|  |TAMS 0x0000000085200000, 0x0000000085200000| Untracked 
|  55|0x0000000085300000, 0x0000000085300000, 0x0000000085400000|  0%| F|  |TAMS 0x0000000085300000, 0x0000000085300000| Untracked 
|  56|0x0000000085400000, 0x0000000085400000, 0x0000000085500000|  0%| F|  |TAMS 0x0000000085400000, 0x0000000085400000| Untracked 
|  57|0x0000000085500000, 0x0000000085500000, 0x0000000085600000|  0%| F|  |TAMS 0x0000000085500000, 0x0000000085500000| Untracked 
|  58|0x0000000085600000, 0x0000000085600000, 0x0000000085700000|  0%| F|  |TAMS 0x0000000085600000, 0x0000000085600000| Untracked 
|  59|0x0000000085700000, 0x0000000085700000, 0x0000000085800000|  0%| F|  |TAMS 0x0000000085700000, 0x0000000085700000| Untracked 
|  60|0x0000000085800000, 0x0000000085800000, 0x0000000085900000|  0%| F|  |TAMS 0x0000000085800000, 0x0000000085800000| Untracked 
|  61|0x0000000085900000, 0x0000000085900000, 0x0000000085a00000|  0%| F|  |TAMS 0x0000000085900000, 0x0000000085900000| Untracked 
|  62|0x0000000085a00000, 0x0000000085a00000, 0x0000000085b00000|  0%| F|  |TAMS 0x0000000085a00000, 0x0000000085a00000| Untracked 
|  63|0x0000000085b00000, 0x0000000085b00000, 0x0000000085c00000|  0%| F|  |TAMS 0x0000000085b00000, 0x0000000085b00000| Untracked 
|  64|0x0000000085c00000, 0x0000000085c00000, 0x0000000085d00000|  0%| F|  |TAMS 0x0000000085c00000, 0x0000000085c00000| Untracked 
|  65|0x0000000085d00000, 0x0000000085d00000, 0x0000000085e00000|  0%| F|  |TAMS 0x0000000085d00000, 0x0000000085d00000| Untracked 
|  66|0x0000000085e00000, 0x0000000085e00000, 0x0000000085f00000|  0%| F|  |TAMS 0x0000000085e00000, 0x0000000085e00000| Untracked 
|  67|0x0000000085f00000, 0x0000000085f00000, 0x0000000086000000|  0%| F|  |TAMS 0x0000000085f00000, 0x0000000085f00000| Untracked 
|  68|0x0000000086000000, 0x0000000086000000, 0x0000000086100000|  0%| F|  |TAMS 0x0000000086000000, 0x0000000086000000| Untracked 
|  69|0x0000000086100000, 0x0000000086100000, 0x0000000086200000|  0%| F|  |TAMS 0x0000000086100000, 0x0000000086100000| Untracked 
|  70|0x0000000086200000, 0x0000000086200000, 0x0000000086300000|  0%| F|  |TAMS 0x0000000086200000, 0x0000000086200000| Untracked 
|  71|0x0000000086300000, 0x0000000086300000, 0x0000000086400000|  0%| F|  |TAMS 0x0000000086300000, 0x0000000086300000| Untracked 
|  72|0x0000000086400000, 0x0000000086400000, 0x0000000086500000|  0%| F|  |TAMS 0x0000000086400000, 0x0000000086400000| Untracked 
|  73|0x0000000086500000, 0x0000000086500000, 0x0000000086600000|  0%| F|  |TAMS 0x0000000086500000, 0x0000000086500000| Untracked 
|  74|0x0000000086600000, 0x0000000086600000, 0x0000000086700000|  0%| F|  |TAMS 0x0000000086600000, 0x0000000086600000| Untracked 
|  75|0x0000000086700000, 0x0000000086700000, 0x0000000086800000|  0%| F|  |TAMS 0x0000000086700000, 0x0000000086700000| Untracked 
|  76|0x0000000086800000, 0x0000000086800000, 0x0000000086900000|  0%| F|  |TAMS 0x0000000086800000, 0x0000000086800000| Untracked 
|  77|0x0000000086900000, 0x0000000086900000, 0x0000000086a00000|  0%| F|  |TAMS 0x0000000086900000, 0x0000000086900000| Untracked 
|  78|0x0000000086a00000, 0x0000000086a00000, 0x0000000086b00000|  0%| F|  |TAMS 0x0000000086a00000, 0x0000000086a00000| Untracked 
|  79|0x0000000086b00000, 0x0000000086b00000, 0x0000000086c00000|  0%| F|  |TAMS 0x0000000086b00000, 0x0000000086b00000| Untracked 
|  80|0x0000000086c00000, 0x0000000086c00000, 0x0000000086d00000|  0%| F|  |TAMS 0x0000000086c00000, 0x0000000086c00000| Untracked 
|  81|0x0000000086d00000, 0x0000000086d00000, 0x0000000086e00000|  0%| F|  |TAMS 0x0000000086d00000, 0x0000000086d00000| Untracked 
|  82|0x0000000086e00000, 0x0000000086e00000, 0x0000000086f00000|  0%| F|  |TAMS 0x0000000086e00000, 0x0000000086e00000| Untracked 
|  83|0x0000000086f00000, 0x0000000086f00000, 0x0000000087000000|  0%| F|  |TAMS 0x0000000086f00000, 0x0000000086f00000| Untracked 
|  84|0x0000000087000000, 0x0000000087000000, 0x0000000087100000|  0%| F|  |TAMS 0x0000000087000000, 0x0000000087000000| Untracked 
|  85|0x0000000087100000, 0x0000000087100000, 0x0000000087200000|  0%| F|  |TAMS 0x0000000087100000, 0x0000000087100000| Untracked 
|  86|0x0000000087200000, 0x0000000087200000, 0x0000000087300000|  0%| F|  |TAMS 0x0000000087200000, 0x0000000087200000| Untracked 
|  87|0x0000000087300000, 0x0000000087300000, 0x0000000087400000|  0%| F|  |TAMS 0x0000000087300000, 0x0000000087300000| Untracked 
|  88|0x0000000087400000, 0x0000000087400000, 0x0000000087500000|  0%| F|  |TAMS 0x0000000087400000, 0x0000000087400000| Untracked 
|  89|0x0000000087500000, 0x0000000087500000, 0x0000000087600000|  0%| F|  |TAMS 0x0000000087500000, 0x0000000087500000| Untracked 
|  90|0x0000000087600000, 0x0000000087600000, 0x0000000087700000|  0%| F|  |TAMS 0x0000000087600000, 0x0000000087600000| Untracked 
|  91|0x0000000087700000, 0x0000000087700000, 0x0000000087800000|  0%| F|  |TAMS 0x0000000087700000, 0x0000000087700000| Untracked 
|  92|0x0000000087800000, 0x0000000087800000, 0x0000000087900000|  0%| F|  |TAMS 0x0000000087800000, 0x0000000087800000| Untracked 
|  93|0x0000000087900000, 0x0000000087900000, 0x0000000087a00000|  0%| F|  |TAMS 0x0000000087900000, 0x0000000087900000| Untracked 
|  94|0x0000000087a00000, 0x0000000087a00000, 0x0000000087b00000|  0%| F|  |TAMS 0x0000000087a00000, 0x0000000087a00000| Untracked 
|  95|0x0000000087b00000, 0x0000000087b00000, 0x0000000087c00000|  0%| F|  |TAMS 0x0000000087b00000, 0x0000000087b00000| Untracked 
|  96|0x0000000087c00000, 0x0000000087c00000, 0x0000000087d00000|  0%| F|  |TAMS 0x0000000087c00000, 0x0000000087c00000| Untracked 
|  97|0x0000000087d00000, 0x0000000087d00000, 0x0000000087e00000|  0%| F|  |TAMS 0x0000000087d00000, 0x0000000087d00000| Untracked 
|  98|0x0000000087e00000, 0x0000000087e00000, 0x0000000087f00000|  0%| F|  |TAMS 0x0000000087e00000, 0x0000000087e00000| Untracked 
|  99|0x0000000087f00000, 0x0000000087f00000, 0x0000000088000000|  0%| F|  |TAMS 0x0000000087f00000, 0x0000000087f00000| Untracked 
| 100|0x0000000088000000, 0x0000000088000000, 0x0000000088100000|  0%| F|  |TAMS 0x0000000088000000, 0x0000000088000000| Untracked 
| 101|0x0000000088100000, 0x0000000088100000, 0x0000000088200000|  0%| F|  |TAMS 0x0000000088100000, 0x0000000088100000| Untracked 
| 102|0x0000000088200000, 0x0000000088200000, 0x0000000088300000|  0%| F|  |TAMS 0x0000000088200000, 0x0000000088200000| Untracked 
| 103|0x0000000088300000, 0x0000000088300000, 0x0000000088400000|  0%| F|  |TAMS 0x0000000088300000, 0x0000000088300000| Untracked 
| 104|0x0000000088400000, 0x0000000088400000, 0x0000000088500000|  0%| F|  |TAMS 0x0000000088400000, 0x0000000088400000| Untracked 
| 105|0x0000000088500000, 0x0000000088500000, 0x0000000088600000|  0%| F|  |TAMS 0x0000000088500000, 0x0000000088500000| Untracked 
| 106|0x0000000088600000, 0x0000000088600000, 0x0000000088700000|  0%| F|  |TAMS 0x0000000088600000, 0x0000000088600000| Untracked 
| 107|0x0000000088700000, 0x0000000088700000, 0x0000000088800000|  0%| F|  |TAMS 0x0000000088700000, 0x0000000088700000| Untracked 
| 108|0x0000000088800000, 0x0000000088800000, 0x0000000088900000|  0%| F|  |TAMS 0x0000000088800000, 0x0000000088800000| Untracked 
| 109|0x0000000088900000, 0x0000000088900000, 0x0000000088a00000|  0%| F|  |TAMS 0x0000000088900000, 0x0000000088900000| Untracked 
| 110|0x0000000088a00000, 0x0000000088a00000, 0x0000000088b00000|  0%| F|  |TAMS 0x0000000088a00000, 0x0000000088a00000| Untracked 
| 111|0x0000000088b00000, 0x0000000088b00000, 0x0000000088c00000|  0%| F|  |TAMS 0x0000000088b00000, 0x0000000088b00000| Untracked 
| 112|0x0000000088c00000, 0x0000000088c00000, 0x0000000088d00000|  0%| F|  |TAMS 0x0000000088c00000, 0x0000000088c00000| Untracked 
| 113|0x0000000088d00000, 0x0000000088e00000, 0x0000000088e00000|100%| S|CS|TAMS 0x0000000088d00000, 0x0000000088d00000| Complete 
| 114|0x0000000088e00000, 0x0000000088f00000, 0x0000000088f00000|100%| S|CS|TAMS 0x0000000088e00000, 0x0000000088e00000| Complete 
| 115|0x0000000088f00000, 0x0000000088f00000, 0x0000000089000000|  0%| F|  |TAMS 0x0000000088f00000, 0x0000000088f00000| Untracked 
| 116|0x0000000089000000, 0x0000000089000000, 0x0000000089100000|  0%| F|  |TAMS 0x0000000089000000, 0x0000000089000000| Untracked 
| 117|0x0000000089100000, 0x0000000089100000, 0x0000000089200000|  0%| F|  |TAMS 0x0000000089100000, 0x0000000089100000| Untracked 
| 118|0x0000000089200000, 0x0000000089200000, 0x0000000089300000|  0%| F|  |TAMS 0x0000000089200000, 0x0000000089200000| Untracked 
| 119|0x0000000089300000, 0x0000000089300000, 0x0000000089400000|  0%| F|  |TAMS 0x0000000089300000, 0x0000000089300000| Untracked 
| 120|0x0000000089400000, 0x00000000894f6548, 0x0000000089500000| 96%| E|  |TAMS 0x0000000089400000, 0x0000000089400000| Complete 
| 121|0x0000000089500000, 0x0000000089600000, 0x0000000089600000|100%| E|CS|TAMS 0x0000000089500000, 0x0000000089500000| Complete 
| 122|0x0000000089600000, 0x0000000089700000, 0x0000000089700000|100%| E|CS|TAMS 0x0000000089600000, 0x0000000089600000| Complete 
| 123|0x0000000089700000, 0x0000000089800000, 0x0000000089800000|100%| E|CS|TAMS 0x0000000089700000, 0x0000000089700000| Complete 
| 124|0x0000000089800000, 0x0000000089900000, 0x0000000089900000|100%| E|CS|TAMS 0x0000000089800000, 0x0000000089800000| Complete 
| 125|0x0000000089900000, 0x0000000089a00000, 0x0000000089a00000|100%| E|CS|TAMS 0x0000000089900000, 0x0000000089900000| Complete 
| 126|0x0000000089a00000, 0x0000000089b00000, 0x0000000089b00000|100%| E|CS|TAMS 0x0000000089a00000, 0x0000000089a00000| Complete 
| 127|0x0000000089b00000, 0x0000000089c00000, 0x0000000089c00000|100%| E|CS|TAMS 0x0000000089b00000, 0x0000000089b00000| Complete 

Card table byte_map: [0x000001eee55f0000,0x000001eee59f0000] _byte_map_base: 0x000001eee51e2000

Marking Bits (Prev, Next): (CMBitMap*) 0x000001eece9c6160, (CMBitMap*) 0x000001eece9c61a0
 Prev Bits: [0x000001eee5df0000, 0x000001eee7d80000)
 Next Bits: [0x000001eee7d80000, 0x000001eee9d10000)

Polling page: 0x000001eecc940000

Metaspace:

Usage:
  Non-class:      7.18 MB used.
      Class:    882.27 KB used.
       Both:      8.04 MB used.

Virtual space:
  Non-class space:        8.00 MB reserved,       7.31 MB ( 91%) committed,  1 nodes.
      Class space:        1.00 GB reserved,     960.00 KB ( <1%) committed,  1 nodes.
             Both:        1.01 GB reserved,       8.25 MB ( <1%) committed. 

Chunk freelists:
   Non-Class:  495.00 KB
       Class:  3.10 MB
        Both:  3.58 MB

MaxMetaspaceSize: unlimited
CompressedClassSpaceSize: 1.00 GB
Initial GC threshold: 21.00 MB
Current GC threshold: 21.00 MB
CDS: on
MetaspaceReclaimPolicy: balanced
 - commit_granule_bytes: 65536.
 - commit_granule_words: 8192.
 - virtual_space_node_default_size: 1048576.
 - enlarge_chunks_in_place: 1.
 - new_chunks_are_fully_committed: 0.
 - uncommit_free_chunks: 1.
 - use_allocation_guard: 0.
 - handle_deallocations: 1.


Internal statistics:

num_allocs_failed_limit: 0.
num_arena_births: 126.
num_arena_deaths: 0.
num_vsnodes_births: 2.
num_vsnodes_deaths: 0.
num_space_committed: 132.
num_space_uncommitted: 0.
num_chunks_returned_to_freelist: 0.
num_chunks_taken_from_freelist: 186.
num_chunk_merges: 0.
num_chunk_splits: 100.
num_chunks_enlarged: 30.
num_purges: 0.
num_inconsistent_stats: 0.

CodeHeap 'non-profiled nmethods': size=120000Kb used=476Kb max_used=476Kb free=119523Kb
 bounds [0x000001eeddcc0000, 0x000001eeddf30000, 0x000001eee51f0000]
CodeHeap 'profiled nmethods': size=120000Kb used=2009Kb max_used=2009Kb free=117990Kb
 bounds [0x000001eed6790000, 0x000001eed6a00000, 0x000001eeddcc0000]
CodeHeap 'non-nmethods': size=5760Kb used=1263Kb max_used=1279Kb free=4497Kb
 bounds [0x000001eed61f0000, 0x000001eed6460000, 0x000001eed6790000]
 total_blobs=1914 nmethods=1328 adapters=499
 compilation: enabled
              stopped_count=0, restarted_count=0
 full_count=0

Compilation events (20 events):
Event: 3.036 Thread 0x000001eeec1ae520 1301       3       jdk.internal.misc.Unsafe::putReferenceOpaque (9 bytes)
Event: 3.036 Thread 0x000001eeec1ae520 nmethod 1301 0x000001eed697f890 code [0x000001eed697fa20, 0x000001eed697fb78]
Event: 3.038 Thread 0x000001eeec1ae520 1302       3       java.awt.Component::getBounds (5 bytes)
Event: 3.038 Thread 0x000001eeec1ae520 nmethod 1302 0x000001eed697fc10 code [0x000001eed697fda0, 0x000001eed697ff68]
Event: 3.038 Thread 0x000001eeec1ae520 1303       3       java.awt.Component::bounds (24 bytes)
Event: 3.038 Thread 0x000001eeec1ae520 nmethod 1303 0x000001eed6980010 code [0x000001eed69801c0, 0x000001eed69804d8]
Event: 3.052 Thread 0x000001eeec1ae520 1304       3       java.util.IdentityHashMap::keySet (25 bytes)
Event: 3.052 Thread 0x000001eeec1ae520 nmethod 1304 0x000001eed6980610 code [0x000001eed69807c0, 0x000001eed6980b98]
Event: 3.052 Thread 0x000001eeec1ae520 1305       3       java.util.IdentityHashMap$KeyIterator::next (13 bytes)
Event: 3.053 Thread 0x000001eeec1ae520 nmethod 1305 0x000001eed6980d10 code [0x000001eed6980ec0, 0x000001eed6981168]
Event: 3.053 Thread 0x000001eeec1ae520 1306       3       java.util.IdentityHashMap::unmaskNull (13 bytes)
Event: 3.053 Thread 0x000001eeec1ae520 nmethod 1306 0x000001eed6981290 code [0x000001eed6981420, 0x000001eed6981578]
Event: 3.053 Thread 0x000001eeec1ae520 1307       1       sun.awt.image.BufImgVolatileSurfaceManager::isAccelerationEnabled (2 bytes)
Event: 3.053 Thread 0x000001eeec1ae520 nmethod 1307 0x000001eeddd2de10 code [0x000001eeddd2dfa0, 0x000001eeddd2e078]
Event: 3.055 Thread 0x000001eeec1ae520 1308       3       java.util.IdentityHashMap$KeySet::iterator (12 bytes)
Event: 3.055 Thread 0x000001eeec1ae520 nmethod 1308 0x000001eed6981610 code [0x000001eed69817c0, 0x000001eed6981a28]
Event: 3.055 Thread 0x000001eeec1ae520 1310       3       javax.swing.SwingUtilities::getWindowAncestor (31 bytes)
Event: 3.055 Thread 0x000001eeec1ae520 nmethod 1310 0x000001eed6981b10 code [0x000001eed6981ce0, 0x000001eed69822d8]
Event: 3.055 Thread 0x000001eeec1ae520 1309       3       java.util.IdentityHashMap$KeyIterator::<init> (11 bytes)
Event: 3.056 Thread 0x000001eeec1ae520 nmethod 1309 0x000001eed6982410 code [0x000001eed69825c0, 0x000001eed6982748]

GC Heap History (2 events):
Event: 0.599 GC heap before
{Heap before GC invocations=0 (full 0):
 garbage-first heap   total 131072K, used 13312K [0x0000000081c00000, 0x0000000100000000)
  region size 1024K, 13 young (13312K), 0 survivors (0K)
 Metaspace       used 5892K, committed 6080K, reserved 1056768K
  class space    used 602K, committed 704K, reserved 1048576K
}
Event: 0.602 GC heap after
{Heap after GC invocations=1 (full 0):
 garbage-first heap   total 131072K, used 2165K [0x0000000081c00000, 0x0000000100000000)
  region size 1024K, 2 young (2048K), 2 survivors (2048K)
 Metaspace       used 5892K, committed 6080K, reserved 1056768K
  class space    used 602K, committed 704K, reserved 1048576K
}

Deoptimization events (20 events):
Event: 0.501 Thread 0x000001eece96c190 DEOPT PACKING pc=0x000001eed67986d1 sp=0x00000018972fe620
Event: 0.501 Thread 0x000001eece96c190 DEOPT UNPACKING pc=0x000001eed6242b43 sp=0x00000018972fda98 mode 0
Event: 0.642 Thread 0x000001eece96c190 Uncommon trap: trap_request=0xffffffcc fr.pc=0x000001eeddd00300 relative=0x00000000000001e0
Event: 0.642 Thread 0x000001eece96c190 Uncommon trap: reason=intrinsic_or_type_checked_inlining action=make_not_entrant pc=0x000001eeddd00300 method=java.util.Arrays.copyOf([Ljava/lang/Object;ILjava/lang/Class;)[Ljava/lang/Object; @ 35 c2
Event: 0.643 Thread 0x000001eece96c190 DEOPT PACKING pc=0x000001eeddd00300 sp=0x00000018972fdf00
Event: 0.643 Thread 0x000001eece96c190 DEOPT UNPACKING pc=0x000001eed62423a3 sp=0x00000018972fdea8 mode 2
Event: 0.829 Thread 0x000001eeede8f010 DEOPT PACKING pc=0x000001eed6907c80 sp=0x0000001898dff340
Event: 0.829 Thread 0x000001eeede8f010 DEOPT UNPACKING pc=0x000001eed6242b43 sp=0x0000001898dfe810 mode 0
Event: 0.835 Thread 0x000001eeede8f010 Uncommon trap: trap_request=0xffffff45 fr.pc=0x000001eeddd11098 relative=0x0000000000000158
Event: 0.835 Thread 0x000001eeede8f010 Uncommon trap: reason=unstable_if action=reinterpret pc=0x000001eeddd11098 method=main.GamePanel.run()V @ 62 c2
Event: 0.835 Thread 0x000001eeede8f010 DEOPT PACKING pc=0x000001eeddd11098 sp=0x0000001898dff3b0
Event: 0.835 Thread 0x000001eeede8f010 DEOPT UNPACKING pc=0x000001eed62423a3 sp=0x0000001898dff338 mode 2
Event: 0.841 Thread 0x000001eeede8f010 DEOPT PACKING pc=0x000001eed6908ff0 sp=0x0000001898dff340
Event: 0.841 Thread 0x000001eeede8f010 DEOPT UNPACKING pc=0x000001eed6242b43 sp=0x0000001898dfe810 mode 0
Event: 1.819 Thread 0x000001eeede8f010 Uncommon trap: trap_request=0xffffff45 fr.pc=0x000001eeddd115a8 relative=0x0000000000000168
Event: 1.819 Thread 0x000001eeede8f010 Uncommon trap: reason=unstable_if action=reinterpret pc=0x000001eeddd115a8 method=main.GamePanel.run()V @ 86 c2
Event: 1.819 Thread 0x000001eeede8f010 DEOPT PACKING pc=0x000001eeddd115a8 sp=0x0000001898dff3b0
Event: 1.819 Thread 0x000001eeede8f010 DEOPT UNPACKING pc=0x000001eed62423a3 sp=0x0000001898dff338 mode 2
Event: 1.824 Thread 0x000001eeede8f010 DEOPT PACKING pc=0x000001eed692c070 sp=0x0000001898dff340
Event: 1.824 Thread 0x000001eeede8f010 DEOPT UNPACKING pc=0x000001eed6242b43 sp=0x0000001898dfe810 mode 0

Classes unloaded (0 events):
No events

Classes redefined (0 events):
No events

Internal exceptions (20 events):
Event: 0.081 Thread 0x000001eece96c190 Exception <a 'sun/nio/fs/WindowsException'{0x0000000089a30ec0}> (0x0000000089a30ec0) 
thrown [s\open\src\hotspot\share\prims\jni.cpp, line 516]
Event: 0.083 Thread 0x000001eece96c190 Exception <a 'sun/nio/fs/WindowsException'{0x0000000089a33248}> (0x0000000089a33248) 
thrown [s\open\src\hotspot\share\prims\jni.cpp, line 516]
Event: 0.083 Thread 0x000001eece96c190 Exception <a 'sun/nio/fs/WindowsException'{0x0000000089a33d00}> (0x0000000089a33d00) 
thrown [s\open\src\hotspot\share\prims\jni.cpp, line 516]
Event: 0.083 Thread 0x000001eece96c190 Exception <a 'sun/nio/fs/WindowsException'{0x0000000089a347d0}> (0x0000000089a347d0) 
thrown [s\open\src\hotspot\share\prims\jni.cpp, line 516]
Event: 0.084 Thread 0x000001eece96c190 Exception <a 'sun/nio/fs/WindowsException'{0x0000000089a35280}> (0x0000000089a35280) 
thrown [s\open\src\hotspot\share\prims\jni.cpp, line 516]
Event: 0.084 Thread 0x000001eece96c190 Exception <a 'sun/nio/fs/WindowsException'{0x0000000089a35d38}> (0x0000000089a35d38) 
thrown [s\open\src\hotspot\share\prims\jni.cpp, line 516]
Event: 0.118 Thread 0x000001eece96c190 Exception <a 'java/lang/ClassNotFoundException'{0x0000000089ad6808}: sun/awt/resources/spi/awtProvider> (0x0000000089ad6808) 
thrown [s\open\src\hotspot\share\classfile\systemDictionary.cpp, line 256]
Event: 0.140 Thread 0x000001eece96c190 Exception <a 'java/io/FileNotFoundException'{0x0000000089929cf8}> (0x0000000089929cf8) 
thrown [s\open\src\hotspot\share\prims\jni.cpp, line 516]
Event: 0.150 Thread 0x000001eece96c190 Exception <a 'java/io/FileNotFoundException'{0x0000000089957230}> (0x0000000089957230) 
thrown [s\open\src\hotspot\share\prims\jni.cpp, line 516]
Event: 0.192 Thread 0x000001eece96c190 Exception <a 'java/lang/NoSuchMethodError'{0x00000000899935f8}: 'java.lang.Object java.lang.invoke.DirectMethodHandle$Holder.invokeStaticInit(java.lang.Object)'> (0x00000000899935f8) 
thrown [s\open\src\hotspot\share\interpreter\linkResolver.cpp, line 759]
Event: 0.227 Thread 0x000001eece96c190 Exception <a 'java/lang/NoSuchMethodError'{0x0000000089814c10}: 'void java.lang.invoke.DirectMethodHandle$Holder.invokeSpecial(java.lang.Object, java.lang.Object, java.lang.Object)'> (0x0000000089814c10) 
thrown [s\open\src\hotspot\share\interpreter\linkResolver.cpp, line 759]
Event: 0.235 Thread 0x000001eece96c190 Exception <a 'java/lang/NoSuchMethodError'{0x000000008983ebd0}: 'java.lang.Object java.lang.invoke.DirectMethodHandle$Holder.newInvokeSpecial(java.lang.Object, java.lang.Object, java.lang.Object, java.lang.Object, java.lang.Object)'> (0x000000008983ebd0) 
thrown [s\open\src\hotspot\share\interpreter\linkResolver.cpp, line 759]
Event: 0.237 Thread 0x000001eece96c190 Exception <a 'java/lang/NoSuchMethodError'{0x000000008984a7f8}: 'java.lang.Object java.lang.invoke.DirectMethodHandle$Holder.invokeStatic(java.lang.Object, int, java.lang.Object, java.lang.Object, java.lang.Object, java.lang.Object)'> (0x000000008984a7f8) 
thrown [s\open\src\hotspot\share\interpreter\linkResolver.cpp, line 759]
Event: 0.243 Thread 0x000001eece96c190 Exception <a 'java/lang/NoSuchMethodError'{0x000000008986ffb8}: 'java.lang.Object java.lang.invoke.DirectMethodHandle$Holder.invokeStatic(java.lang.Object, int, java.lang.Object)'> (0x000000008986ffb8) 
thrown [s\open\src\hotspot\share\interpreter\linkResolver.cpp, line 759]
Event: 0.269 Thread 0x000001eece96c190 Exception <a 'java/lang/ClassNotFoundException'{0x00000000897288a8}: com/sun/swing/internal/plaf/metal/resources/spi/metalProvider> (0x00000000897288a8) 
thrown [s\open\src\hotspot\share\classfile\systemDictionary.cpp, line 256]
Event: 0.269 Thread 0x000001eece96c190 Exception <a 'java/lang/ClassNotFoundException'{0x000000008972c458}: com/sun/swing/internal/plaf/basic/resources/spi/basicProvider> (0x000000008972c458) 
thrown [s\open\src\hotspot\share\classfile\systemDictionary.cpp, line 256]
Event: 0.318 Thread 0x000001eece96c190 Exception <a 'java/lang/NoSuchMethodError'{0x00000000897bf460}: 'java.lang.Object java.lang.invoke.DirectMethodHandle$Holder.invokeStaticInit(java.lang.Object, int, int, int, int)'> (0x00000000897bf460) 
thrown [s\open\src\hotspot\share\interpreter\linkResolver.cpp, line 759]
Event: 0.369 Thread 0x000001eece96c190 Exception <a 'java/lang/NoSuchMethodError'{0x0000000089618e78}: 'java.lang.Object java.lang.invoke.DirectMethodHandle$Holder.invokeStaticInit(java.lang.Object, java.lang.Object, int, int, int, int)'> (0x0000000089618e78) 
thrown [s\open\src\hotspot\share\interpreter\linkResolver.cpp, line 759]
Event: 0.714 Thread 0x000001eeece9a8d0 Exception <a 'java/lang/NoSuchMethodError'{0x00000000897ff900}: 'void java.lang.invoke.DirectMethodHandle$Holder.invokeVirtual(java.lang.Object, java.lang.Object)'> (0x00000000897ff900) 
thrown [s\open\src\hotspot\share\interpreter\linkResolver.cpp, line 759]
Event: 0.721 Thread 0x000001eece96c190 Exception <a 'java/lang/NoSuchMethodError'{0x00000000897eb8a0}: 'void java.lang.invoke.DirectMethodHandle$Holder.invokeStaticInit(java.lang.Object)'> (0x00000000897eb8a0) 
thrown [s\open\src\hotspot\share\interpreter\linkResolver.cpp, line 759]

VM Operations (18 events):
Event: 0.085 Executing VM operation: HandshakeAllThreads
Event: 0.085 Executing VM operation: HandshakeAllThreads done
Event: 0.281 Executing VM operation: HandshakeAllThreads
Event: 0.281 Executing VM operation: HandshakeAllThreads done
Event: 0.335 Executing VM operation: HandshakeAllThreads
Event: 0.335 Executing VM operation: HandshakeAllThreads done
Event: 0.598 Executing VM operation: G1CollectForAllocation
Event: 0.602 Executing VM operation: G1CollectForAllocation done
Event: 0.654 Executing VM operation: HandshakeAllThreads
Event: 0.654 Executing VM operation: HandshakeAllThreads done
Event: 0.657 Executing VM operation: HandshakeAllThreads
Event: 0.657 Executing VM operation: HandshakeAllThreads done
Event: 0.746 Executing VM operation: HandshakeAllThreads
Event: 0.746 Executing VM operation: HandshakeAllThreads done
Event: 1.758 Executing VM operation: Cleanup
Event: 1.758 Executing VM operation: Cleanup done
Event: 2.767 Executing VM operation: Cleanup
Event: 2.767 Executing VM operation: Cleanup done

Events (20 events):
Event: 2.424 loading class javax/sound/sampled/BooleanControl done
Event: 2.424 loading class com/sun/media/sound/DirectAudioDevice$DirectDL$Mute done
Event: 2.424 loading class javax/sound/sampled/BooleanControl$Type
Event: 2.424 loading class javax/sound/sampled/BooleanControl$Type done
Event: 2.424 loading class com/sun/media/sound/DirectAudioDevice$DirectDL$Balance
Event: 2.424 loading class com/sun/media/sound/DirectAudioDevice$DirectDL$Balance done
Event: 2.424 loading class com/sun/media/sound/DirectAudioDevice$DirectDL$Pan
Event: 2.424 loading class com/sun/media/sound/DirectAudioDevice$DirectDL$Pan done
Event: 2.437 loading class javax/sound/sampled/LineEvent
Event: 2.437 loading class javax/sound/sampled/LineEvent done
Event: 2.437 loading class javax/sound/sampled/LineEvent$Type
Event: 2.437 loading class javax/sound/sampled/LineEvent$Type done
Event: 2.437 loading class com/sun/media/sound/EventDispatcher
Event: 2.437 loading class com/sun/media/sound/EventDispatcher done
Event: 2.437 Thread 0x000001eeedf27ce0 Thread added: 0x000001eeedf27ce0
Event: 2.458 Thread 0x000001eeee006af0 Thread added: 0x000001eeee006af0
Event: 2.460 loading class sun/java2d/loops/MaskBlit$General
Event: 2.460 loading class sun/java2d/loops/GraphicsPrimitive$GeneralBinaryOp
Event: 2.460 loading class sun/java2d/loops/GraphicsPrimitive$GeneralBinaryOp done
Event: 2.460 loading class sun/java2d/loops/MaskBlit$General done


Dynamic libraries:
0x00007ff65dae0000 - 0x00007ff65daf0000 	C:\Program Files\Java\jdk-17.0.4.1\bin\java.exe
0x00007ffd2b290000 - 0x00007ffd2b488000 	C:\WINDOWS\SYSTEM32\ntdll.dll
0x00007ffd29fe0000 - 0x00007ffd2a09d000 	C:\WINDOWS\System32\KERNEL32.DLL
0x00007ffd29010000 - 0x00007ffd292e2000 	C:\WINDOWS\System32\KERNELBASE.dll
0x00007ffd28bb0000 - 0x00007ffd28cb0000 	C:\WINDOWS\System32\ucrtbase.dll
0x00007ffd13240000 - 0x00007ffd13258000 	C:\Program Files\Java\jdk-17.0.4.1\bin\jli.dll
0x00007ffd2af20000 - 0x00007ffd2afce000 	C:\WINDOWS\System32\ADVAPI32.dll
0x00007ffd29e10000 - 0x00007ffd29eae000 	C:\WINDOWS\System32\msvcrt.dll
0x00007ffd20160000 - 0x00007ffd2017a000 	C:\Program Files\Java\jdk-17.0.4.1\bin\VCRUNTIME140.dll
0x00007ffd2ae80000 - 0x00007ffd2af1c000 	C:\WINDOWS\System32\sechost.dll
0x00007ffd2a130000 - 0x00007ffd2a255000 	C:\WINDOWS\System32\RPCRT4.dll
0x00007ffd2ace0000 - 0x00007ffd2ae7d000 	C:\WINDOWS\System32\USER32.dll
0x00007ffd0cef0000 - 0x00007ffd0d18a000 	C:\WINDOWS\WinSxS\amd64_microsoft.windows.common-controls_6595b64144ccf1df_6.0.19041.1110_none_60b5254171f9507e\COMCTL32.dll
0x00007ffd28d20000 - 0x00007ffd28d42000 	C:\WINDOWS\System32\win32u.dll
0x00007ffd2a280000 - 0x00007ffd2a2ab000 	C:\WINDOWS\System32\GDI32.dll
0x00007ffd28eb0000 - 0x00007ffd28fbf000 	C:\WINDOWS\System32\gdi32full.dll
0x00007ffd20440000 - 0x00007ffd2044a000 	C:\WINDOWS\SYSTEM32\VERSION.dll
0x00007ffd28d50000 - 0x00007ffd28ded000 	C:\WINDOWS\System32\msvcp_win.dll
0x00007ffd2b030000 - 0x00007ffd2b060000 	C:\WINDOWS\System32\IMM32.DLL
0x00007ffd207b0000 - 0x00007ffd207bc000 	C:\Program Files\Java\jdk-17.0.4.1\bin\vcruntime140_1.dll
0x00007ffcf7600000 - 0x00007ffcf768d000 	C:\Program Files\Java\jdk-17.0.4.1\bin\msvcp140.dll
0x00007ffcf55c0000 - 0x00007ffcf6182000 	C:\Program Files\Java\jdk-17.0.4.1\bin\server\jvm.dll
0x00007ffd2a270000 - 0x00007ffd2a278000 	C:\WINDOWS\System32\PSAPI.DLL
0x00007ffd208a0000 - 0x00007ffd208c7000 	C:\WINDOWS\SYSTEM32\WINMM.dll
0x00007ffd1b1b0000 - 0x00007ffd1b1b9000 	C:\WINDOWS\SYSTEM32\WSOCK32.dll
0x00007ffd2a310000 - 0x00007ffd2a37b000 	C:\WINDOWS\System32\WS2_32.dll
0x00007ffd26880000 - 0x00007ffd26892000 	C:\WINDOWS\SYSTEM32\kernel.appcore.dll
0x00007ffd20150000 - 0x00007ffd2015a000 	C:\Program Files\Java\jdk-17.0.4.1\bin\jimage.dll
0x00007ffd22410000 - 0x00007ffd225f4000 	C:\WINDOWS\SYSTEM32\DBGHELP.DLL
0x00007ffd22330000 - 0x00007ffd2235c000 	C:\WINDOWS\SYSTEM32\dbgcore.DLL
0x00007ffd28df0000 - 0x00007ffd28e72000 	C:\WINDOWS\System32\bcryptPrimitives.dll
0x00007ffd0b5f0000 - 0x00007ffd0b615000 	C:\Program Files\Java\jdk-17.0.4.1\bin\java.dll
0x00007ffcf6da0000 - 0x00007ffcf6e76000 	C:\Program Files\Java\jdk-17.0.4.1\bin\jsvml.dll
0x00007ffd2a590000 - 0x00007ffd2acd3000 	C:\WINDOWS\System32\SHELL32.dll
0x00007ffd26a80000 - 0x00007ffd27211000 	C:\WINDOWS\SYSTEM32\windows.storage.dll
0x00007ffd292f0000 - 0x00007ffd29644000 	C:\WINDOWS\System32\combase.dll
0x00007ffd28320000 - 0x00007ffd28350000 	C:\WINDOWS\SYSTEM32\Wldp.dll
0x00007ffd29bf0000 - 0x00007ffd29c9d000 	C:\WINDOWS\System32\SHCORE.dll
0x00007ffd2afd0000 - 0x00007ffd2b025000 	C:\WINDOWS\System32\shlwapi.dll
0x00007ffd288e0000 - 0x00007ffd288ff000 	C:\WINDOWS\SYSTEM32\profapi.dll
0x00007ffd136b0000 - 0x00007ffd136c9000 	C:\Program Files\Java\jdk-17.0.4.1\bin\net.dll
0x00007ffd21b70000 - 0x00007ffd21c7d000 	C:\WINDOWS\SYSTEM32\WINHTTP.dll
0x00007ffd28080000 - 0x00007ffd280ea000 	C:\WINDOWS\system32\mswsock.dll
0x00007ffd13380000 - 0x00007ffd13396000 	C:\Program Files\Java\jdk-17.0.4.1\bin\nio.dll
0x00007ffcf67f0000 - 0x00007ffcf697f000 	C:\Program Files\Java\jdk-17.0.4.1\bin\awt.dll
0x00007ffd2b180000 - 0x00007ffd2b24d000 	C:\WINDOWS\System32\OLEAUT32.dll
0x00007ffd261b0000 - 0x00007ffd26241000 	C:\WINDOWS\SYSTEM32\apphelp.dll
0x00007ffd26490000 - 0x00007ffd264bf000 	C:\WINDOWS\system32\DWMAPI.DLL
0x00007ffd263a0000 - 0x00007ffd2643e000 	C:\WINDOWS\system32\uxtheme.dll
0x00007ffd049a0000 - 0x00007ffd04ac7000 	C:\WINDOWS\system32\opengl32.dll
0x00007ffd0b6f0000 - 0x00007ffd0b71c000 	C:\WINDOWS\SYSTEM32\GLU32.dll
0x00007ffd2b060000 - 0x00007ffd2b175000 	C:\WINDOWS\System32\MSCTF.dll
0x00007ffd29eb0000 - 0x00007ffd29fda000 	C:\WINDOWS\System32\ole32.dll
0x00007ffd28270000 - 0x00007ffd28288000 	C:\WINDOWS\SYSTEM32\CRYPTSP.dll
0x00007ffd279a0000 - 0x00007ffd279d4000 	C:\WINDOWS\system32\rsaenh.dll
0x00007ffd28e80000 - 0x00007ffd28ea7000 	C:\WINDOWS\System32\bcrypt.dll
0x00007ffd288a0000 - 0x00007ffd288ce000 	C:\WINDOWS\SYSTEM32\USERENV.dll
0x00007ffd28290000 - 0x00007ffd2829c000 	C:\WINDOWS\SYSTEM32\CRYPTBASE.dll
0x00007ffd27d70000 - 0x00007ffd27dab000 	C:\WINDOWS\SYSTEM32\IPHLPAPI.DLL
0x00007ffd2a260000 - 0x00007ffd2a268000 	C:\WINDOWS\System32\NSI.dll
0x00007ffd227d0000 - 0x00007ffd227e7000 	C:\WINDOWS\SYSTEM32\dhcpcsvc6.DLL
0x00007ffd22600000 - 0x00007ffd2261d000 	C:\WINDOWS\SYSTEM32\dhcpcsvc.DLL
0x00007ffd27e00000 - 0x00007ffd27eca000 	C:\WINDOWS\SYSTEM32\DNSAPI.dll
0x00007ffd132f0000 - 0x00007ffd13308000 	C:\Program Files\Java\jdk-17.0.4.1\bin\zip.dll
0x00007ffcf6d10000 - 0x00007ffcf6d99000 	C:\Program Files\Java\jdk-17.0.4.1\bin\freetype.dll
0x00007ffcf6740000 - 0x00007ffcf67e8000 	C:\Program Files\Java\jdk-17.0.4.1\bin\fontmanager.dll
0x00007ffd12f10000 - 0x00007ffd13009000 	C:\WINDOWS\SYSTEM32\textinputframework.dll
0x00007ffd258c0000 - 0x00007ffd259b2000 	C:\WINDOWS\System32\CoreMessaging.dll
0x00007ffd25540000 - 0x00007ffd2589e000 	C:\WINDOWS\System32\CoreUIComponents.dll
0x00007ffd25240000 - 0x00007ffd25394000 	C:\WINDOWS\SYSTEM32\wintypes.dll
0x00007ffd27ae0000 - 0x00007ffd27b13000 	C:\WINDOWS\SYSTEM32\ntmarta.dll
0x00007ffd0b440000 - 0x00007ffd0b451000 	C:\Program Files\Java\jdk-17.0.4.1\bin\jsound.dll
0x00007ffcfdb30000 - 0x00007ffcfdbcc000 	C:\WINDOWS\SYSTEM32\DSOUND.dll
0x00007ffd28810000 - 0x00007ffd2885b000 	C:\WINDOWS\SYSTEM32\powrprof.dll
0x00007ffd0b720000 - 0x00007ffd0b746000 	C:\WINDOWS\SYSTEM32\winmmbase.dll
0x00007ffd287f0000 - 0x00007ffd28802000 	C:\WINDOWS\SYSTEM32\UMPDC.dll
0x00007ffd29b40000 - 0x00007ffd29bef000 	C:\WINDOWS\System32\clbcatq.dll
0x00007ffd22b10000 - 0x00007ffd22b95000 	C:\WINDOWS\System32\MMDevApi.dll
0x00007ffd28670000 - 0x00007ffd2869c000 	C:\WINDOWS\System32\DEVOBJ.dll
0x00007ffd28fc0000 - 0x00007ffd2900e000 	C:\WINDOWS\System32\cfgmgr32.dll
0x00007ffd0a9e0000 - 0x00007ffd0aa26000 	C:\WINDOWS\SYSTEM32\wdmaud.drv
0x00007ffd15ea0000 - 0x00007ffd15eaa000 	C:\WINDOWS\SYSTEM32\AVRT.dll
0x00007ffd201b0000 - 0x00007ffd201b9000 	C:\WINDOWS\SYSTEM32\ksuser.dll
0x00007ffd21d60000 - 0x00007ffd21ee2000 	C:\WINDOWS\SYSTEM32\AUDIOSES.DLL
0x00007ffd1ff40000 - 0x00007ffd1ff4d000 	C:\WINDOWS\SYSTEM32\msacm32.drv
0x00007ffd04e70000 - 0x00007ffd04e8e000 	C:\WINDOWS\SYSTEM32\MSACM32.dll
0x00007ffd1b350000 - 0x00007ffd1b35b000 	C:\WINDOWS\SYSTEM32\midimap.dll
0x00007ffd265a0000 - 0x00007ffd265b4000 	C:\WINDOWS\SYSTEM32\resourcepolicyclient.dll
0x00007ffd13010000 - 0x00007ffd13151000 	C:\Windows\System32\Windows.UI.dll
0x00007ffd12d00000 - 0x00007ffd12e52000 	C:\Windows\System32\InputHost.dll
0x00007ffd12e60000 - 0x00007ffd12f01000 	C:\Windows\System32\WindowManagementAPI.dll
0x00007ffd25f20000 - 0x00007ffd26016000 	C:\Windows\System32\PROPSYS.dll
0x00007ffd25bb0000 - 0x00007ffd25db0000 	C:\WINDOWS\SYSTEM32\twinapi.appcore.dll

dbghelp: loaded successfully - version: 4.0.5 - missing functions: none
symbol engine: initialized successfully - sym options: 0x614 - pdb path: .;C:\Program Files\Java\jdk-17.0.4.1\bin;C:\WINDOWS\SYSTEM32;C:\WINDOWS\WinSxS\amd64_microsoft.windows.common-controls_6595b64144ccf1df_6.0.19041.1110_none_60b5254171f9507e;C:\Program Files\Java\jdk-17.0.4.1\bin\server

VM Arguments:
jvm_args: -Dfile.encoding=UTF-8 --module-path=C:\Users\VictorHugo\Documents\NetBeansProjects\JustA2Dgame\build\classes 
java_command: main.Main
java_class_path (initial): C:\Users\VictorHugo\Documents\NetBeansProjects\JustA2Dgame\build\classes
Launcher Type: SUN_STANDARD

[Global flags]
     intx CICompilerCount                          = 3                                         {product} {ergonomic}
     uint ConcGCThreads                            = 1                                         {product} {ergonomic}
     uint G1ConcRefinementThreads                  = 4                                         {product} {ergonomic}
   size_t G1HeapRegionSize                         = 1048576                                   {product} {ergonomic}
    uintx GCDrainStackTargetSize                   = 64                                        {product} {ergonomic}
   size_t InitialHeapSize                          = 134217728                                 {product} {ergonomic}
   size_t MarkStackSize                            = 4194304                                   {product} {ergonomic}
   size_t MaxHeapSize                              = 2118123520                                {product} {ergonomic}
   size_t MaxNewSize                               = 1270874112                                {product} {ergonomic}
   size_t MinHeapDeltaBytes                        = 1048576                                   {product} {ergonomic}
   size_t MinHeapSize                              = 8388608                                   {product} {ergonomic}
    uintx NonNMethodCodeHeapSize                   = 5832780                                {pd product} {ergonomic}
    uintx NonProfiledCodeHeapSize                  = 122912730                              {pd product} {ergonomic}
    uintx ProfiledCodeHeapSize                     = 122912730                              {pd product} {ergonomic}
    uintx ReservedCodeCacheSize                    = 251658240                              {pd product} {ergonomic}
     bool SegmentedCodeCache                       = true                                      {product} {ergonomic}
   size_t SoftMaxHeapSize                          = 2118123520                             {manageable} {ergonomic}
     bool UseCompressedClassPointers               = true                           {product lp64_product} {ergonomic}
     bool UseCompressedOops                        = true                           {product lp64_product} {ergonomic}
     bool UseG1GC                                  = true                                      {product} {ergonomic}
     bool UseLargePagesIndividualAllocation        = false                                  {pd product} {ergonomic}

Logging:
Log output configuration:
 #0: stdout all=warning uptime,level,tags
 #1: stderr all=off uptime,level,tags

Environment Variables:
JAVA_HOME=C:\Program Files\Java\jdk-17.0.4.1
PATH=C:\Program Files\Common Files\Oracle\Java\javapath;C:\Program Files (x86)\Common Files\Oracle\Java\javapath;C:\ProgramData\Oracle\Java\javapath;C:\Oracle\product\10.1.0\Client_1\bin;C:\Oracle\product\10.1.0\Client_1\jre\1.4.2\bin\client;C:\Oracle\product\10.1.0\Client_1\jre\1.4.2\bin;C:\WINDOWS\system32;C:\WINDOWS;C:\WINDOWS\System32\Wbem;C:\WINDOWS\System32\WindowsPowerShell\v1.0\;C:\php;C:\composer;C:\wamp64\bin\php\php-5.6.31;C:\Program Files (x86)\QuickTime\QTSystem\;C:\Program Files\Microsoft Network Monitor 3\;C:\WINDOWS\System32\OpenSSH\;C:\Program Files\Java\jdk-17.0.4.1\bin;C:\Program Files\Git\cmd;C:\Program Files\nodejs\;C:\Program Files\dotnet\;C:\Program Files\Java\jdk-17.0.4.1\bin;C:\Users\VictorHugo\AppData\Local\Programs\Python\Python310\Scripts\;C:\Users\VictorHugo\AppData\Local\Programs\Python\Python310\;C:\Users\VictorHugo\AppData\Local\Microsoft\WindowsApps;C:\Program Files (x86)\Nmap;C:\Users\VictorHugo\AppData\Roaming\npm;C:\Users\VictorHugo\AppData\Local\Programs\Microsoft VS Code\bin;C:\Users\VictorHugo\.dotnet\tools;
USERNAME=VictorHugo
OS=Windows_NT
PROCESSOR_IDENTIFIER=Intel64 Family 6 Model 58 Stepping 9, GenuineIntel



---------------  S Y S T E M  ---------------

OS:
 Windows 10 , 64 bit Build 19041 (10.0.19041.1889)
OS uptime: 6 days 20:21 hours

CPU: total 4 (initial active 4) (4 cores per cpu, 1 threads per core) family 6 model 58 stepping 9 microcode 0x21, cx8, cmov, fxsr, mmx, sse, sse2, sse3, ssse3, sse4.1, sse4.2, popcnt, tsc, tscinvbit, avx, aes, erms, clmul, vzeroupper, clflush

Memory: 4k page, system-wide physical 8078M (1231M free)
TotalPageFile size 11148M (AvailPageFile size 11M)
current process WorkingSet (physical memory assigned to process): 86M, peak: 94M
current process commit charge ("private bytes"): 220M, peak: 229M

vm_info: Java HotSpot(TM) 64-Bit Server VM (17.0.4.1+1-LTS-2) for windows-amd64 JRE (17.0.4.1+1-LTS-2), built on Aug 16 2022 18:32:06 by "mach5one" with MS VC++ 16.8 / 16.9 (VS2019)

END.
