#
# There is insufficient memory for the Java Runtime Environment to continue.
# Native memory allocation (mmap) failed to map 127926272 bytes for G1 virtual space
# Possible reasons:
#   The system is out of physical RAM or swap space
#   The process is running with CompressedOops enabled, and the Java Heap may be blocking the growth of the native heap
# Possible solutions:
#   Reduce memory load on the system
#   Increase physical memory or swap space
#   Check if swap backing store is full
#   Decrease Java heap size (-Xmx/-Xms)
#   Decrease number of Java threads
#   Decrease Java thread stack sizes (-Xss)
#   Set larger code cache with -XX:ReservedCodeCacheSize=
#   JVM is running with Zero Based Compressed Oops mode in which the Java heap is
#     placed in the first 32GB address space. The Java Heap base address is the
#     maximum limit for the native heap growth. Please use -XX:HeapBaseMinAddress
#     to set the Java Heap base and to place the Java Heap above 32GB virtual address.
# This output file may be truncated or incomplete.
#
#  Out of Memory Error (os_windows.cpp:3535), pid=3816, tid=11620
#
# JRE version: Java(TM) SE Runtime Environment (17.0.4.1+1) (build 17.0.4.1+1-LTS-2)
# Java VM: Java HotSpot(TM) 64-Bit Server VM (17.0.4.1+1-LTS-2, mixed mode, sharing, tiered, compressed oops, compressed class ptrs, g1 gc, windows-amd64)
# No core dump will be written. Minidumps are not enabled by default on client versions of Windows
#

---------------  S U M M A R Y ------------

Command Line: -Dfile.encoding=UTF-8 --module-path=C:\Users\VictorHugo\Documents\NetBeansProjects\JustA2Dgame\build\classes main.Main

Host: Intel(R) Core(TM) i5-3470 CPU @ 3.20GHz, 4 cores, 11G,  Windows 10 , 64 bit Build 19041 (10.0.19041.2251)
Time: Tue Nov 29 09:58:54 2022 E. South America Standard Time elapsed time: 1.564248 seconds (0d 0h 0m 1s)

---------------  T H R E A D  ---------------

Current thread (0x000002267ae9f3f0):  VMThread "VM Thread" [stack: 0x0000002b79500000,0x0000002b79600000] [id=11620]

Stack: [0x0000002b79500000,0x0000002b79600000]
Native frames: (J=compiled Java code, j=interpreted, Vv=VM code, C=native code)
V  [jvm.dll+0x6723ba]
V  [jvm.dll+0x7d1e34]
V  [jvm.dll+0x7d35de]
V  [jvm.dll+0x7d3c43]
V  [jvm.dll+0x243065]
V  [jvm.dll+0x66f2d9]
V  [jvm.dll+0x663c22]
V  [jvm.dll+0x3011cb]
V  [jvm.dll+0x308766]
V  [jvm.dll+0x35846e]
V  [jvm.dll+0x35869f]
V  [jvm.dll+0x2d83e8]
V  [jvm.dll+0x2d66b4]
V  [jvm.dll+0x2d5cbc]
V  [jvm.dll+0x319a51]
V  [jvm.dll+0x7d811b]
V  [jvm.dll+0x7d8e54]
V  [jvm.dll+0x7d936c]
V  [jvm.dll+0x7d9744]
V  [jvm.dll+0x7d9810]
V  [jvm.dll+0x781fca]
V  [jvm.dll+0x671245]
C  [ucrtbase.dll+0x21bb2]
C  [KERNEL32.DLL+0x174b4]
C  [ntdll.dll+0x526a1]

VM_Operation (0x0000002b78ffe870): G1TryInitiateConcMark, mode: safepoint, requested by thread 0x000002266a02d2c0


---------------  P R O C E S S  ---------------

Threads class SMR info:
_java_thread_list=0x000002267cac8350, length=15, elements={
0x000002266a02d2c0, 0x000002267aea4aa0, 0x000002267aea7fd0, 0x000002267aeba950,
0x000002267aebd320, 0x000002267aebe380, 0x000002267aec1420, 0x000002267aec8cc0,
0x000002267aeea9f0, 0x000002267aef5ad0, 0x000002267ae90fd0, 0x000002267b962ac0,
0x000002267bb5bf60, 0x000002267bb3b720, 0x000002267ca99e70
}

Java Threads: ( => current thread )
  0x000002266a02d2c0 JavaThread "main" [_thread_blocked, id=12196, stack(0x0000002b78f00000,0x0000002b79000000)]
  0x000002267aea4aa0 JavaThread "Reference Handler" daemon [_thread_blocked, id=11432, stack(0x0000002b79600000,0x0000002b79700000)]
  0x000002267aea7fd0 JavaThread "Finalizer" daemon [_thread_blocked, id=3512, stack(0x0000002b79700000,0x0000002b79800000)]
  0x000002267aeba950 JavaThread "Signal Dispatcher" daemon [_thread_blocked, id=2088, stack(0x0000002b79800000,0x0000002b79900000)]
  0x000002267aebd320 JavaThread "Attach Listener" daemon [_thread_blocked, id=9932, stack(0x0000002b79900000,0x0000002b79a00000)]
  0x000002267aebe380 JavaThread "Service Thread" daemon [_thread_blocked, id=7820, stack(0x0000002b79a00000,0x0000002b79b00000)]
  0x000002267aec1420 JavaThread "Monitor Deflation Thread" daemon [_thread_blocked, id=11572, stack(0x0000002b79b00000,0x0000002b79c00000)]
  0x000002267aec8cc0 JavaThread "C2 CompilerThread0" daemon [_thread_blocked, id=7324, stack(0x0000002b79c00000,0x0000002b79d00000)]
  0x000002267aeea9f0 JavaThread "C1 CompilerThread0" daemon [_thread_blocked, id=4404, stack(0x0000002b79d00000,0x0000002b79e00000)]
  0x000002267aef5ad0 JavaThread "Sweeper thread" daemon [_thread_blocked, id=18072, stack(0x0000002b79e00000,0x0000002b79f00000)]
  0x000002267ae90fd0 JavaThread "Common-Cleaner" daemon [_thread_blocked, id=18380, stack(0x0000002b79f00000,0x0000002b7a000000)]
  0x000002267b962ac0 JavaThread "Notification Thread" daemon [_thread_blocked, id=5576, stack(0x0000002b7a000000,0x0000002b7a100000)]
  0x000002267bb5bf60 JavaThread "Java2D Disposer" daemon [_thread_blocked, id=17152, stack(0x0000002b7a200000,0x0000002b7a300000)]
  0x000002267bb3b720 JavaThread "AWT-Windows" daemon [_thread_in_native, id=11748, stack(0x0000002b7a400000,0x0000002b7a500000)]
  0x000002267ca99e70 JavaThread "C2 CompilerThread1" daemon [_thread_blocked, id=11388, stack(0x0000002b7a500000,0x0000002b7a600000)]

Other Threads:
=>0x000002267ae9f3f0 VMThread "VM Thread" [stack: 0x0000002b79500000,0x0000002b79600000] [id=11620]
  0x000002266a0959d0 WatcherThread [stack: 0x0000002b7a100000,0x0000002b7a200000] [id=14808]
  0x000002266a085150 GCTaskThread "GC Thread#0" [stack: 0x0000002b79000000,0x0000002b79100000] [id=4764]
  0x000002267c949c60 GCTaskThread "GC Thread#1" [stack: 0x0000002b7a600000,0x0000002b7a700000] [id=12860]
  0x000002267c949f10 GCTaskThread "GC Thread#2" [stack: 0x0000002b7a700000,0x0000002b7a800000] [id=16840]
  0x000002267c94a1c0 GCTaskThread "GC Thread#3" [stack: 0x0000002b7a800000,0x0000002b7a900000] [id=14976]
  0x000002266a092df0 ConcurrentGCThread "G1 Main Marker" [stack: 0x0000002b79100000,0x0000002b79200000] [id=15624]
  0x000002266a093710 ConcurrentGCThread "G1 Conc#0" [stack: 0x0000002b79200000,0x0000002b79300000] [id=17844]
  0x000002267ad620c0 ConcurrentGCThread "G1 Refine#0" [stack: 0x0000002b79300000,0x0000002b79400000] [id=10276]
  0x000002267ad62790 ConcurrentGCThread "G1 Service" [stack: 0x0000002b79400000,0x0000002b79500000] [id=17472]

Threads with active compile tasks:

VM state: at safepoint (normal execution)

VM Mutex/Monitor currently owned by a thread:  ([mutex/lock_event])
[0x000002266a028da0] Threads_lock - owner thread: 0x000002267ae9f3f0
[0x000002266a02a4b0] Heap_lock - owner thread: 0x000002266a02d2c0

Heap address: 0x0000000741c00000, size: 3044 MB, Compressed Oops mode: Zero based, Oop shift amount: 3

CDS archive(s) mapped at: [0x0000000800000000-0x0000000800bc0000-0x0000000800bc0000), size 12320768, SharedBaseAddress: 0x0000000800000000, ArchiveRelocationMode: 0.
Compressed class space mapped at: 0x0000000800c00000-0x0000000840c00000, reserved size: 1073741824
Narrow klass base: 0x0000000800000000, Narrow klass shift: 0, Narrow klass range: 0x100000000

GC Precious Log:
 CPUs: 4 total, 4 available
 Memory: 12174M
 Large Page Support: Disabled
 NUMA Support: Disabled
 Compressed Oops: Enabled (Zero based)
 Heap Region Size: 2M
 Heap Min Capacity: 8M
 Heap Initial Capacity: 192M
 Heap Max Capacity: 3044M
 Pre-touch: Disabled
 Parallel Workers: 4
 Concurrent Workers: 1
 Concurrent Refinement Workers: 4
 Periodic GC: Disabled

Heap:
 garbage-first heap   total 280576K, used 162839K [0x0000000741c00000, 0x0000000800000000)
  region size 2048K, 2 young (4096K), 2 survivors (4096K)
 Metaspace       used 6694K, committed 6912K, reserved 1056768K
  class space    used 669K, committed 768K, reserved 1048576K

Heap Regions: E=young(eden), S=young(survivor), O=old, HS=humongous(starts), HC=humongous(continues), CS=collection set, F=free, OA=open archive, CA=closed archive, TAMS=top-at-mark-start (previous, next)
|   0|0x0000000741c00000, 0x0000000741e00000, 0x0000000741e00000|100%| O|  |TAMS 0x0000000741e00000, 0x0000000741e00000| Untracked 
|   1|0x0000000741e00000, 0x0000000741e99400, 0x0000000742000000| 29%| O|  |TAMS 0x0000000741e99400, 0x0000000741e99400| Untracked 
|   2|0x0000000742000000, 0x0000000742200000, 0x0000000742200000|100%|HS|  |TAMS 0x0000000742200000, 0x0000000742200000| Complete 
|   3|0x0000000742200000, 0x0000000742400000, 0x0000000742400000|100%|HC|  |TAMS 0x0000000742400000, 0x0000000742400000| Complete 
|   4|0x0000000742400000, 0x0000000742600000, 0x0000000742600000|100%|HC|  |TAMS 0x0000000742600000, 0x0000000742600000| Complete 
|   5|0x0000000742600000, 0x0000000742800000, 0x0000000742800000|100%|HC|  |TAMS 0x0000000742800000, 0x0000000742800000| Complete 
|   6|0x0000000742800000, 0x0000000742a00000, 0x0000000742a00000|100%|HC|  |TAMS 0x0000000742a00000, 0x0000000742a00000| Complete 
|   7|0x0000000742a00000, 0x0000000742c00000, 0x0000000742c00000|100%|HC|  |TAMS 0x0000000742c00000, 0x0000000742c00000| Complete 
|   8|0x0000000742c00000, 0x0000000742e00000, 0x0000000742e00000|100%|HC|  |TAMS 0x0000000742e00000, 0x0000000742e00000| Complete 
|   9|0x0000000742e00000, 0x0000000743000000, 0x0000000743000000|100%|HC|  |TAMS 0x0000000743000000, 0x0000000743000000| Complete 
|  10|0x0000000743000000, 0x0000000743200000, 0x0000000743200000|100%|HC|  |TAMS 0x0000000743200000, 0x0000000743200000| Complete 
|  11|0x0000000743200000, 0x0000000743400000, 0x0000000743400000|100%|HC|  |TAMS 0x0000000743400000, 0x0000000743400000| Complete 
|  12|0x0000000743400000, 0x0000000743600000, 0x0000000743600000|100%|HC|  |TAMS 0x0000000743600000, 0x0000000743600000| Complete 
|  13|0x0000000743600000, 0x0000000743800000, 0x0000000743800000|100%|HS|  |TAMS 0x0000000743800000, 0x0000000743800000| Complete 
|  14|0x0000000743800000, 0x0000000743a00000, 0x0000000743a00000|100%|HC|  |TAMS 0x0000000743a00000, 0x0000000743a00000| Complete 
|  15|0x0000000743a00000, 0x0000000743c00000, 0x0000000743c00000|100%|HC|  |TAMS 0x0000000743c00000, 0x0000000743c00000| Complete 
|  16|0x0000000743c00000, 0x0000000743e00000, 0x0000000743e00000|100%|HC|  |TAMS 0x0000000743e00000, 0x0000000743e00000| Complete 
|  17|0x0000000743e00000, 0x0000000744000000, 0x0000000744000000|100%|HC|  |TAMS 0x0000000744000000, 0x0000000744000000| Complete 
|  18|0x0000000744000000, 0x0000000744200000, 0x0000000744200000|100%|HC|  |TAMS 0x0000000744200000, 0x0000000744200000| Complete 
|  19|0x0000000744200000, 0x0000000744400000, 0x0000000744400000|100%|HC|  |TAMS 0x0000000744400000, 0x0000000744400000| Complete 
|  20|0x0000000744400000, 0x0000000744600000, 0x0000000744600000|100%|HC|  |TAMS 0x0000000744600000, 0x0000000744600000| Complete 
|  21|0x0000000744600000, 0x0000000744800000, 0x0000000744800000|100%|HC|  |TAMS 0x0000000744800000, 0x0000000744800000| Complete 
|  22|0x0000000744800000, 0x0000000744a00000, 0x0000000744a00000|100%|HC|  |TAMS 0x0000000744a00000, 0x0000000744a00000| Complete 
|  23|0x0000000744a00000, 0x0000000744c00000, 0x0000000744c00000|100%|HC|  |TAMS 0x0000000744c00000, 0x0000000744c00000| Complete 
|  24|0x0000000744c00000, 0x0000000744e00000, 0x0000000744e00000|100%|HS|  |TAMS 0x0000000744e00000, 0x0000000744e00000| Complete 
|  25|0x0000000744e00000, 0x0000000745000000, 0x0000000745000000|100%|HC|  |TAMS 0x0000000745000000, 0x0000000745000000| Complete 
|  26|0x0000000745000000, 0x0000000745200000, 0x0000000745200000|100%|HC|  |TAMS 0x0000000745200000, 0x0000000745200000| Complete 
|  27|0x0000000745200000, 0x0000000745400000, 0x0000000745400000|100%|HC|  |TAMS 0x0000000745400000, 0x0000000745400000| Complete 
|  28|0x0000000745400000, 0x0000000745600000, 0x0000000745600000|100%|HC|  |TAMS 0x0000000745600000, 0x0000000745600000| Complete 
|  29|0x0000000745600000, 0x0000000745800000, 0x0000000745800000|100%|HC|  |TAMS 0x0000000745800000, 0x0000000745800000| Complete 
|  30|0x0000000745800000, 0x0000000745a00000, 0x0000000745a00000|100%|HC|  |TAMS 0x0000000745a00000, 0x0000000745a00000| Complete 
|  31|0x0000000745a00000, 0x0000000745c00000, 0x0000000745c00000|100%|HC|  |TAMS 0x0000000745c00000, 0x0000000745c00000| Complete 
|  32|0x0000000745c00000, 0x0000000745e00000, 0x0000000745e00000|100%|HC|  |TAMS 0x0000000745e00000, 0x0000000745e00000| Complete 
|  33|0x0000000745e00000, 0x0000000746000000, 0x0000000746000000|100%|HC|  |TAMS 0x0000000746000000, 0x0000000746000000| Complete 
|  34|0x0000000746000000, 0x0000000746200000, 0x0000000746200000|100%|HC|  |TAMS 0x0000000746200000, 0x0000000746200000| Complete 
|  35|0x0000000746200000, 0x0000000746400000, 0x0000000746400000|100%|HS|  |TAMS 0x0000000746400000, 0x0000000746400000| Complete 
|  36|0x0000000746400000, 0x0000000746600000, 0x0000000746600000|100%|HC|  |TAMS 0x0000000746600000, 0x0000000746600000| Complete 
|  37|0x0000000746600000, 0x0000000746800000, 0x0000000746800000|100%|HC|  |TAMS 0x0000000746800000, 0x0000000746800000| Complete 
|  38|0x0000000746800000, 0x0000000746a00000, 0x0000000746a00000|100%|HC|  |TAMS 0x0000000746a00000, 0x0000000746a00000| Complete 
|  39|0x0000000746a00000, 0x0000000746c00000, 0x0000000746c00000|100%|HC|  |TAMS 0x0000000746c00000, 0x0000000746c00000| Complete 
|  40|0x0000000746c00000, 0x0000000746e00000, 0x0000000746e00000|100%|HC|  |TAMS 0x0000000746e00000, 0x0000000746e00000| Complete 
|  41|0x0000000746e00000, 0x0000000747000000, 0x0000000747000000|100%|HC|  |TAMS 0x0000000747000000, 0x0000000747000000| Complete 
|  42|0x0000000747000000, 0x0000000747200000, 0x0000000747200000|100%|HC|  |TAMS 0x0000000747200000, 0x0000000747200000| Complete 
|  43|0x0000000747200000, 0x0000000747400000, 0x0000000747400000|100%|HC|  |TAMS 0x0000000747400000, 0x0000000747400000| Complete 
|  44|0x0000000747400000, 0x0000000747600000, 0x0000000747600000|100%|HC|  |TAMS 0x0000000747600000, 0x0000000747600000| Complete 
|  45|0x0000000747600000, 0x0000000747800000, 0x0000000747800000|100%|HC|  |TAMS 0x0000000747800000, 0x0000000747800000| Complete 
|  46|0x0000000747800000, 0x0000000747a00000, 0x0000000747a00000|100%|HS|  |TAMS 0x0000000747a00000, 0x0000000747a00000| Complete 
|  47|0x0000000747a00000, 0x0000000747c00000, 0x0000000747c00000|100%|HC|  |TAMS 0x0000000747c00000, 0x0000000747c00000| Complete 
|  48|0x0000000747c00000, 0x0000000747e00000, 0x0000000747e00000|100%|HC|  |TAMS 0x0000000747e00000, 0x0000000747e00000| Complete 
|  49|0x0000000747e00000, 0x0000000748000000, 0x0000000748000000|100%|HC|  |TAMS 0x0000000748000000, 0x0000000748000000| Complete 
|  50|0x0000000748000000, 0x0000000748200000, 0x0000000748200000|100%|HC|  |TAMS 0x0000000748200000, 0x0000000748200000| Complete 
|  51|0x0000000748200000, 0x0000000748400000, 0x0000000748400000|100%|HC|  |TAMS 0x0000000748400000, 0x0000000748400000| Complete 
|  52|0x0000000748400000, 0x0000000748600000, 0x0000000748600000|100%|HC|  |TAMS 0x0000000748600000, 0x0000000748600000| Complete 
|  53|0x0000000748600000, 0x0000000748800000, 0x0000000748800000|100%|HC|  |TAMS 0x0000000748800000, 0x0000000748800000| Complete 
|  54|0x0000000748800000, 0x0000000748a00000, 0x0000000748a00000|100%|HC|  |TAMS 0x0000000748a00000, 0x0000000748a00000| Complete 
|  55|0x0000000748a00000, 0x0000000748c00000, 0x0000000748c00000|100%|HC|  |TAMS 0x0000000748c00000, 0x0000000748c00000| Complete 
|  56|0x0000000748c00000, 0x0000000748e00000, 0x0000000748e00000|100%|HC|  |TAMS 0x0000000748e00000, 0x0000000748e00000| Complete 
|  57|0x0000000748e00000, 0x0000000749000000, 0x0000000749000000|100%|HS|  |TAMS 0x0000000749000000, 0x0000000749000000| Complete 
|  58|0x0000000749000000, 0x0000000749200000, 0x0000000749200000|100%|HC|  |TAMS 0x0000000749200000, 0x0000000749200000| Complete 
|  59|0x0000000749200000, 0x0000000749400000, 0x0000000749400000|100%|HC|  |TAMS 0x0000000749400000, 0x0000000749400000| Complete 
|  60|0x0000000749400000, 0x0000000749600000, 0x0000000749600000|100%|HC|  |TAMS 0x0000000749600000, 0x0000000749600000| Complete 
|  61|0x0000000749600000, 0x0000000749800000, 0x0000000749800000|100%|HC|  |TAMS 0x0000000749800000, 0x0000000749800000| Complete 
|  62|0x0000000749800000, 0x0000000749a00000, 0x0000000749a00000|100%|HC|  |TAMS 0x0000000749a00000, 0x0000000749a00000| Complete 
|  63|0x0000000749a00000, 0x0000000749c00000, 0x0000000749c00000|100%|HC|  |TAMS 0x0000000749c00000, 0x0000000749c00000| Complete 
|  64|0x0000000749c00000, 0x0000000749e00000, 0x0000000749e00000|100%|HC|  |TAMS 0x0000000749e00000, 0x0000000749e00000| Complete 
|  65|0x0000000749e00000, 0x000000074a000000, 0x000000074a000000|100%|HC|  |TAMS 0x000000074a000000, 0x000000074a000000| Complete 
|  66|0x000000074a000000, 0x000000074a200000, 0x000000074a200000|100%|HC|  |TAMS 0x000000074a200000, 0x000000074a200000| Complete 
|  67|0x000000074a200000, 0x000000074a400000, 0x000000074a400000|100%|HC|  |TAMS 0x000000074a400000, 0x000000074a400000| Complete 
|  68|0x000000074a400000, 0x000000074a600000, 0x000000074a600000|100%|HS|  |TAMS 0x000000074a400000, 0x000000074a600000| Complete 
|  69|0x000000074a600000, 0x000000074a800000, 0x000000074a800000|100%|HC|  |TAMS 0x000000074a600000, 0x000000074a800000| Complete 
|  70|0x000000074a800000, 0x000000074aa00000, 0x000000074aa00000|100%|HC|  |TAMS 0x000000074a800000, 0x000000074aa00000| Complete 
|  71|0x000000074aa00000, 0x000000074ac00000, 0x000000074ac00000|100%|HC|  |TAMS 0x000000074aa00000, 0x000000074ac00000| Complete 
|  72|0x000000074ac00000, 0x000000074ae00000, 0x000000074ae00000|100%|HC|  |TAMS 0x000000074ac00000, 0x000000074ae00000| Complete 
|  73|0x000000074ae00000, 0x000000074b000000, 0x000000074b000000|100%|HC|  |TAMS 0x000000074ae00000, 0x000000074b000000| Complete 
|  74|0x000000074b000000, 0x000000074b200000, 0x000000074b200000|100%|HC|  |TAMS 0x000000074b000000, 0x000000074b200000| Complete 
|  75|0x000000074b200000, 0x000000074b400000, 0x000000074b400000|100%|HC|  |TAMS 0x000000074b200000, 0x000000074b400000| Complete 
|  76|0x000000074b400000, 0x000000074b600000, 0x000000074b600000|100%|HC|  |TAMS 0x000000074b400000, 0x000000074b600000| Complete 
|  77|0x000000074b600000, 0x000000074b800000, 0x000000074b800000|100%|HC|  |TAMS 0x000000074b600000, 0x000000074b800000| Complete 
|  78|0x000000074b800000, 0x000000074ba00000, 0x000000074ba00000|100%|HC|  |TAMS 0x000000074b800000, 0x000000074ba00000| Complete 
|  79|0x000000074ba00000, 0x000000074ba00000, 0x000000074bc00000|  0%| F|  |TAMS 0x000000074ba00000, 0x000000074ba00000| Untracked 
|  80|0x000000074bc00000, 0x000000074bc00000, 0x000000074be00000|  0%| F|  |TAMS 0x000000074bc00000, 0x000000074bc00000| Untracked 
|  81|0x000000074be00000, 0x000000074be00000, 0x000000074c000000|  0%| F|  |TAMS 0x000000074be00000, 0x000000074be00000| Untracked 
|  82|0x000000074c000000, 0x000000074c000000, 0x000000074c200000|  0%| F|  |TAMS 0x000000074c000000, 0x000000074c000000| Untracked 
|  83|0x000000074c200000, 0x000000074c200000, 0x000000074c400000|  0%| F|  |TAMS 0x000000074c200000, 0x000000074c200000| Untracked 
|  84|0x000000074c400000, 0x000000074c400000, 0x000000074c600000|  0%| F|  |TAMS 0x000000074c400000, 0x000000074c400000| Untracked 
|  85|0x000000074c600000, 0x000000074c600000, 0x000000074c800000|  0%| F|  |TAMS 0x000000074c600000, 0x000000074c600000| Untracked 
|  86|0x000000074c800000, 0x000000074c800000, 0x000000074ca00000|  0%| F|  |TAMS 0x000000074c800000, 0x000000074c800000| Untracked 
|  87|0x000000074ca00000, 0x000000074ca00000, 0x000000074cc00000|  0%| F|  |TAMS 0x000000074ca00000, 0x000000074ca00000| Untracked 
|  88|0x000000074cc00000, 0x000000074cc00000, 0x000000074ce00000|  0%| F|  |TAMS 0x000000074cc00000, 0x000000074cc00000| Untracked 
|  89|0x000000074ce00000, 0x000000074ce00000, 0x000000074d000000|  0%| F|  |TAMS 0x000000074ce00000, 0x000000074ce00000| Untracked 
|  90|0x000000074d000000, 0x000000074d000000, 0x000000074d200000|  0%| F|  |TAMS 0x000000074d000000, 0x000000074d000000| Untracked 
|  91|0x000000074d200000, 0x000000074d200000, 0x000000074d400000|  0%| F|  |TAMS 0x000000074d200000, 0x000000074d200000| Untracked 
|  92|0x000000074d400000, 0x000000074d400000, 0x000000074d600000|  0%| F|  |TAMS 0x000000074d400000, 0x000000074d400000| Untracked 
|  93|0x000000074d600000, 0x000000074d600000, 0x000000074d800000|  0%| F|  |TAMS 0x000000074d600000, 0x000000074d600000| Untracked 
|  94|0x000000074d800000, 0x000000074d800000, 0x000000074da00000|  0%| F|  |TAMS 0x000000074d800000, 0x000000074d800000| Untracked 
|  95|0x000000074da00000, 0x000000074da00000, 0x000000074dc00000|  0%| F|  |TAMS 0x000000074da00000, 0x000000074da00000| Untracked 
|  96|0x000000074dc00000, 0x000000074dc00000, 0x000000074de00000|  0%| F|  |TAMS 0x000000074dc00000, 0x000000074dc00000| Untracked 
|  97|0x000000074de00000, 0x000000074de00000, 0x000000074e000000|  0%| F|  |TAMS 0x000000074de00000, 0x000000074de00000| Untracked 
|  98|0x000000074e000000, 0x000000074e000000, 0x000000074e200000|  0%| F|  |TAMS 0x000000074e000000, 0x000000074e000000| Untracked 
|  99|0x000000074e200000, 0x000000074e200000, 0x000000074e400000|  0%| F|  |TAMS 0x000000074e200000, 0x000000074e200000| Untracked 
| 100|0x000000074e400000, 0x000000074e400000, 0x000000074e600000|  0%| F|  |TAMS 0x000000074e400000, 0x000000074e400000| Untracked 
| 101|0x000000074e600000, 0x000000074e600000, 0x000000074e800000|  0%| F|  |TAMS 0x000000074e600000, 0x000000074e600000| Untracked 
| 102|0x000000074e800000, 0x000000074e800000, 0x000000074ea00000|  0%| F|  |TAMS 0x000000074e800000, 0x000000074e800000| Untracked 
| 103|0x000000074ea00000, 0x000000074ea00000, 0x000000074ec00000|  0%| F|  |TAMS 0x000000074ea00000, 0x000000074ea00000| Untracked 
| 104|0x000000074ec00000, 0x000000074ec00000, 0x000000074ee00000|  0%| F|  |TAMS 0x000000074ec00000, 0x000000074ec00000| Untracked 
| 105|0x000000074ee00000, 0x000000074ee00000, 0x000000074f000000|  0%| F|  |TAMS 0x000000074ee00000, 0x000000074ee00000| Untracked 
| 106|0x000000074f000000, 0x000000074f000000, 0x000000074f200000|  0%| F|  |TAMS 0x000000074f000000, 0x000000074f000000| Untracked 
| 107|0x000000074f200000, 0x000000074f200000, 0x000000074f400000|  0%| F|  |TAMS 0x000000074f200000, 0x000000074f200000| Untracked 
| 108|0x000000074f400000, 0x000000074f400000, 0x000000074f600000|  0%| F|  |TAMS 0x000000074f400000, 0x000000074f400000| Untracked 
| 109|0x000000074f600000, 0x000000074f600000, 0x000000074f800000|  0%| F|  |TAMS 0x000000074f600000, 0x000000074f600000| Untracked 
| 110|0x000000074f800000, 0x000000074f800000, 0x000000074fa00000|  0%| F|  |TAMS 0x000000074f800000, 0x000000074f800000| Untracked 
| 111|0x000000074fa00000, 0x000000074fa00000, 0x000000074fc00000|  0%| F|  |TAMS 0x000000074fa00000, 0x000000074fa00000| Untracked 
| 112|0x000000074fc00000, 0x000000074fc00000, 0x000000074fe00000|  0%| F|  |TAMS 0x000000074fc00000, 0x000000074fc00000| Untracked 
| 113|0x000000074fe00000, 0x000000074fe00000, 0x0000000750000000|  0%| F|  |TAMS 0x000000074fe00000, 0x000000074fe00000| Untracked 
| 114|0x0000000750000000, 0x0000000750000000, 0x0000000750200000|  0%| F|  |TAMS 0x0000000750000000, 0x0000000750000000| Untracked 
| 115|0x0000000750200000, 0x0000000750200000, 0x0000000750400000|  0%| F|  |TAMS 0x0000000750200000, 0x0000000750200000| Untracked 
| 116|0x0000000750400000, 0x0000000750400000, 0x0000000750600000|  0%| F|  |TAMS 0x0000000750400000, 0x0000000750400000| Untracked 
| 117|0x0000000750600000, 0x0000000750600000, 0x0000000750800000|  0%| F|  |TAMS 0x0000000750600000, 0x0000000750600000| Untracked 
| 118|0x0000000750800000, 0x0000000750800000, 0x0000000750a00000|  0%| F|  |TAMS 0x0000000750800000, 0x0000000750800000| Untracked 
| 119|0x0000000750a00000, 0x0000000750a00000, 0x0000000750c00000|  0%| F|  |TAMS 0x0000000750a00000, 0x0000000750a00000| Untracked 
| 120|0x0000000750c00000, 0x0000000750c00000, 0x0000000750e00000|  0%| F|  |TAMS 0x0000000750c00000, 0x0000000750c00000| Untracked 
| 121|0x0000000750e00000, 0x0000000750e00000, 0x0000000751000000|  0%| F|  |TAMS 0x0000000750e00000, 0x0000000750e00000| Untracked 
| 122|0x0000000751000000, 0x0000000751000000, 0x0000000751200000|  0%| F|  |TAMS 0x0000000751000000, 0x0000000751000000| Untracked 
| 123|0x0000000751200000, 0x0000000751200000, 0x0000000751400000|  0%| F|  |TAMS 0x0000000751200000, 0x0000000751200000| Untracked 
| 124|0x0000000751400000, 0x0000000751400000, 0x0000000751600000|  0%| F|  |TAMS 0x0000000751400000, 0x0000000751400000| Untracked 
| 125|0x0000000751600000, 0x0000000751600000, 0x0000000751800000|  0%| F|  |TAMS 0x0000000751600000, 0x0000000751600000| Untracked 
| 126|0x0000000751800000, 0x0000000751800000, 0x0000000751a00000|  0%| F|  |TAMS 0x0000000751800000, 0x0000000751800000| Untracked 
| 127|0x0000000751a00000, 0x0000000751a00000, 0x0000000751c00000|  0%| F|  |TAMS 0x0000000751a00000, 0x0000000751a00000| Untracked 
| 128|0x0000000751c00000, 0x0000000751c00000, 0x0000000751e00000|  0%| F|  |TAMS 0x0000000751c00000, 0x0000000751c00000| Untracked 
| 129|0x0000000751e00000, 0x0000000751e00000, 0x0000000752000000|  0%| F|  |TAMS 0x0000000751e00000, 0x0000000751e00000| Untracked 
| 130|0x0000000752000000, 0x0000000752000000, 0x0000000752200000|  0%| F|  |TAMS 0x0000000752000000, 0x0000000752000000| Untracked 
| 131|0x0000000752200000, 0x0000000752200000, 0x0000000752400000|  0%| F|  |TAMS 0x0000000752200000, 0x0000000752200000| Untracked 
| 132|0x0000000752400000, 0x0000000752400000, 0x0000000752600000|  0%| F|  |TAMS 0x0000000752400000, 0x0000000752400000| Untracked 
| 133|0x0000000752600000, 0x0000000752600000, 0x0000000752800000|  0%| F|  |TAMS 0x0000000752600000, 0x0000000752600000| Untracked 
| 134|0x0000000752800000, 0x0000000752800000, 0x0000000752a00000|  0%| F|  |TAMS 0x0000000752800000, 0x0000000752800000| Untracked 
| 135|0x0000000752a00000, 0x0000000752a6cb00, 0x0000000752c00000| 21%| S|CS|TAMS 0x0000000752a00000, 0x0000000752a00000| Complete 
| 136|0x0000000752c00000, 0x0000000752e00000, 0x0000000752e00000|100%| S|CS|TAMS 0x0000000752c00000, 0x0000000752c00000| Complete 

Card table byte_map: [0x0000022671eb0000,0x00000226724b0000] _byte_map_base: 0x000002266e4a2000

Marking Bits (Prev, Next): (CMBitMap*) 0x000002266a0866c0, (CMBitMap*) 0x000002266a086680
 Prev Bits: [0x0000022675a40000, 0x00000226789d0000)
 Next Bits: [0x0000022672ab0000, 0x0000022675a40000)

Polling page: 0x0000022667f40000

Metaspace:

Usage:
  Non-class:      5.88 MB used.
      Class:    669.13 KB used.
       Both:      6.54 MB used.

Virtual space:
  Non-class space:        8.00 MB reserved,       6.00 MB ( 75%) committed,  1 nodes.
      Class space:        1.00 GB reserved,     768.00 KB ( <1%) committed,  1 nodes.
             Both:        1.01 GB reserved,       6.75 MB ( <1%) committed. 

Chunk freelists:
   Non-Class:  2.05 MB
       Class:  3.22 MB
        Both:  5.27 MB

MaxMetaspaceSize: unlimited
CompressedClassSpaceSize: 1.00 GB
Initial GC threshold: 21.00 MB
Current GC threshold: 21.00 MB
CDS: on
MetaspaceReclaimPolicy: balanced
 - commit_granule_bytes: 65536.
 - commit_granule_words: 8192.
 - virtual_space_node_default_size: 1048576.
 - enlarge_chunks_in_place: 1.
 - new_chunks_are_fully_committed: 0.
 - uncommit_free_chunks: 1.
 - use_allocation_guard: 0.
 - handle_deallocations: 1.


Internal statistics:

num_allocs_failed_limit: 0.
num_arena_births: 106.
num_arena_deaths: 0.
num_vsnodes_births: 2.
num_vsnodes_deaths: 0.
num_space_committed: 108.
num_space_uncommitted: 0.
num_chunks_returned_to_freelist: 0.
num_chunks_taken_from_freelist: 164.
num_chunk_merges: 0.
num_chunk_splits: 88.
num_chunks_enlarged: 29.
num_purges: 0.
num_inconsistent_stats: 0.

CodeHeap 'non-profiled nmethods': size=120000Kb used=566Kb max_used=566Kb free=119433Kb
 bounds [0x0000022607ad0000, 0x0000022607d40000, 0x000002260f000000]
CodeHeap 'profiled nmethods': size=120000Kb used=2139Kb max_used=2139Kb free=117860Kb
 bounds [0x00000226005a0000, 0x0000022600810000, 0x0000022607ad0000]
CodeHeap 'non-nmethods': size=5760Kb used=1237Kb max_used=1264Kb free=4522Kb
 bounds [0x0000022600000000, 0x0000022600270000, 0x00000226005a0000]
 total_blobs=1824 nmethods=1271 adapters=466
 compilation: enabled
              stopped_count=0, restarted_count=0
 full_count=0

Compilation events (20 events):
Event: 1.254 Thread 0x000002267aec8cc0 nmethod 1262 0x0000022607b4b690 code [0x0000022607b4b820, 0x0000022607b4bb98]
Event: 1.254 Thread 0x000002267aec8cc0 1264       4       sun.java2d.loops.Blit::getFromCache (93 bytes)
Event: 1.254 Thread 0x000002267ca99e70 nmethod 1263 0x0000022607b4be10 code [0x0000022607b4bfa0, 0x0000022607b4c0f8]
Event: 1.254 Thread 0x000002267ca99e70 1265       4       sun.java2d.SunGraphics2D::drawImage (11 bytes)
Event: 1.256 Thread 0x000002267aec8cc0 nmethod 1264 0x0000022607b4c210 code [0x0000022607b4c3a0, 0x0000022607b4c818]
Event: 1.256 Thread 0x000002267aec8cc0 1266       4       sun.java2d.pipe.DrawImage::copyImage (60 bytes)
Event: 1.283 Thread 0x000002267aeea9f0 1269  s    3       java.util.Hashtable::remove (133 bytes)
Event: 1.283 Thread 0x000002267aeea9f0 nmethod 1269 0x00000226007b5610 code [0x00000226007b5800, 0x00000226007b6038]
Event: 1.284 Thread 0x000002267aeea9f0 1270  s!   3       javax.imageio.stream.FileCacheImageInputStream$StreamDisposerRecord::dispose (60 bytes)
Event: 1.284 Thread 0x000002267aeea9f0 nmethod 1270 0x00000226007b6290 code [0x00000226007b64a0, 0x00000226007b6bd8]
Event: 1.317 Thread 0x000002267aec8cc0 nmethod 1266 0x0000022607b4cb90 code [0x0000022607b4ce80, 0x0000022607b4f3c0]
Event: 1.317 Thread 0x000002267aec8cc0 1271   !   4       sun.java2d.SunGraphics2D::drawImage (150 bytes)
Event: 1.321 Thread 0x000002267aec8cc0 nmethod 1271 0x0000022607b51610 code [0x0000022607b51800, 0x0000022607b51bf0]
Event: 1.322 Thread 0x000002267aec8cc0 1267       4       sun.java2d.loops.GraphicsPrimitive::convertFrom (84 bytes)
Event: 1.325 Thread 0x000002267aec8cc0 nmethod 1267 0x0000022607b52090 code [0x0000022607b52260, 0x0000022607b52588]
Event: 1.325 Thread 0x000002267aec8cc0 1268       4       sun.java2d.SurfaceData::getSourceSurfaceData (110 bytes)
Event: 1.329 Thread 0x000002267aec8cc0 nmethod 1268 0x0000022607b52910 code [0x0000022607b52ae0, 0x0000022607b52fe8]
Event: 1.330 Thread 0x000002267aec8cc0 1272       4       sun.java2d.pipe.DrawImage::copyImage (105 bytes)
Event: 1.330 Thread 0x000002267ca99e70 nmethod 1265 0x0000022607b53390 code [0x0000022607b536e0, 0x0000022607b56888]
Event: 1.405 Thread 0x000002267aec8cc0 nmethod 1272 0x0000022607b59090 code [0x0000022607b593c0, 0x0000022607b5b840]

GC Heap History (15 events):
Event: 0.696 GC heap before
{Heap before GC invocations=0 (full 0):
 garbage-first heap   total 196608K, used 10240K [0x0000000741c00000, 0x0000000800000000)
  region size 2048K, 6 young (12288K), 0 survivors (0K)
 Metaspace       used 5787K, committed 6016K, reserved 1056768K
  class space    used 575K, committed 704K, reserved 1048576K
}
Event: 0.701 GC heap after
{Heap after GC invocations=1 (full 0):
 garbage-first heap   total 196608K, used 2712K [0x0000000741c00000, 0x0000000800000000)
  region size 2048K, 1 young (2048K), 1 survivors (2048K)
 Metaspace       used 5787K, committed 6016K, reserved 1056768K
  class space    used 575K, committed 704K, reserved 1048576K
}
Event: 0.719 GC heap before
{Heap before GC invocations=1 (full 0):
 garbage-first heap   total 196608K, used 15000K [0x0000000741c00000, 0x0000000800000000)
  region size 2048K, 7 young (14336K), 1 survivors (2048K)
 Metaspace       used 5789K, committed 6016K, reserved 1056768K
  class space    used 575K, committed 704K, reserved 1048576K
}
Event: 0.722 GC heap after
{Heap after GC invocations=2 (full 0):
 garbage-first heap   total 196608K, used 2807K [0x0000000741c00000, 0x0000000800000000)
  region size 2048K, 1 young (2048K), 1 survivors (2048K)
 Metaspace       used 5789K, committed 6016K, reserved 1056768K
  class space    used 575K, committed 704K, reserved 1048576K
}
Event: 0.976 GC heap before
{Heap before GC invocations=2 (full 0):
 garbage-first heap   total 196608K, used 37623K [0x0000000741c00000, 0x0000000800000000)
  region size 2048K, 18 young (36864K), 1 survivors (2048K)
 Metaspace       used 6582K, committed 6784K, reserved 1056768K
  class space    used 664K, committed 768K, reserved 1048576K
}
Event: 0.977 GC heap after
{Heap after GC invocations=3 (full 0):
 garbage-first heap   total 196608K, used 4331K [0x0000000741c00000, 0x0000000800000000)
  region size 2048K, 1 young (2048K), 1 survivors (2048K)
 Metaspace       used 6582K, committed 6784K, reserved 1056768K
  class space    used 664K, committed 768K, reserved 1048576K
}
Event: 1.280 GC heap before
{Heap before GC invocations=3 (full 0):
 garbage-first heap   total 196608K, used 121067K [0x0000000741c00000, 0x0000000800000000)
  region size 2048K, 26 young (53248K), 1 survivors (2048K)
 Metaspace       used 6692K, committed 6912K, reserved 1056768K
  class space    used 669K, committed 768K, reserved 1048576K
}
Event: 1.282 GC heap after
{Heap after GC invocations=4 (full 0):
 garbage-first heap   total 196608K, used 72504K [0x0000000741c00000, 0x0000000800000000)
  region size 2048K, 2 young (4096K), 2 survivors (4096K)
 Metaspace       used 6692K, committed 6912K, reserved 1056768K
  class space    used 669K, committed 768K, reserved 1048576K
}
Event: 1.333 GC heap before
{Heap before GC invocations=4 (full 0):
 garbage-first heap   total 196608K, used 95032K [0x0000000741c00000, 0x0000000800000000)
  region size 2048K, 3 young (6144K), 2 survivors (4096K)
 Metaspace       used 6694K, committed 6912K, reserved 1056768K
  class space    used 669K, committed 768K, reserved 1048576K
}
Event: 1.334 GC heap after
{Heap after GC invocations=5 (full 0):
 garbage-first heap   total 196608K, used 95076K [0x0000000741c00000, 0x0000000800000000)
  region size 2048K, 2 young (4096K), 2 survivors (4096K)
 Metaspace       used 6694K, committed 6912K, reserved 1056768K
  class space    used 669K, committed 768K, reserved 1048576K
}
Event: 1.374 GC heap before
{Heap before GC invocations=6 (full 0):
 garbage-first heap   total 202752K, used 117604K [0x0000000741c00000, 0x0000000800000000)
  region size 2048K, 3 young (6144K), 2 survivors (4096K)
 Metaspace       used 6694K, committed 6912K, reserved 1056768K
  class space    used 669K, committed 768K, reserved 1048576K
}
Event: 1.375 GC heap after
{Heap after GC invocations=7 (full 0):
 garbage-first heap   total 202752K, used 117716K [0x0000000741c00000, 0x0000000800000000)
  region size 2048K, 2 young (4096K), 2 survivors (4096K)
 Metaspace       used 6694K, committed 6912K, reserved 1056768K
  class space    used 669K, committed 768K, reserved 1048576K
}
Event: 1.411 GC heap before
{Heap before GC invocations=8 (full 0):
 garbage-first heap   total 239616K, used 140244K [0x0000000741c00000, 0x0000000800000000)
  region size 2048K, 3 young (6144K), 2 survivors (4096K)
 Metaspace       used 6694K, committed 6912K, reserved 1056768K
  class space    used 669K, committed 768K, reserved 1048576K
}
Event: 1.412 GC heap after
{Heap after GC invocations=9 (full 0):
 garbage-first heap   total 239616K, used 140298K [0x0000000741c00000, 0x0000000800000000)
  region size 2048K, 2 young (4096K), 2 survivors (4096K)
 Metaspace       used 6694K, committed 6912K, reserved 1056768K
  class space    used 669K, committed 768K, reserved 1048576K
}
Event: 1.443 GC heap before
{Heap before GC invocations=10 (full 0):
 garbage-first heap   total 280576K, used 162826K [0x0000000741c00000, 0x0000000800000000)
  region size 2048K, 3 young (6144K), 2 survivors (4096K)
 Metaspace       used 6694K, committed 6912K, reserved 1056768K
  class space    used 669K, committed 768K, reserved 1048576K
}

Deoptimization events (20 events):
Event: 0.846 Thread 0x000002266a02d2c0 Uncommon trap: trap_request=0xffffffcc fr.pc=0x0000022607b18e80 relative=0x00000000000001e0
Event: 0.846 Thread 0x000002266a02d2c0 Uncommon trap: reason=intrinsic_or_type_checked_inlining action=make_not_entrant pc=0x0000022607b18e80 method=java.util.Arrays.copyOf([Ljava/lang/Object;ILjava/lang/Class;)[Ljava/lang/Object; @ 35 c2
Event: 0.846 Thread 0x000002266a02d2c0 DEOPT PACKING pc=0x0000022607b18e80 sp=0x0000002b78ffdf60
Event: 0.846 Thread 0x000002266a02d2c0 DEOPT UNPACKING pc=0x00000226000523a3 sp=0x0000002b78ffdf08 mode 2
Event: 0.850 Thread 0x000002266a02d2c0 DEOPT PACKING pc=0x00000226006a613e sp=0x0000002b78ffdd60
Event: 0.850 Thread 0x000002266a02d2c0 DEOPT UNPACKING pc=0x0000022600052b43 sp=0x0000002b78ffd1d8 mode 0
Event: 0.853 Thread 0x000002266a02d2c0 DEOPT PACKING pc=0x000002260060cc7e sp=0x0000002b78ffdd10
Event: 0.853 Thread 0x000002266a02d2c0 DEOPT UNPACKING pc=0x0000022600052b43 sp=0x0000002b78ffd180 mode 0
Event: 0.952 Thread 0x000002266a02d2c0 DEOPT PACKING pc=0x00000226006b5496 sp=0x0000002b78ffe380
Event: 0.952 Thread 0x000002266a02d2c0 DEOPT UNPACKING pc=0x0000022600052b43 sp=0x0000002b78ffd7d8 mode 0
Event: 1.006 Thread 0x000002266a02d2c0 DEOPT PACKING pc=0x00000226006987e5 sp=0x0000002b78ffe350
Event: 1.006 Thread 0x000002266a02d2c0 DEOPT UNPACKING pc=0x0000022600052b43 sp=0x0000002b78ffd7a0 mode 0
Event: 1.041 Thread 0x000002266a02d2c0 DEOPT PACKING pc=0x00000226006d9ab5 sp=0x0000002b78ffe970
Event: 1.041 Thread 0x000002266a02d2c0 DEOPT UNPACKING pc=0x0000022600052b43 sp=0x0000002b78ffde08 mode 0
Event: 1.134 Thread 0x000002266a02d2c0 DEOPT PACKING pc=0x0000022600675d56 sp=0x0000002b78ffe8a0
Event: 1.134 Thread 0x000002266a02d2c0 DEOPT UNPACKING pc=0x0000022600052b43 sp=0x0000002b78ffdd40 mode 0
Event: 1.347 Thread 0x000002266a02d2c0 Uncommon trap: trap_request=0xfffffff4 fr.pc=0x0000022607b4e880 relative=0x0000000000001a00
Event: 1.347 Thread 0x000002266a02d2c0 Uncommon trap: reason=null_check action=make_not_entrant pc=0x0000022607b4e880 method=sun.java2d.loops.MaskBlit$General.MaskBlit(Lsun/java2d/SurfaceData;Lsun/java2d/SurfaceData;Ljava/awt/Composite;Lsun/java2d/pipe/Region;IIIIII[BII)V @ 38 c2
Event: 1.347 Thread 0x000002266a02d2c0 DEOPT PACKING pc=0x0000022607b4e880 sp=0x0000002b78ffec20
Event: 1.347 Thread 0x000002266a02d2c0 DEOPT UNPACKING pc=0x00000226000523a3 sp=0x0000002b78ffe880 mode 2

Classes unloaded (0 events):
No events

Classes redefined (0 events):
No events

Internal exceptions (20 events):
Event: 0.078 Thread 0x000002266a02d2c0 Exception <a 'sun/nio/fs/WindowsException'{0x000000074db37df8}> (0x000000074db37df8) 
thrown [s\open\src\hotspot\share\prims\jni.cpp, line 516]
Event: 0.078 Thread 0x000002266a02d2c0 Exception <a 'sun/nio/fs/WindowsException'{0x000000074db388c8}> (0x000000074db388c8) 
thrown [s\open\src\hotspot\share\prims\jni.cpp, line 516]
Event: 0.079 Thread 0x000002266a02d2c0 Exception <a 'sun/nio/fs/WindowsException'{0x000000074db39398}> (0x000000074db39398) 
thrown [s\open\src\hotspot\share\prims\jni.cpp, line 516]
Event: 0.079 Thread 0x000002266a02d2c0 Exception <a 'sun/nio/fs/WindowsException'{0x000000074db39e48}> (0x000000074db39e48) 
thrown [s\open\src\hotspot\share\prims\jni.cpp, line 516]
Event: 0.079 Thread 0x000002266a02d2c0 Exception <a 'sun/nio/fs/WindowsException'{0x000000074db3a900}> (0x000000074db3a900) 
thrown [s\open\src\hotspot\share\prims\jni.cpp, line 516]
Event: 0.079 Thread 0x000002266a02d2c0 Exception <a 'sun/nio/fs/WindowsException'{0x000000074db3b438}> (0x000000074db3b438) 
thrown [s\open\src\hotspot\share\prims\jni.cpp, line 516]
Event: 0.079 Thread 0x000002266a02d2c0 Exception <a 'sun/nio/fs/WindowsException'{0x000000074db3bf00}> (0x000000074db3bf00) 
thrown [s\open\src\hotspot\share\prims\jni.cpp, line 516]
Event: 0.123 Thread 0x000002266a02d2c0 Exception <a 'java/lang/ClassNotFoundException'{0x000000074d83fd68}: sun/awt/resources/spi/awtProvider> (0x000000074d83fd68) 
thrown [s\open\src\hotspot\share\classfile\systemDictionary.cpp, line 256]
Event: 0.145 Thread 0x000002266a02d2c0 Exception <a 'java/io/FileNotFoundException'{0x000000074d892f10}> (0x000000074d892f10) 
thrown [s\open\src\hotspot\share\prims\jni.cpp, line 516]
Event: 0.155 Thread 0x000002266a02d2c0 Exception <a 'java/io/FileNotFoundException'{0x000000074d8c0198}> (0x000000074d8c0198) 
thrown [s\open\src\hotspot\share\prims\jni.cpp, line 516]
Event: 0.200 Thread 0x000002266a02d2c0 Exception <a 'java/lang/NoSuchMethodError'{0x000000074d937410}: 'java.lang.Object java.lang.invoke.DirectMethodHandle$Holder.invokeStaticInit(java.lang.Object)'> (0x000000074d937410) 
thrown [s\open\src\hotspot\share\interpreter\linkResolver.cpp, line 759]
Event: 0.223 Thread 0x000002266a02d2c0 Exception <a 'java/lang/NoSuchMethodError'{0x000000074d99fa68}: 'void java.lang.invoke.DirectMethodHandle$Holder.invokeSpecial(java.lang.Object, java.lang.Object, java.lang.Object)'> (0x000000074d99fa68) 
thrown [s\open\src\hotspot\share\interpreter\linkResolver.cpp, line 759]
Event: 0.231 Thread 0x000002266a02d2c0 Exception <a 'java/lang/NoSuchMethodError'{0x000000074d9c9a60}: 'java.lang.Object java.lang.invoke.DirectMethodHandle$Holder.newInvokeSpecial(java.lang.Object, java.lang.Object, java.lang.Object, java.lang.Object, java.lang.Object)'> (0x000000074d9c9a60) 
thrown [s\open\src\hotspot\share\interpreter\linkResolver.cpp, line 759]
Event: 0.233 Thread 0x000002266a02d2c0 Exception <a 'java/lang/NoSuchMethodError'{0x000000074d9d5428}: 'java.lang.Object java.lang.invoke.DirectMethodHandle$Holder.invokeStatic(java.lang.Object, int, java.lang.Object, java.lang.Object, java.lang.Object, java.lang.Object)'> (0x000000074d9d5428) 
thrown [s\open\src\hotspot\share\interpreter\linkResolver.cpp, line 759]
Event: 0.238 Thread 0x000002266a02d2c0 Exception <a 'java/lang/NoSuchMethodError'{0x000000074d9fae28}: 'java.lang.Object java.lang.invoke.DirectMethodHandle$Holder.invokeStatic(java.lang.Object, int, java.lang.Object)'> (0x000000074d9fae28) 
thrown [s\open\src\hotspot\share\interpreter\linkResolver.cpp, line 759]
Event: 0.268 Thread 0x000002266a02d2c0 Exception <a 'java/lang/ClassNotFoundException'{0x000000074d6b6188}: com/sun/swing/internal/plaf/metal/resources/spi/metalProvider> (0x000000074d6b6188) 
thrown [s\open\src\hotspot\share\classfile\systemDictionary.cpp, line 256]
Event: 0.269 Thread 0x000002266a02d2c0 Exception <a 'java/lang/ClassNotFoundException'{0x000000074d6b9fe8}: com/sun/swing/internal/plaf/basic/resources/spi/basicProvider> (0x000000074d6b9fe8) 
thrown [s\open\src\hotspot\share\classfile\systemDictionary.cpp, line 256]
Event: 0.307 Thread 0x000002266a02d2c0 Exception <a 'java/lang/NoSuchMethodError'{0x000000074d731988}: 'java.lang.Object java.lang.invoke.DirectMethodHandle$Holder.invokeStaticInit(java.lang.Object, int, int, int, int)'> (0x000000074d731988) 
thrown [s\open\src\hotspot\share\interpreter\linkResolver.cpp, line 759]
Event: 0.354 Thread 0x000002266a02d2c0 Exception <a 'java/lang/NoSuchMethodError'{0x000000074d7b2b28}: 'java.lang.Object java.lang.invoke.DirectMethodHandle$Holder.invokeStaticInit(java.lang.Object, java.lang.Object, int, int, int, int)'> (0x000000074d7b2b28) 
thrown [s\open\src\hotspot\share\interpreter\linkResolver.cpp, line 759]
Event: 1.347 Thread 0x000002266a02d2c0 Implicit null exception at 0x0000022607b4d3e7 to 0x0000022607b4e820

VM Operations (20 events):
Event: 1.282 Executing VM operation: G1TryInitiateConcMark done
Event: 1.333 Executing VM operation: G1TryInitiateConcMark
Event: 1.334 Executing VM operation: G1TryInitiateConcMark done
Event: 1.338 Executing VM operation: G1Concurrent
Event: 1.346 Executing VM operation: G1Concurrent done
Event: 1.348 Executing VM operation: G1Concurrent
Event: 1.348 Executing VM operation: G1Concurrent done
Event: 1.374 Executing VM operation: G1TryInitiateConcMark
Event: 1.375 Executing VM operation: G1TryInitiateConcMark done
Event: 1.379 Executing VM operation: G1Concurrent
Event: 1.387 Executing VM operation: G1Concurrent done
Event: 1.388 Executing VM operation: G1Concurrent
Event: 1.389 Executing VM operation: G1Concurrent done
Event: 1.411 Executing VM operation: G1TryInitiateConcMark
Event: 1.412 Executing VM operation: G1TryInitiateConcMark done
Event: 1.418 Executing VM operation: G1Concurrent
Event: 1.419 Executing VM operation: G1Concurrent done
Event: 1.420 Executing VM operation: G1Concurrent
Event: 1.420 Executing VM operation: G1Concurrent done
Event: 1.443 Executing VM operation: G1TryInitiateConcMark

Events (20 events):
Event: 0.860 loading class java/nio/ShortBuffer
Event: 0.860 loading class java/nio/ShortBuffer done
Event: 0.860 loading class java/nio/ByteBufferAsShortBufferB done
Event: 0.860 loading class sun/nio/cs/UTF_16$Decoder
Event: 0.860 loading class sun/nio/cs/UnicodeDecoder
Event: 0.860 loading class sun/nio/cs/UnicodeDecoder done
Event: 0.860 loading class sun/nio/cs/UTF_16$Decoder done
Event: 0.861 loading class sun/font/FileFont$CreatedFontFileDisposerRecord
Event: 0.861 loading class sun/font/FileFont$CreatedFontFileDisposerRecord done
Event: 0.861 loading class sun/font/SunFontManager$8
Event: 0.861 loading class sun/font/SunFontManager$8 done
Event: 0.925 loading class java/io/FileReader
Event: 0.925 loading class java/io/FileReader done
Event: 0.925 loading class java/io/FileWriter
Event: 0.925 loading class java/io/FileWriter done
Event: 1.275 loading class sun/awt/AppContext$PostShutdownEventRunnable
Event: 1.275 loading class sun/awt/AppContext$PostShutdownEventRunnable done
Event: 1.275 loading class sun/awt/AWTAutoShutdown$1
Event: 1.275 loading class sun/awt/AWTAutoShutdown$1 done
Event: 1.275 Thread 0x000002267bb5c430 Thread exited: 0x000002267bb5c430


Dynamic libraries:
0x00007ff70c9c0000 - 0x00007ff70c9d0000 	C:\Program Files\Java\jdk-17.0.4.1\bin\java.exe
0x00007ffd7c0d0000 - 0x00007ffd7c2c8000 	C:\WINDOWS\SYSTEM32\ntdll.dll
0x00007ffd7a480000 - 0x00007ffd7a53f000 	C:\WINDOWS\System32\KERNEL32.DLL
0x00007ffd79ce0000 - 0x00007ffd79fb2000 	C:\WINDOWS\System32\KERNELBASE.dll
0x00007ffd797d0000 - 0x00007ffd798d0000 	C:\WINDOWS\System32\ucrtbase.dll
0x00007ffd76a20000 - 0x00007ffd76a3a000 	C:\Program Files\Java\jdk-17.0.4.1\bin\VCRUNTIME140.dll
0x00007ffd71f90000 - 0x00007ffd71fa8000 	C:\Program Files\Java\jdk-17.0.4.1\bin\jli.dll
0x00007ffd7a120000 - 0x00007ffd7a1ce000 	C:\WINDOWS\System32\ADVAPI32.dll
0x00007ffd7a5f0000 - 0x00007ffd7a68e000 	C:\WINDOWS\System32\msvcrt.dll
0x00007ffd7aee0000 - 0x00007ffd7af7c000 	C:\WINDOWS\System32\sechost.dll
0x00007ffd7b8b0000 - 0x00007ffd7b9d5000 	C:\WINDOWS\System32\RPCRT4.dll
0x00007ffd7ba80000 - 0x00007ffd7bc1d000 	C:\WINDOWS\System32\USER32.dll
0x00007ffd79b60000 - 0x00007ffd79b82000 	C:\WINDOWS\System32\win32u.dll
0x00007ffd7aa70000 - 0x00007ffd7aa9b000 	C:\WINDOWS\System32\GDI32.dll
0x00007ffd60df0000 - 0x00007ffd6108a000 	C:\WINDOWS\WinSxS\amd64_microsoft.windows.common-controls_6595b64144ccf1df_6.0.19041.1110_none_60b5254171f9507e\COMCTL32.dll
0x00007ffd79fc0000 - 0x00007ffd7a0cf000 	C:\WINDOWS\System32\gdi32full.dll
0x00007ffd79b90000 - 0x00007ffd79c2d000 	C:\WINDOWS\System32\msvcp_win.dll
0x00007ffd71610000 - 0x00007ffd7161a000 	C:\WINDOWS\SYSTEM32\VERSION.dll
0x00007ffd7ba40000 - 0x00007ffd7ba72000 	C:\WINDOWS\System32\IMM32.DLL
0x00007ffd76e90000 - 0x00007ffd76e9c000 	C:\Program Files\Java\jdk-17.0.4.1\bin\vcruntime140_1.dll
0x00007ffd56e10000 - 0x00007ffd56e9d000 	C:\Program Files\Java\jdk-17.0.4.1\bin\msvcp140.dll
0x00007ffd4ae80000 - 0x00007ffd4ba42000 	C:\Program Files\Java\jdk-17.0.4.1\bin\server\jvm.dll
0x00007ffd7aa60000 - 0x00007ffd7aa68000 	C:\WINDOWS\System32\PSAPI.DLL
0x00007ffd66ec0000 - 0x00007ffd66ec9000 	C:\WINDOWS\SYSTEM32\WSOCK32.dll
0x00007ffd672d0000 - 0x00007ffd672f7000 	C:\WINDOWS\SYSTEM32\WINMM.dll
0x00007ffd7ae60000 - 0x00007ffd7aecb000 	C:\WINDOWS\System32\WS2_32.dll
0x00007ffd776b0000 - 0x00007ffd776c2000 	C:\WINDOWS\SYSTEM32\kernel.appcore.dll
0x00007ffd76e40000 - 0x00007ffd76e4a000 	C:\Program Files\Java\jdk-17.0.4.1\bin\jimage.dll
0x00007ffd6aed0000 - 0x00007ffd6b0b4000 	C:\WINDOWS\SYSTEM32\DBGHELP.DLL
0x00007ffd6aea0000 - 0x00007ffd6aecc000 	C:\WINDOWS\SYSTEM32\dbgcore.DLL
0x00007ffd79a60000 - 0x00007ffd79ae2000 	C:\WINDOWS\System32\bcryptPrimitives.dll
0x00007ffd728b0000 - 0x00007ffd728d5000 	C:\Program Files\Java\jdk-17.0.4.1\bin\java.dll
0x00007ffd6c220000 - 0x00007ffd6c2f6000 	C:\Program Files\Java\jdk-17.0.4.1\bin\jsvml.dll
0x00007ffd7af80000 - 0x00007ffd7b6c3000 	C:\WINDOWS\System32\SHELL32.dll
0x00007ffd778b0000 - 0x00007ffd78042000 	C:\WINDOWS\SYSTEM32\windows.storage.dll
0x00007ffd7aaa0000 - 0x00007ffd7adf4000 	C:\WINDOWS\System32\combase.dll
0x00007ffd79150000 - 0x00007ffd79180000 	C:\WINDOWS\SYSTEM32\Wldp.dll
0x00007ffd7b6d0000 - 0x00007ffd7b77d000 	C:\WINDOWS\System32\SHCORE.dll
0x00007ffd7b9e0000 - 0x00007ffd7ba35000 	C:\WINDOWS\System32\shlwapi.dll
0x00007ffd79710000 - 0x00007ffd7972f000 	C:\WINDOWS\SYSTEM32\profapi.dll
0x00007ffd727d0000 - 0x00007ffd727e9000 	C:\Program Files\Java\jdk-17.0.4.1\bin\net.dll
0x00007ffd72280000 - 0x00007ffd7238c000 	C:\WINDOWS\SYSTEM32\WINHTTP.dll
0x00007ffd78eb0000 - 0x00007ffd78f1a000 	C:\WINDOWS\system32\mswsock.dll
0x00007ffd727b0000 - 0x00007ffd727c6000 	C:\Program Files\Java\jdk-17.0.4.1\bin\nio.dll
0x00007ffd72790000 - 0x00007ffd727a8000 	C:\Program Files\Java\jdk-17.0.4.1\bin\zip.dll
0x00007ffd4eb00000 - 0x00007ffd4ec8f000 	C:\Program Files\Java\jdk-17.0.4.1\bin\awt.dll
0x00007ffd7a1d0000 - 0x00007ffd7a29d000 	C:\WINDOWS\System32\OLEAUT32.dll
0x00007ffd764b0000 - 0x00007ffd76541000 	C:\WINDOWS\SYSTEM32\apphelp.dll
0x00007ffd76a40000 - 0x00007ffd76ade000 	C:\WINDOWS\system32\uxtheme.dll
0x00007ffd7a710000 - 0x00007ffd7a825000 	C:\WINDOWS\System32\MSCTF.dll
0x00007ffd7b780000 - 0x00007ffd7b8aa000 	C:\WINDOWS\System32\ole32.dll
0x00007ffd77270000 - 0x00007ffd7729f000 	C:\WINDOWS\system32\DWMAPI.DLL
0x00007ffd4f000000 - 0x00007ffd4f125000 	C:\WINDOWS\system32\opengl32.dll
0x00007ffd72760000 - 0x00007ffd7278c000 	C:\WINDOWS\SYSTEM32\GLU32.dll
0x00007ffd790a0000 - 0x00007ffd790b8000 	C:\WINDOWS\SYSTEM32\CRYPTSP.dll
0x00007ffd787d0000 - 0x00007ffd78804000 	C:\WINDOWS\system32\rsaenh.dll
0x00007ffd798d0000 - 0x00007ffd798f7000 	C:\WINDOWS\System32\bcrypt.dll
0x00007ffd796d0000 - 0x00007ffd796fe000 	C:\WINDOWS\SYSTEM32\USERENV.dll
0x00007ffd790c0000 - 0x00007ffd790cc000 	C:\WINDOWS\SYSTEM32\CRYPTBASE.dll
0x00007ffd78ba0000 - 0x00007ffd78bdb000 	C:\WINDOWS\SYSTEM32\IPHLPAPI.DLL
0x00007ffd7a410000 - 0x00007ffd7a418000 	C:\WINDOWS\System32\NSI.dll
0x00007ffd73050000 - 0x00007ffd73067000 	C:\WINDOWS\SYSTEM32\dhcpcsvc6.DLL
0x00007ffd72fd0000 - 0x00007ffd72fed000 	C:\WINDOWS\SYSTEM32\dhcpcsvc.DLL
0x00007ffd78c30000 - 0x00007ffd78cfa000 	C:\WINDOWS\SYSTEM32\DNSAPI.dll
0x00007ffd4de00000 - 0x00007ffd4de89000 	C:\Program Files\Java\jdk-17.0.4.1\bin\freetype.dll
0x00007ffd4dd50000 - 0x00007ffd4ddf8000 	C:\Program Files\Java\jdk-17.0.4.1\bin\fontmanager.dll

dbghelp: loaded successfully - version: 4.0.5 - missing functions: none
symbol engine: initialized successfully - sym options: 0x614 - pdb path: .;C:\Program Files\Java\jdk-17.0.4.1\bin;C:\WINDOWS\SYSTEM32;C:\WINDOWS\WinSxS\amd64_microsoft.windows.common-controls_6595b64144ccf1df_6.0.19041.1110_none_60b5254171f9507e;C:\Program Files\Java\jdk-17.0.4.1\bin\server

VM Arguments:
jvm_args: -Dfile.encoding=UTF-8 --module-path=C:\Users\VictorHugo\Documents\NetBeansProjects\JustA2Dgame\build\classes 
java_command: main.Main
java_class_path (initial): C:\Users\VictorHugo\Documents\NetBeansProjects\JustA2Dgame\lib\commons-codec-1.10.jar;C:\Users\VictorHugo\Documents\NetBeansProjects\JustA2Dgame\lib\commons-lang3-3.4.jar;C:\Users\VictorHugo\Documents\NetBeansProjects\JustA2Dgame\lib\guava-19.0.jar;C:\Users\VictorHugo\Documents\NetBeansProjects\JustA2Dgame\lib\pircbotx-2.1.jar;C:\Users\VictorHugo\Documents\NetBeansProjects\JustA2Dgame\lib\slf4j-api-1.7.13.jar;C:\Users\VictorHugo\Documents\NetBeansProjects\JustA2Dgame\lib\slf4j-simple-1.7.13.jar;C:\Users\VictorHugo\Documents\NetBeansProjects\JustA2Dgame\build\classes
Launcher Type: SUN_STANDARD

[Global flags]
     intx CICompilerCount                          = 3                                         {product} {ergonomic}
     uint ConcGCThreads                            = 1                                         {product} {ergonomic}
     uint G1ConcRefinementThreads                  = 4                                         {product} {ergonomic}
   size_t G1HeapRegionSize                         = 2097152                                   {product} {ergonomic}
    uintx GCDrainStackTargetSize                   = 64                                        {product} {ergonomic}
   size_t InitialHeapSize                          = 201326592                                 {product} {ergonomic}
   size_t MarkStackSize                            = 4194304                                   {product} {ergonomic}
   size_t MaxHeapSize                              = 3191865344                                {product} {ergonomic}
   size_t MaxNewSize                               = 1914699776                                {product} {ergonomic}
   size_t MinHeapDeltaBytes                        = 2097152                                   {product} {ergonomic}
   size_t MinHeapSize                              = 8388608                                   {product} {ergonomic}
    uintx NonNMethodCodeHeapSize                   = 5832780                                {pd product} {ergonomic}
    uintx NonProfiledCodeHeapSize                  = 122912730                              {pd product} {ergonomic}
    uintx ProfiledCodeHeapSize                     = 122912730                              {pd product} {ergonomic}
    uintx ReservedCodeCacheSize                    = 251658240                              {pd product} {ergonomic}
     bool SegmentedCodeCache                       = true                                      {product} {ergonomic}
   size_t SoftMaxHeapSize                          = 3191865344                             {manageable} {ergonomic}
     bool UseCompressedClassPointers               = true                           {product lp64_product} {ergonomic}
     bool UseCompressedOops                        = true                           {product lp64_product} {ergonomic}
     bool UseG1GC                                  = true                                      {product} {ergonomic}
     bool UseLargePagesIndividualAllocation        = false                                  {pd product} {ergonomic}

Logging:
Log output configuration:
 #0: stdout all=warning uptime,level,tags
 #1: stderr all=off uptime,level,tags

Environment Variables:
JAVA_HOME=C:\Program Files\Java\jdk-17.0.4.1
PATH=C:\Program Files\Common Files\Oracle\Java\javapath;C:\Program Files (x86)\Common Files\Oracle\Java\javapath;C:\ProgramData\Oracle\Java\javapath;C:\Oracle\product\10.1.0\Client_1\bin;C:\Oracle\product\10.1.0\Client_1\jre\1.4.2\bin\client;C:\Oracle\product\10.1.0\Client_1\jre\1.4.2\bin;C:\WINDOWS\system32;C:\WINDOWS;C:\WINDOWS\System32\Wbem;C:\WINDOWS\System32\WindowsPowerShell\v1.0\;C:\php;C:\composer;C:\wamp64\bin\php\php-5.6.31;C:\Program Files (x86)\QuickTime\QTSystem\;C:\Program Files\Microsoft Network Monitor 3\;C:\WINDOWS\System32\OpenSSH\;C:\Program Files\Java\jdk-17.0.4.1\bin;C:\Program Files\Git\cmd;C:\Program Files\nodejs\;C:\Program Files\dotnet\;C:\Program Files\Java\jdk-17.0.4.1\bin;C:\Users\VictorHugo\AppData\Local\Programs\Python\Python310\Scripts\;C:\Users\VictorHugo\AppData\Local\Programs\Python\Python310\;C:\Users\VictorHugo\AppData\Local\Microsoft\WindowsApps;C:\Program Files (x86)\Nmap;C:\Users\VictorHugo\AppData\Roaming\npm;C:\Users\VictorHugo\AppData\Local\Programs\Microsoft VS Code\bin;C:\Users\VictorHugo\.dotnet\tools;
USERNAME=VictorHugo
OS=Windows_NT
PROCESSOR_IDENTIFIER=Intel64 Family 6 Model 58 Stepping 9, GenuineIntel



---------------  S Y S T E M  ---------------

OS:
 Windows 10 , 64 bit Build 19041 (10.0.19041.2251)
OS uptime: 11 days 21:40 hours

CPU: total 4 (initial active 4) (4 cores per cpu, 1 threads per core) family 6 model 58 stepping 9 microcode 0x21, cx8, cmov, fxsr, mmx, sse, sse2, sse3, ssse3, sse4.1, sse4.2, popcnt, tsc, tscinvbit, avx, aes, erms, clmul, vzeroupper, clflush

Memory: 4k page, system-wide physical 12174M (3001M free)
TotalPageFile size 15244M (AvailPageFile size 121M)
current process WorkingSet (physical memory assigned to process): 264M, peak: 264M
current process commit charge ("private bytes"): 374M, peak: 496M

vm_info: Java HotSpot(TM) 64-Bit Server VM (17.0.4.1+1-LTS-2) for windows-amd64 JRE (17.0.4.1+1-LTS-2), built on Aug 16 2022 18:32:06 by "mach5one" with MS VC++ 16.8 / 16.9 (VS2019)

END.
