#
# There is insufficient memory for the Java Runtime Environment to continue.
# Native memory allocation (malloc) failed to allocate 9616696 bytes for AllocateHeap
# Possible reasons:
#   The system is out of physical RAM or swap space
#   The process is running with CompressedOops enabled, and the Java Heap may be blocking the growth of the native heap
# Possible solutions:
#   Reduce memory load on the system
#   Increase physical memory or swap space
#   Check if swap backing store is full
#   Decrease Java heap size (-Xmx/-Xms)
#   Decrease number of Java threads
#   Decrease Java thread stack sizes (-Xss)
#   Set larger code cache with -XX:ReservedCodeCacheSize=
#   JVM is running with Zero Based Compressed Oops mode in which the Java heap is
#     placed in the first 32GB address space. The Java Heap base address is the
#     maximum limit for the native heap growth. Please use -XX:HeapBaseMinAddress
#     to set the Java Heap base and to place the Java Heap above 32GB virtual address.
# This output file may be truncated or incomplete.
#
#  Out of Memory Error (allocation.cpp:44), pid=6604, tid=6776
#
# JRE version: Java(TM) SE Runtime Environment (17.0.4.1+1) (build 17.0.4.1+1-LTS-2)
# Java VM: Java HotSpot(TM) 64-Bit Server VM (17.0.4.1+1-LTS-2, mixed mode, sharing, tiered, compressed oops, compressed class ptrs, g1 gc, windows-amd64)
# No core dump will be written. Minidumps are not enabled by default on client versions of Windows
#

---------------  S U M M A R Y ------------

Command Line: -Dfile.encoding=UTF-8 --module-path=C:\Users\VictorHugo\Documents\NetBeansProjects\JustA2Dgame\build\classes main.Main

Host: Intel(R) Core(TM) i5-3470 CPU @ 3.20GHz, 4 cores, 11G,  Windows 10 , 64 bit Build 19041 (10.0.19041.2251)
Time: Tue Nov 29 12:14:48 2022 E. South America Standard Time elapsed time: 3006.797488 seconds (0d 0h 50m 6s)

---------------  T H R E A D  ---------------

Current thread (0x00000170ceccda20):  JavaThread "Direct Clip" daemon [_thread_in_vm, id=6776, stack(0x0000006b40b00000,0x0000006b40c00000)]

Stack: [0x0000006b40b00000,0x0000006b40c00000]
Native frames: (J=compiled Java code, j=interpreted, Vv=VM code, C=native code)
V  [jvm.dll+0x6723ba]
V  [jvm.dll+0x7d1e34]
V  [jvm.dll+0x7d35de]
V  [jvm.dll+0x7d3c43]
V  [jvm.dll+0x243065]
V  [jvm.dll+0xa4b93]
V  [jvm.dll+0x3e44b3]
C  [jsound.dll+0x1526]

Java frames: (J=compiled Java code, j=interpreted, Vv=VM code)
J 2562  com.sun.media.sound.DirectAudioDevice.nWrite(J[BIIIFF)I java.desktop@17.0.4.1 (0 bytes) @ 0x00000170bb386a1b [0x00000170bb3869a0+0x000000000000007b]
j  com.sun.media.sound.DirectAudioDevice$DirectDL.write([BII)I+180 java.desktop@17.0.4.1
j  com.sun.media.sound.DirectAudioDevice$DirectClip.run()V+189 java.desktop@17.0.4.1
j  java.lang.Thread.run()V+11 java.base@17.0.4.1
v  ~StubRoutines::call_stub

---------------  P R O C E S S  ---------------

Threads class SMR info:
_java_thread_list=0x00000170cfa0e610, length=23, elements={
0x00000170cc441070, 0x00000170cc441df0, 0x00000170cc453ef0, 0x00000170cc4567c0,
0x00000170cc457080, 0x00000170cc459950, 0x00000170cc463610, 0x00000170cc48f130,
0x00000170cc4a2200, 0x00000170cc42ec50, 0x00000170cd15c130, 0x00000170cd3400c0,
0x00000170cd1f5d70, 0x00000170ce34cb90, 0x00000170ce76fa90, 0x00000170ce65e780,
0x00000170ce644b80, 0x00000170aa6ce2d0, 0x00000170ceccc210, 0x00000170ceccda20,
0x00000170ceccb870, 0x00000170ceccd080, 0x00000170cecccbb0
}

Java Threads: ( => current thread )
  0x00000170cc441070 JavaThread "Reference Handler" daemon [_thread_blocked, id=10596, stack(0x0000006b3ef00000,0x0000006b3f000000)]
  0x00000170cc441df0 JavaThread "Finalizer" daemon [_thread_blocked, id=14304, stack(0x0000006b3f000000,0x0000006b3f100000)]
  0x00000170cc453ef0 JavaThread "Signal Dispatcher" daemon [_thread_blocked, id=14376, stack(0x0000006b3f100000,0x0000006b3f200000)]
  0x00000170cc4567c0 JavaThread "Attach Listener" daemon [_thread_blocked, id=8944, stack(0x0000006b3f200000,0x0000006b3f300000)]
  0x00000170cc457080 JavaThread "Service Thread" daemon [_thread_blocked, id=3448, stack(0x0000006b3f300000,0x0000006b3f400000)]
  0x00000170cc459950 JavaThread "Monitor Deflation Thread" daemon [_thread_blocked, id=17244, stack(0x0000006b3f400000,0x0000006b3f500000)]
  0x00000170cc463610 JavaThread "C2 CompilerThread0" daemon [_thread_blocked, id=16780, stack(0x0000006b3f500000,0x0000006b3f600000)]
  0x00000170cc48f130 JavaThread "C1 CompilerThread0" daemon [_thread_blocked, id=16468, stack(0x0000006b3f600000,0x0000006b3f700000)]
  0x00000170cc4a2200 JavaThread "Sweeper thread" daemon [_thread_blocked, id=16540, stack(0x0000006b3f700000,0x0000006b3f800000)]
  0x00000170cc42ec50 JavaThread "Common-Cleaner" daemon [_thread_blocked, id=9864, stack(0x0000006b3f800000,0x0000006b3f900000)]
  0x00000170cd15c130 JavaThread "Notification Thread" daemon [_thread_blocked, id=9096, stack(0x0000006b3f900000,0x0000006b3fa00000)]
  0x00000170cd3400c0 JavaThread "Java2D Disposer" daemon [_thread_blocked, id=17028, stack(0x0000006b3fb00000,0x0000006b3fc00000)]
  0x00000170cd1f5d70 JavaThread "AWT-Windows" daemon [_thread_in_native, id=14820, stack(0x0000006b3fd00000,0x0000006b3fe00000)]
  0x00000170ce34cb90 JavaThread "AWT-Shutdown" [_thread_blocked, id=17836, stack(0x0000006b3fc00000,0x0000006b3fd00000)]
  0x00000170ce76fa90 JavaThread "AWT-EventQueue-0" [_thread_blocked, id=16864, stack(0x0000006b3fe00000,0x0000006b3ff00000)]
  0x00000170ce65e780 JavaThread "Thread-0" [_thread_in_native, id=12352, stack(0x0000006b40200000,0x0000006b40300000)]
  0x00000170ce644b80 JavaThread "Thread-1" [_thread_in_native, id=12960, stack(0x0000006b40300000,0x0000006b40400000)]
  0x00000170aa6ce2d0 JavaThread "DestroyJavaVM" [_thread_blocked, id=8084, stack(0x0000006b3e800000,0x0000006b3e900000)]
  0x00000170ceccc210 JavaThread "Java Sound Event Dispatcher" daemon [_thread_blocked, id=6976, stack(0x0000006b40700000,0x0000006b40800000)]
=>0x00000170ceccda20 JavaThread "Direct Clip" daemon [_thread_in_vm, id=6776, stack(0x0000006b40b00000,0x0000006b40c00000)]
  0x00000170ceccb870 JavaThread "Direct Clip" daemon [_thread_blocked, id=17716, stack(0x0000006b41100000,0x0000006b41200000)]
  0x00000170ceccd080 JavaThread "Direct Clip" daemon [_thread_blocked, id=7508, stack(0x0000006b41200000,0x0000006b41300000)]
  0x00000170cecccbb0 JavaThread "Direct Clip" daemon [_thread_blocked, id=12628, stack(0x0000006b41300000,0x0000006b41400000)]

Other Threads:
  0x00000170cc43b150 VMThread "VM Thread" [stack: 0x0000006b3ee00000,0x0000006b3ef00000] [id=6084]
  0x00000170cd0f8210 WatcherThread [stack: 0x0000006b3fa00000,0x0000006b3fb00000] [id=3432]
  0x00000170aa726c80 GCTaskThread "GC Thread#0" [stack: 0x0000006b3e900000,0x0000006b3ea00000] [id=16872]
  0x00000170ce0814d0 GCTaskThread "GC Thread#1" [stack: 0x0000006b3ff00000,0x0000006b40000000] [id=16440]
  0x00000170ce009410 GCTaskThread "GC Thread#2" [stack: 0x0000006b40000000,0x0000006b40100000] [id=9244]
  0x00000170ce0096c0 GCTaskThread "GC Thread#3" [stack: 0x0000006b40100000,0x0000006b40200000] [id=7420]
  0x00000170aa734920 ConcurrentGCThread "G1 Main Marker" [stack: 0x0000006b3ea00000,0x0000006b3eb00000] [id=18288]
  0x00000170aa735240 ConcurrentGCThread "G1 Conc#0" [stack: 0x0000006b3eb00000,0x0000006b3ec00000] [id=7752]
  0x00000170cc3120b0 ConcurrentGCThread "G1 Refine#0" [stack: 0x0000006b3ec00000,0x0000006b3ed00000] [id=6260]
  0x00000170cc3129e0 ConcurrentGCThread "G1 Service" [stack: 0x0000006b3ed00000,0x0000006b3ee00000] [id=12980]

Threads with active compile tasks:

VM state: not at safepoint (normal execution)

VM Mutex/Monitor currently owned by a thread: None

Heap address: 0x0000000741c00000, size: 3044 MB, Compressed Oops mode: Zero based, Oop shift amount: 3

CDS archive(s) mapped at: [0x0000000800000000-0x0000000800bc0000-0x0000000800bc0000), size 12320768, SharedBaseAddress: 0x0000000800000000, ArchiveRelocationMode: 0.
Compressed class space mapped at: 0x0000000800c00000-0x0000000840c00000, reserved size: 1073741824
Narrow klass base: 0x0000000800000000, Narrow klass shift: 0, Narrow klass range: 0x100000000

GC Precious Log:
 CPUs: 4 total, 4 available
 Memory: 12174M
 Large Page Support: Disabled
 NUMA Support: Disabled
 Compressed Oops: Enabled (Zero based)
 Heap Region Size: 2M
 Heap Min Capacity: 8M
 Heap Initial Capacity: 192M
 Heap Max Capacity: 3044M
 Pre-touch: Disabled
 Parallel Workers: 4
 Concurrent Workers: 1
 Concurrent Refinement Workers: 4
 Periodic GC: Disabled

Heap:
 garbage-first heap   total 468992K, used 335340K [0x0000000741c00000, 0x0000000800000000)
  region size 2048K, 33 young (67584K), 1 survivors (2048K)
 Metaspace       used 12520K, committed 12800K, reserved 1064960K
  class space    used 1306K, committed 1472K, reserved 1048576K

Heap Regions: E=young(eden), S=young(survivor), O=old, HS=humongous(starts), HC=humongous(continues), CS=collection set, F=free, OA=open archive, CA=closed archive, TAMS=top-at-mark-start (previous, next)
|   0|0x0000000741c00000, 0x0000000741e00000, 0x0000000741e00000|100%| O|  |TAMS 0x0000000741e00000, 0x0000000741c00000| Untracked 
|   1|0x0000000741e00000, 0x0000000742000000, 0x0000000742000000|100%| O|  |TAMS 0x0000000742000000, 0x0000000741e00000| Untracked 
|   2|0x0000000742000000, 0x0000000742200000, 0x0000000742200000|100%|HS|  |TAMS 0x0000000742200000, 0x0000000742000000| Complete 
|   3|0x0000000742200000, 0x0000000742400000, 0x0000000742400000|100%|HC|  |TAMS 0x0000000742400000, 0x0000000742200000| Complete 
|   4|0x0000000742400000, 0x0000000742600000, 0x0000000742600000|100%|HC|  |TAMS 0x0000000742600000, 0x0000000742400000| Complete 
|   5|0x0000000742600000, 0x0000000742800000, 0x0000000742800000|100%|HC|  |TAMS 0x0000000742800000, 0x0000000742600000| Complete 
|   6|0x0000000742800000, 0x0000000742a00000, 0x0000000742a00000|100%|HC|  |TAMS 0x0000000742a00000, 0x0000000742800000| Complete 
|   7|0x0000000742a00000, 0x0000000742c00000, 0x0000000742c00000|100%|HC|  |TAMS 0x0000000742c00000, 0x0000000742a00000| Complete 
|   8|0x0000000742c00000, 0x0000000742e00000, 0x0000000742e00000|100%|HC|  |TAMS 0x0000000742e00000, 0x0000000742c00000| Complete 
|   9|0x0000000742e00000, 0x0000000743000000, 0x0000000743000000|100%|HC|  |TAMS 0x0000000743000000, 0x0000000742e00000| Complete 
|  10|0x0000000743000000, 0x0000000743200000, 0x0000000743200000|100%|HC|  |TAMS 0x0000000743200000, 0x0000000743000000| Complete 
|  11|0x0000000743200000, 0x0000000743400000, 0x0000000743400000|100%|HC|  |TAMS 0x0000000743400000, 0x0000000743200000| Complete 
|  12|0x0000000743400000, 0x0000000743600000, 0x0000000743600000|100%|HC|  |TAMS 0x0000000743600000, 0x0000000743400000| Complete 
|  13|0x0000000743600000, 0x0000000743800000, 0x0000000743800000|100%|HS|  |TAMS 0x0000000743800000, 0x0000000743600000| Complete 
|  14|0x0000000743800000, 0x0000000743a00000, 0x0000000743a00000|100%|HC|  |TAMS 0x0000000743a00000, 0x0000000743800000| Complete 
|  15|0x0000000743a00000, 0x0000000743c00000, 0x0000000743c00000|100%|HC|  |TAMS 0x0000000743c00000, 0x0000000743a00000| Complete 
|  16|0x0000000743c00000, 0x0000000743e00000, 0x0000000743e00000|100%|HC|  |TAMS 0x0000000743e00000, 0x0000000743c00000| Complete 
|  17|0x0000000743e00000, 0x0000000744000000, 0x0000000744000000|100%|HC|  |TAMS 0x0000000744000000, 0x0000000743e00000| Complete 
|  18|0x0000000744000000, 0x0000000744200000, 0x0000000744200000|100%|HC|  |TAMS 0x0000000744200000, 0x0000000744000000| Complete 
|  19|0x0000000744200000, 0x0000000744400000, 0x0000000744400000|100%|HC|  |TAMS 0x0000000744400000, 0x0000000744200000| Complete 
|  20|0x0000000744400000, 0x0000000744600000, 0x0000000744600000|100%|HC|  |TAMS 0x0000000744600000, 0x0000000744400000| Complete 
|  21|0x0000000744600000, 0x0000000744800000, 0x0000000744800000|100%|HC|  |TAMS 0x0000000744800000, 0x0000000744600000| Complete 
|  22|0x0000000744800000, 0x0000000744a00000, 0x0000000744a00000|100%|HC|  |TAMS 0x0000000744a00000, 0x0000000744800000| Complete 
|  23|0x0000000744a00000, 0x0000000744c00000, 0x0000000744c00000|100%|HC|  |TAMS 0x0000000744c00000, 0x0000000744a00000| Complete 
|  24|0x0000000744c00000, 0x0000000744e00000, 0x0000000744e00000|100%|HS|  |TAMS 0x0000000744e00000, 0x0000000744c00000| Complete 
|  25|0x0000000744e00000, 0x0000000745000000, 0x0000000745000000|100%|HC|  |TAMS 0x0000000745000000, 0x0000000744e00000| Complete 
|  26|0x0000000745000000, 0x0000000745200000, 0x0000000745200000|100%|HC|  |TAMS 0x0000000745200000, 0x0000000745000000| Complete 
|  27|0x0000000745200000, 0x0000000745400000, 0x0000000745400000|100%|HC|  |TAMS 0x0000000745400000, 0x0000000745200000| Complete 
|  28|0x0000000745400000, 0x0000000745600000, 0x0000000745600000|100%|HC|  |TAMS 0x0000000745600000, 0x0000000745400000| Complete 
|  29|0x0000000745600000, 0x0000000745800000, 0x0000000745800000|100%|HC|  |TAMS 0x0000000745800000, 0x0000000745600000| Complete 
|  30|0x0000000745800000, 0x0000000745a00000, 0x0000000745a00000|100%|HC|  |TAMS 0x0000000745a00000, 0x0000000745800000| Complete 
|  31|0x0000000745a00000, 0x0000000745c00000, 0x0000000745c00000|100%|HC|  |TAMS 0x0000000745c00000, 0x0000000745a00000| Complete 
|  32|0x0000000745c00000, 0x0000000745e00000, 0x0000000745e00000|100%|HC|  |TAMS 0x0000000745e00000, 0x0000000745c00000| Complete 
|  33|0x0000000745e00000, 0x0000000746000000, 0x0000000746000000|100%|HC|  |TAMS 0x0000000746000000, 0x0000000745e00000| Complete 
|  34|0x0000000746000000, 0x0000000746200000, 0x0000000746200000|100%|HC|  |TAMS 0x0000000746200000, 0x0000000746000000| Complete 
|  35|0x0000000746200000, 0x0000000746400000, 0x0000000746400000|100%|HS|  |TAMS 0x0000000746400000, 0x0000000746200000| Complete 
|  36|0x0000000746400000, 0x0000000746600000, 0x0000000746600000|100%|HC|  |TAMS 0x0000000746600000, 0x0000000746400000| Complete 
|  37|0x0000000746600000, 0x0000000746800000, 0x0000000746800000|100%|HC|  |TAMS 0x0000000746800000, 0x0000000746600000| Complete 
|  38|0x0000000746800000, 0x0000000746a00000, 0x0000000746a00000|100%|HC|  |TAMS 0x0000000746a00000, 0x0000000746800000| Complete 
|  39|0x0000000746a00000, 0x0000000746c00000, 0x0000000746c00000|100%|HC|  |TAMS 0x0000000746c00000, 0x0000000746a00000| Complete 
|  40|0x0000000746c00000, 0x0000000746e00000, 0x0000000746e00000|100%|HC|  |TAMS 0x0000000746e00000, 0x0000000746c00000| Complete 
|  41|0x0000000746e00000, 0x0000000747000000, 0x0000000747000000|100%|HC|  |TAMS 0x0000000747000000, 0x0000000746e00000| Complete 
|  42|0x0000000747000000, 0x0000000747200000, 0x0000000747200000|100%|HC|  |TAMS 0x0000000747200000, 0x0000000747000000| Complete 
|  43|0x0000000747200000, 0x0000000747400000, 0x0000000747400000|100%|HC|  |TAMS 0x0000000747400000, 0x0000000747200000| Complete 
|  44|0x0000000747400000, 0x0000000747600000, 0x0000000747600000|100%|HC|  |TAMS 0x0000000747600000, 0x0000000747400000| Complete 
|  45|0x0000000747600000, 0x0000000747800000, 0x0000000747800000|100%|HC|  |TAMS 0x0000000747800000, 0x0000000747600000| Complete 
|  46|0x0000000747800000, 0x0000000747a00000, 0x0000000747a00000|100%|HS|  |TAMS 0x0000000747a00000, 0x0000000747800000| Complete 
|  47|0x0000000747a00000, 0x0000000747c00000, 0x0000000747c00000|100%|HC|  |TAMS 0x0000000747c00000, 0x0000000747a00000| Complete 
|  48|0x0000000747c00000, 0x0000000747e00000, 0x0000000747e00000|100%|HC|  |TAMS 0x0000000747e00000, 0x0000000747c00000| Complete 
|  49|0x0000000747e00000, 0x0000000748000000, 0x0000000748000000|100%|HC|  |TAMS 0x0000000748000000, 0x0000000747e00000| Complete 
|  50|0x0000000748000000, 0x0000000748200000, 0x0000000748200000|100%|HC|  |TAMS 0x0000000748200000, 0x0000000748000000| Complete 
|  51|0x0000000748200000, 0x0000000748400000, 0x0000000748400000|100%|HC|  |TAMS 0x0000000748400000, 0x0000000748200000| Complete 
|  52|0x0000000748400000, 0x0000000748600000, 0x0000000748600000|100%|HC|  |TAMS 0x0000000748600000, 0x0000000748400000| Complete 
|  53|0x0000000748600000, 0x0000000748800000, 0x0000000748800000|100%|HC|  |TAMS 0x0000000748800000, 0x0000000748600000| Complete 
|  54|0x0000000748800000, 0x0000000748a00000, 0x0000000748a00000|100%|HC|  |TAMS 0x0000000748a00000, 0x0000000748800000| Complete 
|  55|0x0000000748a00000, 0x0000000748c00000, 0x0000000748c00000|100%|HC|  |TAMS 0x0000000748c00000, 0x0000000748a00000| Complete 
|  56|0x0000000748c00000, 0x0000000748e00000, 0x0000000748e00000|100%|HC|  |TAMS 0x0000000748e00000, 0x0000000748c00000| Complete 
|  57|0x0000000748e00000, 0x0000000749000000, 0x0000000749000000|100%|HS|  |TAMS 0x0000000749000000, 0x0000000748e00000| Complete 
|  58|0x0000000749000000, 0x0000000749200000, 0x0000000749200000|100%|HC|  |TAMS 0x0000000749200000, 0x0000000749000000| Complete 
|  59|0x0000000749200000, 0x0000000749400000, 0x0000000749400000|100%|HC|  |TAMS 0x0000000749400000, 0x0000000749200000| Complete 
|  60|0x0000000749400000, 0x0000000749600000, 0x0000000749600000|100%|HC|  |TAMS 0x0000000749600000, 0x0000000749400000| Complete 
|  61|0x0000000749600000, 0x0000000749800000, 0x0000000749800000|100%|HC|  |TAMS 0x0000000749800000, 0x0000000749600000| Complete 
|  62|0x0000000749800000, 0x0000000749a00000, 0x0000000749a00000|100%|HC|  |TAMS 0x0000000749a00000, 0x0000000749800000| Complete 
|  63|0x0000000749a00000, 0x0000000749c00000, 0x0000000749c00000|100%|HC|  |TAMS 0x0000000749c00000, 0x0000000749a00000| Complete 
|  64|0x0000000749c00000, 0x0000000749e00000, 0x0000000749e00000|100%|HC|  |TAMS 0x0000000749e00000, 0x0000000749c00000| Complete 
|  65|0x0000000749e00000, 0x000000074a000000, 0x000000074a000000|100%|HC|  |TAMS 0x000000074a000000, 0x0000000749e00000| Complete 
|  66|0x000000074a000000, 0x000000074a200000, 0x000000074a200000|100%|HC|  |TAMS 0x000000074a200000, 0x000000074a000000| Complete 
|  67|0x000000074a200000, 0x000000074a400000, 0x000000074a400000|100%|HC|  |TAMS 0x000000074a400000, 0x000000074a200000| Complete 
|  68|0x000000074a400000, 0x000000074a600000, 0x000000074a600000|100%|HS|  |TAMS 0x000000074a600000, 0x000000074a400000| Complete 
|  69|0x000000074a600000, 0x000000074a800000, 0x000000074a800000|100%|HC|  |TAMS 0x000000074a800000, 0x000000074a600000| Complete 
|  70|0x000000074a800000, 0x000000074aa00000, 0x000000074aa00000|100%|HC|  |TAMS 0x000000074aa00000, 0x000000074a800000| Complete 
|  71|0x000000074aa00000, 0x000000074ac00000, 0x000000074ac00000|100%|HC|  |TAMS 0x000000074ac00000, 0x000000074aa00000| Complete 
|  72|0x000000074ac00000, 0x000000074ae00000, 0x000000074ae00000|100%|HC|  |TAMS 0x000000074ae00000, 0x000000074ac00000| Complete 
|  73|0x000000074ae00000, 0x000000074b000000, 0x000000074b000000|100%|HC|  |TAMS 0x000000074b000000, 0x000000074ae00000| Complete 
|  74|0x000000074b000000, 0x000000074b200000, 0x000000074b200000|100%|HC|  |TAMS 0x000000074b200000, 0x000000074b000000| Complete 
|  75|0x000000074b200000, 0x000000074b400000, 0x000000074b400000|100%|HC|  |TAMS 0x000000074b400000, 0x000000074b200000| Complete 
|  76|0x000000074b400000, 0x000000074b600000, 0x000000074b600000|100%|HC|  |TAMS 0x000000074b600000, 0x000000074b400000| Complete 
|  77|0x000000074b600000, 0x000000074b800000, 0x000000074b800000|100%|HC|  |TAMS 0x000000074b800000, 0x000000074b600000| Complete 
|  78|0x000000074b800000, 0x000000074ba00000, 0x000000074ba00000|100%|HC|  |TAMS 0x000000074ba00000, 0x000000074b800000| Complete 
|  79|0x000000074ba00000, 0x000000074bc00000, 0x000000074bc00000|100%|HS|  |TAMS 0x000000074bc00000, 0x000000074ba00000| Complete 
|  80|0x000000074bc00000, 0x000000074be00000, 0x000000074be00000|100%|HC|  |TAMS 0x000000074be00000, 0x000000074bc00000| Complete 
|  81|0x000000074be00000, 0x000000074c000000, 0x000000074c000000|100%|HC|  |TAMS 0x000000074c000000, 0x000000074be00000| Complete 
|  82|0x000000074c000000, 0x000000074c200000, 0x000000074c200000|100%|HC|  |TAMS 0x000000074c200000, 0x000000074c000000| Complete 
|  83|0x000000074c200000, 0x000000074c400000, 0x000000074c400000|100%|HC|  |TAMS 0x000000074c400000, 0x000000074c200000| Complete 
|  84|0x000000074c400000, 0x000000074c600000, 0x000000074c600000|100%|HC|  |TAMS 0x000000074c600000, 0x000000074c400000| Complete 
|  85|0x000000074c600000, 0x000000074c800000, 0x000000074c800000|100%|HC|  |TAMS 0x000000074c800000, 0x000000074c600000| Complete 
|  86|0x000000074c800000, 0x000000074ca00000, 0x000000074ca00000|100%|HC|  |TAMS 0x000000074ca00000, 0x000000074c800000| Complete 
|  87|0x000000074ca00000, 0x000000074cc00000, 0x000000074cc00000|100%|HC|  |TAMS 0x000000074cc00000, 0x000000074ca00000| Complete 
|  88|0x000000074cc00000, 0x000000074ce00000, 0x000000074ce00000|100%|HC|  |TAMS 0x000000074ce00000, 0x000000074cc00000| Complete 
|  89|0x000000074ce00000, 0x000000074d000000, 0x000000074d000000|100%|HC|  |TAMS 0x000000074d000000, 0x000000074ce00000| Complete 
|  90|0x000000074d000000, 0x000000074d200000, 0x000000074d200000|100%|HS|  |TAMS 0x000000074d200000, 0x000000074d000000| Complete 
|  91|0x000000074d200000, 0x000000074d400000, 0x000000074d400000|100%|HC|  |TAMS 0x000000074d400000, 0x000000074d200000| Complete 
|  92|0x000000074d400000, 0x000000074d600000, 0x000000074d600000|100%|HC|  |TAMS 0x000000074d600000, 0x000000074d400000| Complete 
|  93|0x000000074d600000, 0x000000074d800000, 0x000000074d800000|100%|HC|  |TAMS 0x000000074d800000, 0x000000074d600000| Complete 
|  94|0x000000074d800000, 0x000000074da00000, 0x000000074da00000|100%|HC|  |TAMS 0x000000074da00000, 0x000000074d800000| Complete 
|  95|0x000000074da00000, 0x000000074dc00000, 0x000000074dc00000|100%|HC|  |TAMS 0x000000074dc00000, 0x000000074da00000| Complete 
|  96|0x000000074dc00000, 0x000000074de00000, 0x000000074de00000|100%|HC|  |TAMS 0x000000074de00000, 0x000000074dc00000| Complete 
|  97|0x000000074de00000, 0x000000074e000000, 0x000000074e000000|100%|HC|  |TAMS 0x000000074e000000, 0x000000074de00000| Complete 
|  98|0x000000074e000000, 0x000000074e200000, 0x000000074e200000|100%|HC|  |TAMS 0x000000074e200000, 0x000000074e000000| Complete 
|  99|0x000000074e200000, 0x000000074e400000, 0x000000074e400000|100%|HC|  |TAMS 0x000000074e400000, 0x000000074e200000| Complete 
| 100|0x000000074e400000, 0x000000074e600000, 0x000000074e600000|100%|HC|  |TAMS 0x000000074e600000, 0x000000074e400000| Complete 
| 101|0x000000074e600000, 0x000000074e800000, 0x000000074e800000|100%|HS|  |TAMS 0x000000074e800000, 0x000000074e600000| Complete 
| 102|0x000000074e800000, 0x000000074ea00000, 0x000000074ea00000|100%|HC|  |TAMS 0x000000074ea00000, 0x000000074e800000| Complete 
| 103|0x000000074ea00000, 0x000000074ec00000, 0x000000074ec00000|100%|HC|  |TAMS 0x000000074ec00000, 0x000000074ea00000| Complete 
| 104|0x000000074ec00000, 0x000000074ee00000, 0x000000074ee00000|100%|HC|  |TAMS 0x000000074ee00000, 0x000000074ec00000| Complete 
| 105|0x000000074ee00000, 0x000000074f000000, 0x000000074f000000|100%|HC|  |TAMS 0x000000074f000000, 0x000000074ee00000| Complete 
| 106|0x000000074f000000, 0x000000074f200000, 0x000000074f200000|100%|HC|  |TAMS 0x000000074f200000, 0x000000074f000000| Complete 
| 107|0x000000074f200000, 0x000000074f400000, 0x000000074f400000|100%|HC|  |TAMS 0x000000074f400000, 0x000000074f200000| Complete 
| 108|0x000000074f400000, 0x000000074f600000, 0x000000074f600000|100%|HC|  |TAMS 0x000000074f600000, 0x000000074f400000| Complete 
| 109|0x000000074f600000, 0x000000074f800000, 0x000000074f800000|100%|HC|  |TAMS 0x000000074f800000, 0x000000074f600000| Complete 
| 110|0x000000074f800000, 0x000000074fa00000, 0x000000074fa00000|100%|HC|  |TAMS 0x000000074fa00000, 0x000000074f800000| Complete 
| 111|0x000000074fa00000, 0x000000074fc00000, 0x000000074fc00000|100%|HC|  |TAMS 0x000000074fc00000, 0x000000074fa00000| Complete 
| 112|0x000000074fc00000, 0x000000074fe00000, 0x000000074fe00000|100%|HS|  |TAMS 0x000000074fe00000, 0x000000074fc00000| Complete 
| 113|0x000000074fe00000, 0x0000000750000000, 0x0000000750000000|100%|HC|  |TAMS 0x0000000750000000, 0x000000074fe00000| Complete 
| 114|0x0000000750000000, 0x0000000750200000, 0x0000000750200000|100%|HC|  |TAMS 0x0000000750200000, 0x0000000750000000| Complete 
| 115|0x0000000750200000, 0x0000000750378e00, 0x0000000750400000| 73%| O|  |TAMS 0x0000000750378e00, 0x0000000750200000| Untracked 
| 116|0x0000000750400000, 0x0000000750400000, 0x0000000750600000|  0%| F|  |TAMS 0x0000000750400000, 0x0000000750400000| Untracked 
| 117|0x0000000750600000, 0x0000000750600000, 0x0000000750800000|  0%| F|  |TAMS 0x0000000750600000, 0x0000000750600000| Untracked 
| 118|0x0000000750800000, 0x0000000750a00000, 0x0000000750a00000|100%| O|  |TAMS 0x0000000750a00000, 0x0000000750800000| Untracked 
| 119|0x0000000750a00000, 0x0000000750c00000, 0x0000000750c00000|100%| O|  |TAMS 0x0000000750c00000, 0x0000000750a00000| Untracked 
| 120|0x0000000750c00000, 0x0000000750e00000, 0x0000000750e00000|100%| O|  |TAMS 0x0000000750e00000, 0x0000000750c00000| Untracked 
| 121|0x0000000750e00000, 0x0000000751000000, 0x0000000751000000|100%| O|  |TAMS 0x0000000751000000, 0x0000000750e00000| Untracked 
| 122|0x0000000751000000, 0x0000000751200000, 0x0000000751200000|100%| O|  |TAMS 0x0000000751200000, 0x0000000751000000| Untracked 
| 123|0x0000000751200000, 0x0000000751400000, 0x0000000751400000|100%| O|  |TAMS 0x0000000751400000, 0x0000000751200000| Untracked 
| 124|0x0000000751400000, 0x0000000751600000, 0x0000000751600000|100%|HS|  |TAMS 0x0000000751600000, 0x0000000751400000| Complete 
| 125|0x0000000751600000, 0x0000000751800000, 0x0000000751800000|100%|HC|  |TAMS 0x0000000751800000, 0x0000000751600000| Complete 
| 126|0x0000000751800000, 0x0000000751a00000, 0x0000000751a00000|100%|HC|  |TAMS 0x0000000751a00000, 0x0000000751800000| Complete 
| 127|0x0000000751a00000, 0x0000000751c00000, 0x0000000751c00000|100%|HS|  |TAMS 0x0000000751c00000, 0x0000000751a00000| Complete 
| 128|0x0000000751c00000, 0x0000000751e00000, 0x0000000751e00000|100%|HC|  |TAMS 0x0000000751e00000, 0x0000000751c00000| Complete 
| 129|0x0000000751e00000, 0x0000000752000000, 0x0000000752000000|100%|HC|  |TAMS 0x0000000752000000, 0x0000000751e00000| Complete 
| 130|0x0000000752000000, 0x0000000752200000, 0x0000000752200000|100%|HC|  |TAMS 0x0000000752200000, 0x0000000752000000| Complete 
| 131|0x0000000752200000, 0x0000000752400000, 0x0000000752400000|100%|HC|  |TAMS 0x0000000752400000, 0x0000000752200000| Complete 
| 132|0x0000000752400000, 0x0000000752600000, 0x0000000752600000|100%|HS|  |TAMS 0x0000000752600000, 0x0000000752400000| Complete 
| 133|0x0000000752600000, 0x0000000752800000, 0x0000000752800000|100%|HC|  |TAMS 0x0000000752800000, 0x0000000752600000| Complete 
| 134|0x0000000752800000, 0x0000000752a00000, 0x0000000752a00000|100%|HC|  |TAMS 0x0000000752a00000, 0x0000000752800000| Complete 
| 135|0x0000000752a00000, 0x0000000752a00000, 0x0000000752c00000|  0%| F|  |TAMS 0x0000000752a00000, 0x0000000752a00000| Untracked 
| 136|0x0000000752c00000, 0x0000000752c00000, 0x0000000752e00000|  0%| F|  |TAMS 0x0000000752c00000, 0x0000000752c00000| Untracked 
| 137|0x0000000752e00000, 0x0000000752e00000, 0x0000000753000000|  0%| F|  |TAMS 0x0000000752e00000, 0x0000000752e00000| Untracked 
| 138|0x0000000753000000, 0x0000000753000000, 0x0000000753200000|  0%| F|  |TAMS 0x0000000753000000, 0x0000000753000000| Untracked 
| 139|0x0000000753200000, 0x0000000753200000, 0x0000000753400000|  0%| F|  |TAMS 0x0000000753200000, 0x0000000753200000| Untracked 
| 140|0x0000000753400000, 0x0000000753400000, 0x0000000753600000|  0%| F|  |TAMS 0x0000000753400000, 0x0000000753400000| Untracked 
| 141|0x0000000753600000, 0x0000000753600000, 0x0000000753800000|  0%| F|  |TAMS 0x0000000753600000, 0x0000000753600000| Untracked 
| 142|0x0000000753800000, 0x0000000753800000, 0x0000000753a00000|  0%| F|  |TAMS 0x0000000753800000, 0x0000000753800000| Untracked 
| 143|0x0000000753a00000, 0x0000000753a00000, 0x0000000753c00000|  0%| F|  |TAMS 0x0000000753a00000, 0x0000000753a00000| Untracked 
| 144|0x0000000753c00000, 0x0000000753c00000, 0x0000000753e00000|  0%| F|  |TAMS 0x0000000753c00000, 0x0000000753c00000| Untracked 
| 145|0x0000000753e00000, 0x0000000753e00000, 0x0000000754000000|  0%| F|  |TAMS 0x0000000753e00000, 0x0000000753e00000| Untracked 
| 146|0x0000000754000000, 0x0000000754000000, 0x0000000754200000|  0%| F|  |TAMS 0x0000000754000000, 0x0000000754000000| Untracked 
| 147|0x0000000754200000, 0x0000000754200000, 0x0000000754400000|  0%| F|  |TAMS 0x0000000754200000, 0x0000000754200000| Untracked 
| 148|0x0000000754400000, 0x0000000754400000, 0x0000000754600000|  0%| F|  |TAMS 0x0000000754400000, 0x0000000754400000| Untracked 
| 149|0x0000000754600000, 0x0000000754600000, 0x0000000754800000|  0%| F|  |TAMS 0x0000000754600000, 0x0000000754600000| Untracked 
| 150|0x0000000754800000, 0x0000000754800000, 0x0000000754a00000|  0%| F|  |TAMS 0x0000000754800000, 0x0000000754800000| Untracked 
| 151|0x0000000754a00000, 0x0000000754a00000, 0x0000000754c00000|  0%| F|  |TAMS 0x0000000754a00000, 0x0000000754a00000| Untracked 
| 152|0x0000000754c00000, 0x0000000754c00000, 0x0000000754e00000|  0%| F|  |TAMS 0x0000000754c00000, 0x0000000754c00000| Untracked 
| 153|0x0000000754e00000, 0x0000000754e00000, 0x0000000755000000|  0%| F|  |TAMS 0x0000000754e00000, 0x0000000754e00000| Untracked 
| 154|0x0000000755000000, 0x0000000755000000, 0x0000000755200000|  0%| F|  |TAMS 0x0000000755000000, 0x0000000755000000| Untracked 
| 155|0x0000000755200000, 0x0000000755200000, 0x0000000755400000|  0%| F|  |TAMS 0x0000000755200000, 0x0000000755200000| Untracked 
| 156|0x0000000755400000, 0x0000000755400000, 0x0000000755600000|  0%| F|  |TAMS 0x0000000755400000, 0x0000000755400000| Untracked 
| 157|0x0000000755600000, 0x0000000755602320, 0x0000000755800000|  0%| S|CS|TAMS 0x0000000755600000, 0x0000000755600000| Complete 
| 158|0x0000000755800000, 0x0000000755800000, 0x0000000755a00000|  0%| F|  |TAMS 0x0000000755800000, 0x0000000755800000| Untracked 
| 159|0x0000000755a00000, 0x0000000755a00000, 0x0000000755c00000|  0%| F|  |TAMS 0x0000000755a00000, 0x0000000755a00000| Untracked 
| 160|0x0000000755c00000, 0x0000000755c00000, 0x0000000755e00000|  0%| F|  |TAMS 0x0000000755c00000, 0x0000000755c00000| Untracked 
| 161|0x0000000755e00000, 0x0000000755e00000, 0x0000000756000000|  0%| F|  |TAMS 0x0000000755e00000, 0x0000000755e00000| Untracked 
| 162|0x0000000756000000, 0x0000000756000000, 0x0000000756200000|  0%| F|  |TAMS 0x0000000756000000, 0x0000000756000000| Untracked 
| 163|0x0000000756200000, 0x0000000756200000, 0x0000000756400000|  0%| F|  |TAMS 0x0000000756200000, 0x0000000756200000| Untracked 
| 164|0x0000000756400000, 0x0000000756400000, 0x0000000756600000|  0%| F|  |TAMS 0x0000000756400000, 0x0000000756400000| Untracked 
| 165|0x0000000756600000, 0x0000000756600000, 0x0000000756800000|  0%| F|  |TAMS 0x0000000756600000, 0x0000000756600000| Untracked 
| 166|0x0000000756800000, 0x0000000756800000, 0x0000000756a00000|  0%| F|  |TAMS 0x0000000756800000, 0x0000000756800000| Untracked 
| 167|0x0000000756a00000, 0x0000000756a00000, 0x0000000756c00000|  0%| F|  |TAMS 0x0000000756a00000, 0x0000000756a00000| Untracked 
| 168|0x0000000756c00000, 0x0000000756c00000, 0x0000000756e00000|  0%| F|  |TAMS 0x0000000756c00000, 0x0000000756c00000| Untracked 
| 169|0x0000000756e00000, 0x0000000756e00000, 0x0000000757000000|  0%| F|  |TAMS 0x0000000756e00000, 0x0000000756e00000| Untracked 
| 170|0x0000000757000000, 0x0000000757000000, 0x0000000757200000|  0%| F|  |TAMS 0x0000000757000000, 0x0000000757000000| Untracked 
| 171|0x0000000757200000, 0x0000000757200000, 0x0000000757400000|  0%| F|  |TAMS 0x0000000757200000, 0x0000000757200000| Untracked 
| 172|0x0000000757400000, 0x0000000757400000, 0x0000000757600000|  0%| F|  |TAMS 0x0000000757400000, 0x0000000757400000| Untracked 
| 173|0x0000000757600000, 0x0000000757600000, 0x0000000757800000|  0%| F|  |TAMS 0x0000000757600000, 0x0000000757600000| Untracked 
| 174|0x0000000757800000, 0x0000000757800000, 0x0000000757a00000|  0%| F|  |TAMS 0x0000000757800000, 0x0000000757800000| Untracked 
| 175|0x0000000757a00000, 0x0000000757a00000, 0x0000000757c00000|  0%| F|  |TAMS 0x0000000757a00000, 0x0000000757a00000| Untracked 
| 176|0x0000000757c00000, 0x0000000757c00000, 0x0000000757e00000|  0%| F|  |TAMS 0x0000000757c00000, 0x0000000757c00000| Untracked 
| 177|0x0000000757e00000, 0x0000000757e00000, 0x0000000758000000|  0%| F|  |TAMS 0x0000000757e00000, 0x0000000757e00000| Untracked 
| 178|0x0000000758000000, 0x0000000758000000, 0x0000000758200000|  0%| F|  |TAMS 0x0000000758000000, 0x0000000758000000| Untracked 
| 179|0x0000000758200000, 0x0000000758200000, 0x0000000758400000|  0%| F|  |TAMS 0x0000000758200000, 0x0000000758200000| Untracked 
| 180|0x0000000758400000, 0x0000000758400000, 0x0000000758600000|  0%| F|  |TAMS 0x0000000758400000, 0x0000000758400000| Untracked 
| 181|0x0000000758600000, 0x0000000758600000, 0x0000000758800000|  0%| F|  |TAMS 0x0000000758600000, 0x0000000758600000| Untracked 
| 182|0x0000000758800000, 0x0000000758800000, 0x0000000758a00000|  0%| F|  |TAMS 0x0000000758800000, 0x0000000758800000| Untracked 
| 183|0x0000000758a00000, 0x0000000758a00000, 0x0000000758c00000|  0%| F|  |TAMS 0x0000000758a00000, 0x0000000758a00000| Untracked 
| 184|0x0000000758c00000, 0x0000000758c00000, 0x0000000758e00000|  0%| F|  |TAMS 0x0000000758c00000, 0x0000000758c00000| Untracked 
| 185|0x0000000758e00000, 0x0000000758e00000, 0x0000000759000000|  0%| F|  |TAMS 0x0000000758e00000, 0x0000000758e00000| Untracked 
| 186|0x0000000759000000, 0x0000000759000000, 0x0000000759200000|  0%| F|  |TAMS 0x0000000759000000, 0x0000000759000000| Untracked 
| 187|0x0000000759200000, 0x0000000759200000, 0x0000000759400000|  0%| F|  |TAMS 0x0000000759200000, 0x0000000759200000| Untracked 
| 188|0x0000000759400000, 0x0000000759400000, 0x0000000759600000|  0%| F|  |TAMS 0x0000000759400000, 0x0000000759400000| Untracked 
| 189|0x0000000759600000, 0x0000000759600000, 0x0000000759800000|  0%| F|  |TAMS 0x0000000759600000, 0x0000000759600000| Untracked 
| 190|0x0000000759800000, 0x0000000759800000, 0x0000000759a00000|  0%| F|  |TAMS 0x0000000759800000, 0x0000000759800000| Untracked 
| 191|0x0000000759a00000, 0x0000000759a00000, 0x0000000759c00000|  0%| F|  |TAMS 0x0000000759a00000, 0x0000000759a00000| Untracked 
| 192|0x0000000759c00000, 0x0000000759c00000, 0x0000000759e00000|  0%| F|  |TAMS 0x0000000759c00000, 0x0000000759c00000| Untracked 
| 193|0x0000000759e00000, 0x0000000759e00000, 0x000000075a000000|  0%| F|  |TAMS 0x0000000759e00000, 0x0000000759e00000| Untracked 
| 194|0x000000075a000000, 0x000000075a000000, 0x000000075a200000|  0%| F|  |TAMS 0x000000075a000000, 0x000000075a000000| Untracked 
| 195|0x000000075a200000, 0x000000075a200000, 0x000000075a400000|  0%| F|  |TAMS 0x000000075a200000, 0x000000075a200000| Untracked 
| 196|0x000000075a400000, 0x000000075a400000, 0x000000075a600000|  0%| F|  |TAMS 0x000000075a400000, 0x000000075a400000| Untracked 
| 197|0x000000075a600000, 0x000000075a700800, 0x000000075a800000| 50%| E|  |TAMS 0x000000075a600000, 0x000000075a600000| Complete 
| 198|0x000000075a800000, 0x000000075aa00000, 0x000000075aa00000|100%| E|CS|TAMS 0x000000075a800000, 0x000000075a800000| Complete 
| 199|0x000000075aa00000, 0x000000075ac00000, 0x000000075ac00000|100%| E|CS|TAMS 0x000000075aa00000, 0x000000075aa00000| Complete 
| 200|0x000000075ac00000, 0x000000075ae00000, 0x000000075ae00000|100%| E|CS|TAMS 0x000000075ac00000, 0x000000075ac00000| Complete 
| 201|0x000000075ae00000, 0x000000075b000000, 0x000000075b000000|100%| E|CS|TAMS 0x000000075ae00000, 0x000000075ae00000| Complete 
| 202|0x000000075b000000, 0x000000075b200000, 0x000000075b200000|100%| E|CS|TAMS 0x000000075b000000, 0x000000075b000000| Complete 
| 203|0x000000075b200000, 0x000000075b400000, 0x000000075b400000|100%| E|CS|TAMS 0x000000075b200000, 0x000000075b200000| Complete 
| 204|0x000000075b400000, 0x000000075b600000, 0x000000075b600000|100%| E|CS|TAMS 0x000000075b400000, 0x000000075b400000| Complete 
| 205|0x000000075b600000, 0x000000075b800000, 0x000000075b800000|100%| E|CS|TAMS 0x000000075b600000, 0x000000075b600000| Complete 
| 206|0x000000075b800000, 0x000000075ba00000, 0x000000075ba00000|100%| E|CS|TAMS 0x000000075b800000, 0x000000075b800000| Complete 
| 207|0x000000075ba00000, 0x000000075bc00000, 0x000000075bc00000|100%| E|CS|TAMS 0x000000075ba00000, 0x000000075ba00000| Complete 
| 208|0x000000075bc00000, 0x000000075be00000, 0x000000075be00000|100%| E|CS|TAMS 0x000000075bc00000, 0x000000075bc00000| Complete 
| 209|0x000000075be00000, 0x000000075c000000, 0x000000075c000000|100%| E|CS|TAMS 0x000000075be00000, 0x000000075be00000| Complete 
| 210|0x000000075c000000, 0x000000075c200000, 0x000000075c200000|100%| E|CS|TAMS 0x000000075c000000, 0x000000075c000000| Complete 
| 211|0x000000075c200000, 0x000000075c400000, 0x000000075c400000|100%| E|CS|TAMS 0x000000075c200000, 0x000000075c200000| Complete 
| 212|0x000000075c400000, 0x000000075c600000, 0x000000075c600000|100%| E|CS|TAMS 0x000000075c400000, 0x000000075c400000| Complete 
| 213|0x000000075c600000, 0x000000075c800000, 0x000000075c800000|100%| E|CS|TAMS 0x000000075c600000, 0x000000075c600000| Complete 
| 214|0x000000075c800000, 0x000000075ca00000, 0x000000075ca00000|100%| E|CS|TAMS 0x000000075c800000, 0x000000075c800000| Complete 
| 215|0x000000075ca00000, 0x000000075cc00000, 0x000000075cc00000|100%| E|CS|TAMS 0x000000075ca00000, 0x000000075ca00000| Complete 
| 216|0x000000075cc00000, 0x000000075ce00000, 0x000000075ce00000|100%| E|CS|TAMS 0x000000075cc00000, 0x000000075cc00000| Complete 
| 217|0x000000075ce00000, 0x000000075d000000, 0x000000075d000000|100%| E|CS|TAMS 0x000000075ce00000, 0x000000075ce00000| Complete 
| 218|0x000000075d000000, 0x000000075d200000, 0x000000075d200000|100%| E|CS|TAMS 0x000000075d000000, 0x000000075d000000| Complete 
| 219|0x000000075d200000, 0x000000075d400000, 0x000000075d400000|100%| E|CS|TAMS 0x000000075d200000, 0x000000075d200000| Complete 
| 220|0x000000075d400000, 0x000000075d600000, 0x000000075d600000|100%| E|CS|TAMS 0x000000075d400000, 0x000000075d400000| Complete 
| 221|0x000000075d600000, 0x000000075d800000, 0x000000075d800000|100%| E|CS|TAMS 0x000000075d600000, 0x000000075d600000| Complete 
| 222|0x000000075d800000, 0x000000075da00000, 0x000000075da00000|100%| E|CS|TAMS 0x000000075d800000, 0x000000075d800000| Complete 
| 223|0x000000075da00000, 0x000000075dc00000, 0x000000075dc00000|100%| E|CS|TAMS 0x000000075da00000, 0x000000075da00000| Complete 
| 224|0x000000075dc00000, 0x000000075de00000, 0x000000075de00000|100%| E|CS|TAMS 0x000000075dc00000, 0x000000075dc00000| Complete 
| 225|0x000000075de00000, 0x000000075e000000, 0x000000075e000000|100%| E|CS|TAMS 0x000000075de00000, 0x000000075de00000| Complete 
| 226|0x000000075e000000, 0x000000075e200000, 0x000000075e200000|100%| E|CS|TAMS 0x000000075e000000, 0x000000075e000000| Complete 
| 227|0x000000075e200000, 0x000000075e400000, 0x000000075e400000|100%| E|CS|TAMS 0x000000075e200000, 0x000000075e200000| Complete 
| 228|0x000000075e400000, 0x000000075e600000, 0x000000075e600000|100%| E|CS|TAMS 0x000000075e400000, 0x000000075e400000| Complete 

Card table byte_map: [0x00000170c3370000,0x00000170c3970000] _byte_map_base: 0x00000170bf962000

Marking Bits (Prev, Next): (CMBitMap*) 0x00000170aa7281b0, (CMBitMap*) 0x00000170aa7281f0
 Prev Bits: [0x00000170c3f70000, 0x00000170c6f00000)
 Next Bits: [0x00000170c6f00000, 0x00000170c9e90000)

Polling page: 0x00000170aa580000

Metaspace:

Usage:
  Non-class:     10.95 MB used.
      Class:      1.28 MB used.
       Both:     12.23 MB used.

Virtual space:
  Non-class space:       16.00 MB reserved,      11.06 MB ( 69%) committed,  2 nodes.
      Class space:        1.00 GB reserved,       1.44 MB ( <1%) committed,  1 nodes.
             Both:        1.02 GB reserved,      12.50 MB (  1%) committed. 

Chunk freelists:
   Non-Class:  838.00 KB
       Class:  2.58 MB
        Both:  3.40 MB

MaxMetaspaceSize: unlimited
CompressedClassSpaceSize: 1.00 GB
Initial GC threshold: 21.00 MB
Current GC threshold: 21.00 MB
CDS: on
MetaspaceReclaimPolicy: balanced
 - commit_granule_bytes: 65536.
 - commit_granule_words: 8192.
 - virtual_space_node_default_size: 1048576.
 - enlarge_chunks_in_place: 1.
 - new_chunks_are_fully_committed: 0.
 - uncommit_free_chunks: 1.
 - use_allocation_guard: 0.
 - handle_deallocations: 1.


Internal statistics:

num_allocs_failed_limit: 0.
num_arena_births: 158.
num_arena_deaths: 54.
num_vsnodes_births: 3.
num_vsnodes_deaths: 0.
num_space_committed: 200.
num_space_uncommitted: 0.
num_chunks_returned_to_freelist: 64.
num_chunks_taken_from_freelist: 308.
num_chunk_merges: 22.
num_chunk_splits: 193.
num_chunks_enlarged: 111.
num_purges: 2.
num_inconsistent_stats: 0.

CodeHeap 'non-profiled nmethods': size=120000Kb used=1854Kb max_used=1854Kb free=118145Kb
 bounds [0x00000170bb210000, 0x00000170bb480000, 0x00000170c2740000]
CodeHeap 'profiled nmethods': size=120000Kb used=6000Kb max_used=6000Kb free=113999Kb
 bounds [0x00000170b3ce0000, 0x00000170b42c0000, 0x00000170bb210000]
CodeHeap 'non-nmethods': size=5760Kb used=1317Kb max_used=1355Kb free=4442Kb
 bounds [0x00000170b3740000, 0x00000170b39b0000, 0x00000170b3ce0000]
 total_blobs=3539 nmethods=2889 adapters=562
 compilation: enabled
              stopped_count=0, restarted_count=0
 full_count=0

Compilation events (20 events):
Event: 2650.472 Thread 0x00000170cc48f130 nmethod 2881 0x00000170b42ba590 code [0x00000170b42ba740, 0x00000170b42ba978]
Event: 2650.472 Thread 0x00000170cc48f130 2882       3       java.nio.CharBuffer::position (8 bytes)
Event: 2650.472 Thread 0x00000170cc48f130 nmethod 2882 0x00000170b42baa90 code [0x00000170b42bac20, 0x00000170b42bad68]
Event: 2650.472 Thread 0x00000170cc48f130 2884       1       java.util.stream.IntPipeline$StatelessOp::opIsStateful (2 bytes)
Event: 2650.472 Thread 0x00000170cc48f130 nmethod 2884 0x00000170bb3dec10 code [0x00000170bb3deda0, 0x00000170bb3dee78]
Event: 2650.472 Thread 0x00000170cc48f130 2885       3       java.util.stream.Sink$ChainedInt::cancellationRequested (10 bytes)
Event: 2650.472 Thread 0x00000170cc48f130 nmethod 2885 0x00000170b42bae10 code [0x00000170b42bafc0, 0x00000170b42bb1a8]
Event: 2650.472 Thread 0x00000170cc463610 nmethod 2883 0x00000170bb3def10 code [0x00000170bb3df080, 0x00000170bb3df118]
Event: 2650.472 Thread 0x00000170cc463610 2886       4       java.util.HashSet::add (20 bytes)
Event: 2650.473 Thread 0x00000170cc463610 nmethod 2886 0x00000170bb3df210 code [0x00000170bb3df3a0, 0x00000170bb3df488]
Event: 2650.474 Thread 0x00000170cc48f130 2887       3       java.nio.CharBuffer::position (6 bytes)
Event: 2650.474 Thread 0x00000170cc48f130 nmethod 2887 0x00000170b42bb290 code [0x00000170b42bb440, 0x00000170b42bb5e8]
Event: 2650.475 Thread 0x00000170cc48f130 2888       3       java.lang.StringUTF16::length (5 bytes)
Event: 2650.475 Thread 0x00000170cc48f130 nmethod 2888 0x00000170b42bb690 code [0x00000170b42bb820, 0x00000170b42bb918]
Event: 2820.975 Thread 0x00000170cc48f130 2889       3       sun.font.FontStrikeDesc::hashCode (36 bytes)
Event: 2820.975 Thread 0x00000170cc48f130 nmethod 2889 0x00000170b42bba10 code [0x00000170b42bbbc0, 0x00000170b42bbd98]
Event: 2888.026 Thread 0x00000170cc463610 2890       4       sun.font.FontStrikeDesc::hashCode (36 bytes)
Event: 2888.029 Thread 0x00000170cc463610 nmethod 2890 0x00000170bb3df590 code [0x00000170bb3df700, 0x00000170bb3dfa38]
Event: 2934.029 Thread 0x00000170cc48f130 2891       3       java.util.stream.FindOps$FindSink::accept (18 bytes)
Event: 2934.030 Thread 0x00000170cc48f130 nmethod 2891 0x00000170b42bbe90 code [0x00000170b42bc020, 0x00000170b42bc1b8]

GC Heap History (20 events):
Event: 2685.930 GC heap before
{Heap before GC invocations=171 (full 0):
 garbage-first heap   total 468992K, used 417251K [0x0000000741c00000, 0x0000000800000000)
  region size 2048K, 72 young (147456K), 1 survivors (2048K)
 Metaspace       used 12573K, committed 12800K, reserved 1064960K
  class space    used 1320K, committed 1472K, reserved 1048576K
}
Event: 2685.931 GC heap after
{Heap after GC invocations=172 (full 0):
 garbage-first heap   total 468992K, used 271845K [0x0000000741c00000, 0x0000000800000000)
  region size 2048K, 1 young (2048K), 1 survivors (2048K)
 Metaspace       used 12573K, committed 12800K, reserved 1064960K
  class space    used 1320K, committed 1472K, reserved 1048576K
}
Event: 2718.971 GC heap before
{Heap before GC invocations=173 (full 0):
 garbage-first heap   total 468992K, used 417253K [0x0000000741c00000, 0x0000000800000000)
  region size 2048K, 72 young (147456K), 1 survivors (2048K)
 Metaspace       used 12573K, committed 12800K, reserved 1064960K
  class space    used 1320K, committed 1472K, reserved 1048576K
}
Event: 2718.971 GC heap after
{Heap after GC invocations=174 (full 0):
 garbage-first heap   total 468992K, used 271843K [0x0000000741c00000, 0x0000000800000000)
  region size 2048K, 1 young (2048K), 1 survivors (2048K)
 Metaspace       used 12573K, committed 12800K, reserved 1064960K
  class space    used 1320K, committed 1472K, reserved 1048576K
}
Event: 2752.677 GC heap before
{Heap before GC invocations=174 (full 0):
 garbage-first heap   total 468992K, used 417251K [0x0000000741c00000, 0x0000000800000000)
  region size 2048K, 72 young (147456K), 1 survivors (2048K)
 Metaspace       used 12573K, committed 12800K, reserved 1064960K
  class space    used 1320K, committed 1472K, reserved 1048576K
}
Event: 2752.678 GC heap after
{Heap after GC invocations=175 (full 0):
 garbage-first heap   total 468992K, used 271843K [0x0000000741c00000, 0x0000000800000000)
  region size 2048K, 1 young (2048K), 1 survivors (2048K)
 Metaspace       used 12573K, committed 12800K, reserved 1064960K
  class space    used 1320K, committed 1472K, reserved 1048576K
}
Event: 2786.055 GC heap before
{Heap before GC invocations=176 (full 0):
 garbage-first heap   total 468992K, used 417251K [0x0000000741c00000, 0x0000000800000000)
  region size 2048K, 72 young (147456K), 1 survivors (2048K)
 Metaspace       used 12573K, committed 12800K, reserved 1064960K
  class space    used 1320K, committed 1472K, reserved 1048576K
}
Event: 2786.055 GC heap after
{Heap after GC invocations=177 (full 0):
 garbage-first heap   total 468992K, used 271843K [0x0000000741c00000, 0x0000000800000000)
  region size 2048K, 1 young (2048K), 1 survivors (2048K)
 Metaspace       used 12573K, committed 12800K, reserved 1064960K
  class space    used 1320K, committed 1472K, reserved 1048576K
}
Event: 2819.453 GC heap before
{Heap before GC invocations=177 (full 0):
 garbage-first heap   total 468992K, used 417251K [0x0000000741c00000, 0x0000000800000000)
  region size 2048K, 72 young (147456K), 1 survivors (2048K)
 Metaspace       used 12573K, committed 12800K, reserved 1064960K
  class space    used 1320K, committed 1472K, reserved 1048576K
}
Event: 2819.454 GC heap after
{Heap after GC invocations=178 (full 0):
 garbage-first heap   total 468992K, used 271841K [0x0000000741c00000, 0x0000000800000000)
  region size 2048K, 1 young (2048K), 1 survivors (2048K)
 Metaspace       used 12573K, committed 12800K, reserved 1064960K
  class space    used 1320K, committed 1472K, reserved 1048576K
}
Event: 2853.587 GC heap before
{Heap before GC invocations=179 (full 0):
 garbage-first heap   total 468992K, used 417249K [0x0000000741c00000, 0x0000000800000000)
  region size 2048K, 72 young (147456K), 1 survivors (2048K)
 Metaspace       used 12519K, committed 12800K, reserved 1064960K
  class space    used 1306K, committed 1472K, reserved 1048576K
}
Event: 2853.588 GC heap after
{Heap after GC invocations=180 (full 0):
 garbage-first heap   total 468992K, used 271851K [0x0000000741c00000, 0x0000000800000000)
  region size 2048K, 1 young (2048K), 1 survivors (2048K)
 Metaspace       used 12519K, committed 12800K, reserved 1064960K
  class space    used 1306K, committed 1472K, reserved 1048576K
}
Event: 2889.718 GC heap before
{Heap before GC invocations=180 (full 0):
 garbage-first heap   total 468992K, used 417259K [0x0000000741c00000, 0x0000000800000000)
  region size 2048K, 72 young (147456K), 1 survivors (2048K)
 Metaspace       used 12519K, committed 12800K, reserved 1064960K
  class space    used 1306K, committed 1472K, reserved 1048576K
}
Event: 2889.718 GC heap after
{Heap after GC invocations=181 (full 0):
 garbage-first heap   total 468992K, used 271849K [0x0000000741c00000, 0x0000000800000000)
  region size 2048K, 1 young (2048K), 1 survivors (2048K)
 Metaspace       used 12519K, committed 12800K, reserved 1064960K
  class space    used 1306K, committed 1472K, reserved 1048576K
}
Event: 2923.657 GC heap before
{Heap before GC invocations=182 (full 0):
 garbage-first heap   total 468992K, used 417257K [0x0000000741c00000, 0x0000000800000000)
  region size 2048K, 72 young (147456K), 1 survivors (2048K)
 Metaspace       used 12519K, committed 12800K, reserved 1064960K
  class space    used 1306K, committed 1472K, reserved 1048576K
}
Event: 2923.658 GC heap after
{Heap after GC invocations=183 (full 0):
 garbage-first heap   total 468992K, used 271851K [0x0000000741c00000, 0x0000000800000000)
  region size 2048K, 1 young (2048K), 1 survivors (2048K)
 Metaspace       used 12519K, committed 12800K, reserved 1064960K
  class space    used 1306K, committed 1472K, reserved 1048576K
}
Event: 2957.003 GC heap before
{Heap before GC invocations=183 (full 0):
 garbage-first heap   total 468992K, used 417259K [0x0000000741c00000, 0x0000000800000000)
  region size 2048K, 72 young (147456K), 1 survivors (2048K)
 Metaspace       used 12520K, committed 12800K, reserved 1064960K
  class space    used 1306K, committed 1472K, reserved 1048576K
}
Event: 2957.004 GC heap after
{Heap after GC invocations=184 (full 0):
 garbage-first heap   total 468992K, used 271852K [0x0000000741c00000, 0x0000000800000000)
  region size 2048K, 1 young (2048K), 1 survivors (2048K)
 Metaspace       used 12520K, committed 12800K, reserved 1064960K
  class space    used 1306K, committed 1472K, reserved 1048576K
}
Event: 2991.634 GC heap before
{Heap before GC invocations=185 (full 0):
 garbage-first heap   total 468992K, used 417260K [0x0000000741c00000, 0x0000000800000000)
  region size 2048K, 72 young (147456K), 1 survivors (2048K)
 Metaspace       used 12520K, committed 12800K, reserved 1064960K
  class space    used 1306K, committed 1472K, reserved 1048576K
}
Event: 2991.635 GC heap after
{Heap after GC invocations=186 (full 0):
 garbage-first heap   total 468992K, used 271852K [0x0000000741c00000, 0x0000000800000000)
  region size 2048K, 1 young (2048K), 1 survivors (2048K)
 Metaspace       used 12520K, committed 12800K, reserved 1064960K
  class space    used 1306K, committed 1472K, reserved 1048576K
}

Deoptimization events (20 events):
Event: 1588.464 Thread 0x00000170ce65e780 DEOPT PACKING pc=0x00000170b4262dc4 sp=0x0000006b402ff500
Event: 1588.464 Thread 0x00000170ce65e780 DEOPT UNPACKING pc=0x00000170b3792b43 sp=0x0000006b402fea38 mode 0
Event: 1589.986 Thread 0x00000170ce65e780 DEOPT PACKING pc=0x00000170b426288c sp=0x0000006b402ff500
Event: 1589.986 Thread 0x00000170ce65e780 DEOPT UNPACKING pc=0x00000170b3792b43 sp=0x0000006b402fea38 mode 0
Event: 2119.085 Thread 0x00000170ce65e780 Uncommon trap: trap_request=0xffffff45 fr.pc=0x00000170bb2c7b8c relative=0x00000000000022ec
Event: 2119.085 Thread 0x00000170ce65e780 Uncommon trap: reason=unstable_if action=reinterpret pc=0x00000170bb2c7b8c method=sun.java2d.loops.GraphicsPrimitive.convertFrom(Lsun/java2d/loops/Blit;Lsun/java2d/SurfaceData;IIIILsun/java2d/SurfaceData;I)Lsun/java2d/SurfaceData; @ 29 c2
Event: 2119.085 Thread 0x00000170ce65e780 DEOPT PACKING pc=0x00000170bb2c7b8c sp=0x0000006b402ff300
Event: 2119.085 Thread 0x00000170ce65e780 DEOPT UNPACKING pc=0x00000170b37923a3 sp=0x0000006b402fee20 mode 2
Event: 2490.023 Thread 0x00000170ce644b80 Uncommon trap: trap_request=0xffffff45 fr.pc=0x00000170bb285bf4 relative=0x0000000000000174
Event: 2490.023 Thread 0x00000170ce644b80 Uncommon trap: reason=unstable_if action=reinterpret pc=0x00000170bb285bf4 method=java.lang.StringCoding.hasNegatives([BII)Z @ 12 c2
Event: 2490.023 Thread 0x00000170ce644b80 DEOPT PACKING pc=0x00000170bb285bf4 sp=0x0000006b403fe970
Event: 2490.023 Thread 0x00000170ce644b80 DEOPT UNPACKING pc=0x00000170b37923a3 sp=0x0000006b403fe918 mode 2
Event: 2819.468 Thread 0x00000170cd3400c0 Uncommon trap: trap_request=0xffffff45 fr.pc=0x00000170bb3bcfec relative=0x00000000000002ec
Event: 2819.468 Thread 0x00000170cd3400c0 Uncommon trap: reason=unstable_if action=reinterpret pc=0x00000170bb3bcfec method=sun.font.FontStrikeDesc.hashCode()I @ 4 c2
Event: 2819.468 Thread 0x00000170cd3400c0 DEOPT PACKING pc=0x00000170bb3bcfec sp=0x0000006b3fbff560
Event: 2819.468 Thread 0x00000170cd3400c0 DEOPT UNPACKING pc=0x00000170b37923a3 sp=0x0000006b3fbff4f8 mode 2
Event: 2819.468 Thread 0x00000170cd3400c0 Uncommon trap: trap_request=0xffffff45 fr.pc=0x00000170bb34133c relative=0x00000000000000bc
Event: 2819.469 Thread 0x00000170cd3400c0 Uncommon trap: reason=unstable_if action=reinterpret pc=0x00000170bb34133c method=java.lang.ref.SoftReference.get()Ljava/lang/Object; @ 6 c2
Event: 2819.469 Thread 0x00000170cd3400c0 DEOPT PACKING pc=0x00000170bb34133c sp=0x0000006b3fbff5b0
Event: 2819.469 Thread 0x00000170cd3400c0 DEOPT UNPACKING pc=0x00000170b37923a3 sp=0x0000006b3fbff568 mode 2

Classes unloaded (20 events):
Event: 2819.465 Thread 0x00000170cc43b150 Unloading class 0x0000000800c0d800 'java/lang/invoke/LambdaForm$DMH+0x0000000800c0d800'
Event: 2819.465 Thread 0x00000170cc43b150 Unloading class 0x0000000800c0a800 'java/lang/invoke/LambdaForm$MH+0x0000000800c0a800'
Event: 2819.465 Thread 0x00000170cc43b150 Unloading class 0x0000000800c0a400 'java/lang/invoke/LambdaForm$MH+0x0000000800c0a400'
Event: 2819.465 Thread 0x00000170cc43b150 Unloading class 0x0000000800c0a000 'java/lang/invoke/LambdaForm$MH+0x0000000800c0a000'
Event: 2819.465 Thread 0x00000170cc43b150 Unloading class 0x0000000800c09c00 'java/lang/invoke/LambdaForm$MH+0x0000000800c09c00'
Event: 2819.466 Thread 0x00000170cc43b150 Unloading class 0x0000000800c09800 'java/lang/invoke/LambdaForm$MH+0x0000000800c09800'
Event: 2819.466 Thread 0x00000170cc43b150 Unloading class 0x0000000800c08c00 'java/lang/invoke/LambdaForm$MH+0x0000000800c08c00'
Event: 2819.466 Thread 0x00000170cc43b150 Unloading class 0x0000000800c08800 'java/lang/invoke/LambdaForm$MH+0x0000000800c08800'
Event: 2819.466 Thread 0x00000170cc43b150 Unloading class 0x0000000800c08000 'java/lang/invoke/LambdaForm$MH+0x0000000800c08000'
Event: 2819.466 Thread 0x00000170cc43b150 Unloading class 0x0000000800c07400 'java/lang/invoke/LambdaForm$MH+0x0000000800c07400'
Event: 2819.466 Thread 0x00000170cc43b150 Unloading class 0x0000000800c07000 'java/lang/invoke/LambdaForm$MH+0x0000000800c07000'
Event: 2819.466 Thread 0x00000170cc43b150 Unloading class 0x0000000800c06c00 'java/lang/invoke/LambdaForm$MH+0x0000000800c06c00'
Event: 2819.466 Thread 0x00000170cc43b150 Unloading class 0x0000000800c06800 'java/lang/invoke/LambdaForm$MH+0x0000000800c06800'
Event: 2819.466 Thread 0x00000170cc43b150 Unloading class 0x0000000800c06400 'java/lang/invoke/LambdaForm$MH+0x0000000800c06400'
Event: 2819.466 Thread 0x00000170cc43b150 Unloading class 0x0000000800c06000 'java/lang/invoke/LambdaForm$MH+0x0000000800c06000'
Event: 2819.466 Thread 0x00000170cc43b150 Unloading class 0x0000000800c05000 'java/lang/invoke/LambdaForm$MH+0x0000000800c05000'
Event: 2819.466 Thread 0x00000170cc43b150 Unloading class 0x0000000800c04800 'java/lang/invoke/LambdaForm$MH+0x0000000800c04800'
Event: 2819.466 Thread 0x00000170cc43b150 Unloading class 0x0000000800c04400 'java/lang/invoke/LambdaForm$MH+0x0000000800c04400'
Event: 2819.466 Thread 0x00000170cc43b150 Unloading class 0x0000000800c01c00 'java/lang/invoke/LambdaForm$MH+0x0000000800c01c00'
Event: 2819.466 Thread 0x00000170cc43b150 Unloading class 0x0000000800c01800 'java/lang/invoke/LambdaForm$MH+0x0000000800c01800'

Classes redefined (0 events):
No events

Internal exceptions (20 events):
Event: 0.294 Thread 0x00000170aa6ce2d0 Exception <a 'java/lang/NoSuchMethodError'{0x000000074d9c9a98}: 'java.lang.Object java.lang.invoke.DirectMethodHandle$Holder.newInvokeSpecial(java.lang.Object, java.lang.Object, java.lang.Object, java.lang.Object, java.lang.Object)'> (0x000000074d9c9a98) 
thrown [s\open\src\hotspot\share\interpreter\linkResolver.cpp, line 759]
Event: 0.296 Thread 0x00000170aa6ce2d0 Exception <a 'java/lang/NoSuchMethodError'{0x000000074d9d5460}: 'java.lang.Object java.lang.invoke.DirectMethodHandle$Holder.invokeStatic(java.lang.Object, int, java.lang.Object, java.lang.Object, java.lang.Object, java.lang.Object)'> (0x000000074d9d5460) 
thrown [s\open\src\hotspot\share\interpreter\linkResolver.cpp, line 759]
Event: 0.300 Thread 0x00000170aa6ce2d0 Exception <a 'java/lang/NoSuchMethodError'{0x000000074d9fae78}: 'java.lang.Object java.lang.invoke.DirectMethodHandle$Holder.invokeStatic(java.lang.Object, int, java.lang.Object)'> (0x000000074d9fae78) 
thrown [s\open\src\hotspot\share\interpreter\linkResolver.cpp, line 759]
Event: 0.336 Thread 0x00000170aa6ce2d0 Exception <a 'java/lang/ClassNotFoundException'{0x000000074d6b6278}: com/sun/swing/internal/plaf/metal/resources/spi/metalProvider> (0x000000074d6b6278) 
thrown [s\open\src\hotspot\share\classfile\systemDictionary.cpp, line 256]
Event: 0.337 Thread 0x00000170aa6ce2d0 Exception <a 'java/lang/ClassNotFoundException'{0x000000074d6ba0d0}: com/sun/swing/internal/plaf/basic/resources/spi/basicProvider> (0x000000074d6ba0d0) 
thrown [s\open\src\hotspot\share\classfile\systemDictionary.cpp, line 256]
Event: 0.384 Thread 0x00000170aa6ce2d0 Exception <a 'java/lang/NoSuchMethodError'{0x000000074d731980}: 'java.lang.Object java.lang.invoke.DirectMethodHandle$Holder.invokeStaticInit(java.lang.Object, int, int, int, int)'> (0x000000074d731980) 
thrown [s\open\src\hotspot\share\interpreter\linkResolver.cpp, line 759]
Event: 0.437 Thread 0x00000170aa6ce2d0 Exception <a 'java/lang/NoSuchMethodError'{0x000000074d78bde8}: 'java.lang.Object java.lang.invoke.DirectMethodHandle$Holder.invokeStaticInit(java.lang.Object, java.lang.Object, int, int, int, int)'> (0x000000074d78bde8) 
thrown [s\open\src\hotspot\share\interpreter\linkResolver.cpp, line 759]
Event: 1.433 Thread 0x00000170aa6ce2d0 Implicit null exception at 0x00000170bb28c6be to 0x00000170bb28c848
Event: 1.494 Thread 0x00000170aa6ce2d0 Implicit null exception at 0x00000170bb28d3e7 to 0x00000170bb28e820
Event: 1.695 Thread 0x00000170aa6ce2d0 Implicit null exception at 0x00000170bb28a7f9 to 0x00000170bb28aa2c
Event: 1.849 Thread 0x00000170aa6ce2d0 Implicit null exception at 0x00000170bb26953e to 0x00000170bb269f04
Event: 1.859 Thread 0x00000170cd1f5d70 Exception <a 'java/lang/NoSuchMethodError'{0x0000000759308b20}: 'void java.lang.invoke.DirectMethodHandle$Holder.invokeVirtual(java.lang.Object, java.lang.Object)'> (0x0000000759308b20) 
thrown [s\open\src\hotspot\share\interpreter\linkResolver.cpp, line 759]
Event: 1.866 Thread 0x00000170aa6ce2d0 Exception <a 'java/lang/NoSuchMethodError'{0x0000000759218930}: 'void java.lang.invoke.DirectMethodHandle$Holder.invokeStaticInit(java.lang.Object)'> (0x0000000759218930) 
thrown [s\open\src\hotspot\share\interpreter\linkResolver.cpp, line 759]
Event: 1.948 Thread 0x00000170aa6ce2d0 Exception <a 'java/lang/NoSuchMethodError'{0x00000007596d47c0}: 'long java.lang.invoke.DirectMethodHandle$Holder.invokeStatic(java.lang.Object, java.lang.Object)'> (0x00000007596d47c0) 
thrown [s\open\src\hotspot\share\interpreter\linkResolver.cpp, line 759]
Event: 1.949 Thread 0x00000170aa6ce2d0 Exception <a 'java/lang/NoSuchMethodError'{0x00000007596dbef8}: 'void java.lang.invoke.DirectMethodHandle$Holder.invokeStatic(java.lang.Object, java.lang.Object, java.lang.Object, java.lang.Object)'> (0x00000007596dbef8) 
thrown [s\open\src\hotspot\share\interpreter\linkResolver.cpp, line 759]
Event: 2.786 Thread 0x00000170ce644b80 Implicit null exception at 0x00000170bb276ad3 to 0x00000170bb277370
Event: 2.798 Thread 0x00000170ce644b80 Implicit null exception at 0x00000170bb2707d5 to 0x00000170bb270d64
Event: 2.868 Thread 0x00000170ce644b80 Exception <a 'java/lang/NoSuchMethodError'{0x000000075cadde30}: 'void java.lang.invoke.DirectMethodHandle$Holder.invokeStatic(java.lang.Object, java.lang.Object)'> (0x000000075cadde30) 
thrown [s\open\src\hotspot\share\interpreter\linkResolver.cpp, line 759]
Event: 8.306 Thread 0x00000170ce644b80 Implicit null exception at 0x00000170bb26d3d2 to 0x00000170bb26d958
Event: 13.256 Thread 0x00000170ce65e780 Implicit null exception at 0x00000170bb33230b to 0x00000170bb3339a4

VM Operations (20 events):
Event: 2819.473 Executing VM operation: G1Concurrent
Event: 2819.473 Executing VM operation: G1Concurrent done
Event: 2853.587 Executing VM operation: G1CollectForAllocation
Event: 2853.588 Executing VM operation: G1CollectForAllocation done
Event: 2889.717 Executing VM operation: G1CollectForAllocation
Event: 2889.718 Executing VM operation: G1CollectForAllocation done
Event: 2889.730 Executing VM operation: G1Concurrent
Event: 2889.733 Executing VM operation: G1Concurrent done
Event: 2889.738 Executing VM operation: G1Concurrent
Event: 2889.738 Executing VM operation: G1Concurrent done
Event: 2923.657 Executing VM operation: G1CollectForAllocation
Event: 2923.658 Executing VM operation: G1CollectForAllocation done
Event: 2957.003 Executing VM operation: G1CollectForAllocation
Event: 2957.004 Executing VM operation: G1CollectForAllocation done
Event: 2957.015 Executing VM operation: G1Concurrent
Event: 2957.016 Executing VM operation: G1Concurrent done
Event: 2957.020 Executing VM operation: G1Concurrent
Event: 2957.020 Executing VM operation: G1Concurrent done
Event: 2991.633 Executing VM operation: G1CollectForAllocation
Event: 2991.635 Executing VM operation: G1CollectForAllocation done

Events (20 events):
Event: 2457.310 Thread 0x00000170cecca530 Thread exited: 0x00000170cecca530
Event: 2457.311 Thread 0x00000170ceccaed0 Thread exited: 0x00000170ceccaed0
Event: 2490.024 Thread 0x00000170ceccaed0 Thread added: 0x00000170ceccaed0
Event: 2490.024 Thread 0x00000170ceccaa00 Thread added: 0x00000170ceccaa00
Event: 2550.032 Thread 0x00000170ceccaed0 Thread exited: 0x00000170ceccaed0
Event: 2550.036 Thread 0x00000170ceccaa00 Thread exited: 0x00000170ceccaa00
Event: 2650.472 Thread 0x00000170cecca060 Thread added: 0x00000170cecca060
Event: 2650.472 Thread 0x00000170ceccbd40 Thread added: 0x00000170ceccbd40
Event: 2650.475 Thread 0x00000170ceccd550 Thread added: 0x00000170ceccd550
Event: 2650.475 Thread 0x00000170cecca530 Thread added: 0x00000170cecca530
Event: 2710.476 Thread 0x00000170ceccbd40 Thread exited: 0x00000170ceccbd40
Event: 2710.476 Thread 0x00000170cecca060 Thread exited: 0x00000170cecca060
Event: 2710.477 Thread 0x00000170cecca530 Thread exited: 0x00000170cecca530
Event: 2710.477 Thread 0x00000170ceccd550 Thread exited: 0x00000170ceccd550
Event: 2934.029 Thread 0x00000170ceccbd40 Thread added: 0x00000170ceccbd40
Event: 2934.029 Thread 0x00000170cecca060 Thread added: 0x00000170cecca060
Event: 2934.030 Thread 0x00000170ceccd550 Thread added: 0x00000170ceccd550
Event: 2994.031 Thread 0x00000170ceccbd40 Thread exited: 0x00000170ceccbd40
Event: 2994.031 Thread 0x00000170ceccd550 Thread exited: 0x00000170ceccd550
Event: 2994.031 Thread 0x00000170cecca060 Thread exited: 0x00000170cecca060


Dynamic libraries:
0x00007ff70c9c0000 - 0x00007ff70c9d0000 	C:\Program Files\Java\jdk-17.0.4.1\bin\java.exe
0x00007ffd7c0d0000 - 0x00007ffd7c2c8000 	C:\WINDOWS\SYSTEM32\ntdll.dll
0x00007ffd7a480000 - 0x00007ffd7a53f000 	C:\WINDOWS\System32\KERNEL32.DLL
0x00007ffd79ce0000 - 0x00007ffd79fb2000 	C:\WINDOWS\System32\KERNELBASE.dll
0x00007ffd797d0000 - 0x00007ffd798d0000 	C:\WINDOWS\System32\ucrtbase.dll
0x00007ffd76a20000 - 0x00007ffd76a3a000 	C:\Program Files\Java\jdk-17.0.4.1\bin\VCRUNTIME140.dll
0x00007ffd735a0000 - 0x00007ffd735b8000 	C:\Program Files\Java\jdk-17.0.4.1\bin\jli.dll
0x00007ffd7a120000 - 0x00007ffd7a1ce000 	C:\WINDOWS\System32\ADVAPI32.dll
0x00007ffd7a5f0000 - 0x00007ffd7a68e000 	C:\WINDOWS\System32\msvcrt.dll
0x00007ffd7aee0000 - 0x00007ffd7af7c000 	C:\WINDOWS\System32\sechost.dll
0x00007ffd7b8b0000 - 0x00007ffd7b9d5000 	C:\WINDOWS\System32\RPCRT4.dll
0x00007ffd7ba80000 - 0x00007ffd7bc1d000 	C:\WINDOWS\System32\USER32.dll
0x00007ffd79b60000 - 0x00007ffd79b82000 	C:\WINDOWS\System32\win32u.dll
0x00007ffd7aa70000 - 0x00007ffd7aa9b000 	C:\WINDOWS\System32\GDI32.dll
0x00007ffd60df0000 - 0x00007ffd6108a000 	C:\WINDOWS\WinSxS\amd64_microsoft.windows.common-controls_6595b64144ccf1df_6.0.19041.1110_none_60b5254171f9507e\COMCTL32.dll
0x00007ffd79fc0000 - 0x00007ffd7a0cf000 	C:\WINDOWS\System32\gdi32full.dll
0x00007ffd79b90000 - 0x00007ffd79c2d000 	C:\WINDOWS\System32\msvcp_win.dll
0x00007ffd71610000 - 0x00007ffd7161a000 	C:\WINDOWS\SYSTEM32\VERSION.dll
0x00007ffd7ba40000 - 0x00007ffd7ba72000 	C:\WINDOWS\System32\IMM32.DLL
0x00007ffd76e80000 - 0x00007ffd76e8c000 	C:\Program Files\Java\jdk-17.0.4.1\bin\vcruntime140_1.dll
0x00007ffd56e10000 - 0x00007ffd56e9d000 	C:\Program Files\Java\jdk-17.0.4.1\bin\msvcp140.dll
0x00007ffd4ae80000 - 0x00007ffd4ba42000 	C:\Program Files\Java\jdk-17.0.4.1\bin\server\jvm.dll
0x00007ffd7aa60000 - 0x00007ffd7aa68000 	C:\WINDOWS\System32\PSAPI.DLL
0x00007ffd66ec0000 - 0x00007ffd66ec9000 	C:\WINDOWS\SYSTEM32\WSOCK32.dll
0x00007ffd672d0000 - 0x00007ffd672f7000 	C:\WINDOWS\SYSTEM32\WINMM.dll
0x00007ffd7ae60000 - 0x00007ffd7aecb000 	C:\WINDOWS\System32\WS2_32.dll
0x00007ffd776b0000 - 0x00007ffd776c2000 	C:\WINDOWS\SYSTEM32\kernel.appcore.dll
0x00007ffd76e40000 - 0x00007ffd76e4a000 	C:\Program Files\Java\jdk-17.0.4.1\bin\jimage.dll
0x00007ffd6aed0000 - 0x00007ffd6b0b4000 	C:\WINDOWS\SYSTEM32\DBGHELP.DLL
0x00007ffd6aea0000 - 0x00007ffd6aecc000 	C:\WINDOWS\SYSTEM32\dbgcore.DLL
0x00007ffd79a60000 - 0x00007ffd79ae2000 	C:\WINDOWS\System32\bcryptPrimitives.dll
0x00007ffd76370000 - 0x00007ffd76395000 	C:\Program Files\Java\jdk-17.0.4.1\bin\java.dll
0x00007ffd6c220000 - 0x00007ffd6c2f6000 	C:\Program Files\Java\jdk-17.0.4.1\bin\jsvml.dll
0x00007ffd7af80000 - 0x00007ffd7b6c3000 	C:\WINDOWS\System32\SHELL32.dll
0x00007ffd778b0000 - 0x00007ffd78042000 	C:\WINDOWS\SYSTEM32\windows.storage.dll
0x00007ffd7aaa0000 - 0x00007ffd7adf4000 	C:\WINDOWS\System32\combase.dll
0x00007ffd79150000 - 0x00007ffd79180000 	C:\WINDOWS\SYSTEM32\Wldp.dll
0x00007ffd7b6d0000 - 0x00007ffd7b77d000 	C:\WINDOWS\System32\SHCORE.dll
0x00007ffd7b9e0000 - 0x00007ffd7ba35000 	C:\WINDOWS\System32\shlwapi.dll
0x00007ffd79710000 - 0x00007ffd7972f000 	C:\WINDOWS\SYSTEM32\profapi.dll
0x00007ffd728c0000 - 0x00007ffd728d9000 	C:\Program Files\Java\jdk-17.0.4.1\bin\net.dll
0x00007ffd72280000 - 0x00007ffd7238c000 	C:\WINDOWS\SYSTEM32\WINHTTP.dll
0x00007ffd78eb0000 - 0x00007ffd78f1a000 	C:\WINDOWS\system32\mswsock.dll
0x00007ffd72790000 - 0x00007ffd727a6000 	C:\Program Files\Java\jdk-17.0.4.1\bin\nio.dll
0x00007ffd6c0b0000 - 0x00007ffd6c0c8000 	C:\Program Files\Java\jdk-17.0.4.1\bin\zip.dll
0x00007ffd4eb10000 - 0x00007ffd4ec9f000 	C:\Program Files\Java\jdk-17.0.4.1\bin\awt.dll
0x00007ffd7a1d0000 - 0x00007ffd7a29d000 	C:\WINDOWS\System32\OLEAUT32.dll
0x00007ffd764b0000 - 0x00007ffd76541000 	C:\WINDOWS\SYSTEM32\apphelp.dll
0x00007ffd76a40000 - 0x00007ffd76ade000 	C:\WINDOWS\system32\uxtheme.dll
0x00007ffd7a710000 - 0x00007ffd7a825000 	C:\WINDOWS\System32\MSCTF.dll
0x00007ffd7b780000 - 0x00007ffd7b8aa000 	C:\WINDOWS\System32\ole32.dll
0x00007ffd77270000 - 0x00007ffd7729f000 	C:\WINDOWS\system32\DWMAPI.DLL
0x00007ffd4f000000 - 0x00007ffd4f125000 	C:\WINDOWS\system32\opengl32.dll
0x00007ffd72760000 - 0x00007ffd7278c000 	C:\WINDOWS\SYSTEM32\GLU32.dll
0x00007ffd790a0000 - 0x00007ffd790b8000 	C:\WINDOWS\SYSTEM32\CRYPTSP.dll
0x00007ffd787d0000 - 0x00007ffd78804000 	C:\WINDOWS\system32\rsaenh.dll
0x00007ffd798d0000 - 0x00007ffd798f7000 	C:\WINDOWS\System32\bcrypt.dll
0x00007ffd796d0000 - 0x00007ffd796fe000 	C:\WINDOWS\SYSTEM32\USERENV.dll
0x00007ffd790c0000 - 0x00007ffd790cc000 	C:\WINDOWS\SYSTEM32\CRYPTBASE.dll
0x00007ffd78ba0000 - 0x00007ffd78bdb000 	C:\WINDOWS\SYSTEM32\IPHLPAPI.DLL
0x00007ffd7a410000 - 0x00007ffd7a418000 	C:\WINDOWS\System32\NSI.dll
0x00007ffd73050000 - 0x00007ffd73067000 	C:\WINDOWS\SYSTEM32\dhcpcsvc6.DLL
0x00007ffd72fd0000 - 0x00007ffd72fed000 	C:\WINDOWS\SYSTEM32\dhcpcsvc.DLL
0x00007ffd78c30000 - 0x00007ffd78cfa000 	C:\WINDOWS\SYSTEM32\DNSAPI.dll
0x00007ffd4de90000 - 0x00007ffd4df19000 	C:\Program Files\Java\jdk-17.0.4.1\bin\freetype.dll
0x00007ffd4dde0000 - 0x00007ffd4de88000 	C:\Program Files\Java\jdk-17.0.4.1\bin\fontmanager.dll
0x00007ffd6f3a0000 - 0x00007ffd6f499000 	C:\WINDOWS\SYSTEM32\textinputframework.dll
0x00007ffd768f0000 - 0x00007ffd769e2000 	C:\WINDOWS\System32\CoreMessaging.dll
0x00007ffd76000000 - 0x00007ffd7635e000 	C:\WINDOWS\System32\CoreUIComponents.dll
0x00007ffd78910000 - 0x00007ffd78943000 	C:\WINDOWS\SYSTEM32\ntmarta.dll
0x00007ffd75ea0000 - 0x00007ffd75ff4000 	C:\WINDOWS\SYSTEM32\wintypes.dll
0x00007ffd76e00000 - 0x00007ffd76e10000 	C:\Program Files\Java\jdk-17.0.4.1\bin\verify.dll
0x00007ffd6c680000 - 0x00007ffd6c68a000 	C:\Windows\System32\rasadhlp.dll
0x00007ffd725c0000 - 0x00007ffd72640000 	C:\WINDOWS\System32\fwpuclnt.dll
0x00007ffd4bce0000 - 0x00007ffd4bcf1000 	C:\Program Files\Java\jdk-17.0.4.1\bin\jsound.dll
0x00007ffd4a420000 - 0x00007ffd4a4bc000 	C:\WINDOWS\SYSTEM32\DSOUND.dll
0x00007ffd79640000 - 0x00007ffd7968b000 	C:\WINDOWS\SYSTEM32\powrprof.dll
0x00007ffd528a0000 - 0x00007ffd528c6000 	C:\WINDOWS\SYSTEM32\winmmbase.dll
0x00007ffd79620000 - 0x00007ffd79632000 	C:\WINDOWS\SYSTEM32\UMPDC.dll
0x00007ffd7a540000 - 0x00007ffd7a5ef000 	C:\WINDOWS\System32\clbcatq.dll
0x00007ffd74180000 - 0x00007ffd74205000 	C:\WINDOWS\System32\MMDevApi.dll
0x00007ffd79530000 - 0x00007ffd7955c000 	C:\WINDOWS\System32\DEVOBJ.dll
0x00007ffd7a0d0000 - 0x00007ffd7a11e000 	C:\WINDOWS\System32\cfgmgr32.dll
0x00007ffd59ab0000 - 0x00007ffd59af6000 	C:\WINDOWS\SYSTEM32\wdmaud.drv
0x00007ffd72640000 - 0x00007ffd7264a000 	C:\WINDOWS\SYSTEM32\AVRT.dll
0x00007ffd71f20000 - 0x00007ffd71f29000 	C:\WINDOWS\SYSTEM32\ksuser.dll
0x00007ffd5e930000 - 0x00007ffd5eab2000 	C:\WINDOWS\SYSTEM32\AUDIOSES.DLL
0x00007ffd6eb40000 - 0x00007ffd6eb4d000 	C:\WINDOWS\SYSTEM32\msacm32.drv
0x00007ffd5fb40000 - 0x00007ffd5fb5e000 	C:\WINDOWS\SYSTEM32\MSACM32.dll
0x00007ffd5fb30000 - 0x00007ffd5fb3b000 	C:\WINDOWS\SYSTEM32\midimap.dll
0x00007ffd773d0000 - 0x00007ffd773e4000 	C:\WINDOWS\SYSTEM32\resourcepolicyclient.dll

dbghelp: loaded successfully - version: 4.0.5 - missing functions: none
symbol engine: initialized successfully - sym options: 0x614 - pdb path: .;C:\Program Files\Java\jdk-17.0.4.1\bin;C:\WINDOWS\SYSTEM32;C:\WINDOWS\WinSxS\amd64_microsoft.windows.common-controls_6595b64144ccf1df_6.0.19041.1110_none_60b5254171f9507e;C:\Program Files\Java\jdk-17.0.4.1\bin\server

VM Arguments:
jvm_args: -Dfile.encoding=UTF-8 --module-path=C:\Users\VictorHugo\Documents\NetBeansProjects\JustA2Dgame\build\classes 
java_command: main.Main
java_class_path (initial): C:\Users\VictorHugo\Documents\NetBeansProjects\JustA2Dgame\lib\commons-codec-1.10.jar;C:\Users\VictorHugo\Documents\NetBeansProjects\JustA2Dgame\lib\commons-lang3-3.4.jar;C:\Users\VictorHugo\Documents\NetBeansProjects\JustA2Dgame\lib\guava-19.0.jar;C:\Users\VictorHugo\Documents\NetBeansProjects\JustA2Dgame\lib\pircbotx-2.1.jar;C:\Users\VictorHugo\Documents\NetBeansProjects\JustA2Dgame\lib\slf4j-api-1.7.13.jar;C:\Users\VictorHugo\Documents\NetBeansProjects\JustA2Dgame\lib\slf4j-simple-1.7.13.jar;C:\Users\VictorHugo\Documents\NetBeansProjects\JustA2Dgame\build\classes
Launcher Type: SUN_STANDARD

[Global flags]
     intx CICompilerCount                          = 3                                         {product} {ergonomic}
     uint ConcGCThreads                            = 1                                         {product} {ergonomic}
     uint G1ConcRefinementThreads                  = 4                                         {product} {ergonomic}
   size_t G1HeapRegionSize                         = 2097152                                   {product} {ergonomic}
    uintx GCDrainStackTargetSize                   = 64                                        {product} {ergonomic}
   size_t InitialHeapSize                          = 201326592                                 {product} {ergonomic}
   size_t MarkStackSize                            = 4194304                                   {product} {ergonomic}
   size_t MaxHeapSize                              = 3191865344                                {product} {ergonomic}
   size_t MaxNewSize                               = 1914699776                                {product} {ergonomic}
   size_t MinHeapDeltaBytes                        = 2097152                                   {product} {ergonomic}
   size_t MinHeapSize                              = 8388608                                   {product} {ergonomic}
    uintx NonNMethodCodeHeapSize                   = 5832780                                {pd product} {ergonomic}
    uintx NonProfiledCodeHeapSize                  = 122912730                              {pd product} {ergonomic}
    uintx ProfiledCodeHeapSize                     = 122912730                              {pd product} {ergonomic}
    uintx ReservedCodeCacheSize                    = 251658240                              {pd product} {ergonomic}
     bool SegmentedCodeCache                       = true                                      {product} {ergonomic}
   size_t SoftMaxHeapSize                          = 3191865344                             {manageable} {ergonomic}
     bool UseCompressedClassPointers               = true                           {product lp64_product} {ergonomic}
     bool UseCompressedOops                        = true                           {product lp64_product} {ergonomic}
     bool UseG1GC                                  = true                                      {product} {ergonomic}
     bool UseLargePagesIndividualAllocation        = false                                  {pd product} {ergonomic}

Logging:
Log output configuration:
 #0: stdout all=warning uptime,level,tags
 #1: stderr all=off uptime,level,tags

Environment Variables:
JAVA_HOME=C:\Program Files\Java\jdk-17.0.4.1
PATH=C:\Program Files\Common Files\Oracle\Java\javapath;C:\Program Files (x86)\Common Files\Oracle\Java\javapath;C:\ProgramData\Oracle\Java\javapath;C:\Oracle\product\10.1.0\Client_1\bin;C:\Oracle\product\10.1.0\Client_1\jre\1.4.2\bin\client;C:\Oracle\product\10.1.0\Client_1\jre\1.4.2\bin;C:\WINDOWS\system32;C:\WINDOWS;C:\WINDOWS\System32\Wbem;C:\WINDOWS\System32\WindowsPowerShell\v1.0\;C:\php;C:\composer;C:\wamp64\bin\php\php-5.6.31;C:\Program Files (x86)\QuickTime\QTSystem\;C:\Program Files\Microsoft Network Monitor 3\;C:\WINDOWS\System32\OpenSSH\;C:\Program Files\Java\jdk-17.0.4.1\bin;C:\Program Files\Git\cmd;C:\Program Files\nodejs\;C:\Program Files\dotnet\;C:\Program Files\Java\jdk-17.0.4.1\bin;C:\Users\VictorHugo\AppData\Local\Programs\Python\Python310\Scripts\;C:\Users\VictorHugo\AppData\Local\Programs\Python\Python310\;C:\Users\VictorHugo\AppData\Local\Microsoft\WindowsApps;C:\Program Files (x86)\Nmap;C:\Users\VictorHugo\AppData\Roaming\npm;C:\Users\VictorHugo\AppData\Local\Programs\Microsoft VS Code\bin;C:\Users\VictorHugo\.dotnet\tools;
USERNAME=VictorHugo
OS=Windows_NT
PROCESSOR_IDENTIFIER=Intel64 Family 6 Model 58 Stepping 9, GenuineIntel



---------------  S Y S T E M  ---------------

OS:
 Windows 10 , 64 bit Build 19041 (10.0.19041.2251)
OS uptime: 11 days 23:56 hours

CPU: total 4 (initial active 4) (4 cores per cpu, 1 threads per core) family 6 model 58 stepping 9 microcode 0x21, cx8, cmov, fxsr, mmx, sse, sse2, sse3, ssse3, sse4.1, sse4.2, popcnt, tsc, tscinvbit, avx, aes, erms, clmul, vzeroupper, clflush

Memory: 4k page, system-wide physical 12174M (3285M free)
TotalPageFile size 15244M (AvailPageFile size 4M)
current process WorkingSet (physical memory assigned to process): 501M, peak: 521M
current process commit charge ("private bytes"): 577M, peak: 606M

vm_info: Java HotSpot(TM) 64-Bit Server VM (17.0.4.1+1-LTS-2) for windows-amd64 JRE (17.0.4.1+1-LTS-2), built on Aug 16 2022 18:32:06 by "mach5one" with MS VC++ 16.8 / 16.9 (VS2019)

END.
