#
# There is insufficient memory for the Java Runtime Environment to continue.
# Native memory allocation (mmap) failed to map 201326592 bytes for G1 virtual space
# Possible reasons:
#   The system is out of physical RAM or swap space
#   The process is running with CompressedOops enabled, and the Java Heap may be blocking the growth of the native heap
# Possible solutions:
#   Reduce memory load on the system
#   Increase physical memory or swap space
#   Check if swap backing store is full
#   Decrease Java heap size (-Xmx/-Xms)
#   Decrease number of Java threads
#   Decrease Java thread stack sizes (-Xss)
#   Set larger code cache with -XX:ReservedCodeCacheSize=
#   JVM is running with Zero Based Compressed Oops mode in which the Java heap is
#     placed in the first 32GB address space. The Java Heap base address is the
#     maximum limit for the native heap growth. Please use -XX:HeapBaseMinAddress
#     to set the Java Heap base and to place the Java Heap above 32GB virtual address.
# This output file may be truncated or incomplete.
#
#  Out of Memory Error (os_windows.cpp:3535), pid=8872, tid=9508
#
# JRE version:  (17.0.4.1+1) (build )
# Java VM: Java HotSpot(TM) 64-Bit Server VM (17.0.4.1+1-LTS-2, mixed mode, sharing, tiered, compressed oops, compressed class ptrs, g1 gc, windows-amd64)
# No core dump will be written. Minidumps are not enabled by default on client versions of Windows
#

---------------  S U M M A R Y ------------

Command Line: -Dfile.encoding=UTF-8 --module-path=C:\Users\VictorHugo\Documents\NetBeansProjects\JustA2Dgame\build\classes main.Main

Host: Intel(R) Core(TM) i5-3470 CPU @ 3.20GHz, 4 cores, 11G,  Windows 10 , 64 bit Build 19041 (10.0.19041.2251)
Time: Tue Nov 29 09:57:18 2022 E. South America Standard Time elapsed time: 0.010420 seconds (0d 0h 0m 0s)

---------------  T H R E A D  ---------------

Current thread (0x00000219108dd3f0):  JavaThread "Unknown thread" [_thread_in_vm, id=9508, stack(0x0000008eb5100000,0x0000008eb5200000)]

Stack: [0x0000008eb5100000,0x0000008eb5200000]
Native frames: (J=compiled Java code, j=interpreted, Vv=VM code, C=native code)
V  [jvm.dll+0x6723ba]
V  [jvm.dll+0x7d1e34]
V  [jvm.dll+0x7d35de]
V  [jvm.dll+0x7d3c43]
V  [jvm.dll+0x243065]
V  [jvm.dll+0x66f2d9]
V  [jvm.dll+0x663c22]
V  [jvm.dll+0x3011cb]
V  [jvm.dll+0x308766]
V  [jvm.dll+0x35846e]
V  [jvm.dll+0x35869f]
V  [jvm.dll+0x2d83e8]
V  [jvm.dll+0x2d9354]
V  [jvm.dll+0x7a3911]
V  [jvm.dll+0x3662c1]
V  [jvm.dll+0x782d7c]
V  [jvm.dll+0x3e8c1f]
V  [jvm.dll+0x3ea6c1]
C  [jli.dll+0x527b]
C  [ucrtbase.dll+0x21bb2]
C  [KERNEL32.DLL+0x174b4]
C  [ntdll.dll+0x526a1]


---------------  P R O C E S S  ---------------

Threads class SMR info:
_java_thread_list=0x00007ffd4b91a858, length=0, elements={
}

Java Threads: ( => current thread )

Other Threads:
  0x0000021910935db0 GCTaskThread "GC Thread#0" [stack: 0x0000008eb5200000,0x0000008eb5300000] [id=7668]
  0x0000021910943a50 ConcurrentGCThread "G1 Main Marker" [stack: 0x0000008eb5300000,0x0000008eb5400000] [id=5320]
  0x0000021910944b10 ConcurrentGCThread "G1 Conc#0" [stack: 0x0000008eb5400000,0x0000008eb5500000] [id=15448]

[error occurred during error reporting (printing all threads), id 0xc0000005, EXCEPTION_ACCESS_VIOLATION (0xc0000005) at pc=0x00007ffd4b168dd7]

VM state: not at safepoint (not fully initialized)

VM Mutex/Monitor currently owned by a thread:  ([mutex/lock_event])
[0x00000219108d7d10] Heap_lock - owner thread: 0x00000219108dd3f0

Heap address: 0x0000000741c00000, size: 3044 MB, Compressed Oops mode: Zero based, Oop shift amount: 3

CDS archive(s) mapped at: [0x0000000000000000-0x0000000000000000-0x0000000000000000), size 0, SharedBaseAddress: 0x0000000800000000, ArchiveRelocationMode: 0.
Narrow klass base: 0x0000000000000000, Narrow klass shift: 0, Narrow klass range: 0x0

GC Precious Log:
<Empty>

Heap:
 garbage-first heap   total 0K, used 0K [0x0000000741c00000, 0x0000000800000000)
  region size 2048K, 0 young (0K), 0 survivors (0K)

[error occurred during error reporting (printing heap information), id 0xc0000005, EXCEPTION_ACCESS_VIOLATION (0xc0000005) at pc=0x00007ffd4b54b869]

GC Heap History (0 events):
No events

Deoptimization events (0 events):
No events

Classes unloaded (0 events):
No events

Classes redefined (0 events):
No events

Internal exceptions (0 events):
No events

VM Operations (0 events):
No events

Events (1 events):
Event: 0.006 Loaded shared library C:\Program Files\Java\jdk-17.0.4.1\bin\java.dll


Dynamic libraries:
0x00007ff70c9c0000 - 0x00007ff70c9d0000 	C:\Program Files\Java\jdk-17.0.4.1\bin\java.exe
0x00007ffd7c0d0000 - 0x00007ffd7c2c8000 	C:\WINDOWS\SYSTEM32\ntdll.dll
0x00007ffd7a480000 - 0x00007ffd7a53f000 	C:\WINDOWS\System32\KERNEL32.DLL
0x00007ffd79ce0000 - 0x00007ffd79fb2000 	C:\WINDOWS\System32\KERNELBASE.dll
0x00007ffd797d0000 - 0x00007ffd798d0000 	C:\WINDOWS\System32\ucrtbase.dll
0x00007ffd76a20000 - 0x00007ffd76a3a000 	C:\Program Files\Java\jdk-17.0.4.1\bin\VCRUNTIME140.dll
0x00007ffd6c0b0000 - 0x00007ffd6c0c8000 	C:\Program Files\Java\jdk-17.0.4.1\bin\jli.dll
0x00007ffd7a120000 - 0x00007ffd7a1ce000 	C:\WINDOWS\System32\ADVAPI32.dll
0x00007ffd7a5f0000 - 0x00007ffd7a68e000 	C:\WINDOWS\System32\msvcrt.dll
0x00007ffd7aee0000 - 0x00007ffd7af7c000 	C:\WINDOWS\System32\sechost.dll
0x00007ffd7b8b0000 - 0x00007ffd7b9d5000 	C:\WINDOWS\System32\RPCRT4.dll
0x00007ffd7ba80000 - 0x00007ffd7bc1d000 	C:\WINDOWS\System32\USER32.dll
0x00007ffd79b60000 - 0x00007ffd79b82000 	C:\WINDOWS\System32\win32u.dll
0x00007ffd60df0000 - 0x00007ffd6108a000 	C:\WINDOWS\WinSxS\amd64_microsoft.windows.common-controls_6595b64144ccf1df_6.0.19041.1110_none_60b5254171f9507e\COMCTL32.dll
0x00007ffd7aa70000 - 0x00007ffd7aa9b000 	C:\WINDOWS\System32\GDI32.dll
0x00007ffd79fc0000 - 0x00007ffd7a0cf000 	C:\WINDOWS\System32\gdi32full.dll
0x00007ffd79b90000 - 0x00007ffd79c2d000 	C:\WINDOWS\System32\msvcp_win.dll
0x00007ffd71610000 - 0x00007ffd7161a000 	C:\WINDOWS\SYSTEM32\VERSION.dll
0x00007ffd7ba40000 - 0x00007ffd7ba72000 	C:\WINDOWS\System32\IMM32.DLL
0x00007ffd76e90000 - 0x00007ffd76e9c000 	C:\Program Files\Java\jdk-17.0.4.1\bin\vcruntime140_1.dll
0x00007ffd56e10000 - 0x00007ffd56e9d000 	C:\Program Files\Java\jdk-17.0.4.1\bin\msvcp140.dll
0x00007ffd4ae80000 - 0x00007ffd4ba42000 	C:\Program Files\Java\jdk-17.0.4.1\bin\server\jvm.dll
0x00007ffd7aa60000 - 0x00007ffd7aa68000 	C:\WINDOWS\System32\PSAPI.DLL
0x00007ffd66ec0000 - 0x00007ffd66ec9000 	C:\WINDOWS\SYSTEM32\WSOCK32.dll
0x00007ffd672d0000 - 0x00007ffd672f7000 	C:\WINDOWS\SYSTEM32\WINMM.dll
0x00007ffd7ae60000 - 0x00007ffd7aecb000 	C:\WINDOWS\System32\WS2_32.dll
0x00007ffd776b0000 - 0x00007ffd776c2000 	C:\WINDOWS\SYSTEM32\kernel.appcore.dll
0x00007ffd76e40000 - 0x00007ffd76e4a000 	C:\Program Files\Java\jdk-17.0.4.1\bin\jimage.dll
0x00007ffd6aed0000 - 0x00007ffd6b0b4000 	C:\WINDOWS\SYSTEM32\DBGHELP.DLL
0x00007ffd6aea0000 - 0x00007ffd6aecc000 	C:\WINDOWS\SYSTEM32\dbgcore.DLL
0x00007ffd79a60000 - 0x00007ffd79ae2000 	C:\WINDOWS\System32\bcryptPrimitives.dll
0x00007ffd728b0000 - 0x00007ffd728d5000 	C:\Program Files\Java\jdk-17.0.4.1\bin\java.dll

dbghelp: loaded successfully - version: 4.0.5 - missing functions: none
symbol engine: initialized successfully - sym options: 0x614 - pdb path: .;C:\Program Files\Java\jdk-17.0.4.1\bin;C:\WINDOWS\SYSTEM32;C:\WINDOWS\WinSxS\amd64_microsoft.windows.common-controls_6595b64144ccf1df_6.0.19041.1110_none_60b5254171f9507e;C:\Program Files\Java\jdk-17.0.4.1\bin\server

VM Arguments:
jvm_args: -Dfile.encoding=UTF-8 --module-path=C:\Users\VictorHugo\Documents\NetBeansProjects\JustA2Dgame\build\classes 
java_command: main.Main
java_class_path (initial): C:\Users\VictorHugo\Documents\NetBeansProjects\JustA2Dgame\lib\commons-codec-1.10.jar;C:\Users\VictorHugo\Documents\NetBeansProjects\JustA2Dgame\lib\commons-lang3-3.4.jar;C:\Users\VictorHugo\Documents\NetBeansProjects\JustA2Dgame\lib\guava-19.0.jar;C:\Users\VictorHugo\Documents\NetBeansProjects\JustA2Dgame\lib\pircbotx-2.1.jar;C:\Users\VictorHugo\Documents\NetBeansProjects\JustA2Dgame\lib\slf4j-api-1.7.13.jar;C:\Users\VictorHugo\Documents\NetBeansProjects\JustA2Dgame\lib\slf4j-simple-1.7.13.jar;C:\Users\VictorHugo\Documents\NetBeansProjects\JustA2Dgame\build\classes
Launcher Type: SUN_STANDARD

[Global flags]
     intx CICompilerCount                          = 3                                         {product} {ergonomic}
     uint ConcGCThreads                            = 1                                         {product} {ergonomic}
     uint G1ConcRefinementThreads                  = 4                                         {product} {ergonomic}
   size_t G1HeapRegionSize                         = 2097152                                   {product} {ergonomic}
    uintx GCDrainStackTargetSize                   = 64                                        {product} {ergonomic}
   size_t InitialHeapSize                          = 201326592                                 {product} {ergonomic}
   size_t MarkStackSize                            = 4194304                                   {product} {ergonomic}
   size_t MaxHeapSize                              = 3191865344                                {product} {ergonomic}
   size_t MinHeapDeltaBytes                        = 2097152                                   {product} {ergonomic}
   size_t MinHeapSize                              = 8388608                                   {product} {ergonomic}
    uintx NonNMethodCodeHeapSize                   = 5832780                                {pd product} {ergonomic}
    uintx NonProfiledCodeHeapSize                  = 122912730                              {pd product} {ergonomic}
    uintx ProfiledCodeHeapSize                     = 122912730                              {pd product} {ergonomic}
    uintx ReservedCodeCacheSize                    = 251658240                              {pd product} {ergonomic}
     bool SegmentedCodeCache                       = true                                      {product} {ergonomic}
   size_t SoftMaxHeapSize                          = 3191865344                             {manageable} {ergonomic}
     bool UseCompressedClassPointers               = true                           {product lp64_product} {ergonomic}
     bool UseCompressedOops                        = true                           {product lp64_product} {ergonomic}
     bool UseG1GC                                  = true                                      {product} {ergonomic}
     bool UseLargePagesIndividualAllocation        = false                                  {pd product} {ergonomic}

Logging:
Log output configuration:
 #0: stdout all=warning uptime,level,tags
 #1: stderr all=off uptime,level,tags

Environment Variables:
JAVA_HOME=C:\Program Files\Java\jdk-17.0.4.1
PATH=C:\Program Files\Common Files\Oracle\Java\javapath;C:\Program Files (x86)\Common Files\Oracle\Java\javapath;C:\ProgramData\Oracle\Java\javapath;C:\Oracle\product\10.1.0\Client_1\bin;C:\Oracle\product\10.1.0\Client_1\jre\1.4.2\bin\client;C:\Oracle\product\10.1.0\Client_1\jre\1.4.2\bin;C:\WINDOWS\system32;C:\WINDOWS;C:\WINDOWS\System32\Wbem;C:\WINDOWS\System32\WindowsPowerShell\v1.0\;C:\php;C:\composer;C:\wamp64\bin\php\php-5.6.31;C:\Program Files (x86)\QuickTime\QTSystem\;C:\Program Files\Microsoft Network Monitor 3\;C:\WINDOWS\System32\OpenSSH\;C:\Program Files\Java\jdk-17.0.4.1\bin;C:\Program Files\Git\cmd;C:\Program Files\nodejs\;C:\Program Files\dotnet\;C:\Program Files\Java\jdk-17.0.4.1\bin;C:\Users\VictorHugo\AppData\Local\Programs\Python\Python310\Scripts\;C:\Users\VictorHugo\AppData\Local\Programs\Python\Python310\;C:\Users\VictorHugo\AppData\Local\Microsoft\WindowsApps;C:\Program Files (x86)\Nmap;C:\Users\VictorHugo\AppData\Roaming\npm;C:\Users\VictorHugo\AppData\Local\Programs\Microsoft VS Code\bin;C:\Users\VictorHugo\.dotnet\tools;
USERNAME=VictorHugo
OS=Windows_NT
PROCESSOR_IDENTIFIER=Intel64 Family 6 Model 58 Stepping 9, GenuineIntel



---------------  S Y S T E M  ---------------

OS:
 Windows 10 , 64 bit Build 19041 (10.0.19041.2251)
OS uptime: 11 days 21:38 hours

CPU: total 4 (initial active 4) (4 cores per cpu, 1 threads per core) family 6 model 58 stepping 9 microcode 0x21, cx8, cmov, fxsr, mmx, sse, sse2, sse3, ssse3, sse4.1, sse4.2, popcnt, tsc, tscinvbit, avx, aes, erms, clmul, vzeroupper, clflush

Memory: 4k page, system-wide physical 12174M (3082M free)
TotalPageFile size 15244M (AvailPageFile size 147M)
current process WorkingSet (physical memory assigned to process): 10M, peak: 10M
current process commit charge ("private bytes"): 51M, peak: 243M

vm_info: Java HotSpot(TM) 64-Bit Server VM (17.0.4.1+1-LTS-2) for windows-amd64 JRE (17.0.4.1+1-LTS-2), built on Aug 16 2022 18:32:06 by "mach5one" with MS VC++ 16.8 / 16.9 (VS2019)

END.
