#
# There is insufficient memory for the Java Runtime Environment to continue.
# Native memory allocation (mmap) failed to map 25165824 bytes for G1 virtual space
# Possible reasons:
#   The system is out of physical RAM or swap space
#   The process is running with CompressedOops enabled, and the Java Heap may be blocking the growth of the native heap
# Possible solutions:
#   Reduce memory load on the system
#   Increase physical memory or swap space
#   Check if swap backing store is full
#   Decrease Java heap size (-Xmx/-Xms)
#   Decrease number of Java threads
#   Decrease Java thread stack sizes (-Xss)
#   Set larger code cache with -XX:ReservedCodeCacheSize=
#   JVM is running with Zero Based Compressed Oops mode in which the Java heap is
#     placed in the first 32GB address space. The Java Heap base address is the
#     maximum limit for the native heap growth. Please use -XX:HeapBaseMinAddress
#     to set the Java Heap base and to place the Java Heap above 32GB virtual address.
# This output file may be truncated or incomplete.
#
#  Out of Memory Error (os_windows.cpp:3535), pid=8036, tid=2080
#
# JRE version: Java(TM) SE Runtime Environment (17.0.4.1+1) (build 17.0.4.1+1-LTS-2)
# Java VM: Java HotSpot(TM) 64-Bit Server VM (17.0.4.1+1-LTS-2, mixed mode, sharing, tiered, compressed oops, compressed class ptrs, g1 gc, windows-amd64)
# No core dump will be written. Minidumps are not enabled by default on client versions of Windows
#

---------------  S U M M A R Y ------------

Command Line: -Dfile.encoding=UTF-8 --module-path=C:\Users\VictorHugo\Documents\NetBeansProjects\JustA2Dgame\build\classes main.Main

Host: Intel(R) Core(TM) i5-3470 CPU @ 3.20GHz, 4 cores, 11G,  Windows 10 , 64 bit Build 19041 (10.0.19041.2251)
Time: Tue Nov 29 09:58:43 2022 E. South America Standard Time elapsed time: 2.608178 seconds (0d 0h 0m 2s)

---------------  T H R E A D  ---------------

Current thread (0x000001dbfee7baa0):  VMThread "VM Thread" [stack: 0x0000001efb200000,0x0000001efb300000] [id=2080]

Stack: [0x0000001efb200000,0x0000001efb300000]
Native frames: (J=compiled Java code, j=interpreted, Vv=VM code, C=native code)
V  [jvm.dll+0x6723ba]
V  [jvm.dll+0x7d1e34]
V  [jvm.dll+0x7d35de]
V  [jvm.dll+0x7d3c43]
V  [jvm.dll+0x243065]
V  [jvm.dll+0x66f2d9]
V  [jvm.dll+0x663c22]
V  [jvm.dll+0x3011cb]
V  [jvm.dll+0x308766]
V  [jvm.dll+0x35846e]
V  [jvm.dll+0x35869f]
V  [jvm.dll+0x2d83e8]
V  [jvm.dll+0x2db466]
V  [jvm.dll+0x2e5ab8]
V  [jvm.dll+0x319940]
V  [jvm.dll+0x7d811b]
V  [jvm.dll+0x7d8e54]
V  [jvm.dll+0x7d936c]
V  [jvm.dll+0x7d9744]
V  [jvm.dll+0x7d9810]
V  [jvm.dll+0x781fca]
V  [jvm.dll+0x671245]
C  [ucrtbase.dll+0x21bb2]
C  [KERNEL32.DLL+0x174b4]
C  [ntdll.dll+0x526a1]

VM_Operation (0x0000001efaeffa40): G1Concurrent, mode: safepoint, requested by thread 0x000001dbf3032220


---------------  P R O C E S S  ---------------

Threads class SMR info:
_java_thread_list=0x000001db94ba80a0, length=16, elements={
0x000001dbf2fcd610, 0x000001dbfee806a0, 0x000001dbfee83520, 0x000001dbfee94d00,
0x000001dbfee976d0, 0x000001dbfee98080, 0x000001dbfee98a30, 0x000001dbfee9dcd0,
0x000001dbfeea6780, 0x000001dbfeea9180, 0x000001dbff950000, 0x000001dbffa726a0,
0x000001dbffbee040, 0x000001dbffc2e030, 0x000001db94e07850, 0x000001db94ad2570
}

Java Threads: ( => current thread )
  0x000001dbf2fcd610 JavaThread "main" [_thread_blocked, id=15516, stack(0x0000001efac00000,0x0000001efad00000)]
  0x000001dbfee806a0 JavaThread "Reference Handler" daemon [_thread_blocked, id=10864, stack(0x0000001efb300000,0x0000001efb400000)]
  0x000001dbfee83520 JavaThread "Finalizer" daemon [_thread_blocked, id=14768, stack(0x0000001efb400000,0x0000001efb500000)]
  0x000001dbfee94d00 JavaThread "Signal Dispatcher" daemon [_thread_blocked, id=8128, stack(0x0000001efb500000,0x0000001efb600000)]
  0x000001dbfee976d0 JavaThread "Attach Listener" daemon [_thread_blocked, id=15000, stack(0x0000001efb600000,0x0000001efb700000)]
  0x000001dbfee98080 JavaThread "Service Thread" daemon [_thread_blocked, id=12612, stack(0x0000001efb700000,0x0000001efb800000)]
  0x000001dbfee98a30 JavaThread "Monitor Deflation Thread" daemon [_thread_blocked, id=7920, stack(0x0000001efb800000,0x0000001efb900000)]
  0x000001dbfee9dcd0 JavaThread "C2 CompilerThread0" daemon [_thread_blocked, id=17924, stack(0x0000001efb900000,0x0000001efba00000)]
  0x000001dbfeea6780 JavaThread "C1 CompilerThread0" daemon [_thread_blocked, id=8388, stack(0x0000001efba00000,0x0000001efbb00000)]
  0x000001dbfeea9180 JavaThread "Sweeper thread" daemon [_thread_blocked, id=18032, stack(0x0000001efbb00000,0x0000001efbc00000)]
  0x000001dbff950000 JavaThread "Common-Cleaner" daemon [_thread_blocked, id=15716, stack(0x0000001efbc00000,0x0000001efbd00000)]
  0x000001dbffa726a0 JavaThread "Notification Thread" daemon [_thread_blocked, id=10896, stack(0x0000001efbd00000,0x0000001efbe00000)]
  0x000001dbffbee040 JavaThread "Java2D Disposer" daemon [_thread_blocked, id=16292, stack(0x0000001efbf00000,0x0000001efc000000)]
  0x000001dbffc2e030 JavaThread "AWT-Windows" daemon [_thread_in_native, id=14880, stack(0x0000001efc100000,0x0000001efc200000)]
  0x000001db94e07850 JavaThread "AWT-Shutdown" [_thread_blocked, id=11324, stack(0x0000001efc000000,0x0000001efc100000)]
  0x000001db94ad2570 JavaThread "AWT-EventQueue-0" [_thread_blocked, id=15876, stack(0x0000001efc200000,0x0000001efc300000)]

Other Threads:
=>0x000001dbfee7baa0 VMThread "VM Thread" [stack: 0x0000001efb200000,0x0000001efb300000] [id=2080]
  0x000001dbffa3c320 WatcherThread [stack: 0x0000001efbe00000,0x0000001efbf00000] [id=2044]
  0x000001dbf30254a0 GCTaskThread "GC Thread#0" [stack: 0x0000001efad00000,0x0000001efae00000] [id=13124]
  0x000001db94ad5560 GCTaskThread "GC Thread#1" [stack: 0x0000001efc300000,0x0000001efc400000] [id=11344]
  0x000001db94ad5810 GCTaskThread "GC Thread#2" [stack: 0x0000001efc400000,0x0000001efc500000] [id=9188]
  0x000001db94ad5ac0 GCTaskThread "GC Thread#3" [stack: 0x0000001efc500000,0x0000001efc600000] [id=17872]
  0x000001dbf3032220 ConcurrentGCThread "G1 Main Marker" [stack: 0x0000001efae00000,0x0000001efaf00000] [id=11108]
  0x000001dbf3032c30 ConcurrentGCThread "G1 Conc#0" [stack: 0x0000001efaf00000,0x0000001efb000000] [id=16344]
  0x000001dbf3093d50 ConcurrentGCThread "G1 Refine#0" [stack: 0x0000001efb000000,0x0000001efb100000] [id=16556]
  0x000001dbf3094770 ConcurrentGCThread "G1 Service" [stack: 0x0000001efb100000,0x0000001efb200000] [id=16708]

Threads with active compile tasks:
C1 CompilerThread0     2656 1639  s    3       java.awt.ColorPaintContext::getRaster (88 bytes)

VM state: at safepoint (normal execution)

VM Mutex/Monitor currently owned by a thread:  ([mutex/lock_event])
[0x000001dbf2fc9cc0] Threads_lock - owner thread: 0x000001dbfee7baa0
[0x000001dbf2fca920] Heap_lock - owner thread: 0x000001dbf3032220

Heap address: 0x0000000741c00000, size: 3044 MB, Compressed Oops mode: Zero based, Oop shift amount: 3

CDS archive(s) mapped at: [0x0000000800000000-0x0000000800bc0000-0x0000000800bc0000), size 12320768, SharedBaseAddress: 0x0000000800000000, ArchiveRelocationMode: 0.
Compressed class space mapped at: 0x0000000800c00000-0x0000000840c00000, reserved size: 1073741824
Narrow klass base: 0x0000000800000000, Narrow klass shift: 0, Narrow klass range: 0x100000000

GC Precious Log:
 CPUs: 4 total, 4 available
 Memory: 12174M
 Large Page Support: Disabled
 NUMA Support: Disabled
 Compressed Oops: Enabled (Zero based)
 Heap Region Size: 2M
 Heap Min Capacity: 8M
 Heap Initial Capacity: 192M
 Heap Max Capacity: 3044M
 Pre-touch: Disabled
 Parallel Workers: 4
 Concurrent Workers: 1
 Concurrent Refinement Workers: 4
 Periodic GC: Disabled

Heap:
 garbage-first heap   total 403456K, used 253712K [0x0000000741c00000, 0x0000000800000000)
  region size 2048K, 7 young (14336K), 6 survivors (12288K)
 Metaspace       used 8351K, committed 8576K, reserved 1056768K
  class space    used 863K, committed 960K, reserved 1048576K

Heap Regions: E=young(eden), S=young(survivor), O=old, HS=humongous(starts), HC=humongous(continues), CS=collection set, F=free, OA=open archive, CA=closed archive, TAMS=top-at-mark-start (previous, next)
|   0|0x0000000741c00000, 0x0000000741e00000, 0x0000000741e00000|100%| O|  |TAMS 0x0000000741e00000, 0x0000000741c00000| Untracked 
|   1|0x0000000741e00000, 0x0000000741fc4200, 0x0000000742000000| 88%| O|  |TAMS 0x0000000741eaac00, 0x0000000741e00000| Updating 
|   2|0x0000000742000000, 0x0000000742200000, 0x0000000742200000|100%|HS|  |TAMS 0x0000000742200000, 0x0000000742000000| Complete 
|   3|0x0000000742200000, 0x0000000742400000, 0x0000000742400000|100%|HC|  |TAMS 0x0000000742400000, 0x0000000742200000| Complete 
|   4|0x0000000742400000, 0x0000000742600000, 0x0000000742600000|100%|HC|  |TAMS 0x0000000742600000, 0x0000000742400000| Complete 
|   5|0x0000000742600000, 0x0000000742800000, 0x0000000742800000|100%|HC|  |TAMS 0x0000000742800000, 0x0000000742600000| Complete 
|   6|0x0000000742800000, 0x0000000742a00000, 0x0000000742a00000|100%|HC|  |TAMS 0x0000000742a00000, 0x0000000742800000| Complete 
|   7|0x0000000742a00000, 0x0000000742c00000, 0x0000000742c00000|100%|HC|  |TAMS 0x0000000742c00000, 0x0000000742a00000| Complete 
|   8|0x0000000742c00000, 0x0000000742e00000, 0x0000000742e00000|100%|HC|  |TAMS 0x0000000742e00000, 0x0000000742c00000| Complete 
|   9|0x0000000742e00000, 0x0000000743000000, 0x0000000743000000|100%|HC|  |TAMS 0x0000000743000000, 0x0000000742e00000| Complete 
|  10|0x0000000743000000, 0x0000000743200000, 0x0000000743200000|100%|HC|  |TAMS 0x0000000743200000, 0x0000000743000000| Complete 
|  11|0x0000000743200000, 0x0000000743400000, 0x0000000743400000|100%|HC|  |TAMS 0x0000000743400000, 0x0000000743200000| Complete 
|  12|0x0000000743400000, 0x0000000743600000, 0x0000000743600000|100%|HC|  |TAMS 0x0000000743600000, 0x0000000743400000| Complete 
|  13|0x0000000743600000, 0x0000000743800000, 0x0000000743800000|100%|HS|  |TAMS 0x0000000743800000, 0x0000000743600000| Complete 
|  14|0x0000000743800000, 0x0000000743a00000, 0x0000000743a00000|100%|HC|  |TAMS 0x0000000743a00000, 0x0000000743800000| Complete 
|  15|0x0000000743a00000, 0x0000000743c00000, 0x0000000743c00000|100%|HC|  |TAMS 0x0000000743c00000, 0x0000000743a00000| Complete 
|  16|0x0000000743c00000, 0x0000000743e00000, 0x0000000743e00000|100%|HC|  |TAMS 0x0000000743e00000, 0x0000000743c00000| Complete 
|  17|0x0000000743e00000, 0x0000000744000000, 0x0000000744000000|100%|HC|  |TAMS 0x0000000744000000, 0x0000000743e00000| Complete 
|  18|0x0000000744000000, 0x0000000744200000, 0x0000000744200000|100%|HC|  |TAMS 0x0000000744200000, 0x0000000744000000| Complete 
|  19|0x0000000744200000, 0x0000000744400000, 0x0000000744400000|100%|HC|  |TAMS 0x0000000744400000, 0x0000000744200000| Complete 
|  20|0x0000000744400000, 0x0000000744600000, 0x0000000744600000|100%|HC|  |TAMS 0x0000000744600000, 0x0000000744400000| Complete 
|  21|0x0000000744600000, 0x0000000744800000, 0x0000000744800000|100%|HC|  |TAMS 0x0000000744800000, 0x0000000744600000| Complete 
|  22|0x0000000744800000, 0x0000000744a00000, 0x0000000744a00000|100%|HC|  |TAMS 0x0000000744a00000, 0x0000000744800000| Complete 
|  23|0x0000000744a00000, 0x0000000744c00000, 0x0000000744c00000|100%|HC|  |TAMS 0x0000000744c00000, 0x0000000744a00000| Complete 
|  24|0x0000000744c00000, 0x0000000744e00000, 0x0000000744e00000|100%|HS|  |TAMS 0x0000000744e00000, 0x0000000744c00000| Complete 
|  25|0x0000000744e00000, 0x0000000745000000, 0x0000000745000000|100%|HC|  |TAMS 0x0000000745000000, 0x0000000744e00000| Complete 
|  26|0x0000000745000000, 0x0000000745200000, 0x0000000745200000|100%|HC|  |TAMS 0x0000000745200000, 0x0000000745000000| Complete 
|  27|0x0000000745200000, 0x0000000745400000, 0x0000000745400000|100%|HC|  |TAMS 0x0000000745400000, 0x0000000745200000| Complete 
|  28|0x0000000745400000, 0x0000000745600000, 0x0000000745600000|100%|HC|  |TAMS 0x0000000745600000, 0x0000000745400000| Complete 
|  29|0x0000000745600000, 0x0000000745800000, 0x0000000745800000|100%|HC|  |TAMS 0x0000000745800000, 0x0000000745600000| Complete 
|  30|0x0000000745800000, 0x0000000745a00000, 0x0000000745a00000|100%|HC|  |TAMS 0x0000000745a00000, 0x0000000745800000| Complete 
|  31|0x0000000745a00000, 0x0000000745c00000, 0x0000000745c00000|100%|HC|  |TAMS 0x0000000745c00000, 0x0000000745a00000| Complete 
|  32|0x0000000745c00000, 0x0000000745e00000, 0x0000000745e00000|100%|HC|  |TAMS 0x0000000745e00000, 0x0000000745c00000| Complete 
|  33|0x0000000745e00000, 0x0000000746000000, 0x0000000746000000|100%|HC|  |TAMS 0x0000000746000000, 0x0000000745e00000| Complete 
|  34|0x0000000746000000, 0x0000000746200000, 0x0000000746200000|100%|HC|  |TAMS 0x0000000746200000, 0x0000000746000000| Complete 
|  35|0x0000000746200000, 0x0000000746400000, 0x0000000746400000|100%|HS|  |TAMS 0x0000000746400000, 0x0000000746200000| Complete 
|  36|0x0000000746400000, 0x0000000746600000, 0x0000000746600000|100%|HC|  |TAMS 0x0000000746600000, 0x0000000746400000| Complete 
|  37|0x0000000746600000, 0x0000000746800000, 0x0000000746800000|100%|HC|  |TAMS 0x0000000746800000, 0x0000000746600000| Complete 
|  38|0x0000000746800000, 0x0000000746a00000, 0x0000000746a00000|100%|HC|  |TAMS 0x0000000746a00000, 0x0000000746800000| Complete 
|  39|0x0000000746a00000, 0x0000000746c00000, 0x0000000746c00000|100%|HC|  |TAMS 0x0000000746c00000, 0x0000000746a00000| Complete 
|  40|0x0000000746c00000, 0x0000000746e00000, 0x0000000746e00000|100%|HC|  |TAMS 0x0000000746e00000, 0x0000000746c00000| Complete 
|  41|0x0000000746e00000, 0x0000000747000000, 0x0000000747000000|100%|HC|  |TAMS 0x0000000747000000, 0x0000000746e00000| Complete 
|  42|0x0000000747000000, 0x0000000747200000, 0x0000000747200000|100%|HC|  |TAMS 0x0000000747200000, 0x0000000747000000| Complete 
|  43|0x0000000747200000, 0x0000000747400000, 0x0000000747400000|100%|HC|  |TAMS 0x0000000747400000, 0x0000000747200000| Complete 
|  44|0x0000000747400000, 0x0000000747600000, 0x0000000747600000|100%|HC|  |TAMS 0x0000000747600000, 0x0000000747400000| Complete 
|  45|0x0000000747600000, 0x0000000747800000, 0x0000000747800000|100%|HC|  |TAMS 0x0000000747800000, 0x0000000747600000| Complete 
|  46|0x0000000747800000, 0x0000000747a00000, 0x0000000747a00000|100%|HS|  |TAMS 0x0000000747a00000, 0x0000000747800000| Complete 
|  47|0x0000000747a00000, 0x0000000747c00000, 0x0000000747c00000|100%|HC|  |TAMS 0x0000000747c00000, 0x0000000747a00000| Complete 
|  48|0x0000000747c00000, 0x0000000747e00000, 0x0000000747e00000|100%|HC|  |TAMS 0x0000000747e00000, 0x0000000747c00000| Complete 
|  49|0x0000000747e00000, 0x0000000748000000, 0x0000000748000000|100%|HC|  |TAMS 0x0000000748000000, 0x0000000747e00000| Complete 
|  50|0x0000000748000000, 0x0000000748200000, 0x0000000748200000|100%|HC|  |TAMS 0x0000000748200000, 0x0000000748000000| Complete 
|  51|0x0000000748200000, 0x0000000748400000, 0x0000000748400000|100%|HC|  |TAMS 0x0000000748400000, 0x0000000748200000| Complete 
|  52|0x0000000748400000, 0x0000000748600000, 0x0000000748600000|100%|HC|  |TAMS 0x0000000748600000, 0x0000000748400000| Complete 
|  53|0x0000000748600000, 0x0000000748800000, 0x0000000748800000|100%|HC|  |TAMS 0x0000000748800000, 0x0000000748600000| Complete 
|  54|0x0000000748800000, 0x0000000748a00000, 0x0000000748a00000|100%|HC|  |TAMS 0x0000000748a00000, 0x0000000748800000| Complete 
|  55|0x0000000748a00000, 0x0000000748c00000, 0x0000000748c00000|100%|HC|  |TAMS 0x0000000748c00000, 0x0000000748a00000| Complete 
|  56|0x0000000748c00000, 0x0000000748e00000, 0x0000000748e00000|100%|HC|  |TAMS 0x0000000748e00000, 0x0000000748c00000| Complete 
|  57|0x0000000748e00000, 0x0000000749000000, 0x0000000749000000|100%|HS|  |TAMS 0x0000000749000000, 0x0000000748e00000| Complete 
|  58|0x0000000749000000, 0x0000000749200000, 0x0000000749200000|100%|HC|  |TAMS 0x0000000749200000, 0x0000000749000000| Complete 
|  59|0x0000000749200000, 0x0000000749400000, 0x0000000749400000|100%|HC|  |TAMS 0x0000000749400000, 0x0000000749200000| Complete 
|  60|0x0000000749400000, 0x0000000749600000, 0x0000000749600000|100%|HC|  |TAMS 0x0000000749600000, 0x0000000749400000| Complete 
|  61|0x0000000749600000, 0x0000000749800000, 0x0000000749800000|100%|HC|  |TAMS 0x0000000749800000, 0x0000000749600000| Complete 
|  62|0x0000000749800000, 0x0000000749a00000, 0x0000000749a00000|100%|HC|  |TAMS 0x0000000749a00000, 0x0000000749800000| Complete 
|  63|0x0000000749a00000, 0x0000000749c00000, 0x0000000749c00000|100%|HC|  |TAMS 0x0000000749c00000, 0x0000000749a00000| Complete 
|  64|0x0000000749c00000, 0x0000000749e00000, 0x0000000749e00000|100%|HC|  |TAMS 0x0000000749e00000, 0x0000000749c00000| Complete 
|  65|0x0000000749e00000, 0x000000074a000000, 0x000000074a000000|100%|HC|  |TAMS 0x000000074a000000, 0x0000000749e00000| Complete 
|  66|0x000000074a000000, 0x000000074a200000, 0x000000074a200000|100%|HC|  |TAMS 0x000000074a200000, 0x000000074a000000| Complete 
|  67|0x000000074a200000, 0x000000074a400000, 0x000000074a400000|100%|HC|  |TAMS 0x000000074a400000, 0x000000074a200000| Complete 
|  68|0x000000074a400000, 0x000000074a600000, 0x000000074a600000|100%|HS|  |TAMS 0x000000074a600000, 0x000000074a400000| Complete 
|  69|0x000000074a600000, 0x000000074a800000, 0x000000074a800000|100%|HC|  |TAMS 0x000000074a800000, 0x000000074a600000| Complete 
|  70|0x000000074a800000, 0x000000074aa00000, 0x000000074aa00000|100%|HC|  |TAMS 0x000000074aa00000, 0x000000074a800000| Complete 
|  71|0x000000074aa00000, 0x000000074ac00000, 0x000000074ac00000|100%|HC|  |TAMS 0x000000074ac00000, 0x000000074aa00000| Complete 
|  72|0x000000074ac00000, 0x000000074ae00000, 0x000000074ae00000|100%|HC|  |TAMS 0x000000074ae00000, 0x000000074ac00000| Complete 
|  73|0x000000074ae00000, 0x000000074b000000, 0x000000074b000000|100%|HC|  |TAMS 0x000000074b000000, 0x000000074ae00000| Complete 
|  74|0x000000074b000000, 0x000000074b200000, 0x000000074b200000|100%|HC|  |TAMS 0x000000074b200000, 0x000000074b000000| Complete 
|  75|0x000000074b200000, 0x000000074b400000, 0x000000074b400000|100%|HC|  |TAMS 0x000000074b400000, 0x000000074b200000| Complete 
|  76|0x000000074b400000, 0x000000074b600000, 0x000000074b600000|100%|HC|  |TAMS 0x000000074b600000, 0x000000074b400000| Complete 
|  77|0x000000074b600000, 0x000000074b800000, 0x000000074b800000|100%|HC|  |TAMS 0x000000074b800000, 0x000000074b600000| Complete 
|  78|0x000000074b800000, 0x000000074ba00000, 0x000000074ba00000|100%|HC|  |TAMS 0x000000074ba00000, 0x000000074b800000| Complete 
|  79|0x000000074ba00000, 0x000000074bc00000, 0x000000074bc00000|100%|HS|  |TAMS 0x000000074bc00000, 0x000000074ba00000| Complete 
|  80|0x000000074bc00000, 0x000000074be00000, 0x000000074be00000|100%|HC|  |TAMS 0x000000074be00000, 0x000000074bc00000| Complete 
|  81|0x000000074be00000, 0x000000074c000000, 0x000000074c000000|100%|HC|  |TAMS 0x000000074c000000, 0x000000074be00000| Complete 
|  82|0x000000074c000000, 0x000000074c200000, 0x000000074c200000|100%|HC|  |TAMS 0x000000074c200000, 0x000000074c000000| Complete 
|  83|0x000000074c200000, 0x000000074c400000, 0x000000074c400000|100%|HC|  |TAMS 0x000000074c400000, 0x000000074c200000| Complete 
|  84|0x000000074c400000, 0x000000074c600000, 0x000000074c600000|100%|HC|  |TAMS 0x000000074c600000, 0x000000074c400000| Complete 
|  85|0x000000074c600000, 0x000000074c800000, 0x000000074c800000|100%|HC|  |TAMS 0x000000074c800000, 0x000000074c600000| Complete 
|  86|0x000000074c800000, 0x000000074ca00000, 0x000000074ca00000|100%|HC|  |TAMS 0x000000074ca00000, 0x000000074c800000| Complete 
|  87|0x000000074ca00000, 0x000000074cc00000, 0x000000074cc00000|100%|HC|  |TAMS 0x000000074cc00000, 0x000000074ca00000| Complete 
|  88|0x000000074cc00000, 0x000000074ce00000, 0x000000074ce00000|100%|HC|  |TAMS 0x000000074ce00000, 0x000000074cc00000| Complete 
|  89|0x000000074ce00000, 0x000000074d000000, 0x000000074d000000|100%|HC|  |TAMS 0x000000074d000000, 0x000000074ce00000| Complete 
|  90|0x000000074d000000, 0x000000074d200000, 0x000000074d200000|100%|HS|  |TAMS 0x000000074d200000, 0x000000074d000000| Complete 
|  91|0x000000074d200000, 0x000000074d400000, 0x000000074d400000|100%|HC|  |TAMS 0x000000074d400000, 0x000000074d200000| Complete 
|  92|0x000000074d400000, 0x000000074d600000, 0x000000074d600000|100%|HC|  |TAMS 0x000000074d600000, 0x000000074d400000| Complete 
|  93|0x000000074d600000, 0x000000074d800000, 0x000000074d800000|100%|HC|  |TAMS 0x000000074d800000, 0x000000074d600000| Complete 
|  94|0x000000074d800000, 0x000000074da00000, 0x000000074da00000|100%|HC|  |TAMS 0x000000074da00000, 0x000000074d800000| Complete 
|  95|0x000000074da00000, 0x000000074dc00000, 0x000000074dc00000|100%|HC|  |TAMS 0x000000074dc00000, 0x000000074da00000| Complete 
|  96|0x000000074dc00000, 0x000000074de00000, 0x000000074de00000|100%|HC|  |TAMS 0x000000074de00000, 0x000000074dc00000| Complete 
|  97|0x000000074de00000, 0x000000074e000000, 0x000000074e000000|100%|HC|  |TAMS 0x000000074e000000, 0x000000074de00000| Complete 
|  98|0x000000074e000000, 0x000000074e200000, 0x000000074e200000|100%|HC|  |TAMS 0x000000074e200000, 0x000000074e000000| Complete 
|  99|0x000000074e200000, 0x000000074e400000, 0x000000074e400000|100%|HC|  |TAMS 0x000000074e400000, 0x000000074e200000| Complete 
| 100|0x000000074e400000, 0x000000074e600000, 0x000000074e600000|100%|HC|  |TAMS 0x000000074e600000, 0x000000074e400000| Complete 
| 101|0x000000074e600000, 0x000000074e800000, 0x000000074e800000|100%|HS|  |TAMS 0x000000074e800000, 0x000000074e600000| Complete 
| 102|0x000000074e800000, 0x000000074ea00000, 0x000000074ea00000|100%|HC|  |TAMS 0x000000074ea00000, 0x000000074e800000| Complete 
| 103|0x000000074ea00000, 0x000000074ec00000, 0x000000074ec00000|100%|HC|  |TAMS 0x000000074ec00000, 0x000000074ea00000| Complete 
| 104|0x000000074ec00000, 0x000000074ee00000, 0x000000074ee00000|100%|HC|  |TAMS 0x000000074ee00000, 0x000000074ec00000| Complete 
| 105|0x000000074ee00000, 0x000000074f000000, 0x000000074f000000|100%|HC|  |TAMS 0x000000074f000000, 0x000000074ee00000| Complete 
| 106|0x000000074f000000, 0x000000074f200000, 0x000000074f200000|100%|HC|  |TAMS 0x000000074f200000, 0x000000074f000000| Complete 
| 107|0x000000074f200000, 0x000000074f400000, 0x000000074f400000|100%|HC|  |TAMS 0x000000074f400000, 0x000000074f200000| Complete 
| 108|0x000000074f400000, 0x000000074f600000, 0x000000074f600000|100%|HC|  |TAMS 0x000000074f600000, 0x000000074f400000| Complete 
| 109|0x000000074f600000, 0x000000074f800000, 0x000000074f800000|100%|HC|  |TAMS 0x000000074f800000, 0x000000074f600000| Complete 
| 110|0x000000074f800000, 0x000000074fa00000, 0x000000074fa00000|100%|HC|  |TAMS 0x000000074fa00000, 0x000000074f800000| Complete 
| 111|0x000000074fa00000, 0x000000074fc00000, 0x000000074fc00000|100%|HC|  |TAMS 0x000000074fc00000, 0x000000074fa00000| Complete 
| 112|0x000000074fc00000, 0x000000074fe00000, 0x000000074fe00000|100%|HS|  |TAMS 0x000000074fe00000, 0x000000074fc00000| Complete 
| 113|0x000000074fe00000, 0x0000000750000000, 0x0000000750000000|100%|HC|  |TAMS 0x0000000750000000, 0x000000074fe00000| Complete 
| 114|0x0000000750000000, 0x0000000750200000, 0x0000000750200000|100%|HC|  |TAMS 0x0000000750200000, 0x0000000750000000| Complete 
| 115|0x0000000750200000, 0x0000000750400000, 0x0000000750400000|100%|HS|  |TAMS 0x0000000750200000, 0x0000000750200000| Complete 
| 116|0x0000000750400000, 0x0000000750600000, 0x0000000750600000|100%|HC|  |TAMS 0x0000000750400000, 0x0000000750400000| Complete 
| 117|0x0000000750600000, 0x0000000750800000, 0x0000000750800000|100%|HC|  |TAMS 0x0000000750600000, 0x0000000750600000| Complete 
| 118|0x0000000750800000, 0x0000000750800000, 0x0000000750a00000|  0%| F|  |TAMS 0x0000000750800000, 0x0000000750800000| Untracked 
| 119|0x0000000750a00000, 0x0000000750a00000, 0x0000000750c00000|  0%| F|  |TAMS 0x0000000750a00000, 0x0000000750a00000| Untracked 
| 120|0x0000000750c00000, 0x0000000750c00000, 0x0000000750e00000|  0%| F|  |TAMS 0x0000000750c00000, 0x0000000750c00000| Untracked 
| 121|0x0000000750e00000, 0x0000000750e00000, 0x0000000751000000|  0%| F|  |TAMS 0x0000000750e00000, 0x0000000750e00000| Untracked 
| 122|0x0000000751000000, 0x0000000751000000, 0x0000000751200000|  0%| F|  |TAMS 0x0000000751000000, 0x0000000751000000| Untracked 
| 123|0x0000000751200000, 0x0000000751200000, 0x0000000751400000|  0%| F|  |TAMS 0x0000000751200000, 0x0000000751200000| Untracked 
| 124|0x0000000751400000, 0x0000000751400000, 0x0000000751600000|  0%| F|  |TAMS 0x0000000751400000, 0x0000000751400000| Untracked 
| 125|0x0000000751600000, 0x0000000751600000, 0x0000000751800000|  0%| F|  |TAMS 0x0000000751600000, 0x0000000751600000| Untracked 
| 126|0x0000000751800000, 0x0000000751800000, 0x0000000751a00000|  0%| F|  |TAMS 0x0000000751800000, 0x0000000751800000| Untracked 
| 127|0x0000000751a00000, 0x0000000751a00000, 0x0000000751c00000|  0%| F|  |TAMS 0x0000000751a00000, 0x0000000751a00000| Untracked 
| 128|0x0000000751c00000, 0x0000000751c00000, 0x0000000751e00000|  0%| F|  |TAMS 0x0000000751c00000, 0x0000000751c00000| Untracked 
| 129|0x0000000751e00000, 0x0000000751e00000, 0x0000000752000000|  0%| F|  |TAMS 0x0000000751e00000, 0x0000000751e00000| Untracked 
| 130|0x0000000752000000, 0x0000000752000000, 0x0000000752200000|  0%| F|  |TAMS 0x0000000752000000, 0x0000000752000000| Untracked 
| 131|0x0000000752200000, 0x0000000752200000, 0x0000000752400000|  0%| F|  |TAMS 0x0000000752200000, 0x0000000752200000| Untracked 
| 132|0x0000000752400000, 0x0000000752400000, 0x0000000752600000|  0%| F|  |TAMS 0x0000000752400000, 0x0000000752400000| Untracked 
| 133|0x0000000752600000, 0x0000000752600000, 0x0000000752800000|  0%| F|  |TAMS 0x0000000752600000, 0x0000000752600000| Untracked 
| 134|0x0000000752800000, 0x0000000752800000, 0x0000000752a00000|  0%| F|  |TAMS 0x0000000752800000, 0x0000000752800000| Untracked 
| 135|0x0000000752a00000, 0x0000000752a00000, 0x0000000752c00000|  0%| F|  |TAMS 0x0000000752a00000, 0x0000000752a00000| Untracked 
| 136|0x0000000752c00000, 0x0000000752c00000, 0x0000000752e00000|  0%| F|  |TAMS 0x0000000752c00000, 0x0000000752c00000| Untracked 
| 137|0x0000000752e00000, 0x0000000752e00000, 0x0000000753000000|  0%| F|  |TAMS 0x0000000752e00000, 0x0000000752e00000| Untracked 
| 138|0x0000000753000000, 0x0000000753000000, 0x0000000753200000|  0%| F|  |TAMS 0x0000000753000000, 0x0000000753000000| Untracked 
| 139|0x0000000753200000, 0x0000000753200000, 0x0000000753400000|  0%| F|  |TAMS 0x0000000753200000, 0x0000000753200000| Untracked 
| 140|0x0000000753400000, 0x0000000753400000, 0x0000000753600000|  0%| F|  |TAMS 0x0000000753400000, 0x0000000753400000| Untracked 
| 141|0x0000000753600000, 0x0000000753600000, 0x0000000753800000|  0%| F|  |TAMS 0x0000000753600000, 0x0000000753600000| Untracked 
| 142|0x0000000753800000, 0x0000000753800000, 0x0000000753a00000|  0%| F|  |TAMS 0x0000000753800000, 0x0000000753800000| Untracked 
| 143|0x0000000753a00000, 0x0000000753a00000, 0x0000000753c00000|  0%| F|  |TAMS 0x0000000753a00000, 0x0000000753a00000| Untracked 
| 144|0x0000000753c00000, 0x0000000753c00000, 0x0000000753e00000|  0%| F|  |TAMS 0x0000000753c00000, 0x0000000753c00000| Untracked 
| 145|0x0000000753e00000, 0x0000000753e00000, 0x0000000754000000|  0%| F|  |TAMS 0x0000000753e00000, 0x0000000753e00000| Untracked 
| 146|0x0000000754000000, 0x0000000754000000, 0x0000000754200000|  0%| F|  |TAMS 0x0000000754000000, 0x0000000754000000| Untracked 
| 147|0x0000000754200000, 0x0000000754200000, 0x0000000754400000|  0%| F|  |TAMS 0x0000000754200000, 0x0000000754200000| Untracked 
| 148|0x0000000754400000, 0x0000000754400000, 0x0000000754600000|  0%| F|  |TAMS 0x0000000754400000, 0x0000000754400000| Untracked 
| 149|0x0000000754600000, 0x0000000754600000, 0x0000000754800000|  0%| F|  |TAMS 0x0000000754600000, 0x0000000754600000| Untracked 
| 150|0x0000000754800000, 0x0000000754800000, 0x0000000754a00000|  0%| F|  |TAMS 0x0000000754800000, 0x0000000754800000| Untracked 
| 151|0x0000000754a00000, 0x0000000754a00000, 0x0000000754c00000|  0%| F|  |TAMS 0x0000000754a00000, 0x0000000754a00000| Untracked 
| 152|0x0000000754c00000, 0x0000000754c00000, 0x0000000754e00000|  0%| F|  |TAMS 0x0000000754c00000, 0x0000000754c00000| Untracked 
| 153|0x0000000754e00000, 0x0000000754e00000, 0x0000000755000000|  0%| F|  |TAMS 0x0000000754e00000, 0x0000000754e00000| Untracked 
| 154|0x0000000755000000, 0x0000000755000000, 0x0000000755200000|  0%| F|  |TAMS 0x0000000755000000, 0x0000000755000000| Untracked 
| 155|0x0000000755200000, 0x0000000755200000, 0x0000000755400000|  0%| F|  |TAMS 0x0000000755200000, 0x0000000755200000| Untracked 
| 156|0x0000000755400000, 0x0000000755400000, 0x0000000755600000|  0%| F|  |TAMS 0x0000000755400000, 0x0000000755400000| Untracked 
| 157|0x0000000755600000, 0x0000000755600000, 0x0000000755800000|  0%| F|  |TAMS 0x0000000755600000, 0x0000000755600000| Untracked 
| 158|0x0000000755800000, 0x0000000755800000, 0x0000000755a00000|  0%| F|  |TAMS 0x0000000755800000, 0x0000000755800000| Untracked 
| 159|0x0000000755a00000, 0x0000000755a00000, 0x0000000755c00000|  0%| F|  |TAMS 0x0000000755a00000, 0x0000000755a00000| Untracked 
| 160|0x0000000755c00000, 0x0000000755c00000, 0x0000000755e00000|  0%| F|  |TAMS 0x0000000755c00000, 0x0000000755c00000| Untracked 
| 161|0x0000000755e00000, 0x0000000755e00000, 0x0000000756000000|  0%| F|  |TAMS 0x0000000755e00000, 0x0000000755e00000| Untracked 
| 162|0x0000000756000000, 0x0000000756000000, 0x0000000756200000|  0%| F|  |TAMS 0x0000000756000000, 0x0000000756000000| Untracked 
| 163|0x0000000756200000, 0x0000000756200000, 0x0000000756400000|  0%| F|  |TAMS 0x0000000756200000, 0x0000000756200000| Untracked 
| 164|0x0000000756400000, 0x0000000756400000, 0x0000000756600000|  0%| F|  |TAMS 0x0000000756400000, 0x0000000756400000| Untracked 
| 165|0x0000000756600000, 0x0000000756600000, 0x0000000756800000|  0%| F|  |TAMS 0x0000000756600000, 0x0000000756600000| Untracked 
| 166|0x0000000756800000, 0x0000000756800000, 0x0000000756a00000|  0%| F|  |TAMS 0x0000000756800000, 0x0000000756800000| Untracked 
| 167|0x0000000756a00000, 0x0000000756a00000, 0x0000000756c00000|  0%| F|  |TAMS 0x0000000756a00000, 0x0000000756a00000| Untracked 
| 168|0x0000000756c00000, 0x0000000756c00000, 0x0000000756e00000|  0%| F|  |TAMS 0x0000000756c00000, 0x0000000756c00000| Untracked 
| 169|0x0000000756e00000, 0x0000000756e00000, 0x0000000757000000|  0%| F|  |TAMS 0x0000000756e00000, 0x0000000756e00000| Untracked 
| 170|0x0000000757000000, 0x0000000757000000, 0x0000000757200000|  0%| F|  |TAMS 0x0000000757000000, 0x0000000757000000| Untracked 
| 171|0x0000000757200000, 0x0000000757200000, 0x0000000757400000|  0%| F|  |TAMS 0x0000000757200000, 0x0000000757200000| Untracked 
| 172|0x0000000757400000, 0x0000000757400000, 0x0000000757600000|  0%| F|  |TAMS 0x0000000757400000, 0x0000000757400000| Untracked 
| 173|0x0000000757600000, 0x0000000757600000, 0x0000000757800000|  0%| F|  |TAMS 0x0000000757600000, 0x0000000757600000| Untracked 
| 174|0x0000000757800000, 0x0000000757800000, 0x0000000757a00000|  0%| F|  |TAMS 0x0000000757800000, 0x0000000757800000| Untracked 
| 175|0x0000000757a00000, 0x0000000757a00000, 0x0000000757c00000|  0%| F|  |TAMS 0x0000000757a00000, 0x0000000757a00000| Untracked 
| 176|0x0000000757c00000, 0x0000000757e00000, 0x0000000757e00000|100%| S|CS|TAMS 0x0000000757c00000, 0x0000000757c00000| Complete 
| 177|0x0000000757e00000, 0x0000000758000000, 0x0000000758000000|100%| S|CS|TAMS 0x0000000757e00000, 0x0000000757e00000| Complete 
| 178|0x0000000758000000, 0x0000000758200000, 0x0000000758200000|100%| S|CS|TAMS 0x0000000758000000, 0x0000000758000000| Complete 
| 179|0x0000000758200000, 0x0000000758400000, 0x0000000758400000|100%| S|CS|TAMS 0x0000000758200000, 0x0000000758200000| Complete 
| 180|0x0000000758400000, 0x0000000758600000, 0x0000000758600000|100%| S|CS|TAMS 0x0000000758400000, 0x0000000758400000| Complete 
| 181|0x0000000758600000, 0x0000000758800000, 0x0000000758800000|100%| S|CS|TAMS 0x0000000758600000, 0x0000000758600000| Complete 
| 182|0x0000000758800000, 0x0000000758800000, 0x0000000758a00000|  0%| F|  |TAMS 0x0000000758800000, 0x0000000758800000| Untracked 
| 183|0x0000000758a00000, 0x0000000758a00000, 0x0000000758c00000|  0%| F|  |TAMS 0x0000000758a00000, 0x0000000758a00000| Untracked 
| 184|0x0000000758c00000, 0x0000000758c00000, 0x0000000758e00000|  0%| F|  |TAMS 0x0000000758c00000, 0x0000000758c00000| Untracked 
| 185|0x0000000758e00000, 0x0000000758e00000, 0x0000000759000000|  0%| F|  |TAMS 0x0000000758e00000, 0x0000000758e00000| Untracked 
| 186|0x0000000759000000, 0x0000000759000000, 0x0000000759200000|  0%| F|  |TAMS 0x0000000759000000, 0x0000000759000000| Untracked 
| 187|0x0000000759200000, 0x0000000759200000, 0x0000000759400000|  0%| F|  |TAMS 0x0000000759200000, 0x0000000759200000| Untracked 
| 188|0x0000000759400000, 0x0000000759400000, 0x0000000759600000|  0%| F|  |TAMS 0x0000000759400000, 0x0000000759400000| Untracked 
| 189|0x0000000759600000, 0x0000000759600000, 0x0000000759800000|  0%| F|  |TAMS 0x0000000759600000, 0x0000000759600000| Untracked 
| 190|0x0000000759800000, 0x0000000759800000, 0x0000000759a00000|  0%| F|  |TAMS 0x0000000759800000, 0x0000000759800000| Untracked 
| 191|0x0000000759a00000, 0x0000000759a00000, 0x0000000759c00000|  0%| F|  |TAMS 0x0000000759a00000, 0x0000000759a00000| Untracked 
| 192|0x0000000759c00000, 0x0000000759c00000, 0x0000000759e00000|  0%| F|  |TAMS 0x0000000759c00000, 0x0000000759c00000| Untracked 
| 193|0x0000000759e00000, 0x0000000759e00000, 0x000000075a000000|  0%| F|  |TAMS 0x0000000759e00000, 0x0000000759e00000| Untracked 
| 194|0x000000075a000000, 0x000000075a000000, 0x000000075a200000|  0%| F|  |TAMS 0x000000075a000000, 0x000000075a000000| Untracked 
| 195|0x000000075a200000, 0x000000075a200000, 0x000000075a400000|  0%| F|  |TAMS 0x000000075a200000, 0x000000075a200000| Untracked 
| 196|0x000000075a400000, 0x000000075a500000, 0x000000075a600000| 50%| E|  |TAMS 0x000000075a400000, 0x000000075a400000| Complete 

Card table byte_map: [0x000001dbfae50000,0x000001dbfb450000] _byte_map_base: 0x000001dbf7442000

Marking Bits (Prev, Next): (CMBitMap*) 0x000001dbf3025af0, (CMBitMap*) 0x000001dbf3025ab0
 Prev Bits: [0x000001db8f000000, 0x000001db91f90000)
 Next Bits: [0x000001dbfba50000, 0x000001dbfe9e0000)

Polling page: 0x000001dbf0d30000

Metaspace:

Usage:
  Non-class:      7.31 MB used.
      Class:    863.73 KB used.
       Both:      8.16 MB used.

Virtual space:
  Non-class space:        8.00 MB reserved,       7.44 MB ( 93%) committed,  1 nodes.
      Class space:        1.00 GB reserved,     960.00 KB ( <1%) committed,  1 nodes.
             Both:        1.01 GB reserved,       8.38 MB ( <1%) committed. 

Chunk freelists:
   Non-Class:  417.00 KB
       Class:  3.07 MB
        Both:  3.47 MB

MaxMetaspaceSize: unlimited
CompressedClassSpaceSize: 1.00 GB
Initial GC threshold: 21.00 MB
Current GC threshold: 21.00 MB
CDS: on
MetaspaceReclaimPolicy: balanced
 - commit_granule_bytes: 65536.
 - commit_granule_words: 8192.
 - virtual_space_node_default_size: 1048576.
 - enlarge_chunks_in_place: 1.
 - new_chunks_are_fully_committed: 0.
 - uncommit_free_chunks: 1.
 - use_allocation_guard: 0.
 - handle_deallocations: 1.


Internal statistics:

num_allocs_failed_limit: 0.
num_arena_births: 130.
num_arena_deaths: 0.
num_vsnodes_births: 2.
num_vsnodes_deaths: 0.
num_space_committed: 134.
num_space_uncommitted: 0.
num_chunks_returned_to_freelist: 0.
num_chunks_taken_from_freelist: 206.
num_chunk_merges: 0.
num_chunk_splits: 112.
num_chunks_enlarged: 41.
num_purges: 0.
num_inconsistent_stats: 0.

CodeHeap 'non-profiled nmethods': size=120000Kb used=679Kb max_used=679Kb free=119320Kb
 bounds [0x000001db87ad0000, 0x000001db87d40000, 0x000001db8f000000]
CodeHeap 'profiled nmethods': size=120000Kb used=3153Kb max_used=3153Kb free=116847Kb
 bounds [0x000001db805a0000, 0x000001db808c0000, 0x000001db87ad0000]
CodeHeap 'non-nmethods': size=5760Kb used=1252Kb max_used=1271Kb free=4507Kb
 bounds [0x000001db80000000, 0x000001db80270000, 0x000001db805a0000]
 total_blobs=2210 nmethods=1638 adapters=485
 compilation: enabled
              stopped_count=0, restarted_count=0
 full_count=0

Compilation events (20 events):
Event: 2.515 Thread 0x000001dbfeea6780 nmethod 1627 0x000001db808b1390 code [0x000001db808b1580, 0x000001db808b1ac8]
Event: 2.515 Thread 0x000001dbfeea6780 1628   !   3       com.sun.imageio.stream.StreamCloser::removeFromQueue (30 bytes)
Event: 2.515 Thread 0x000001dbfeea6780 nmethod 1628 0x000001db808b1c90 code [0x000001db808b1e40, 0x000001db808b20c8]
Event: 2.515 Thread 0x000001dbfeea6780 1629       3       sun.java2d.SunGraphics2D::drawImage (15 bytes)
Event: 2.515 Thread 0x000001dbfeea6780 nmethod 1629 0x000001db808b2210 code [0x000001db808b23a0, 0x000001db808b24e8]
Event: 2.517 Thread 0x000001dbfeea6780 1630       3       sun.awt.image.PixelConverter$Rgba::rgbToPixel (10 bytes)
Event: 2.517 Thread 0x000001dbfeea6780 nmethod 1630 0x000001db808b2590 code [0x000001db808b2720, 0x000001db808b2838]
Event: 2.524 Thread 0x000001dbfeea6780 1631   !   3       java.nio.channels.spi.AbstractInterruptibleChannel::close (37 bytes)
Event: 2.524 Thread 0x000001dbfeea6780 nmethod 1631 0x000001db808b2910 code [0x000001db808b2ac0, 0x000001db808b2d88]
Event: 2.529 Thread 0x000001dbfeea6780 1632       3       sun.java2d.loops.Blit::getFromCache (93 bytes)
Event: 2.529 Thread 0x000001dbfeea6780 nmethod 1632 0x000001db808b2e90 code [0x000001db808b3100, 0x000001db808b38d8]
Event: 2.572 Thread 0x000001dbfee9dcd0 1633       4       com.sun.imageio.plugins.common.ReaderUtil::computeUpdatedPixels (184 bytes)
Event: 2.581 Thread 0x000001dbfee9dcd0 nmethod 1633 0x000001db87b78410 code [0x000001db87b785a0, 0x000001db87b78d98]
Event: 2.595 Thread 0x000001dbfeea6780 1634       1       java.security.CodeSource::getLocation (5 bytes)
Event: 2.595 Thread 0x000001dbfeea6780 nmethod 1634 0x000001db87b79190 code [0x000001db87b79320, 0x000001db87b793f8]
Event: 2.600 Thread 0x000001dbfeea6780 1635       3       sun.java2d.DefaultDisposerRecord::dispose (12 bytes)
Event: 2.600 Thread 0x000001dbfeea6780 nmethod 1635 0x000001db808b3c10 code [0x000001db808b3da0, 0x000001db808b3ee8]
Event: 2.601 Thread 0x000001dbfeea6780 1637   !   3       java.io.FileCleanable::performCleanup (27 bytes)
Event: 2.601 Thread 0x000001dbfeea6780 nmethod 1637 0x000001db808b3f90 code [0x000001db808b4140, 0x000001db808b4338]
Event: 2.604 Thread 0x000001dbfeea6780 1639  s    3       java.awt.ColorPaintContext::getRaster (88 bytes)

GC Heap History (20 events):
Event: 0.994 GC heap before
{Heap before GC invocations=2 (full 0):
 garbage-first heap   total 196608K, used 37760K [0x0000000741c00000, 0x0000000800000000)
  region size 2048K, 18 young (36864K), 1 survivors (2048K)
 Metaspace       used 6580K, committed 6784K, reserved 1056768K
  class space    used 664K, committed 768K, reserved 1048576K
}
Event: 0.995 GC heap after
{Heap after GC invocations=3 (full 0):
 garbage-first heap   total 196608K, used 4409K [0x0000000741c00000, 0x0000000800000000)
  region size 2048K, 1 young (2048K), 1 survivors (2048K)
 Metaspace       used 6580K, committed 6784K, reserved 1056768K
  class space    used 664K, committed 768K, reserved 1048576K
}
Event: 1.316 GC heap before
{Heap before GC invocations=3 (full 0):
 garbage-first heap   total 196608K, used 121145K [0x0000000741c00000, 0x0000000800000000)
  region size 2048K, 26 young (53248K), 1 survivors (2048K)
 Metaspace       used 6696K, committed 6912K, reserved 1056768K
  class space    used 669K, committed 768K, reserved 1048576K
}
Event: 1.318 GC heap after
{Heap after GC invocations=4 (full 0):
 garbage-first heap   total 196608K, used 72660K [0x0000000741c00000, 0x0000000800000000)
  region size 2048K, 2 young (4096K), 2 survivors (4096K)
 Metaspace       used 6696K, committed 6912K, reserved 1056768K
  class space    used 669K, committed 768K, reserved 1048576K
}
Event: 1.365 GC heap before
{Heap before GC invocations=4 (full 0):
 garbage-first heap   total 196608K, used 95188K [0x0000000741c00000, 0x0000000800000000)
  region size 2048K, 3 young (6144K), 2 survivors (4096K)
 Metaspace       used 6699K, committed 6912K, reserved 1056768K
  class space    used 669K, committed 768K, reserved 1048576K
}
Event: 1.366 GC heap after
{Heap after GC invocations=5 (full 0):
 garbage-first heap   total 196608K, used 95165K [0x0000000741c00000, 0x0000000800000000)
  region size 2048K, 2 young (4096K), 2 survivors (4096K)
 Metaspace       used 6699K, committed 6912K, reserved 1056768K
  class space    used 669K, committed 768K, reserved 1048576K
}
Event: 1.410 GC heap before
{Heap before GC invocations=6 (full 0):
 garbage-first heap   total 202752K, used 117693K [0x0000000741c00000, 0x0000000800000000)
  region size 2048K, 3 young (6144K), 2 survivors (4096K)
 Metaspace       used 6699K, committed 6912K, reserved 1056768K
  class space    used 669K, committed 768K, reserved 1048576K
}
Event: 1.411 GC heap after
{Heap after GC invocations=7 (full 0):
 garbage-first heap   total 202752K, used 117734K [0x0000000741c00000, 0x0000000800000000)
  region size 2048K, 2 young (4096K), 2 survivors (4096K)
 Metaspace       used 6699K, committed 6912K, reserved 1056768K
  class space    used 669K, committed 768K, reserved 1048576K
}
Event: 1.447 GC heap before
{Heap before GC invocations=8 (full 0):
 garbage-first heap   total 239616K, used 140262K [0x0000000741c00000, 0x0000000800000000)
  region size 2048K, 3 young (6144K), 2 survivors (4096K)
 Metaspace       used 6699K, committed 6912K, reserved 1056768K
  class space    used 669K, committed 768K, reserved 1048576K
}
Event: 1.448 GC heap after
{Heap after GC invocations=9 (full 0):
 garbage-first heap   total 239616K, used 140381K [0x0000000741c00000, 0x0000000800000000)
  region size 2048K, 2 young (4096K), 2 survivors (4096K)
 Metaspace       used 6699K, committed 6912K, reserved 1056768K
  class space    used 669K, committed 768K, reserved 1048576K
}
Event: 1.479 GC heap before
{Heap before GC invocations=10 (full 0):
 garbage-first heap   total 280576K, used 162909K [0x0000000741c00000, 0x0000000800000000)
  region size 2048K, 3 young (6144K), 2 survivors (4096K)
 Metaspace       used 6699K, committed 6912K, reserved 1056768K
  class space    used 669K, committed 768K, reserved 1048576K
}
Event: 1.480 GC heap after
{Heap after GC invocations=11 (full 0):
 garbage-first heap   total 360448K, used 162912K [0x0000000741c00000, 0x0000000800000000)
  region size 2048K, 2 young (4096K), 2 survivors (4096K)
 Metaspace       used 6699K, committed 6912K, reserved 1056768K
  class space    used 669K, committed 768K, reserved 1048576K
}
Event: 1.508 GC heap before
{Heap before GC invocations=11 (full 0):
 garbage-first heap   total 360448K, used 185440K [0x0000000741c00000, 0x0000000800000000)
  region size 2048K, 3 young (6144K), 2 survivors (4096K)
 Metaspace       used 6699K, committed 6912K, reserved 1056768K
  class space    used 669K, committed 768K, reserved 1048576K
}
Event: 1.510 GC heap after
{Heap after GC invocations=12 (full 0):
 garbage-first heap   total 360448K, used 185332K [0x0000000741c00000, 0x0000000800000000)
  region size 2048K, 2 young (4096K), 2 survivors (4096K)
 Metaspace       used 6699K, committed 6912K, reserved 1056768K
  class space    used 669K, committed 768K, reserved 1048576K
}
Event: 1.539 GC heap before
{Heap before GC invocations=13 (full 0):
 garbage-first heap   total 360448K, used 207860K [0x0000000741c00000, 0x0000000800000000)
  region size 2048K, 3 young (6144K), 2 survivors (4096K)
 Metaspace       used 6699K, committed 6912K, reserved 1056768K
  class space    used 669K, committed 768K, reserved 1048576K
}
Event: 1.541 GC heap after
{Heap after GC invocations=14 (full 0):
 garbage-first heap   total 360448K, used 207860K [0x0000000741c00000, 0x0000000800000000)
  region size 2048K, 2 young (4096K), 2 survivors (4096K)
 Metaspace       used 6699K, committed 6912K, reserved 1056768K
  class space    used 669K, committed 768K, reserved 1048576K
}
Event: 1.880 GC heap before
{Heap before GC invocations=15 (full 0):
 garbage-first heap   total 389120K, used 234484K [0x0000000741c00000, 0x0000000800000000)
  region size 2048K, 5 young (10240K), 2 survivors (4096K)
 Metaspace       used 7761K, committed 7936K, reserved 1056768K
  class space    used 821K, committed 896K, reserved 1048576K
}
Event: 1.882 GC heap after
{Heap after GC invocations=16 (full 0):
 garbage-first heap   total 389120K, used 231266K [0x0000000741c00000, 0x0000000800000000)
  region size 2048K, 2 young (4096K), 2 survivors (4096K)
 Metaspace       used 7761K, committed 7936K, reserved 1056768K
  class space    used 821K, committed 896K, reserved 1048576K
}
Event: 2.595 GC heap before
{Heap before GC invocations=17 (full 0):
 garbage-first heap   total 403456K, used 259938K [0x0000000741c00000, 0x0000000800000000)
  region size 2048K, 15 young (30720K), 2 survivors (4096K)
 Metaspace       used 8342K, committed 8512K, reserved 1056768K
  class space    used 862K, committed 960K, reserved 1048576K
}
Event: 2.599 GC heap after
{Heap after GC invocations=18 (full 0):
 garbage-first heap   total 403456K, used 247568K [0x0000000741c00000, 0x0000000800000000)
  region size 2048K, 6 young (12288K), 6 survivors (12288K)
 Metaspace       used 8342K, committed 8512K, reserved 1056768K
  class space    used 862K, committed 960K, reserved 1048576K
}

Deoptimization events (20 events):
Event: 2.046 Thread 0x000001dbf2fcd610 DEOPT PACKING pc=0x000001db87b0836c sp=0x0000001efacfec30
Event: 2.046 Thread 0x000001dbf2fcd610 DEOPT UNPACKING pc=0x000001db800523a3 sp=0x0000001efacfebb8 mode 2
Event: 2.321 Thread 0x000001dbf2fcd610 DEOPT PACKING pc=0x000001db806f0a58 sp=0x0000001efacfe9d0
Event: 2.321 Thread 0x000001dbf2fcd610 DEOPT UNPACKING pc=0x000001db80052b43 sp=0x0000001efacfde30 mode 0
Event: 2.327 Thread 0x000001dbf2fcd610 Uncommon trap: trap_request=0xffffffbe fr.pc=0x000001db87b75280 relative=0x00000000000002e0
Event: 2.327 Thread 0x000001dbf2fcd610 Uncommon trap: reason=profile_predicate action=maybe_recompile pc=0x000001db87b75280 method=sun.security.provider.HashDrbg.addBytes([BI[[B)V @ 36 c2
Event: 2.327 Thread 0x000001dbf2fcd610 DEOPT PACKING pc=0x000001db87b75280 sp=0x0000001efacfe9d0
Event: 2.327 Thread 0x000001dbf2fcd610 DEOPT UNPACKING pc=0x000001db800523a3 sp=0x0000001efacfe930 mode 2
Event: 2.327 Thread 0x000001dbf2fcd610 Uncommon trap: trap_request=0xffffffbe fr.pc=0x000001db87b75280 relative=0x00000000000002e0
Event: 2.327 Thread 0x000001dbf2fcd610 Uncommon trap: reason=profile_predicate action=maybe_recompile pc=0x000001db87b75280 method=sun.security.provider.HashDrbg.addBytes([BI[[B)V @ 36 c2
Event: 2.328 Thread 0x000001dbf2fcd610 DEOPT PACKING pc=0x000001db87b75280 sp=0x0000001efacfe9c0
Event: 2.328 Thread 0x000001dbf2fcd610 DEOPT UNPACKING pc=0x000001db800523a3 sp=0x0000001efacfe920 mode 2
Event: 2.330 Thread 0x000001dbf2fcd610 Uncommon trap: trap_request=0xffffffbe fr.pc=0x000001db87b75280 relative=0x00000000000002e0
Event: 2.330 Thread 0x000001dbf2fcd610 Uncommon trap: reason=profile_predicate action=maybe_recompile pc=0x000001db87b75280 method=sun.security.provider.HashDrbg.addBytes([BI[[B)V @ 36 c2
Event: 2.330 Thread 0x000001dbf2fcd610 DEOPT PACKING pc=0x000001db87b75280 sp=0x0000001efacfe9d0
Event: 2.330 Thread 0x000001dbf2fcd610 DEOPT UNPACKING pc=0x000001db800523a3 sp=0x0000001efacfe930 mode 2
Event: 2.330 Thread 0x000001dbf2fcd610 Uncommon trap: trap_request=0xffffffbe fr.pc=0x000001db87b75280 relative=0x00000000000002e0
Event: 2.330 Thread 0x000001dbf2fcd610 Uncommon trap: reason=profile_predicate action=maybe_recompile pc=0x000001db87b75280 method=sun.security.provider.HashDrbg.addBytes([BI[[B)V @ 36 c2
Event: 2.330 Thread 0x000001dbf2fcd610 DEOPT PACKING pc=0x000001db87b75280 sp=0x0000001efacfe9c0
Event: 2.330 Thread 0x000001dbf2fcd610 DEOPT UNPACKING pc=0x000001db800523a3 sp=0x0000001efacfe920 mode 2

Classes unloaded (0 events):
No events

Classes redefined (0 events):
No events

Internal exceptions (20 events):
Event: 0.135 Thread 0x000001dbf2fcd610 Exception <a 'java/lang/ClassNotFoundException'{0x000000074d83fd68}: sun/awt/resources/spi/awtProvider> (0x000000074d83fd68) 
thrown [s\open\src\hotspot\share\classfile\systemDictionary.cpp, line 256]
Event: 0.159 Thread 0x000001dbf2fcd610 Exception <a 'java/io/FileNotFoundException'{0x000000074d893000}> (0x000000074d893000) 
thrown [s\open\src\hotspot\share\prims\jni.cpp, line 516]
Event: 0.169 Thread 0x000001dbf2fcd610 Exception <a 'java/io/FileNotFoundException'{0x000000074d8c0160}> (0x000000074d8c0160) 
thrown [s\open\src\hotspot\share\prims\jni.cpp, line 516]
Event: 0.215 Thread 0x000001dbf2fcd610 Exception <a 'java/lang/NoSuchMethodError'{0x000000074d937410}: 'java.lang.Object java.lang.invoke.DirectMethodHandle$Holder.invokeStaticInit(java.lang.Object)'> (0x000000074d937410) 
thrown [s\open\src\hotspot\share\interpreter\linkResolver.cpp, line 759]
Event: 0.239 Thread 0x000001dbf2fcd610 Exception <a 'java/lang/NoSuchMethodError'{0x000000074d99fa68}: 'void java.lang.invoke.DirectMethodHandle$Holder.invokeSpecial(java.lang.Object, java.lang.Object, java.lang.Object)'> (0x000000074d99fa68) 
thrown [s\open\src\hotspot\share\interpreter\linkResolver.cpp, line 759]
Event: 0.248 Thread 0x000001dbf2fcd610 Exception <a 'java/lang/NoSuchMethodError'{0x000000074d9c9a60}: 'java.lang.Object java.lang.invoke.DirectMethodHandle$Holder.newInvokeSpecial(java.lang.Object, java.lang.Object, java.lang.Object, java.lang.Object, java.lang.Object)'> (0x000000074d9c9a60) 
thrown [s\open\src\hotspot\share\interpreter\linkResolver.cpp, line 759]
Event: 0.250 Thread 0x000001dbf2fcd610 Exception <a 'java/lang/NoSuchMethodError'{0x000000074d9d5428}: 'java.lang.Object java.lang.invoke.DirectMethodHandle$Holder.invokeStatic(java.lang.Object, int, java.lang.Object, java.lang.Object, java.lang.Object, java.lang.Object)'> (0x000000074d9d5428) 
thrown [s\open\src\hotspot\share\interpreter\linkResolver.cpp, line 759]
Event: 0.255 Thread 0x000001dbf2fcd610 Exception <a 'java/lang/NoSuchMethodError'{0x000000074d9fae28}: 'java.lang.Object java.lang.invoke.DirectMethodHandle$Holder.invokeStatic(java.lang.Object, int, java.lang.Object)'> (0x000000074d9fae28) 
thrown [s\open\src\hotspot\share\interpreter\linkResolver.cpp, line 759]
Event: 0.284 Thread 0x000001dbf2fcd610 Exception <a 'java/lang/ClassNotFoundException'{0x000000074d6b6188}: com/sun/swing/internal/plaf/metal/resources/spi/metalProvider> (0x000000074d6b6188) 
thrown [s\open\src\hotspot\share\classfile\systemDictionary.cpp, line 256]
Event: 0.285 Thread 0x000001dbf2fcd610 Exception <a 'java/lang/ClassNotFoundException'{0x000000074d6b9fe8}: com/sun/swing/internal/plaf/basic/resources/spi/basicProvider> (0x000000074d6b9fe8) 
thrown [s\open\src\hotspot\share\classfile\systemDictionary.cpp, line 256]
Event: 0.325 Thread 0x000001dbf2fcd610 Exception <a 'java/lang/NoSuchMethodError'{0x000000074d731918}: 'java.lang.Object java.lang.invoke.DirectMethodHandle$Holder.invokeStaticInit(java.lang.Object, int, int, int, int)'> (0x000000074d731918) 
thrown [s\open\src\hotspot\share\interpreter\linkResolver.cpp, line 759]
Event: 0.376 Thread 0x000001dbf2fcd610 Exception <a 'java/lang/NoSuchMethodError'{0x000000074d7b1150}: 'java.lang.Object java.lang.invoke.DirectMethodHandle$Holder.invokeStaticInit(java.lang.Object, java.lang.Object, int, int, int, int)'> (0x000000074d7b1150) 
thrown [s\open\src\hotspot\share\interpreter\linkResolver.cpp, line 759]
Event: 1.331 Thread 0x000001dbf2fcd610 Implicit null exception at 0x000001db87b4d2dd to 0x000001db87b4d95c
Event: 1.381 Thread 0x000001dbf2fcd610 Implicit null exception at 0x000001db87b4eb09 to 0x000001db87b4fa2c
Event: 1.584 Thread 0x000001dbf2fcd610 Implicit null exception at 0x000001db87b4c6f9 to 0x000001db87b4c92c
Event: 1.825 Thread 0x000001dbf2fcd610 Implicit null exception at 0x000001db87b2a0be to 0x000001db87b2aa84
Event: 1.835 Thread 0x000001dbffc2e030 Exception <a 'java/lang/NoSuchMethodError'{0x0000000759208b20}: 'void java.lang.invoke.DirectMethodHandle$Holder.invokeVirtual(java.lang.Object, java.lang.Object)'> (0x0000000759208b20) 
thrown [s\open\src\hotspot\share\interpreter\linkResolver.cpp, line 759]
Event: 1.846 Thread 0x000001dbf2fcd610 Exception <a 'java/lang/NoSuchMethodError'{0x00000007595a8420}: 'void java.lang.invoke.DirectMethodHandle$Holder.invokeStaticInit(java.lang.Object)'> (0x00000007595a8420) 
thrown [s\open\src\hotspot\share\interpreter\linkResolver.cpp, line 759]
Event: 1.929 Thread 0x000001dbf2fcd610 Exception <a 'java/lang/NoSuchMethodError'{0x00000007596dbe98}: 'long java.lang.invoke.DirectMethodHandle$Holder.invokeStatic(java.lang.Object, java.lang.Object)'> (0x00000007596dbe98) 
thrown [s\open\src\hotspot\share\interpreter\linkResolver.cpp, line 759]
Event: 1.931 Thread 0x000001dbf2fcd610 Exception <a 'java/lang/NoSuchMethodError'{0x00000007596e35d0}: 'void java.lang.invoke.DirectMethodHandle$Holder.invokeStatic(java.lang.Object, java.lang.Object, java.lang.Object, java.lang.Object)'> (0x00000007596e35d0) 
thrown [s\open\src\hotspot\share\interpreter\linkResolver.cpp, line 759]

VM Operations (20 events):
Event: 1.541 Executing VM operation: G1TryInitiateConcMark done
Event: 1.545 Executing VM operation: G1Concurrent
Event: 1.552 Executing VM operation: G1Concurrent done
Event: 1.553 Executing VM operation: G1Concurrent
Event: 1.554 Executing VM operation: G1Concurrent done
Event: 1.843 Executing VM operation: HandshakeAllThreads
Event: 1.843 Executing VM operation: HandshakeAllThreads done
Event: 1.875 Executing VM operation: HandshakeAllThreads
Event: 1.875 Executing VM operation: HandshakeAllThreads done
Event: 1.879 Executing VM operation: HandshakeAllThreads
Event: 1.879 Executing VM operation: HandshakeAllThreads done
Event: 1.880 Executing VM operation: G1TryInitiateConcMark
Event: 1.882 Executing VM operation: G1TryInitiateConcMark done
Event: 1.887 Executing VM operation: G1Concurrent
Event: 1.893 Executing VM operation: G1Concurrent done
Event: 1.894 Executing VM operation: G1Concurrent
Event: 1.895 Executing VM operation: G1Concurrent done
Event: 2.595 Executing VM operation: G1TryInitiateConcMark
Event: 2.599 Executing VM operation: G1TryInitiateConcMark done
Event: 2.604 Executing VM operation: G1Concurrent

Events (20 events):
Event: 1.899 loading class java/text/AttributedString$AttributedStringIterator
Event: 1.899 loading class java/text/AttributedCharacterIterator
Event: 1.899 loading class java/text/CharacterIterator
Event: 1.899 loading class java/text/CharacterIterator done
Event: 1.899 loading class java/text/AttributedCharacterIterator done
Event: 1.899 loading class java/text/AttributedString$AttributedStringIterator done
Event: 1.900 loading class java/awt/TextComponent
Event: 1.900 loading class java/awt/TextComponent done
Event: 1.900 loading class javax/swing/text/JTextComponent
Event: 1.900 loading class javax/swing/Scrollable
Event: 1.900 loading class javax/swing/Scrollable done
Event: 1.901 loading class javax/swing/text/JTextComponent done
Event: 1.903 loading class java/awt/event/MouseWheelEvent
Event: 1.903 loading class java/awt/event/MouseWheelEvent done
Event: 2.602 loading class java/awt/ColorPaintContext
Event: 2.602 loading class java/awt/PaintContext
Event: 2.602 loading class java/awt/PaintContext done
Event: 2.602 loading class java/awt/ColorPaintContext done
Event: 2.602 loading class sun/java2d/pipe/AlphaPaintPipe$TileContext
Event: 2.602 loading class sun/java2d/pipe/AlphaPaintPipe$TileContext done


Dynamic libraries:
0x00007ff70c9c0000 - 0x00007ff70c9d0000 	C:\Program Files\Java\jdk-17.0.4.1\bin\java.exe
0x00007ffd7c0d0000 - 0x00007ffd7c2c8000 	C:\WINDOWS\SYSTEM32\ntdll.dll
0x00007ffd7a480000 - 0x00007ffd7a53f000 	C:\WINDOWS\System32\KERNEL32.DLL
0x00007ffd79ce0000 - 0x00007ffd79fb2000 	C:\WINDOWS\System32\KERNELBASE.dll
0x00007ffd797d0000 - 0x00007ffd798d0000 	C:\WINDOWS\System32\ucrtbase.dll
0x00007ffd76a20000 - 0x00007ffd76a3a000 	C:\Program Files\Java\jdk-17.0.4.1\bin\VCRUNTIME140.dll
0x00007ffd71f90000 - 0x00007ffd71fa8000 	C:\Program Files\Java\jdk-17.0.4.1\bin\jli.dll
0x00007ffd7a120000 - 0x00007ffd7a1ce000 	C:\WINDOWS\System32\ADVAPI32.dll
0x00007ffd7a5f0000 - 0x00007ffd7a68e000 	C:\WINDOWS\System32\msvcrt.dll
0x00007ffd7aee0000 - 0x00007ffd7af7c000 	C:\WINDOWS\System32\sechost.dll
0x00007ffd7b8b0000 - 0x00007ffd7b9d5000 	C:\WINDOWS\System32\RPCRT4.dll
0x00007ffd7ba80000 - 0x00007ffd7bc1d000 	C:\WINDOWS\System32\USER32.dll
0x00007ffd79b60000 - 0x00007ffd79b82000 	C:\WINDOWS\System32\win32u.dll
0x00007ffd60df0000 - 0x00007ffd6108a000 	C:\WINDOWS\WinSxS\amd64_microsoft.windows.common-controls_6595b64144ccf1df_6.0.19041.1110_none_60b5254171f9507e\COMCTL32.dll
0x00007ffd7aa70000 - 0x00007ffd7aa9b000 	C:\WINDOWS\System32\GDI32.dll
0x00007ffd79fc0000 - 0x00007ffd7a0cf000 	C:\WINDOWS\System32\gdi32full.dll
0x00007ffd79b90000 - 0x00007ffd79c2d000 	C:\WINDOWS\System32\msvcp_win.dll
0x00007ffd71610000 - 0x00007ffd7161a000 	C:\WINDOWS\SYSTEM32\VERSION.dll
0x00007ffd7ba40000 - 0x00007ffd7ba72000 	C:\WINDOWS\System32\IMM32.DLL
0x00007ffd76e90000 - 0x00007ffd76e9c000 	C:\Program Files\Java\jdk-17.0.4.1\bin\vcruntime140_1.dll
0x00007ffd56e10000 - 0x00007ffd56e9d000 	C:\Program Files\Java\jdk-17.0.4.1\bin\msvcp140.dll
0x00007ffd4ae80000 - 0x00007ffd4ba42000 	C:\Program Files\Java\jdk-17.0.4.1\bin\server\jvm.dll
0x00007ffd7aa60000 - 0x00007ffd7aa68000 	C:\WINDOWS\System32\PSAPI.DLL
0x00007ffd672d0000 - 0x00007ffd672f7000 	C:\WINDOWS\SYSTEM32\WINMM.dll
0x00007ffd66ec0000 - 0x00007ffd66ec9000 	C:\WINDOWS\SYSTEM32\WSOCK32.dll
0x00007ffd7ae60000 - 0x00007ffd7aecb000 	C:\WINDOWS\System32\WS2_32.dll
0x00007ffd776b0000 - 0x00007ffd776c2000 	C:\WINDOWS\SYSTEM32\kernel.appcore.dll
0x00007ffd76e40000 - 0x00007ffd76e4a000 	C:\Program Files\Java\jdk-17.0.4.1\bin\jimage.dll
0x00007ffd6aed0000 - 0x00007ffd6b0b4000 	C:\WINDOWS\SYSTEM32\DBGHELP.DLL
0x00007ffd6aea0000 - 0x00007ffd6aecc000 	C:\WINDOWS\SYSTEM32\dbgcore.DLL
0x00007ffd79a60000 - 0x00007ffd79ae2000 	C:\WINDOWS\System32\bcryptPrimitives.dll
0x00007ffd728b0000 - 0x00007ffd728d5000 	C:\Program Files\Java\jdk-17.0.4.1\bin\java.dll
0x00007ffd6c220000 - 0x00007ffd6c2f6000 	C:\Program Files\Java\jdk-17.0.4.1\bin\jsvml.dll
0x00007ffd7af80000 - 0x00007ffd7b6c3000 	C:\WINDOWS\System32\SHELL32.dll
0x00007ffd778b0000 - 0x00007ffd78042000 	C:\WINDOWS\SYSTEM32\windows.storage.dll
0x00007ffd7aaa0000 - 0x00007ffd7adf4000 	C:\WINDOWS\System32\combase.dll
0x00007ffd79150000 - 0x00007ffd79180000 	C:\WINDOWS\SYSTEM32\Wldp.dll
0x00007ffd7b6d0000 - 0x00007ffd7b77d000 	C:\WINDOWS\System32\SHCORE.dll
0x00007ffd7b9e0000 - 0x00007ffd7ba35000 	C:\WINDOWS\System32\shlwapi.dll
0x00007ffd79710000 - 0x00007ffd7972f000 	C:\WINDOWS\SYSTEM32\profapi.dll
0x00007ffd727d0000 - 0x00007ffd727e9000 	C:\Program Files\Java\jdk-17.0.4.1\bin\net.dll
0x00007ffd72280000 - 0x00007ffd7238c000 	C:\WINDOWS\SYSTEM32\WINHTTP.dll
0x00007ffd78eb0000 - 0x00007ffd78f1a000 	C:\WINDOWS\system32\mswsock.dll
0x00007ffd727b0000 - 0x00007ffd727c6000 	C:\Program Files\Java\jdk-17.0.4.1\bin\nio.dll
0x00007ffd72790000 - 0x00007ffd727a8000 	C:\Program Files\Java\jdk-17.0.4.1\bin\zip.dll
0x00007ffd4eb00000 - 0x00007ffd4ec8f000 	C:\Program Files\Java\jdk-17.0.4.1\bin\awt.dll
0x00007ffd7a1d0000 - 0x00007ffd7a29d000 	C:\WINDOWS\System32\OLEAUT32.dll
0x00007ffd764b0000 - 0x00007ffd76541000 	C:\WINDOWS\SYSTEM32\apphelp.dll
0x00007ffd76a40000 - 0x00007ffd76ade000 	C:\WINDOWS\system32\uxtheme.dll
0x00007ffd7a710000 - 0x00007ffd7a825000 	C:\WINDOWS\System32\MSCTF.dll
0x00007ffd7b780000 - 0x00007ffd7b8aa000 	C:\WINDOWS\System32\ole32.dll
0x00007ffd77270000 - 0x00007ffd7729f000 	C:\WINDOWS\system32\DWMAPI.DLL
0x00007ffd4f000000 - 0x00007ffd4f125000 	C:\WINDOWS\system32\opengl32.dll
0x00007ffd72760000 - 0x00007ffd7278c000 	C:\WINDOWS\SYSTEM32\GLU32.dll
0x00007ffd790a0000 - 0x00007ffd790b8000 	C:\WINDOWS\SYSTEM32\CRYPTSP.dll
0x00007ffd787d0000 - 0x00007ffd78804000 	C:\WINDOWS\system32\rsaenh.dll
0x00007ffd798d0000 - 0x00007ffd798f7000 	C:\WINDOWS\System32\bcrypt.dll
0x00007ffd796d0000 - 0x00007ffd796fe000 	C:\WINDOWS\SYSTEM32\USERENV.dll
0x00007ffd790c0000 - 0x00007ffd790cc000 	C:\WINDOWS\SYSTEM32\CRYPTBASE.dll
0x00007ffd78ba0000 - 0x00007ffd78bdb000 	C:\WINDOWS\SYSTEM32\IPHLPAPI.DLL
0x00007ffd7a410000 - 0x00007ffd7a418000 	C:\WINDOWS\System32\NSI.dll
0x00007ffd73050000 - 0x00007ffd73067000 	C:\WINDOWS\SYSTEM32\dhcpcsvc6.DLL
0x00007ffd72fd0000 - 0x00007ffd72fed000 	C:\WINDOWS\SYSTEM32\dhcpcsvc.DLL
0x00007ffd78c30000 - 0x00007ffd78cfa000 	C:\WINDOWS\SYSTEM32\DNSAPI.dll
0x00007ffd4de00000 - 0x00007ffd4de89000 	C:\Program Files\Java\jdk-17.0.4.1\bin\freetype.dll
0x00007ffd4dd50000 - 0x00007ffd4ddf8000 	C:\Program Files\Java\jdk-17.0.4.1\bin\fontmanager.dll
0x00007ffd6f3a0000 - 0x00007ffd6f499000 	C:\WINDOWS\SYSTEM32\textinputframework.dll
0x00007ffd76000000 - 0x00007ffd7635e000 	C:\WINDOWS\System32\CoreUIComponents.dll
0x00007ffd768f0000 - 0x00007ffd769e2000 	C:\WINDOWS\System32\CoreMessaging.dll
0x00007ffd78910000 - 0x00007ffd78943000 	C:\WINDOWS\SYSTEM32\ntmarta.dll
0x00007ffd75ea0000 - 0x00007ffd75ff4000 	C:\WINDOWS\SYSTEM32\wintypes.dll

dbghelp: loaded successfully - version: 4.0.5 - missing functions: none
symbol engine: initialized successfully - sym options: 0x614 - pdb path: .;C:\Program Files\Java\jdk-17.0.4.1\bin;C:\WINDOWS\SYSTEM32;C:\WINDOWS\WinSxS\amd64_microsoft.windows.common-controls_6595b64144ccf1df_6.0.19041.1110_none_60b5254171f9507e;C:\Program Files\Java\jdk-17.0.4.1\bin\server

VM Arguments:
jvm_args: -Dfile.encoding=UTF-8 --module-path=C:\Users\VictorHugo\Documents\NetBeansProjects\JustA2Dgame\build\classes 
java_command: main.Main
java_class_path (initial): C:\Users\VictorHugo\Documents\NetBeansProjects\JustA2Dgame\lib\commons-codec-1.10.jar;C:\Users\VictorHugo\Documents\NetBeansProjects\JustA2Dgame\lib\commons-lang3-3.4.jar;C:\Users\VictorHugo\Documents\NetBeansProjects\JustA2Dgame\lib\guava-19.0.jar;C:\Users\VictorHugo\Documents\NetBeansProjects\JustA2Dgame\lib\pircbotx-2.1.jar;C:\Users\VictorHugo\Documents\NetBeansProjects\JustA2Dgame\lib\slf4j-api-1.7.13.jar;C:\Users\VictorHugo\Documents\NetBeansProjects\JustA2Dgame\lib\slf4j-simple-1.7.13.jar;C:\Users\VictorHugo\Documents\NetBeansProjects\JustA2Dgame\build\classes
Launcher Type: SUN_STANDARD

[Global flags]
     intx CICompilerCount                          = 3                                         {product} {ergonomic}
     uint ConcGCThreads                            = 1                                         {product} {ergonomic}
     uint G1ConcRefinementThreads                  = 4                                         {product} {ergonomic}
   size_t G1HeapRegionSize                         = 2097152                                   {product} {ergonomic}
    uintx GCDrainStackTargetSize                   = 64                                        {product} {ergonomic}
   size_t InitialHeapSize                          = 201326592                                 {product} {ergonomic}
   size_t MarkStackSize                            = 4194304                                   {product} {ergonomic}
   size_t MaxHeapSize                              = 3191865344                                {product} {ergonomic}
   size_t MaxNewSize                               = 1914699776                                {product} {ergonomic}
   size_t MinHeapDeltaBytes                        = 2097152                                   {product} {ergonomic}
   size_t MinHeapSize                              = 8388608                                   {product} {ergonomic}
    uintx NonNMethodCodeHeapSize                   = 5832780                                {pd product} {ergonomic}
    uintx NonProfiledCodeHeapSize                  = 122912730                              {pd product} {ergonomic}
    uintx ProfiledCodeHeapSize                     = 122912730                              {pd product} {ergonomic}
    uintx ReservedCodeCacheSize                    = 251658240                              {pd product} {ergonomic}
     bool SegmentedCodeCache                       = true                                      {product} {ergonomic}
   size_t SoftMaxHeapSize                          = 3191865344                             {manageable} {ergonomic}
     bool UseCompressedClassPointers               = true                           {product lp64_product} {ergonomic}
     bool UseCompressedOops                        = true                           {product lp64_product} {ergonomic}
     bool UseG1GC                                  = true                                      {product} {ergonomic}
     bool UseLargePagesIndividualAllocation        = false                                  {pd product} {ergonomic}

Logging:
Log output configuration:
 #0: stdout all=warning uptime,level,tags
 #1: stderr all=off uptime,level,tags

Environment Variables:
JAVA_HOME=C:\Program Files\Java\jdk-17.0.4.1
PATH=C:\Program Files\Common Files\Oracle\Java\javapath;C:\Program Files (x86)\Common Files\Oracle\Java\javapath;C:\ProgramData\Oracle\Java\javapath;C:\Oracle\product\10.1.0\Client_1\bin;C:\Oracle\product\10.1.0\Client_1\jre\1.4.2\bin\client;C:\Oracle\product\10.1.0\Client_1\jre\1.4.2\bin;C:\WINDOWS\system32;C:\WINDOWS;C:\WINDOWS\System32\Wbem;C:\WINDOWS\System32\WindowsPowerShell\v1.0\;C:\php;C:\composer;C:\wamp64\bin\php\php-5.6.31;C:\Program Files (x86)\QuickTime\QTSystem\;C:\Program Files\Microsoft Network Monitor 3\;C:\WINDOWS\System32\OpenSSH\;C:\Program Files\Java\jdk-17.0.4.1\bin;C:\Program Files\Git\cmd;C:\Program Files\nodejs\;C:\Program Files\dotnet\;C:\Program Files\Java\jdk-17.0.4.1\bin;C:\Users\VictorHugo\AppData\Local\Programs\Python\Python310\Scripts\;C:\Users\VictorHugo\AppData\Local\Programs\Python\Python310\;C:\Users\VictorHugo\AppData\Local\Microsoft\WindowsApps;C:\Program Files (x86)\Nmap;C:\Users\VictorHugo\AppData\Roaming\npm;C:\Users\VictorHugo\AppData\Local\Programs\Microsoft VS Code\bin;C:\Users\VictorHugo\.dotnet\tools;
USERNAME=VictorHugo
OS=Windows_NT
PROCESSOR_IDENTIFIER=Intel64 Family 6 Model 58 Stepping 9, GenuineIntel



---------------  S Y S T E M  ---------------

OS:
 Windows 10 , 64 bit Build 19041 (10.0.19041.2251)
OS uptime: 11 days 21:39 hours

CPU: total 4 (initial active 4) (4 cores per cpu, 1 threads per core) family 6 model 58 stepping 9 microcode 0x21, cx8, cmov, fxsr, mmx, sse, sse2, sse3, ssse3, sse4.1, sse4.2, popcnt, tsc, tscinvbit, avx, aes, erms, clmul, vzeroupper, clflush

Memory: 4k page, system-wide physical 12174M (2972M free)
TotalPageFile size 15244M (AvailPageFile size 8M)
current process WorkingSet (physical memory assigned to process): 353M, peak: 353M
current process commit charge ("private bytes"): 499M, peak: 523M

vm_info: Java HotSpot(TM) 64-Bit Server VM (17.0.4.1+1-LTS-2) for windows-amd64 JRE (17.0.4.1+1-LTS-2), built on Aug 16 2022 18:32:06 by "mach5one" with MS VC++ 16.8 / 16.9 (VS2019)

END.
