#
# There is insufficient memory for the Java Runtime Environment to continue.
# Native memory allocation (malloc) failed to allocate 9616696 bytes for AllocateHeap
# Possible reasons:
#   The system is out of physical RAM or swap space
#   The process is running with CompressedOops enabled, and the Java Heap may be blocking the growth of the native heap
# Possible solutions:
#   Reduce memory load on the system
#   Increase physical memory or swap space
#   Check if swap backing store is full
#   Decrease Java heap size (-Xmx/-Xms)
#   Decrease number of Java threads
#   Decrease Java thread stack sizes (-Xss)
#   Set larger code cache with -XX:ReservedCodeCacheSize=
#   JVM is running with Unscaled Compressed Oops mode in which the Java heap is
#     placed in the first 4GB address space. The Java Heap base address is the
#     maximum limit for the native heap growth. Please use -XX:HeapBaseMinAddress
#     to set the Java Heap base and to place the Java Heap above 4GB virtual address.
# This output file may be truncated or incomplete.
#
#  Out of Memory Error (allocation.cpp:44), pid=12004, tid=6948
#
# JRE version: Java(TM) SE Runtime Environment (17.0.4.1+1) (build 17.0.4.1+1-LTS-2)
# Java VM: Java HotSpot(TM) 64-Bit Server VM (17.0.4.1+1-LTS-2, mixed mode, sharing, tiered, compressed oops, compressed class ptrs, g1 gc, windows-amd64)
# No core dump will be written. Minidumps are not enabled by default on client versions of Windows
#

---------------  S U M M A R Y ------------

Command Line: -Dfile.encoding=UTF-8 --module-path=C:\Users\VictorHugo\Documents\NetBeansProjects\JustA2Dgame\build\classes main.Main

Host: Intel(R) Core(TM) i5-3470 CPU @ 3.20GHz, 4 cores, 7G,  Windows 10 , 64 bit Build 19041 (10.0.19041.1889)
Time: Wed Oct 19 11:13:24 2022 E. South America Standard Time elapsed time: 12.182469 seconds (0d 0h 0m 12s)

---------------  T H R E A D  ---------------

Current thread (0x000001a16b6a9ab0):  JavaThread "Direct Clip" daemon [_thread_in_vm, id=6948, stack(0x0000005b3d200000,0x0000005b3d300000)]

Stack: [0x0000005b3d200000,0x0000005b3d300000]
Native frames: (J=compiled Java code, j=interpreted, Vv=VM code, C=native code)
V  [jvm.dll+0x6723ba]
V  [jvm.dll+0x7d1e34]
V  [jvm.dll+0x7d35de]
V  [jvm.dll+0x7d3c43]
V  [jvm.dll+0x243065]
V  [jvm.dll+0xa4b93]
V  [jvm.dll+0x3e44b3]
C  [jsound.dll+0x1526]

Java frames: (J=compiled Java code, j=interpreted, Vv=VM code)
j  com.sun.media.sound.DirectAudioDevice.nWrite(J[BIIIFF)I+0 java.desktop@17.0.4.1
j  com.sun.media.sound.DirectAudioDevice$DirectDL.write([BII)I+180 java.desktop@17.0.4.1
j  com.sun.media.sound.DirectAudioDevice$DirectClip.run()V+189 java.desktop@17.0.4.1
j  java.lang.Thread.run()V+11 java.base@17.0.4.1
v  ~StubRoutines::call_stub

---------------  P R O C E S S  ---------------

Threads class SMR info:
_java_thread_list=0x000001a16c4b5800, length=19, elements={
0x000001a16a8b2c60, 0x000001a16a8b39e0, 0x000001a16a8c5f80, 0x000001a16a8c7850,
0x000001a16a8c8110, 0x000001a16a8c89d0, 0x000001a16a8ca5d0, 0x000001a16a8dfba0,
0x000001a16a910c70, 0x000001a16a898950, 0x000001a16b503520, 0x000001a16b6aa920,
0x000001a16b6aadf0, 0x000001a16b6a8c40, 0x000001a16b6a9110, 0x000001a16b6a82a0,
0x000001a16b6a7900, 0x000001a16b6a7dd0, 0x000001a16b6a9ab0
}

Java Threads: ( => current thread )
  0x000001a16a8b2c60 JavaThread "Reference Handler" daemon [_thread_blocked, id=9636, stack(0x0000005b3b800000,0x0000005b3b900000)]
  0x000001a16a8b39e0 JavaThread "Finalizer" daemon [_thread_blocked, id=6872, stack(0x0000005b3b900000,0x0000005b3ba00000)]
  0x000001a16a8c5f80 JavaThread "Signal Dispatcher" daemon [_thread_blocked, id=6492, stack(0x0000005b3ba00000,0x0000005b3bb00000)]
  0x000001a16a8c7850 JavaThread "Attach Listener" daemon [_thread_blocked, id=12164, stack(0x0000005b3bb00000,0x0000005b3bc00000)]
  0x000001a16a8c8110 JavaThread "Service Thread" daemon [_thread_blocked, id=9224, stack(0x0000005b3bc00000,0x0000005b3bd00000)]
  0x000001a16a8c89d0 JavaThread "Monitor Deflation Thread" daemon [_thread_blocked, id=4900, stack(0x0000005b3bd00000,0x0000005b3be00000)]
  0x000001a16a8ca5d0 JavaThread "C2 CompilerThread0" daemon [_thread_blocked, id=5300, stack(0x0000005b3be00000,0x0000005b3bf00000)]
  0x000001a16a8dfba0 JavaThread "C1 CompilerThread0" daemon [_thread_blocked, id=7148, stack(0x0000005b3bf00000,0x0000005b3c000000)]
  0x000001a16a910c70 JavaThread "Sweeper thread" daemon [_thread_blocked, id=10380, stack(0x0000005b3c000000,0x0000005b3c100000)]
  0x000001a16a898950 JavaThread "Common-Cleaner" daemon [_thread_blocked, id=5452, stack(0x0000005b3c100000,0x0000005b3c200000)]
  0x000001a16b503520 JavaThread "Notification Thread" daemon [_thread_blocked, id=13480, stack(0x0000005b3c200000,0x0000005b3c300000)]
  0x000001a16b6aa920 JavaThread "Java2D Disposer" daemon [_thread_blocked, id=3856, stack(0x0000005b3c400000,0x0000005b3c500000)]
  0x000001a16b6aadf0 JavaThread "AWT-Shutdown" [_thread_blocked, id=10428, stack(0x0000005b3c500000,0x0000005b3c600000)]
  0x000001a16b6a8c40 JavaThread "AWT-Windows" daemon [_thread_in_native, id=2160, stack(0x0000005b3c600000,0x0000005b3c700000)]
  0x000001a16b6a9110 JavaThread "AWT-EventQueue-0" [_thread_blocked, id=11524, stack(0x0000005b3c700000,0x0000005b3c800000)]
  0x000001a16b6a82a0 JavaThread "Thread-0" [_thread_in_Java, id=12432, stack(0x0000005b3cb00000,0x0000005b3cc00000)]
  0x000001a16b6a7900 JavaThread "DestroyJavaVM" [_thread_blocked, id=1780, stack(0x0000005b3b100000,0x0000005b3b200000)]
  0x000001a16b6a7dd0 JavaThread "Java Sound Event Dispatcher" daemon [_thread_blocked, id=7956, stack(0x0000005b3ce00000,0x0000005b3cf00000)]
=>0x000001a16b6a9ab0 JavaThread "Direct Clip" daemon [_thread_in_vm, id=6948, stack(0x0000005b3d200000,0x0000005b3d300000)]

Other Threads:
  0x000001a16a8ab480 VMThread "VM Thread" [stack: 0x0000005b3b700000,0x0000005b3b800000] [id=12016]
  0x000001a16a8b6980 WatcherThread [stack: 0x0000005b3c300000,0x0000005b3c400000] [id=7892]
  0x000001a14d0e5d60 GCTaskThread "GC Thread#0" [stack: 0x0000005b3b200000,0x0000005b3b300000] [id=13484]
  0x000001a16c3c0ac0 GCTaskThread "GC Thread#1" [stack: 0x0000005b3c800000,0x0000005b3c900000] [id=8780]
  0x000001a16c3dcef0 GCTaskThread "GC Thread#2" [stack: 0x0000005b3c900000,0x0000005b3ca00000] [id=6340]
  0x000001a16c3dd1a0 GCTaskThread "GC Thread#3" [stack: 0x0000005b3ca00000,0x0000005b3cb00000] [id=8824]
  0x000001a14d0f7c40 ConcurrentGCThread "G1 Main Marker" [stack: 0x0000005b3b300000,0x0000005b3b400000] [id=7360]
  0x000001a14d0f8560 ConcurrentGCThread "G1 Conc#0" [stack: 0x0000005b3b400000,0x0000005b3b500000] [id=14000]
  0x000001a14d165780 ConcurrentGCThread "G1 Refine#0" [stack: 0x0000005b3b500000,0x0000005b3b600000] [id=12316]
  0x000001a16a7701f0 ConcurrentGCThread "G1 Service" [stack: 0x0000005b3b600000,0x0000005b3b700000] [id=2592]

Threads with active compile tasks:

VM state: not at safepoint (normal execution)

VM Mutex/Monitor currently owned by a thread: None

Heap address: 0x0000000081c00000, size: 2020 MB, Compressed Oops mode: 32-bit

CDS archive(s) mapped at: [0x0000000800000000-0x0000000800bc0000-0x0000000800bc0000), size 12320768, SharedBaseAddress: 0x0000000800000000, ArchiveRelocationMode: 0.
Compressed class space mapped at: 0x0000000800c00000-0x0000000840c00000, reserved size: 1073741824
Narrow klass base: 0x0000000800000000, Narrow klass shift: 0, Narrow klass range: 0x100000000

GC Precious Log:
 CPUs: 4 total, 4 available
 Memory: 8078M
 Large Page Support: Disabled
 NUMA Support: Disabled
 Compressed Oops: Enabled (32-bit)
 Heap Region Size: 1M
 Heap Min Capacity: 8M
 Heap Initial Capacity: 128M
 Heap Max Capacity: 2020M
 Pre-touch: Disabled
 Parallel Workers: 4
 Concurrent Workers: 1
 Concurrent Refinement Workers: 4
 Periodic GC: Disabled

Heap:
 garbage-first heap   total 131072K, used 27762K [0x0000000081c00000, 0x0000000100000000)
  region size 1024K, 16 young (16384K), 2 survivors (2048K)
 Metaspace       used 8840K, committed 9024K, reserved 1056768K
  class space    used 912K, committed 1024K, reserved 1048576K

Heap Regions: E=young(eden), S=young(survivor), O=old, HS=humongous(starts), HC=humongous(continues), CS=collection set, F=free, OA=open archive, CA=closed archive, TAMS=top-at-mark-start (previous, next)
|   0|0x0000000081c00000, 0x0000000081c1ca00, 0x0000000081d00000| 11%| O|  |TAMS 0x0000000081c00000, 0x0000000081c00000| Untracked 
|   1|0x0000000081d00000, 0x0000000081e00000, 0x0000000081e00000|100%|HS|  |TAMS 0x0000000081d00000, 0x0000000081d00000| Complete 
|   2|0x0000000081e00000, 0x0000000081f00000, 0x0000000081f00000|100%|HC|  |TAMS 0x0000000081e00000, 0x0000000081e00000| Complete 
|   3|0x0000000081f00000, 0x0000000082000000, 0x0000000082000000|100%|HS|  |TAMS 0x0000000081f00000, 0x0000000081f00000| Complete 
|   4|0x0000000082000000, 0x0000000082100000, 0x0000000082100000|100%|HC|  |TAMS 0x0000000082000000, 0x0000000082000000| Complete 
|   5|0x0000000082100000, 0x0000000082200000, 0x0000000082200000|100%|HC|  |TAMS 0x0000000082100000, 0x0000000082100000| Complete 
|   6|0x0000000082200000, 0x0000000082300000, 0x0000000082300000|100%|HC|  |TAMS 0x0000000082200000, 0x0000000082200000| Complete 
|   7|0x0000000082300000, 0x0000000082400000, 0x0000000082400000|100%|HC|  |TAMS 0x0000000082300000, 0x0000000082300000| Complete 
|   8|0x0000000082400000, 0x0000000082500000, 0x0000000082500000|100%|HC|  |TAMS 0x0000000082400000, 0x0000000082400000| Complete 
|   9|0x0000000082500000, 0x0000000082600000, 0x0000000082600000|100%|HC|  |TAMS 0x0000000082500000, 0x0000000082500000| Complete 
|  10|0x0000000082600000, 0x0000000082700000, 0x0000000082700000|100%|HC|  |TAMS 0x0000000082600000, 0x0000000082600000| Complete 
|  11|0x0000000082700000, 0x0000000082800000, 0x0000000082800000|100%|HC|  |TAMS 0x0000000082700000, 0x0000000082700000| Complete 
|  12|0x0000000082800000, 0x0000000082900000, 0x0000000082900000|100%|HC|  |TAMS 0x0000000082800000, 0x0000000082800000| Complete 
|  13|0x0000000082900000, 0x0000000082900000, 0x0000000082a00000|  0%| F|  |TAMS 0x0000000082900000, 0x0000000082900000| Untracked 
|  14|0x0000000082a00000, 0x0000000082a00000, 0x0000000082b00000|  0%| F|  |TAMS 0x0000000082a00000, 0x0000000082a00000| Untracked 
|  15|0x0000000082b00000, 0x0000000082b00000, 0x0000000082c00000|  0%| F|  |TAMS 0x0000000082b00000, 0x0000000082b00000| Untracked 
|  16|0x0000000082c00000, 0x0000000082c00000, 0x0000000082d00000|  0%| F|  |TAMS 0x0000000082c00000, 0x0000000082c00000| Untracked 
|  17|0x0000000082d00000, 0x0000000082d00000, 0x0000000082e00000|  0%| F|  |TAMS 0x0000000082d00000, 0x0000000082d00000| Untracked 
|  18|0x0000000082e00000, 0x0000000082e00000, 0x0000000082f00000|  0%| F|  |TAMS 0x0000000082e00000, 0x0000000082e00000| Untracked 
|  19|0x0000000082f00000, 0x0000000082f00000, 0x0000000083000000|  0%| F|  |TAMS 0x0000000082f00000, 0x0000000082f00000| Untracked 
|  20|0x0000000083000000, 0x0000000083000000, 0x0000000083100000|  0%| F|  |TAMS 0x0000000083000000, 0x0000000083000000| Untracked 
|  21|0x0000000083100000, 0x0000000083100000, 0x0000000083200000|  0%| F|  |TAMS 0x0000000083100000, 0x0000000083100000| Untracked 
|  22|0x0000000083200000, 0x0000000083200000, 0x0000000083300000|  0%| F|  |TAMS 0x0000000083200000, 0x0000000083200000| Untracked 
|  23|0x0000000083300000, 0x0000000083300000, 0x0000000083400000|  0%| F|  |TAMS 0x0000000083300000, 0x0000000083300000| Untracked 
|  24|0x0000000083400000, 0x0000000083400000, 0x0000000083500000|  0%| F|  |TAMS 0x0000000083400000, 0x0000000083400000| Untracked 
|  25|0x0000000083500000, 0x0000000083500000, 0x0000000083600000|  0%| F|  |TAMS 0x0000000083500000, 0x0000000083500000| Untracked 
|  26|0x0000000083600000, 0x0000000083600000, 0x0000000083700000|  0%| F|  |TAMS 0x0000000083600000, 0x0000000083600000| Untracked 
|  27|0x0000000083700000, 0x0000000083700000, 0x0000000083800000|  0%| F|  |TAMS 0x0000000083700000, 0x0000000083700000| Untracked 
|  28|0x0000000083800000, 0x0000000083800000, 0x0000000083900000|  0%| F|  |TAMS 0x0000000083800000, 0x0000000083800000| Untracked 
|  29|0x0000000083900000, 0x0000000083900000, 0x0000000083a00000|  0%| F|  |TAMS 0x0000000083900000, 0x0000000083900000| Untracked 
|  30|0x0000000083a00000, 0x0000000083a00000, 0x0000000083b00000|  0%| F|  |TAMS 0x0000000083a00000, 0x0000000083a00000| Untracked 
|  31|0x0000000083b00000, 0x0000000083b00000, 0x0000000083c00000|  0%| F|  |TAMS 0x0000000083b00000, 0x0000000083b00000| Untracked 
|  32|0x0000000083c00000, 0x0000000083c00000, 0x0000000083d00000|  0%| F|  |TAMS 0x0000000083c00000, 0x0000000083c00000| Untracked 
|  33|0x0000000083d00000, 0x0000000083d00000, 0x0000000083e00000|  0%| F|  |TAMS 0x0000000083d00000, 0x0000000083d00000| Untracked 
|  34|0x0000000083e00000, 0x0000000083e00000, 0x0000000083f00000|  0%| F|  |TAMS 0x0000000083e00000, 0x0000000083e00000| Untracked 
|  35|0x0000000083f00000, 0x0000000083f00000, 0x0000000084000000|  0%| F|  |TAMS 0x0000000083f00000, 0x0000000083f00000| Untracked 
|  36|0x0000000084000000, 0x0000000084000000, 0x0000000084100000|  0%| F|  |TAMS 0x0000000084000000, 0x0000000084000000| Untracked 
|  37|0x0000000084100000, 0x0000000084100000, 0x0000000084200000|  0%| F|  |TAMS 0x0000000084100000, 0x0000000084100000| Untracked 
|  38|0x0000000084200000, 0x0000000084200000, 0x0000000084300000|  0%| F|  |TAMS 0x0000000084200000, 0x0000000084200000| Untracked 
|  39|0x0000000084300000, 0x0000000084300000, 0x0000000084400000|  0%| F|  |TAMS 0x0000000084300000, 0x0000000084300000| Untracked 
|  40|0x0000000084400000, 0x0000000084400000, 0x0000000084500000|  0%| F|  |TAMS 0x0000000084400000, 0x0000000084400000| Untracked 
|  41|0x0000000084500000, 0x0000000084500000, 0x0000000084600000|  0%| F|  |TAMS 0x0000000084500000, 0x0000000084500000| Untracked 
|  42|0x0000000084600000, 0x0000000084600000, 0x0000000084700000|  0%| F|  |TAMS 0x0000000084600000, 0x0000000084600000| Untracked 
|  43|0x0000000084700000, 0x0000000084700000, 0x0000000084800000|  0%| F|  |TAMS 0x0000000084700000, 0x0000000084700000| Untracked 
|  44|0x0000000084800000, 0x0000000084800000, 0x0000000084900000|  0%| F|  |TAMS 0x0000000084800000, 0x0000000084800000| Untracked 
|  45|0x0000000084900000, 0x0000000084900000, 0x0000000084a00000|  0%| F|  |TAMS 0x0000000084900000, 0x0000000084900000| Untracked 
|  46|0x0000000084a00000, 0x0000000084a00000, 0x0000000084b00000|  0%| F|  |TAMS 0x0000000084a00000, 0x0000000084a00000| Untracked 
|  47|0x0000000084b00000, 0x0000000084b00000, 0x0000000084c00000|  0%| F|  |TAMS 0x0000000084b00000, 0x0000000084b00000| Untracked 
|  48|0x0000000084c00000, 0x0000000084c00000, 0x0000000084d00000|  0%| F|  |TAMS 0x0000000084c00000, 0x0000000084c00000| Untracked 
|  49|0x0000000084d00000, 0x0000000084d00000, 0x0000000084e00000|  0%| F|  |TAMS 0x0000000084d00000, 0x0000000084d00000| Untracked 
|  50|0x0000000084e00000, 0x0000000084e00000, 0x0000000084f00000|  0%| F|  |TAMS 0x0000000084e00000, 0x0000000084e00000| Untracked 
|  51|0x0000000084f00000, 0x0000000084f00000, 0x0000000085000000|  0%| F|  |TAMS 0x0000000084f00000, 0x0000000084f00000| Untracked 
|  52|0x0000000085000000, 0x0000000085000000, 0x0000000085100000|  0%| F|  |TAMS 0x0000000085000000, 0x0000000085000000| Untracked 
|  53|0x0000000085100000, 0x0000000085100000, 0x0000000085200000|  0%| F|  |TAMS 0x0000000085100000, 0x0000000085100000| Untracked 
|  54|0x0000000085200000, 0x0000000085200000, 0x0000000085300000|  0%| F|  |TAMS 0x0000000085200000, 0x0000000085200000| Untracked 
|  55|0x0000000085300000, 0x0000000085300000, 0x0000000085400000|  0%| F|  |TAMS 0x0000000085300000, 0x0000000085300000| Untracked 
|  56|0x0000000085400000, 0x0000000085400000, 0x0000000085500000|  0%| F|  |TAMS 0x0000000085400000, 0x0000000085400000| Untracked 
|  57|0x0000000085500000, 0x0000000085500000, 0x0000000085600000|  0%| F|  |TAMS 0x0000000085500000, 0x0000000085500000| Untracked 
|  58|0x0000000085600000, 0x0000000085600000, 0x0000000085700000|  0%| F|  |TAMS 0x0000000085600000, 0x0000000085600000| Untracked 
|  59|0x0000000085700000, 0x0000000085700000, 0x0000000085800000|  0%| F|  |TAMS 0x0000000085700000, 0x0000000085700000| Untracked 
|  60|0x0000000085800000, 0x0000000085800000, 0x0000000085900000|  0%| F|  |TAMS 0x0000000085800000, 0x0000000085800000| Untracked 
|  61|0x0000000085900000, 0x0000000085900000, 0x0000000085a00000|  0%| F|  |TAMS 0x0000000085900000, 0x0000000085900000| Untracked 
|  62|0x0000000085a00000, 0x0000000085a00000, 0x0000000085b00000|  0%| F|  |TAMS 0x0000000085a00000, 0x0000000085a00000| Untracked 
|  63|0x0000000085b00000, 0x0000000085b00000, 0x0000000085c00000|  0%| F|  |TAMS 0x0000000085b00000, 0x0000000085b00000| Untracked 
|  64|0x0000000085c00000, 0x0000000085c00000, 0x0000000085d00000|  0%| F|  |TAMS 0x0000000085c00000, 0x0000000085c00000| Untracked 
|  65|0x0000000085d00000, 0x0000000085d00000, 0x0000000085e00000|  0%| F|  |TAMS 0x0000000085d00000, 0x0000000085d00000| Untracked 
|  66|0x0000000085e00000, 0x0000000085e00000, 0x0000000085f00000|  0%| F|  |TAMS 0x0000000085e00000, 0x0000000085e00000| Untracked 
|  67|0x0000000085f00000, 0x0000000085f00000, 0x0000000086000000|  0%| F|  |TAMS 0x0000000085f00000, 0x0000000085f00000| Untracked 
|  68|0x0000000086000000, 0x0000000086000000, 0x0000000086100000|  0%| F|  |TAMS 0x0000000086000000, 0x0000000086000000| Untracked 
|  69|0x0000000086100000, 0x0000000086100000, 0x0000000086200000|  0%| F|  |TAMS 0x0000000086100000, 0x0000000086100000| Untracked 
|  70|0x0000000086200000, 0x0000000086200000, 0x0000000086300000|  0%| F|  |TAMS 0x0000000086200000, 0x0000000086200000| Untracked 
|  71|0x0000000086300000, 0x0000000086300000, 0x0000000086400000|  0%| F|  |TAMS 0x0000000086300000, 0x0000000086300000| Untracked 
|  72|0x0000000086400000, 0x0000000086400000, 0x0000000086500000|  0%| F|  |TAMS 0x0000000086400000, 0x0000000086400000| Untracked 
|  73|0x0000000086500000, 0x0000000086500000, 0x0000000086600000|  0%| F|  |TAMS 0x0000000086500000, 0x0000000086500000| Untracked 
|  74|0x0000000086600000, 0x0000000086600000, 0x0000000086700000|  0%| F|  |TAMS 0x0000000086600000, 0x0000000086600000| Untracked 
|  75|0x0000000086700000, 0x0000000086700000, 0x0000000086800000|  0%| F|  |TAMS 0x0000000086700000, 0x0000000086700000| Untracked 
|  76|0x0000000086800000, 0x0000000086800000, 0x0000000086900000|  0%| F|  |TAMS 0x0000000086800000, 0x0000000086800000| Untracked 
|  77|0x0000000086900000, 0x0000000086900000, 0x0000000086a00000|  0%| F|  |TAMS 0x0000000086900000, 0x0000000086900000| Untracked 
|  78|0x0000000086a00000, 0x0000000086a00000, 0x0000000086b00000|  0%| F|  |TAMS 0x0000000086a00000, 0x0000000086a00000| Untracked 
|  79|0x0000000086b00000, 0x0000000086b00000, 0x0000000086c00000|  0%| F|  |TAMS 0x0000000086b00000, 0x0000000086b00000| Untracked 
|  80|0x0000000086c00000, 0x0000000086c00000, 0x0000000086d00000|  0%| F|  |TAMS 0x0000000086c00000, 0x0000000086c00000| Untracked 
|  81|0x0000000086d00000, 0x0000000086d00000, 0x0000000086e00000|  0%| F|  |TAMS 0x0000000086d00000, 0x0000000086d00000| Untracked 
|  82|0x0000000086e00000, 0x0000000086e00000, 0x0000000086f00000|  0%| F|  |TAMS 0x0000000086e00000, 0x0000000086e00000| Untracked 
|  83|0x0000000086f00000, 0x0000000086f00000, 0x0000000087000000|  0%| F|  |TAMS 0x0000000086f00000, 0x0000000086f00000| Untracked 
|  84|0x0000000087000000, 0x0000000087000000, 0x0000000087100000|  0%| F|  |TAMS 0x0000000087000000, 0x0000000087000000| Untracked 
|  85|0x0000000087100000, 0x0000000087100000, 0x0000000087200000|  0%| F|  |TAMS 0x0000000087100000, 0x0000000087100000| Untracked 
|  86|0x0000000087200000, 0x0000000087200000, 0x0000000087300000|  0%| F|  |TAMS 0x0000000087200000, 0x0000000087200000| Untracked 
|  87|0x0000000087300000, 0x0000000087300000, 0x0000000087400000|  0%| F|  |TAMS 0x0000000087300000, 0x0000000087300000| Untracked 
|  88|0x0000000087400000, 0x0000000087400000, 0x0000000087500000|  0%| F|  |TAMS 0x0000000087400000, 0x0000000087400000| Untracked 
|  89|0x0000000087500000, 0x0000000087500000, 0x0000000087600000|  0%| F|  |TAMS 0x0000000087500000, 0x0000000087500000| Untracked 
|  90|0x0000000087600000, 0x0000000087600000, 0x0000000087700000|  0%| F|  |TAMS 0x0000000087600000, 0x0000000087600000| Untracked 
|  91|0x0000000087700000, 0x0000000087700000, 0x0000000087800000|  0%| F|  |TAMS 0x0000000087700000, 0x0000000087700000| Untracked 
|  92|0x0000000087800000, 0x0000000087800000, 0x0000000087900000|  0%| F|  |TAMS 0x0000000087800000, 0x0000000087800000| Untracked 
|  93|0x0000000087900000, 0x0000000087900000, 0x0000000087a00000|  0%| F|  |TAMS 0x0000000087900000, 0x0000000087900000| Untracked 
|  94|0x0000000087a00000, 0x0000000087a00000, 0x0000000087b00000|  0%| F|  |TAMS 0x0000000087a00000, 0x0000000087a00000| Untracked 
|  95|0x0000000087b00000, 0x0000000087b00000, 0x0000000087c00000|  0%| F|  |TAMS 0x0000000087b00000, 0x0000000087b00000| Untracked 
|  96|0x0000000087c00000, 0x0000000087c00000, 0x0000000087d00000|  0%| F|  |TAMS 0x0000000087c00000, 0x0000000087c00000| Untracked 
|  97|0x0000000087d00000, 0x0000000087d00000, 0x0000000087e00000|  0%| F|  |TAMS 0x0000000087d00000, 0x0000000087d00000| Untracked 
|  98|0x0000000087e00000, 0x0000000087e00000, 0x0000000087f00000|  0%| F|  |TAMS 0x0000000087e00000, 0x0000000087e00000| Untracked 
|  99|0x0000000087f00000, 0x0000000087f00000, 0x0000000088000000|  0%| F|  |TAMS 0x0000000087f00000, 0x0000000087f00000| Untracked 
| 100|0x0000000088000000, 0x0000000088000000, 0x0000000088100000|  0%| F|  |TAMS 0x0000000088000000, 0x0000000088000000| Untracked 
| 101|0x0000000088100000, 0x0000000088100000, 0x0000000088200000|  0%| F|  |TAMS 0x0000000088100000, 0x0000000088100000| Untracked 
| 102|0x0000000088200000, 0x0000000088200000, 0x0000000088300000|  0%| F|  |TAMS 0x0000000088200000, 0x0000000088200000| Untracked 
| 103|0x0000000088300000, 0x0000000088300000, 0x0000000088400000|  0%| F|  |TAMS 0x0000000088300000, 0x0000000088300000| Untracked 
| 104|0x0000000088400000, 0x0000000088400000, 0x0000000088500000|  0%| F|  |TAMS 0x0000000088400000, 0x0000000088400000| Untracked 
| 105|0x0000000088500000, 0x0000000088500000, 0x0000000088600000|  0%| F|  |TAMS 0x0000000088500000, 0x0000000088500000| Untracked 
| 106|0x0000000088600000, 0x0000000088600000, 0x0000000088700000|  0%| F|  |TAMS 0x0000000088600000, 0x0000000088600000| Untracked 
| 107|0x0000000088700000, 0x0000000088700000, 0x0000000088800000|  0%| F|  |TAMS 0x0000000088700000, 0x0000000088700000| Untracked 
| 108|0x0000000088800000, 0x0000000088800000, 0x0000000088900000|  0%| F|  |TAMS 0x0000000088800000, 0x0000000088800000| Untracked 
| 109|0x0000000088900000, 0x0000000088900000, 0x0000000088a00000|  0%| F|  |TAMS 0x0000000088900000, 0x0000000088900000| Untracked 
| 110|0x0000000088a00000, 0x0000000088a00000, 0x0000000088b00000|  0%| F|  |TAMS 0x0000000088a00000, 0x0000000088a00000| Untracked 
| 111|0x0000000088b00000, 0x0000000088b00000, 0x0000000088c00000|  0%| F|  |TAMS 0x0000000088b00000, 0x0000000088b00000| Untracked 
| 112|0x0000000088c00000, 0x0000000088c6dc48, 0x0000000088d00000| 42%| E|  |TAMS 0x0000000088c00000, 0x0000000088c00000| Complete 
| 113|0x0000000088d00000, 0x0000000088e00000, 0x0000000088e00000|100%| S|CS|TAMS 0x0000000088d00000, 0x0000000088d00000| Complete 
| 114|0x0000000088e00000, 0x0000000088f00000, 0x0000000088f00000|100%| S|CS|TAMS 0x0000000088e00000, 0x0000000088e00000| Complete 
| 115|0x0000000088f00000, 0x0000000089000000, 0x0000000089000000|100%| E|CS|TAMS 0x0000000088f00000, 0x0000000088f00000| Complete 
| 116|0x0000000089000000, 0x0000000089100000, 0x0000000089100000|100%| E|CS|TAMS 0x0000000089000000, 0x0000000089000000| Complete 
| 117|0x0000000089100000, 0x0000000089200000, 0x0000000089200000|100%| E|CS|TAMS 0x0000000089100000, 0x0000000089100000| Complete 
| 118|0x0000000089200000, 0x0000000089300000, 0x0000000089300000|100%| E|CS|TAMS 0x0000000089200000, 0x0000000089200000| Complete 
| 119|0x0000000089300000, 0x0000000089400000, 0x0000000089400000|100%| E|CS|TAMS 0x0000000089300000, 0x0000000089300000| Complete 
| 120|0x0000000089400000, 0x0000000089500000, 0x0000000089500000|100%| E|CS|TAMS 0x0000000089400000, 0x0000000089400000| Complete 
| 121|0x0000000089500000, 0x0000000089600000, 0x0000000089600000|100%| E|CS|TAMS 0x0000000089500000, 0x0000000089500000| Complete 
| 122|0x0000000089600000, 0x0000000089700000, 0x0000000089700000|100%| E|CS|TAMS 0x0000000089600000, 0x0000000089600000| Complete 
| 123|0x0000000089700000, 0x0000000089800000, 0x0000000089800000|100%| E|CS|TAMS 0x0000000089700000, 0x0000000089700000| Complete 
| 124|0x0000000089800000, 0x0000000089900000, 0x0000000089900000|100%| E|CS|TAMS 0x0000000089800000, 0x0000000089800000| Complete 
| 125|0x0000000089900000, 0x0000000089a00000, 0x0000000089a00000|100%| E|CS|TAMS 0x0000000089900000, 0x0000000089900000| Complete 
| 126|0x0000000089a00000, 0x0000000089b00000, 0x0000000089b00000|100%| E|CS|TAMS 0x0000000089a00000, 0x0000000089a00000| Complete 
| 127|0x0000000089b00000, 0x0000000089c00000, 0x0000000089c00000|100%| E|CS|TAMS 0x0000000089b00000, 0x0000000089b00000| Complete 

Card table byte_map: [0x000001a163d10000,0x000001a164110000] _byte_map_base: 0x000001a163902000

Marking Bits (Prev, Next): (CMBitMap*) 0x000001a14d0e7690, (CMBitMap*) 0x000001a14d0e76d0
 Prev Bits: [0x000001a164510000, 0x000001a1664a0000)
 Next Bits: [0x000001a1664a0000, 0x000001a168430000)

Polling page: 0x000001a14c870000

Metaspace:

Usage:
  Non-class:      7.74 MB used.
      Class:    912.72 KB used.
       Both:      8.63 MB used.

Virtual space:
  Non-class space:        8.00 MB reserved,       7.81 MB ( 98%) committed,  1 nodes.
      Class space:        1.00 GB reserved,       1.00 MB ( <1%) committed,  1 nodes.
             Both:        1.01 GB reserved,       8.81 MB ( <1%) committed. 

Chunk freelists:
   Non-Class:  209.00 KB
       Class:  3.04 MB
        Both:  3.24 MB

MaxMetaspaceSize: unlimited
CompressedClassSpaceSize: 1.00 GB
Initial GC threshold: 21.00 MB
Current GC threshold: 21.00 MB
CDS: on
MetaspaceReclaimPolicy: balanced
 - commit_granule_bytes: 65536.
 - commit_granule_words: 8192.
 - virtual_space_node_default_size: 1048576.
 - enlarge_chunks_in_place: 1.
 - new_chunks_are_fully_committed: 0.
 - uncommit_free_chunks: 1.
 - use_allocation_guard: 0.
 - handle_deallocations: 1.


Internal statistics:

num_allocs_failed_limit: 0.
num_arena_births: 126.
num_arena_deaths: 0.
num_vsnodes_births: 2.
num_vsnodes_deaths: 0.
num_space_committed: 141.
num_space_uncommitted: 0.
num_chunks_returned_to_freelist: 0.
num_chunks_taken_from_freelist: 192.
num_chunk_merges: 0.
num_chunk_splits: 101.
num_chunks_enlarged: 30.
num_purges: 0.
num_inconsistent_stats: 0.

CodeHeap 'non-profiled nmethods': size=120000Kb used=524Kb max_used=524Kb free=119475Kb
 bounds [0x000001a15c3e0000, 0x000001a15c650000, 0x000001a163910000]
CodeHeap 'profiled nmethods': size=120000Kb used=2808Kb max_used=2808Kb free=117191Kb
 bounds [0x000001a154eb0000, 0x000001a155170000, 0x000001a15c3e0000]
CodeHeap 'non-nmethods': size=5760Kb used=1280Kb max_used=1303Kb free=4479Kb
 bounds [0x000001a154910000, 0x000001a154b80000, 0x000001a154eb0000]
 total_blobs=2258 nmethods=1649 adapters=522
 compilation: enabled
              stopped_count=0, restarted_count=0
 full_count=0

Compilation events (20 events):
Event: 10.629 Thread 0x000001a16a8dfba0 1641       3       java.awt.geom.AffineTransform::<init> (57 bytes)
Event: 10.629 Thread 0x000001a16a8dfba0 nmethod 1641 0x000001a155169690 code [0x000001a155169840, 0x000001a155169b28]
Event: 10.632 Thread 0x000001a16a8dfba0 1642       3       java.awt.Container::getFocusTraversalKeys (26 bytes)
Event: 10.633 Thread 0x000001a16a8dfba0 nmethod 1642 0x000001a155169c90 code [0x000001a155169e40, 0x000001a15516a0b8]
Event: 10.633 Thread 0x000001a16a8dfba0 1643       3       java.awt.Component::getFocusTraversalKeys_NoIDCheck (47 bytes)
Event: 10.633 Thread 0x000001a16a8dfba0 nmethod 1643 0x000001a15516a190 code [0x000001a15516a3a0, 0x000001a15516a9d8]
Event: 10.792 Thread 0x000001a16a8dfba0 1644       3       main.CollisionChecker::checkPlayer (490 bytes)
Event: 10.792 Thread 0x000001a16a8dfba0 nmethod 1644 0x000001a15516ac10 code [0x000001a15516ae80, 0x000001a15516b768]
Event: 10.928 Thread 0x000001a16a8dfba0 1645       3       java.util.HashSet::contains (9 bytes)
Event: 10.928 Thread 0x000001a16a8dfba0 nmethod 1645 0x000001a15516bb90 code [0x000001a15516bd40, 0x000001a15516bf08]
Event: 11.542 Thread 0x000001a16a8ca5d0 1646       4       jdk.internal.misc.Unsafe::putReferenceOpaque (9 bytes)
Event: 11.543 Thread 0x000001a16a8ca5d0 nmethod 1646 0x000001a15c462e10 code [0x000001a15c462f80, 0x000001a15c4630b8]
Event: 11.908 Thread 0x000001a16a8dfba0 1647       3       javax.swing.RepaintManager$PaintManager::isPixelsCopying (68 bytes)
Event: 11.909 Thread 0x000001a16a8dfba0 nmethod 1647 0x000001a15516c010 code [0x000001a15516c240, 0x000001a15516cd08]
Event: 11.909 Thread 0x000001a16a8dfba0 1648       3       javax.swing.RepaintManager$PaintManager::getTransform (32 bytes)
Event: 11.909 Thread 0x000001a16a8dfba0 nmethod 1648 0x000001a15516cf90 code [0x000001a15516d160, 0x000001a15516d768]
Event: 11.909 Thread 0x000001a16a8dfba0 1649       3       sun.swing.SwingUtilities2::isFloatingPointScale (58 bytes)
Event: 11.909 Thread 0x000001a16a8dfba0 nmethod 1649 0x000001a15516d890 code [0x000001a15516da60, 0x000001a15516de88]
Event: 11.909 Thread 0x000001a16a8dfba0 1650       3       java.awt.image.VolatileImage::getGraphics (5 bytes)
Event: 11.910 Thread 0x000001a16a8dfba0 nmethod 1650 0x000001a15516df90 code [0x000001a15516e140, 0x000001a15516e288]

GC Heap History (2 events):
Event: 0.710 GC heap before
{Heap before GC invocations=0 (full 0):
 garbage-first heap   total 131072K, used 13312K [0x0000000081c00000, 0x0000000100000000)
  region size 1024K, 13 young (13312K), 0 survivors (0K)
 Metaspace       used 5895K, committed 6080K, reserved 1056768K
  class space    used 602K, committed 704K, reserved 1048576K
}
Event: 0.719 GC heap after
{Heap after GC invocations=1 (full 0):
 garbage-first heap   total 131072K, used 2162K [0x0000000081c00000, 0x0000000100000000)
  region size 1024K, 2 young (2048K), 2 survivors (2048K)
 Metaspace       used 5895K, committed 6080K, reserved 1056768K
  class space    used 602K, committed 704K, reserved 1048576K
}

Deoptimization events (20 events):
Event: 4.592 Thread 0x000001a16b6a9110 DEOPT PACKING pc=0x000001a15c43a354 sp=0x0000005b3c7fe610
Event: 4.592 Thread 0x000001a16b6a9110 DEOPT UNPACKING pc=0x000001a1549623a3 sp=0x0000005b3c7fe588 mode 2
Event: 4.592 Thread 0x000001a16b6a9110 Uncommon trap: trap_request=0xffffffde fr.pc=0x000001a15c43a354 relative=0x0000000000000414
Event: 4.592 Thread 0x000001a16b6a9110 Uncommon trap: reason=class_check action=maybe_recompile pc=0x000001a15c43a354 method=java.util.HashMap.getNode(Ljava/lang/Object;)Ljava/util/HashMap$Node; @ 128 c2
Event: 4.592 Thread 0x000001a16b6a9110 DEOPT PACKING pc=0x000001a15c43a354 sp=0x0000005b3c7fe4f0
Event: 4.592 Thread 0x000001a16b6a9110 DEOPT UNPACKING pc=0x000001a1549623a3 sp=0x0000005b3c7fe468 mode 2
Event: 4.595 Thread 0x000001a16b6a9110 Uncommon trap: trap_request=0xffffffde fr.pc=0x000001a15c43a354 relative=0x0000000000000414
Event: 4.595 Thread 0x000001a16b6a9110 Uncommon trap: reason=class_check action=maybe_recompile pc=0x000001a15c43a354 method=java.util.HashMap.getNode(Ljava/lang/Object;)Ljava/util/HashMap$Node; @ 128 c2
Event: 4.595 Thread 0x000001a16b6a9110 DEOPT PACKING pc=0x000001a15c43a354 sp=0x0000005b3c7fe510
Event: 4.595 Thread 0x000001a16b6a9110 DEOPT UNPACKING pc=0x000001a1549623a3 sp=0x0000005b3c7fe488 mode 2
Event: 5.955 Thread 0x000001a16b6a9110 Uncommon trap: trap_request=0xffffff45 fr.pc=0x000001a15c42448c relative=0x0000000000001e2c
Event: 5.955 Thread 0x000001a16b6a9110 Uncommon trap: reason=unstable_if action=reinterpret pc=0x000001a15c42448c method=java.lang.String.split(Ljava/lang/String;I)[Ljava/lang/String; @ 209 c2
Event: 5.955 Thread 0x000001a16b6a9110 DEOPT PACKING pc=0x000001a15c42448c sp=0x0000005b3c7fe430
Event: 5.955 Thread 0x000001a16b6a9110 DEOPT UNPACKING pc=0x000001a1549623a3 sp=0x0000005b3c7fe400 mode 2
Event: 5.955 Thread 0x000001a16b6a9110 Uncommon trap: trap_request=0xffffff45 fr.pc=0x000001a15c436660 relative=0x0000000000000140
Event: 5.955 Thread 0x000001a16b6a9110 Uncommon trap: reason=unstable_if action=reinterpret pc=0x000001a15c436660 method=sun.font.CMap$CMapFormat12.getGlyph(I)C @ 71 c2
Event: 5.955 Thread 0x000001a16b6a9110 DEOPT PACKING pc=0x000001a15c436660 sp=0x0000005b3c7fe180
Event: 5.955 Thread 0x000001a16b6a9110 DEOPT UNPACKING pc=0x000001a1549623a3 sp=0x0000005b3c7fe100 mode 2
Event: 8.561 Thread 0x000001a16b6a9110 DEOPT PACKING pc=0x000001a155054a1d sp=0x0000005b3c7fef20
Event: 8.561 Thread 0x000001a16b6a9110 DEOPT UNPACKING pc=0x000001a154962b43 sp=0x0000005b3c7fe3b0 mode 0

Classes unloaded (0 events):
No events

Classes redefined (0 events):
No events

Internal exceptions (20 events):
Event: 0.156 Thread 0x000001a14d08c190 Exception <a 'sun/nio/fs/WindowsException'{0x0000000089a30ec0}> (0x0000000089a30ec0) 
thrown [s\open\src\hotspot\share\prims\jni.cpp, line 516]
Event: 0.158 Thread 0x000001a14d08c190 Exception <a 'sun/nio/fs/WindowsException'{0x0000000089a33248}> (0x0000000089a33248) 
thrown [s\open\src\hotspot\share\prims\jni.cpp, line 516]
Event: 0.158 Thread 0x000001a14d08c190 Exception <a 'sun/nio/fs/WindowsException'{0x0000000089a33d00}> (0x0000000089a33d00) 
thrown [s\open\src\hotspot\share\prims\jni.cpp, line 516]
Event: 0.159 Thread 0x000001a14d08c190 Exception <a 'sun/nio/fs/WindowsException'{0x0000000089a347d0}> (0x0000000089a347d0) 
thrown [s\open\src\hotspot\share\prims\jni.cpp, line 516]
Event: 0.159 Thread 0x000001a14d08c190 Exception <a 'sun/nio/fs/WindowsException'{0x0000000089a35280}> (0x0000000089a35280) 
thrown [s\open\src\hotspot\share\prims\jni.cpp, line 516]
Event: 0.159 Thread 0x000001a14d08c190 Exception <a 'sun/nio/fs/WindowsException'{0x0000000089a35d38}> (0x0000000089a35d38) 
thrown [s\open\src\hotspot\share\prims\jni.cpp, line 516]
Event: 0.200 Thread 0x000001a14d08c190 Exception <a 'java/lang/ClassNotFoundException'{0x0000000089ad6808}: sun/awt/resources/spi/awtProvider> (0x0000000089ad6808) 
thrown [s\open\src\hotspot\share\classfile\systemDictionary.cpp, line 256]
Event: 0.224 Thread 0x000001a14d08c190 Exception <a 'java/io/FileNotFoundException'{0x0000000089929cf8}> (0x0000000089929cf8) 
thrown [s\open\src\hotspot\share\prims\jni.cpp, line 516]
Event: 0.233 Thread 0x000001a14d08c190 Exception <a 'java/io/FileNotFoundException'{0x0000000089957230}> (0x0000000089957230) 
thrown [s\open\src\hotspot\share\prims\jni.cpp, line 516]
Event: 0.273 Thread 0x000001a14d08c190 Exception <a 'java/lang/NoSuchMethodError'{0x00000000899935f8}: 'java.lang.Object java.lang.invoke.DirectMethodHandle$Holder.invokeStaticInit(java.lang.Object)'> (0x00000000899935f8) 
thrown [s\open\src\hotspot\share\interpreter\linkResolver.cpp, line 759]
Event: 0.309 Thread 0x000001a14d08c190 Exception <a 'java/lang/NoSuchMethodError'{0x0000000089814c10}: 'void java.lang.invoke.DirectMethodHandle$Holder.invokeSpecial(java.lang.Object, java.lang.Object, java.lang.Object)'> (0x0000000089814c10) 
thrown [s\open\src\hotspot\share\interpreter\linkResolver.cpp, line 759]
Event: 0.318 Thread 0x000001a14d08c190 Exception <a 'java/lang/NoSuchMethodError'{0x000000008983ebd0}: 'java.lang.Object java.lang.invoke.DirectMethodHandle$Holder.newInvokeSpecial(java.lang.Object, java.lang.Object, java.lang.Object, java.lang.Object, java.lang.Object)'> (0x000000008983ebd0) 
thrown [s\open\src\hotspot\share\interpreter\linkResolver.cpp, line 759]
Event: 0.320 Thread 0x000001a14d08c190 Exception <a 'java/lang/NoSuchMethodError'{0x000000008984a7f8}: 'java.lang.Object java.lang.invoke.DirectMethodHandle$Holder.invokeStatic(java.lang.Object, int, java.lang.Object, java.lang.Object, java.lang.Object, java.lang.Object)'> (0x000000008984a7f8) 
thrown [s\open\src\hotspot\share\interpreter\linkResolver.cpp, line 759]
Event: 0.324 Thread 0x000001a14d08c190 Exception <a 'java/lang/NoSuchMethodError'{0x000000008986ffb8}: 'java.lang.Object java.lang.invoke.DirectMethodHandle$Holder.invokeStatic(java.lang.Object, int, java.lang.Object)'> (0x000000008986ffb8) 
thrown [s\open\src\hotspot\share\interpreter\linkResolver.cpp, line 759]
Event: 0.351 Thread 0x000001a14d08c190 Exception <a 'java/lang/ClassNotFoundException'{0x0000000089728820}: com/sun/swing/internal/plaf/metal/resources/spi/metalProvider> (0x0000000089728820) 
thrown [s\open\src\hotspot\share\classfile\systemDictionary.cpp, line 256]
Event: 0.352 Thread 0x000001a14d08c190 Exception <a 'java/lang/ClassNotFoundException'{0x000000008972c3d0}: com/sun/swing/internal/plaf/basic/resources/spi/basicProvider> (0x000000008972c3d0) 
thrown [s\open\src\hotspot\share\classfile\systemDictionary.cpp, line 256]
Event: 0.398 Thread 0x000001a14d08c190 Exception <a 'java/lang/NoSuchMethodError'{0x00000000897bf3f0}: 'java.lang.Object java.lang.invoke.DirectMethodHandle$Holder.invokeStaticInit(java.lang.Object, int, int, int, int)'> (0x00000000897bf3f0) 
thrown [s\open\src\hotspot\share\interpreter\linkResolver.cpp, line 759]
Event: 0.449 Thread 0x000001a14d08c190 Exception <a 'java/lang/NoSuchMethodError'{0x000000008961a308}: 'java.lang.Object java.lang.invoke.DirectMethodHandle$Holder.invokeStaticInit(java.lang.Object, java.lang.Object, int, int, int, int)'> (0x000000008961a308) 
thrown [s\open\src\hotspot\share\interpreter\linkResolver.cpp, line 759]
Event: 0.962 Thread 0x000001a16b6a8c40 Exception <a 'java/lang/NoSuchMethodError'{0x00000000896083c0}: 'void java.lang.invoke.DirectMethodHandle$Holder.invokeVirtual(java.lang.Object, java.lang.Object)'> (0x00000000896083c0) 
thrown [s\open\src\hotspot\share\interpreter\linkResolver.cpp, line 759]
Event: 0.971 Thread 0x000001a14d08c190 Exception <a 'java/lang/NoSuchMethodError'{0x00000000897eef48}: 'void java.lang.invoke.DirectMethodHandle$Holder.invokeStaticInit(java.lang.Object)'> (0x00000000897eef48) 
thrown [s\open\src\hotspot\share\interpreter\linkResolver.cpp, line 759]

VM Operations (20 events):
Event: 3.009 Executing VM operation: Cleanup
Event: 3.009 Executing VM operation: Cleanup done
Event: 4.021 Executing VM operation: Cleanup
Event: 4.021 Executing VM operation: Cleanup done
Event: 5.033 Executing VM operation: Cleanup
Event: 5.033 Executing VM operation: Cleanup done
Event: 6.033 Executing VM operation: Cleanup
Event: 6.033 Executing VM operation: Cleanup done
Event: 7.044 Executing VM operation: Cleanup
Event: 7.045 Executing VM operation: Cleanup done
Event: 8.054 Executing VM operation: Cleanup
Event: 8.054 Executing VM operation: Cleanup done
Event: 9.068 Executing VM operation: Cleanup
Event: 9.068 Executing VM operation: Cleanup done
Event: 10.077 Executing VM operation: Cleanup
Event: 10.078 Executing VM operation: Cleanup done
Event: 11.090 Executing VM operation: Cleanup
Event: 11.090 Executing VM operation: Cleanup done
Event: 12.105 Executing VM operation: Cleanup
Event: 12.105 Executing VM operation: Cleanup done

Events (20 events):
Event: 5.952 loading class sun/java2d/marlin/Renderer
Event: 5.953 loading class sun/java2d/marlin/Renderer done
Event: 5.953 loading class sun/java2d/marlin/MarlinTileGenerator
Event: 5.953 loading class sun/java2d/pipe/AATileGenerator
Event: 5.953 loading class sun/java2d/pipe/AATileGenerator done
Event: 5.953 loading class sun/java2d/marlin/MarlinTileGenerator done
Event: 5.953 loading class sun/java2d/marlin/Stroker
Event: 5.953 loading class sun/java2d/marlin/Stroker done
Event: 5.953 loading class sun/java2d/marlin/Dasher
Event: 5.954 loading class sun/java2d/marlin/Dasher done
Event: 5.954 loading class sun/java2d/marlin/Dasher$LengthIterator
Event: 5.954 loading class sun/java2d/marlin/Dasher$LengthIterator done
Event: 5.954 loading class sun/java2d/marlin/Helpers
Event: 5.954 loading class sun/java2d/marlin/Helpers done
Event: 5.954 loading class java/lang/FdLibm$Cbrt
Event: 5.954 loading class java/lang/FdLibm$Cbrt done
Event: 5.954 loading class java/lang/FdLibm
Event: 5.954 loading class java/lang/FdLibm done
Event: 5.955 loading class sun/java2d/marlin/ArrayCacheConst
Event: 5.955 loading class sun/java2d/marlin/ArrayCacheConst done


Dynamic libraries:
0x00007ff65dae0000 - 0x00007ff65daf0000 	C:\Program Files\Java\jdk-17.0.4.1\bin\java.exe
0x00007ffd2b290000 - 0x00007ffd2b488000 	C:\WINDOWS\SYSTEM32\ntdll.dll
0x00007ffd29fe0000 - 0x00007ffd2a09d000 	C:\WINDOWS\System32\KERNEL32.DLL
0x00007ffd29010000 - 0x00007ffd292e2000 	C:\WINDOWS\System32\KERNELBASE.dll
0x00007ffd28bb0000 - 0x00007ffd28cb0000 	C:\WINDOWS\System32\ucrtbase.dll
0x00007ffd20160000 - 0x00007ffd2017a000 	C:\Program Files\Java\jdk-17.0.4.1\bin\VCRUNTIME140.dll
0x00007ffd13240000 - 0x00007ffd13258000 	C:\Program Files\Java\jdk-17.0.4.1\bin\jli.dll
0x00007ffd2af20000 - 0x00007ffd2afce000 	C:\WINDOWS\System32\ADVAPI32.dll
0x00007ffd29e10000 - 0x00007ffd29eae000 	C:\WINDOWS\System32\msvcrt.dll
0x00007ffd2ae80000 - 0x00007ffd2af1c000 	C:\WINDOWS\System32\sechost.dll
0x00007ffd2a130000 - 0x00007ffd2a255000 	C:\WINDOWS\System32\RPCRT4.dll
0x00007ffd2ace0000 - 0x00007ffd2ae7d000 	C:\WINDOWS\System32\USER32.dll
0x00007ffd28d20000 - 0x00007ffd28d42000 	C:\WINDOWS\System32\win32u.dll
0x00007ffd0cef0000 - 0x00007ffd0d18a000 	C:\WINDOWS\WinSxS\amd64_microsoft.windows.common-controls_6595b64144ccf1df_6.0.19041.1110_none_60b5254171f9507e\COMCTL32.dll
0x00007ffd2a280000 - 0x00007ffd2a2ab000 	C:\WINDOWS\System32\GDI32.dll
0x00007ffd28eb0000 - 0x00007ffd28fbf000 	C:\WINDOWS\System32\gdi32full.dll
0x00007ffd28d50000 - 0x00007ffd28ded000 	C:\WINDOWS\System32\msvcp_win.dll
0x00007ffd20440000 - 0x00007ffd2044a000 	C:\WINDOWS\SYSTEM32\VERSION.dll
0x00007ffd2b030000 - 0x00007ffd2b060000 	C:\WINDOWS\System32\IMM32.DLL
0x00007ffd207b0000 - 0x00007ffd207bc000 	C:\Program Files\Java\jdk-17.0.4.1\bin\vcruntime140_1.dll
0x00007ffcf7600000 - 0x00007ffcf768d000 	C:\Program Files\Java\jdk-17.0.4.1\bin\msvcp140.dll
0x00007ffcf55c0000 - 0x00007ffcf6182000 	C:\Program Files\Java\jdk-17.0.4.1\bin\server\jvm.dll
0x00007ffd2a270000 - 0x00007ffd2a278000 	C:\WINDOWS\System32\PSAPI.DLL
0x00007ffd1b1b0000 - 0x00007ffd1b1b9000 	C:\WINDOWS\SYSTEM32\WSOCK32.dll
0x00007ffd2a310000 - 0x00007ffd2a37b000 	C:\WINDOWS\System32\WS2_32.dll
0x00007ffd208a0000 - 0x00007ffd208c7000 	C:\WINDOWS\SYSTEM32\WINMM.dll
0x00007ffd26880000 - 0x00007ffd26892000 	C:\WINDOWS\SYSTEM32\kernel.appcore.dll
0x00007ffd20150000 - 0x00007ffd2015a000 	C:\Program Files\Java\jdk-17.0.4.1\bin\jimage.dll
0x00007ffd22410000 - 0x00007ffd225f4000 	C:\WINDOWS\SYSTEM32\DBGHELP.DLL
0x00007ffd22330000 - 0x00007ffd2235c000 	C:\WINDOWS\SYSTEM32\dbgcore.DLL
0x00007ffd28df0000 - 0x00007ffd28e72000 	C:\WINDOWS\System32\bcryptPrimitives.dll
0x00007ffd0b5f0000 - 0x00007ffd0b615000 	C:\Program Files\Java\jdk-17.0.4.1\bin\java.dll
0x00007ffcf6da0000 - 0x00007ffcf6e76000 	C:\Program Files\Java\jdk-17.0.4.1\bin\jsvml.dll
0x00007ffd2a590000 - 0x00007ffd2acd3000 	C:\WINDOWS\System32\SHELL32.dll
0x00007ffd26a80000 - 0x00007ffd27211000 	C:\WINDOWS\SYSTEM32\windows.storage.dll
0x00007ffd292f0000 - 0x00007ffd29644000 	C:\WINDOWS\System32\combase.dll
0x00007ffd28320000 - 0x00007ffd28350000 	C:\WINDOWS\SYSTEM32\Wldp.dll
0x00007ffd29bf0000 - 0x00007ffd29c9d000 	C:\WINDOWS\System32\SHCORE.dll
0x00007ffd2afd0000 - 0x00007ffd2b025000 	C:\WINDOWS\System32\shlwapi.dll
0x00007ffd288e0000 - 0x00007ffd288ff000 	C:\WINDOWS\SYSTEM32\profapi.dll
0x00007ffd136b0000 - 0x00007ffd136c9000 	C:\Program Files\Java\jdk-17.0.4.1\bin\net.dll
0x00007ffd21b70000 - 0x00007ffd21c7d000 	C:\WINDOWS\SYSTEM32\WINHTTP.dll
0x00007ffd28080000 - 0x00007ffd280ea000 	C:\WINDOWS\system32\mswsock.dll
0x00007ffd13380000 - 0x00007ffd13396000 	C:\Program Files\Java\jdk-17.0.4.1\bin\nio.dll
0x00007ffcf67f0000 - 0x00007ffcf697f000 	C:\Program Files\Java\jdk-17.0.4.1\bin\awt.dll
0x00007ffd2b180000 - 0x00007ffd2b24d000 	C:\WINDOWS\System32\OLEAUT32.dll
0x00007ffd261b0000 - 0x00007ffd26241000 	C:\WINDOWS\SYSTEM32\apphelp.dll
0x00007ffd26490000 - 0x00007ffd264bf000 	C:\WINDOWS\system32\DWMAPI.DLL
0x00007ffd263a0000 - 0x00007ffd2643e000 	C:\WINDOWS\system32\uxtheme.dll
0x00007ffd049a0000 - 0x00007ffd04ac7000 	C:\WINDOWS\system32\opengl32.dll
0x00007ffd0b6f0000 - 0x00007ffd0b71c000 	C:\WINDOWS\SYSTEM32\GLU32.dll
0x00007ffd2b060000 - 0x00007ffd2b175000 	C:\WINDOWS\System32\MSCTF.dll
0x00007ffd29eb0000 - 0x00007ffd29fda000 	C:\WINDOWS\System32\ole32.dll
0x00007ffd28270000 - 0x00007ffd28288000 	C:\WINDOWS\SYSTEM32\CRYPTSP.dll
0x00007ffd279a0000 - 0x00007ffd279d4000 	C:\WINDOWS\system32\rsaenh.dll
0x00007ffd28e80000 - 0x00007ffd28ea7000 	C:\WINDOWS\System32\bcrypt.dll
0x00007ffd288a0000 - 0x00007ffd288ce000 	C:\WINDOWS\SYSTEM32\USERENV.dll
0x00007ffd28290000 - 0x00007ffd2829c000 	C:\WINDOWS\SYSTEM32\CRYPTBASE.dll
0x00007ffd27d70000 - 0x00007ffd27dab000 	C:\WINDOWS\SYSTEM32\IPHLPAPI.DLL
0x00007ffd2a260000 - 0x00007ffd2a268000 	C:\WINDOWS\System32\NSI.dll
0x00007ffd227d0000 - 0x00007ffd227e7000 	C:\WINDOWS\SYSTEM32\dhcpcsvc6.DLL
0x00007ffd22600000 - 0x00007ffd2261d000 	C:\WINDOWS\SYSTEM32\dhcpcsvc.DLL
0x00007ffd27e00000 - 0x00007ffd27eca000 	C:\WINDOWS\SYSTEM32\DNSAPI.dll
0x00007ffd132f0000 - 0x00007ffd13308000 	C:\Program Files\Java\jdk-17.0.4.1\bin\zip.dll
0x00007ffcf6d10000 - 0x00007ffcf6d99000 	C:\Program Files\Java\jdk-17.0.4.1\bin\freetype.dll
0x00007ffcf6740000 - 0x00007ffcf67e8000 	C:\Program Files\Java\jdk-17.0.4.1\bin\fontmanager.dll
0x00007ffd12f10000 - 0x00007ffd13009000 	C:\WINDOWS\SYSTEM32\textinputframework.dll
0x00007ffd25540000 - 0x00007ffd2589e000 	C:\WINDOWS\System32\CoreUIComponents.dll
0x00007ffd258c0000 - 0x00007ffd259b2000 	C:\WINDOWS\System32\CoreMessaging.dll
0x00007ffd27ae0000 - 0x00007ffd27b13000 	C:\WINDOWS\SYSTEM32\ntmarta.dll
0x00007ffd25240000 - 0x00007ffd25394000 	C:\WINDOWS\SYSTEM32\wintypes.dll
0x00007ffd20420000 - 0x00007ffd20431000 	C:\Program Files\Java\jdk-17.0.4.1\bin\jsound.dll
0x00007ffcfdaa0000 - 0x00007ffcfdb3c000 	C:\WINDOWS\SYSTEM32\DSOUND.dll
0x00007ffd28810000 - 0x00007ffd2885b000 	C:\WINDOWS\SYSTEM32\powrprof.dll
0x00007ffd0b720000 - 0x00007ffd0b746000 	C:\WINDOWS\SYSTEM32\winmmbase.dll
0x00007ffd287f0000 - 0x00007ffd28802000 	C:\WINDOWS\SYSTEM32\UMPDC.dll
0x00007ffd29b40000 - 0x00007ffd29bef000 	C:\WINDOWS\System32\clbcatq.dll
0x00007ffd22b10000 - 0x00007ffd22b95000 	C:\WINDOWS\System32\MMDevApi.dll
0x00007ffd28670000 - 0x00007ffd2869c000 	C:\WINDOWS\System32\DEVOBJ.dll
0x00007ffd28fc0000 - 0x00007ffd2900e000 	C:\WINDOWS\System32\cfgmgr32.dll
0x00007ffd0a9e0000 - 0x00007ffd0aa26000 	C:\WINDOWS\SYSTEM32\wdmaud.drv
0x00007ffd201b0000 - 0x00007ffd201b9000 	C:\WINDOWS\SYSTEM32\ksuser.dll
0x00007ffd15ea0000 - 0x00007ffd15eaa000 	C:\WINDOWS\SYSTEM32\AVRT.dll
0x00007ffd21d60000 - 0x00007ffd21ee2000 	C:\WINDOWS\SYSTEM32\AUDIOSES.DLL
0x00007ffd1ff40000 - 0x00007ffd1ff4d000 	C:\WINDOWS\SYSTEM32\msacm32.drv
0x00007ffd04e70000 - 0x00007ffd04e8e000 	C:\WINDOWS\SYSTEM32\MSACM32.dll
0x00007ffd1b350000 - 0x00007ffd1b35b000 	C:\WINDOWS\SYSTEM32\midimap.dll
0x00007ffd265a0000 - 0x00007ffd265b4000 	C:\WINDOWS\SYSTEM32\resourcepolicyclient.dll
0x00007ffd13010000 - 0x00007ffd13151000 	C:\Windows\System32\Windows.UI.dll
0x00007ffd12d00000 - 0x00007ffd12e52000 	C:\Windows\System32\InputHost.dll
0x00007ffd12e60000 - 0x00007ffd12f01000 	C:\Windows\System32\WindowManagementAPI.dll
0x00007ffd25f20000 - 0x00007ffd26016000 	C:\Windows\System32\PROPSYS.dll
0x00007ffd25bb0000 - 0x00007ffd25db0000 	C:\Windows\System32\twinapi.appcore.dll

dbghelp: loaded successfully - version: 4.0.5 - missing functions: none
symbol engine: initialized successfully - sym options: 0x614 - pdb path: .;C:\Program Files\Java\jdk-17.0.4.1\bin;C:\WINDOWS\SYSTEM32;C:\WINDOWS\WinSxS\amd64_microsoft.windows.common-controls_6595b64144ccf1df_6.0.19041.1110_none_60b5254171f9507e;C:\Program Files\Java\jdk-17.0.4.1\bin\server

VM Arguments:
jvm_args: -Dfile.encoding=UTF-8 --module-path=C:\Users\VictorHugo\Documents\NetBeansProjects\JustA2Dgame\build\classes 
java_command: main.Main
java_class_path (initial): C:\Users\VictorHugo\Documents\NetBeansProjects\JustA2Dgame\build\classes
Launcher Type: SUN_STANDARD

[Global flags]
     intx CICompilerCount                          = 3                                         {product} {ergonomic}
     uint ConcGCThreads                            = 1                                         {product} {ergonomic}
     uint G1ConcRefinementThreads                  = 4                                         {product} {ergonomic}
   size_t G1HeapRegionSize                         = 1048576                                   {product} {ergonomic}
    uintx GCDrainStackTargetSize                   = 64                                        {product} {ergonomic}
   size_t InitialHeapSize                          = 134217728                                 {product} {ergonomic}
   size_t MarkStackSize                            = 4194304                                   {product} {ergonomic}
   size_t MaxHeapSize                              = 2118123520                                {product} {ergonomic}
   size_t MaxNewSize                               = 1270874112                                {product} {ergonomic}
   size_t MinHeapDeltaBytes                        = 1048576                                   {product} {ergonomic}
   size_t MinHeapSize                              = 8388608                                   {product} {ergonomic}
    uintx NonNMethodCodeHeapSize                   = 5832780                                {pd product} {ergonomic}
    uintx NonProfiledCodeHeapSize                  = 122912730                              {pd product} {ergonomic}
    uintx ProfiledCodeHeapSize                     = 122912730                              {pd product} {ergonomic}
    uintx ReservedCodeCacheSize                    = 251658240                              {pd product} {ergonomic}
     bool SegmentedCodeCache                       = true                                      {product} {ergonomic}
   size_t SoftMaxHeapSize                          = 2118123520                             {manageable} {ergonomic}
     bool UseCompressedClassPointers               = true                           {product lp64_product} {ergonomic}
     bool UseCompressedOops                        = true                           {product lp64_product} {ergonomic}
     bool UseG1GC                                  = true                                      {product} {ergonomic}
     bool UseLargePagesIndividualAllocation        = false                                  {pd product} {ergonomic}

Logging:
Log output configuration:
 #0: stdout all=warning uptime,level,tags
 #1: stderr all=off uptime,level,tags

Environment Variables:
JAVA_HOME=C:\Program Files\Java\jdk-17.0.4.1
PATH=C:\Program Files\Common Files\Oracle\Java\javapath;C:\Program Files (x86)\Common Files\Oracle\Java\javapath;C:\ProgramData\Oracle\Java\javapath;C:\Oracle\product\10.1.0\Client_1\bin;C:\Oracle\product\10.1.0\Client_1\jre\1.4.2\bin\client;C:\Oracle\product\10.1.0\Client_1\jre\1.4.2\bin;C:\WINDOWS\system32;C:\WINDOWS;C:\WINDOWS\System32\Wbem;C:\WINDOWS\System32\WindowsPowerShell\v1.0\;C:\php;C:\composer;C:\wamp64\bin\php\php-5.6.31;C:\Program Files (x86)\QuickTime\QTSystem\;C:\Program Files\Microsoft Network Monitor 3\;C:\WINDOWS\System32\OpenSSH\;C:\Program Files\Java\jdk-17.0.4.1\bin;C:\Program Files\Git\cmd;C:\Program Files\nodejs\;C:\Program Files\dotnet\;C:\Program Files\Java\jdk-17.0.4.1\bin;C:\Users\VictorHugo\AppData\Local\Programs\Python\Python310\Scripts\;C:\Users\VictorHugo\AppData\Local\Programs\Python\Python310\;C:\Users\VictorHugo\AppData\Local\Microsoft\WindowsApps;C:\Program Files (x86)\Nmap;C:\Users\VictorHugo\AppData\Roaming\npm;C:\Users\VictorHugo\AppData\Local\Programs\Microsoft VS Code\bin;C:\Users\VictorHugo\.dotnet\tools;
USERNAME=VictorHugo
OS=Windows_NT
PROCESSOR_IDENTIFIER=Intel64 Family 6 Model 58 Stepping 9, GenuineIntel



---------------  S Y S T E M  ---------------

OS:
 Windows 10 , 64 bit Build 19041 (10.0.19041.1889)
OS uptime: 6 days 20:29 hours

CPU: total 4 (initial active 4) (4 cores per cpu, 1 threads per core) family 6 model 58 stepping 9 microcode 0x21, cx8, cmov, fxsr, mmx, sse, sse2, sse3, ssse3, sse4.1, sse4.2, popcnt, tsc, tscinvbit, avx, aes, erms, clmul, vzeroupper, clflush

Memory: 4k page, system-wide physical 8078M (1100M free)
TotalPageFile size 11148M (AvailPageFile size 9M)
current process WorkingSet (physical memory assigned to process): 85M, peak: 97M
current process commit charge ("private bytes"): 217M, peak: 230M

vm_info: Java HotSpot(TM) 64-Bit Server VM (17.0.4.1+1-LTS-2) for windows-amd64 JRE (17.0.4.1+1-LTS-2), built on Aug 16 2022 18:32:06 by "mach5one" with MS VC++ 16.8 / 16.9 (VS2019)

END.
