#
# There is insufficient memory for the Java Runtime Environment to continue.
# Native memory allocation (mmap) failed to map 27262976 bytes for G1 virtual space
# Possible reasons:
#   The system is out of physical RAM or swap space
#   The process is running with CompressedOops enabled, and the Java Heap may be blocking the growth of the native heap
# Possible solutions:
#   Reduce memory load on the system
#   Increase physical memory or swap space
#   Check if swap backing store is full
#   Decrease Java heap size (-Xmx/-Xms)
#   Decrease number of Java threads
#   Decrease Java thread stack sizes (-Xss)
#   Set larger code cache with -XX:ReservedCodeCacheSize=
#   JVM is running with Zero Based Compressed Oops mode in which the Java heap is
#     placed in the first 32GB address space. The Java Heap base address is the
#     maximum limit for the native heap growth. Please use -XX:HeapBaseMinAddress
#     to set the Java Heap base and to place the Java Heap above 32GB virtual address.
# This output file may be truncated or incomplete.
#
#  Out of Memory Error (os_windows.cpp:3535), pid=13872, tid=18344
#
# JRE version: Java(TM) SE Runtime Environment (17.0.4.1+1) (build 17.0.4.1+1-LTS-2)
# Java VM: Java HotSpot(TM) 64-Bit Server VM (17.0.4.1+1-LTS-2, mixed mode, sharing, tiered, compressed oops, compressed class ptrs, g1 gc, windows-amd64)
# No core dump will be written. Minidumps are not enabled by default on client versions of Windows
#

---------------  S U M M A R Y ------------

Command Line: -Dfile.encoding=UTF-8 --module-path=C:\Users\VictorHugo\Documents\NetBeansProjects\JustA2Dgame\build\classes main.Main

Host: Intel(R) Core(TM) i5-3470 CPU @ 3.20GHz, 4 cores, 11G,  Windows 10 , 64 bit Build 19041 (10.0.19041.2251)
Time: Tue Nov 29 09:59:16 2022 E. South America Standard Time elapsed time: 2.803667 seconds (0d 0h 0m 2s)

---------------  T H R E A D  ---------------

Current thread (0x000002a2a0e6c0e0):  VMThread "VM Thread" [stack: 0x000000b22c400000,0x000000b22c500000] [id=18344]

Stack: [0x000000b22c400000,0x000000b22c500000]
Native frames: (J=compiled Java code, j=interpreted, Vv=VM code, C=native code)
V  [jvm.dll+0x6723ba]
V  [jvm.dll+0x7d1e34]
V  [jvm.dll+0x7d35de]
V  [jvm.dll+0x7d3c43]
V  [jvm.dll+0x243065]
V  [jvm.dll+0x66f2d9]
V  [jvm.dll+0x663c22]
V  [jvm.dll+0x3011cb]
V  [jvm.dll+0x308766]
V  [jvm.dll+0x35846e]
V  [jvm.dll+0x35869f]
V  [jvm.dll+0x2d83e8]
V  [jvm.dll+0x2db466]
V  [jvm.dll+0x2e5ab8]
V  [jvm.dll+0x319940]
V  [jvm.dll+0x7d811b]
V  [jvm.dll+0x7d8e54]
V  [jvm.dll+0x7d936c]
V  [jvm.dll+0x7d9744]
V  [jvm.dll+0x7d9810]
V  [jvm.dll+0x781fca]
V  [jvm.dll+0x671245]
C  [ucrtbase.dll+0x21bb2]
C  [KERNEL32.DLL+0x174b4]
C  [ntdll.dll+0x526a1]

VM_Operation (0x000000b22c0ffa70): G1Concurrent, mode: safepoint, requested by thread 0x000002a2ffb640a0


---------------  P R O C E S S  ---------------

Threads class SMR info:
_java_thread_list=0x000002a2a2c09830, length=16, elements={
0x000002a2ffafea70, 0x000002a2a0e73890, 0x000002a2a0e76eb0, 0x000002a2a0e88ad0,
0x000002a2a0e8b3a0, 0x000002a2a0e8c4f0, 0x000002a2a0e8d640, 0x000002a2a0e960c0,
0x000002a2a0e9ab70, 0x000002a2a0e9dd50, 0x000002a2a0e5f5b0, 0x000002a2a194d6c0,
0x000002a2a1b52f70, 0x000002a2a1b464e0, 0x000002a2a2c10260, 0x000002a2a3469fb0
}

Java Threads: ( => current thread )
  0x000002a2ffafea70 JavaThread "main" [_thread_blocked, id=8508, stack(0x000000b22be00000,0x000000b22bf00000)]
  0x000002a2a0e73890 JavaThread "Reference Handler" daemon [_thread_blocked, id=18020, stack(0x000000b22c500000,0x000000b22c600000)]
  0x000002a2a0e76eb0 JavaThread "Finalizer" daemon [_thread_blocked, id=7252, stack(0x000000b22c600000,0x000000b22c700000)]
  0x000002a2a0e88ad0 JavaThread "Signal Dispatcher" daemon [_thread_blocked, id=18188, stack(0x000000b22c700000,0x000000b22c800000)]
  0x000002a2a0e8b3a0 JavaThread "Attach Listener" daemon [_thread_blocked, id=17848, stack(0x000000b22c800000,0x000000b22c900000)]
  0x000002a2a0e8c4f0 JavaThread "Service Thread" daemon [_thread_blocked, id=15028, stack(0x000000b22c900000,0x000000b22ca00000)]
  0x000002a2a0e8d640 JavaThread "Monitor Deflation Thread" daemon [_thread_blocked, id=15248, stack(0x000000b22ca00000,0x000000b22cb00000)]
  0x000002a2a0e960c0 JavaThread "C2 CompilerThread0" daemon [_thread_blocked, id=320, stack(0x000000b22cb00000,0x000000b22cc00000)]
  0x000002a2a0e9ab70 JavaThread "C1 CompilerThread0" daemon [_thread_blocked, id=13160, stack(0x000000b22cc00000,0x000000b22cd00000)]
  0x000002a2a0e9dd50 JavaThread "Sweeper thread" daemon [_thread_blocked, id=13608, stack(0x000000b22cd00000,0x000000b22ce00000)]
  0x000002a2a0e5f5b0 JavaThread "Common-Cleaner" daemon [_thread_blocked, id=760, stack(0x000000b22ce00000,0x000000b22cf00000)]
  0x000002a2a194d6c0 JavaThread "Notification Thread" daemon [_thread_blocked, id=14656, stack(0x000000b22cf00000,0x000000b22d000000)]
  0x000002a2a1b52f70 JavaThread "Java2D Disposer" daemon [_thread_blocked, id=15164, stack(0x000000b22d100000,0x000000b22d200000)]
  0x000002a2a1b464e0 JavaThread "AWT-Windows" daemon [_thread_in_native, id=14132, stack(0x000000b22d300000,0x000000b22d400000)]
  0x000002a2a2c10260 JavaThread "AWT-Shutdown" [_thread_blocked, id=664, stack(0x000000b22d200000,0x000000b22d300000)]
  0x000002a2a3469fb0 JavaThread "AWT-EventQueue-0" [_thread_blocked, id=15848, stack(0x000000b22d700000,0x000000b22d800000)]

Other Threads:
=>0x000002a2a0e6c0e0 VMThread "VM Thread" [stack: 0x000000b22c400000,0x000000b22c500000] [id=18344]
  0x000002a2a194e9c0 WatcherThread [stack: 0x000000b22d000000,0x000000b22d100000] [id=9052]
  0x000002a2ffb56310 GCTaskThread "GC Thread#0" [stack: 0x000000b22bf00000,0x000000b22c000000] [id=18084]
  0x000002a2a1b7ceb0 GCTaskThread "GC Thread#1" [stack: 0x000000b22d400000,0x000000b22d500000] [id=15196]
  0x000002a2a2a32680 GCTaskThread "GC Thread#2" [stack: 0x000000b22d500000,0x000000b22d600000] [id=18220]
  0x000002a2a2a32930 GCTaskThread "GC Thread#3" [stack: 0x000000b22d600000,0x000000b22d700000] [id=13324]
  0x000002a2ffb640a0 ConcurrentGCThread "G1 Main Marker" [stack: 0x000000b22c000000,0x000000b22c100000] [id=14160]
  0x000002a2ffb64ab0 ConcurrentGCThread "G1 Conc#0" [stack: 0x000000b22c100000,0x000000b22c200000] [id=9372]
  0x000002a2a0d334d0 ConcurrentGCThread "G1 Refine#0" [stack: 0x000000b22c200000,0x000000b22c300000] [id=2888]
  0x000002a2ffbd91c0 ConcurrentGCThread "G1 Service" [stack: 0x000000b22c300000,0x000000b22c400000] [id=9016]

Threads with active compile tasks:

VM state: at safepoint (normal execution)

VM Mutex/Monitor currently owned by a thread:  ([mutex/lock_event])
[0x000002a2ffaf9970] Threads_lock - owner thread: 0x000002a2a0e6c0e0
[0x000002a2ffafaa50] Heap_lock - owner thread: 0x000002a2ffb640a0

Heap address: 0x0000000741c00000, size: 3044 MB, Compressed Oops mode: Zero based, Oop shift amount: 3

CDS archive(s) mapped at: [0x0000000800000000-0x0000000800bc0000-0x0000000800bc0000), size 12320768, SharedBaseAddress: 0x0000000800000000, ArchiveRelocationMode: 0.
Compressed class space mapped at: 0x0000000800c00000-0x0000000840c00000, reserved size: 1073741824
Narrow klass base: 0x0000000800000000, Narrow klass shift: 0, Narrow klass range: 0x100000000

GC Precious Log:
 CPUs: 4 total, 4 available
 Memory: 12174M
 Large Page Support: Disabled
 NUMA Support: Disabled
 Compressed Oops: Enabled (Zero based)
 Heap Region Size: 2M
 Heap Min Capacity: 8M
 Heap Initial Capacity: 192M
 Heap Max Capacity: 3044M
 Pre-touch: Disabled
 Parallel Workers: 4
 Concurrent Workers: 1
 Concurrent Refinement Workers: 4
 Periodic GC: Disabled

Heap:
 garbage-first heap   total 403456K, used 253666K [0x0000000741c00000, 0x0000000800000000)
  region size 2048K, 8 young (16384K), 7 survivors (14336K)
 Metaspace       used 8342K, committed 8512K, reserved 1056768K
  class space    used 862K, committed 960K, reserved 1048576K

Heap Regions: E=young(eden), S=young(survivor), O=old, HS=humongous(starts), HC=humongous(continues), CS=collection set, F=free, OA=open archive, CA=closed archive, TAMS=top-at-mark-start (previous, next)
|   0|0x0000000741c00000, 0x0000000741e00000, 0x0000000741e00000|100%| O|  |TAMS 0x0000000741e00000, 0x0000000741c00000| Untracked 
|   1|0x0000000741e00000, 0x0000000741e9f400, 0x0000000742000000| 31%| O|  |TAMS 0x0000000741e9f400, 0x0000000741e00000| Updating 
|   2|0x0000000742000000, 0x0000000742200000, 0x0000000742200000|100%|HS|  |TAMS 0x0000000742200000, 0x0000000742000000| Complete 
|   3|0x0000000742200000, 0x0000000742400000, 0x0000000742400000|100%|HC|  |TAMS 0x0000000742400000, 0x0000000742200000| Complete 
|   4|0x0000000742400000, 0x0000000742600000, 0x0000000742600000|100%|HC|  |TAMS 0x0000000742600000, 0x0000000742400000| Complete 
|   5|0x0000000742600000, 0x0000000742800000, 0x0000000742800000|100%|HC|  |TAMS 0x0000000742800000, 0x0000000742600000| Complete 
|   6|0x0000000742800000, 0x0000000742a00000, 0x0000000742a00000|100%|HC|  |TAMS 0x0000000742a00000, 0x0000000742800000| Complete 
|   7|0x0000000742a00000, 0x0000000742c00000, 0x0000000742c00000|100%|HC|  |TAMS 0x0000000742c00000, 0x0000000742a00000| Complete 
|   8|0x0000000742c00000, 0x0000000742e00000, 0x0000000742e00000|100%|HC|  |TAMS 0x0000000742e00000, 0x0000000742c00000| Complete 
|   9|0x0000000742e00000, 0x0000000743000000, 0x0000000743000000|100%|HC|  |TAMS 0x0000000743000000, 0x0000000742e00000| Complete 
|  10|0x0000000743000000, 0x0000000743200000, 0x0000000743200000|100%|HC|  |TAMS 0x0000000743200000, 0x0000000743000000| Complete 
|  11|0x0000000743200000, 0x0000000743400000, 0x0000000743400000|100%|HC|  |TAMS 0x0000000743400000, 0x0000000743200000| Complete 
|  12|0x0000000743400000, 0x0000000743600000, 0x0000000743600000|100%|HC|  |TAMS 0x0000000743600000, 0x0000000743400000| Complete 
|  13|0x0000000743600000, 0x0000000743800000, 0x0000000743800000|100%|HS|  |TAMS 0x0000000743800000, 0x0000000743600000| Complete 
|  14|0x0000000743800000, 0x0000000743a00000, 0x0000000743a00000|100%|HC|  |TAMS 0x0000000743a00000, 0x0000000743800000| Complete 
|  15|0x0000000743a00000, 0x0000000743c00000, 0x0000000743c00000|100%|HC|  |TAMS 0x0000000743c00000, 0x0000000743a00000| Complete 
|  16|0x0000000743c00000, 0x0000000743e00000, 0x0000000743e00000|100%|HC|  |TAMS 0x0000000743e00000, 0x0000000743c00000| Complete 
|  17|0x0000000743e00000, 0x0000000744000000, 0x0000000744000000|100%|HC|  |TAMS 0x0000000744000000, 0x0000000743e00000| Complete 
|  18|0x0000000744000000, 0x0000000744200000, 0x0000000744200000|100%|HC|  |TAMS 0x0000000744200000, 0x0000000744000000| Complete 
|  19|0x0000000744200000, 0x0000000744400000, 0x0000000744400000|100%|HC|  |TAMS 0x0000000744400000, 0x0000000744200000| Complete 
|  20|0x0000000744400000, 0x0000000744600000, 0x0000000744600000|100%|HC|  |TAMS 0x0000000744600000, 0x0000000744400000| Complete 
|  21|0x0000000744600000, 0x0000000744800000, 0x0000000744800000|100%|HC|  |TAMS 0x0000000744800000, 0x0000000744600000| Complete 
|  22|0x0000000744800000, 0x0000000744a00000, 0x0000000744a00000|100%|HC|  |TAMS 0x0000000744a00000, 0x0000000744800000| Complete 
|  23|0x0000000744a00000, 0x0000000744c00000, 0x0000000744c00000|100%|HC|  |TAMS 0x0000000744c00000, 0x0000000744a00000| Complete 
|  24|0x0000000744c00000, 0x0000000744e00000, 0x0000000744e00000|100%|HS|  |TAMS 0x0000000744e00000, 0x0000000744c00000| Complete 
|  25|0x0000000744e00000, 0x0000000745000000, 0x0000000745000000|100%|HC|  |TAMS 0x0000000745000000, 0x0000000744e00000| Complete 
|  26|0x0000000745000000, 0x0000000745200000, 0x0000000745200000|100%|HC|  |TAMS 0x0000000745200000, 0x0000000745000000| Complete 
|  27|0x0000000745200000, 0x0000000745400000, 0x0000000745400000|100%|HC|  |TAMS 0x0000000745400000, 0x0000000745200000| Complete 
|  28|0x0000000745400000, 0x0000000745600000, 0x0000000745600000|100%|HC|  |TAMS 0x0000000745600000, 0x0000000745400000| Complete 
|  29|0x0000000745600000, 0x0000000745800000, 0x0000000745800000|100%|HC|  |TAMS 0x0000000745800000, 0x0000000745600000| Complete 
|  30|0x0000000745800000, 0x0000000745a00000, 0x0000000745a00000|100%|HC|  |TAMS 0x0000000745a00000, 0x0000000745800000| Complete 
|  31|0x0000000745a00000, 0x0000000745c00000, 0x0000000745c00000|100%|HC|  |TAMS 0x0000000745c00000, 0x0000000745a00000| Complete 
|  32|0x0000000745c00000, 0x0000000745e00000, 0x0000000745e00000|100%|HC|  |TAMS 0x0000000745e00000, 0x0000000745c00000| Complete 
|  33|0x0000000745e00000, 0x0000000746000000, 0x0000000746000000|100%|HC|  |TAMS 0x0000000746000000, 0x0000000745e00000| Complete 
|  34|0x0000000746000000, 0x0000000746200000, 0x0000000746200000|100%|HC|  |TAMS 0x0000000746200000, 0x0000000746000000| Complete 
|  35|0x0000000746200000, 0x0000000746400000, 0x0000000746400000|100%|HS|  |TAMS 0x0000000746400000, 0x0000000746200000| Complete 
|  36|0x0000000746400000, 0x0000000746600000, 0x0000000746600000|100%|HC|  |TAMS 0x0000000746600000, 0x0000000746400000| Complete 
|  37|0x0000000746600000, 0x0000000746800000, 0x0000000746800000|100%|HC|  |TAMS 0x0000000746800000, 0x0000000746600000| Complete 
|  38|0x0000000746800000, 0x0000000746a00000, 0x0000000746a00000|100%|HC|  |TAMS 0x0000000746a00000, 0x0000000746800000| Complete 
|  39|0x0000000746a00000, 0x0000000746c00000, 0x0000000746c00000|100%|HC|  |TAMS 0x0000000746c00000, 0x0000000746a00000| Complete 
|  40|0x0000000746c00000, 0x0000000746e00000, 0x0000000746e00000|100%|HC|  |TAMS 0x0000000746e00000, 0x0000000746c00000| Complete 
|  41|0x0000000746e00000, 0x0000000747000000, 0x0000000747000000|100%|HC|  |TAMS 0x0000000747000000, 0x0000000746e00000| Complete 
|  42|0x0000000747000000, 0x0000000747200000, 0x0000000747200000|100%|HC|  |TAMS 0x0000000747200000, 0x0000000747000000| Complete 
|  43|0x0000000747200000, 0x0000000747400000, 0x0000000747400000|100%|HC|  |TAMS 0x0000000747400000, 0x0000000747200000| Complete 
|  44|0x0000000747400000, 0x0000000747600000, 0x0000000747600000|100%|HC|  |TAMS 0x0000000747600000, 0x0000000747400000| Complete 
|  45|0x0000000747600000, 0x0000000747800000, 0x0000000747800000|100%|HC|  |TAMS 0x0000000747800000, 0x0000000747600000| Complete 
|  46|0x0000000747800000, 0x0000000747a00000, 0x0000000747a00000|100%|HS|  |TAMS 0x0000000747a00000, 0x0000000747800000| Complete 
|  47|0x0000000747a00000, 0x0000000747c00000, 0x0000000747c00000|100%|HC|  |TAMS 0x0000000747c00000, 0x0000000747a00000| Complete 
|  48|0x0000000747c00000, 0x0000000747e00000, 0x0000000747e00000|100%|HC|  |TAMS 0x0000000747e00000, 0x0000000747c00000| Complete 
|  49|0x0000000747e00000, 0x0000000748000000, 0x0000000748000000|100%|HC|  |TAMS 0x0000000748000000, 0x0000000747e00000| Complete 
|  50|0x0000000748000000, 0x0000000748200000, 0x0000000748200000|100%|HC|  |TAMS 0x0000000748200000, 0x0000000748000000| Complete 
|  51|0x0000000748200000, 0x0000000748400000, 0x0000000748400000|100%|HC|  |TAMS 0x0000000748400000, 0x0000000748200000| Complete 
|  52|0x0000000748400000, 0x0000000748600000, 0x0000000748600000|100%|HC|  |TAMS 0x0000000748600000, 0x0000000748400000| Complete 
|  53|0x0000000748600000, 0x0000000748800000, 0x0000000748800000|100%|HC|  |TAMS 0x0000000748800000, 0x0000000748600000| Complete 
|  54|0x0000000748800000, 0x0000000748a00000, 0x0000000748a00000|100%|HC|  |TAMS 0x0000000748a00000, 0x0000000748800000| Complete 
|  55|0x0000000748a00000, 0x0000000748c00000, 0x0000000748c00000|100%|HC|  |TAMS 0x0000000748c00000, 0x0000000748a00000| Complete 
|  56|0x0000000748c00000, 0x0000000748e00000, 0x0000000748e00000|100%|HC|  |TAMS 0x0000000748e00000, 0x0000000748c00000| Complete 
|  57|0x0000000748e00000, 0x0000000749000000, 0x0000000749000000|100%|HS|  |TAMS 0x0000000749000000, 0x0000000748e00000| Complete 
|  58|0x0000000749000000, 0x0000000749200000, 0x0000000749200000|100%|HC|  |TAMS 0x0000000749200000, 0x0000000749000000| Complete 
|  59|0x0000000749200000, 0x0000000749400000, 0x0000000749400000|100%|HC|  |TAMS 0x0000000749400000, 0x0000000749200000| Complete 
|  60|0x0000000749400000, 0x0000000749600000, 0x0000000749600000|100%|HC|  |TAMS 0x0000000749600000, 0x0000000749400000| Complete 
|  61|0x0000000749600000, 0x0000000749800000, 0x0000000749800000|100%|HC|  |TAMS 0x0000000749800000, 0x0000000749600000| Complete 
|  62|0x0000000749800000, 0x0000000749a00000, 0x0000000749a00000|100%|HC|  |TAMS 0x0000000749a00000, 0x0000000749800000| Complete 
|  63|0x0000000749a00000, 0x0000000749c00000, 0x0000000749c00000|100%|HC|  |TAMS 0x0000000749c00000, 0x0000000749a00000| Complete 
|  64|0x0000000749c00000, 0x0000000749e00000, 0x0000000749e00000|100%|HC|  |TAMS 0x0000000749e00000, 0x0000000749c00000| Complete 
|  65|0x0000000749e00000, 0x000000074a000000, 0x000000074a000000|100%|HC|  |TAMS 0x000000074a000000, 0x0000000749e00000| Complete 
|  66|0x000000074a000000, 0x000000074a200000, 0x000000074a200000|100%|HC|  |TAMS 0x000000074a200000, 0x000000074a000000| Complete 
|  67|0x000000074a200000, 0x000000074a400000, 0x000000074a400000|100%|HC|  |TAMS 0x000000074a400000, 0x000000074a200000| Complete 
|  68|0x000000074a400000, 0x000000074a600000, 0x000000074a600000|100%|HS|  |TAMS 0x000000074a600000, 0x000000074a400000| Complete 
|  69|0x000000074a600000, 0x000000074a800000, 0x000000074a800000|100%|HC|  |TAMS 0x000000074a800000, 0x000000074a600000| Complete 
|  70|0x000000074a800000, 0x000000074aa00000, 0x000000074aa00000|100%|HC|  |TAMS 0x000000074aa00000, 0x000000074a800000| Complete 
|  71|0x000000074aa00000, 0x000000074ac00000, 0x000000074ac00000|100%|HC|  |TAMS 0x000000074ac00000, 0x000000074aa00000| Complete 
|  72|0x000000074ac00000, 0x000000074ae00000, 0x000000074ae00000|100%|HC|  |TAMS 0x000000074ae00000, 0x000000074ac00000| Complete 
|  73|0x000000074ae00000, 0x000000074b000000, 0x000000074b000000|100%|HC|  |TAMS 0x000000074b000000, 0x000000074ae00000| Complete 
|  74|0x000000074b000000, 0x000000074b200000, 0x000000074b200000|100%|HC|  |TAMS 0x000000074b200000, 0x000000074b000000| Complete 
|  75|0x000000074b200000, 0x000000074b400000, 0x000000074b400000|100%|HC|  |TAMS 0x000000074b400000, 0x000000074b200000| Complete 
|  76|0x000000074b400000, 0x000000074b600000, 0x000000074b600000|100%|HC|  |TAMS 0x000000074b600000, 0x000000074b400000| Complete 
|  77|0x000000074b600000, 0x000000074b800000, 0x000000074b800000|100%|HC|  |TAMS 0x000000074b800000, 0x000000074b600000| Complete 
|  78|0x000000074b800000, 0x000000074ba00000, 0x000000074ba00000|100%|HC|  |TAMS 0x000000074ba00000, 0x000000074b800000| Complete 
|  79|0x000000074ba00000, 0x000000074bc00000, 0x000000074bc00000|100%|HS|  |TAMS 0x000000074bc00000, 0x000000074ba00000| Complete 
|  80|0x000000074bc00000, 0x000000074be00000, 0x000000074be00000|100%|HC|  |TAMS 0x000000074be00000, 0x000000074bc00000| Complete 
|  81|0x000000074be00000, 0x000000074c000000, 0x000000074c000000|100%|HC|  |TAMS 0x000000074c000000, 0x000000074be00000| Complete 
|  82|0x000000074c000000, 0x000000074c200000, 0x000000074c200000|100%|HC|  |TAMS 0x000000074c200000, 0x000000074c000000| Complete 
|  83|0x000000074c200000, 0x000000074c400000, 0x000000074c400000|100%|HC|  |TAMS 0x000000074c400000, 0x000000074c200000| Complete 
|  84|0x000000074c400000, 0x000000074c600000, 0x000000074c600000|100%|HC|  |TAMS 0x000000074c600000, 0x000000074c400000| Complete 
|  85|0x000000074c600000, 0x000000074c800000, 0x000000074c800000|100%|HC|  |TAMS 0x000000074c800000, 0x000000074c600000| Complete 
|  86|0x000000074c800000, 0x000000074ca00000, 0x000000074ca00000|100%|HC|  |TAMS 0x000000074ca00000, 0x000000074c800000| Complete 
|  87|0x000000074ca00000, 0x000000074cc00000, 0x000000074cc00000|100%|HC|  |TAMS 0x000000074cc00000, 0x000000074ca00000| Complete 
|  88|0x000000074cc00000, 0x000000074ce00000, 0x000000074ce00000|100%|HC|  |TAMS 0x000000074ce00000, 0x000000074cc00000| Complete 
|  89|0x000000074ce00000, 0x000000074d000000, 0x000000074d000000|100%|HC|  |TAMS 0x000000074d000000, 0x000000074ce00000| Complete 
|  90|0x000000074d000000, 0x000000074d200000, 0x000000074d200000|100%|HS|  |TAMS 0x000000074d200000, 0x000000074d000000| Complete 
|  91|0x000000074d200000, 0x000000074d400000, 0x000000074d400000|100%|HC|  |TAMS 0x000000074d400000, 0x000000074d200000| Complete 
|  92|0x000000074d400000, 0x000000074d600000, 0x000000074d600000|100%|HC|  |TAMS 0x000000074d600000, 0x000000074d400000| Complete 
|  93|0x000000074d600000, 0x000000074d800000, 0x000000074d800000|100%|HC|  |TAMS 0x000000074d800000, 0x000000074d600000| Complete 
|  94|0x000000074d800000, 0x000000074da00000, 0x000000074da00000|100%|HC|  |TAMS 0x000000074da00000, 0x000000074d800000| Complete 
|  95|0x000000074da00000, 0x000000074dc00000, 0x000000074dc00000|100%|HC|  |TAMS 0x000000074dc00000, 0x000000074da00000| Complete 
|  96|0x000000074dc00000, 0x000000074de00000, 0x000000074de00000|100%|HC|  |TAMS 0x000000074de00000, 0x000000074dc00000| Complete 
|  97|0x000000074de00000, 0x000000074e000000, 0x000000074e000000|100%|HC|  |TAMS 0x000000074e000000, 0x000000074de00000| Complete 
|  98|0x000000074e000000, 0x000000074e200000, 0x000000074e200000|100%|HC|  |TAMS 0x000000074e200000, 0x000000074e000000| Complete 
|  99|0x000000074e200000, 0x000000074e400000, 0x000000074e400000|100%|HC|  |TAMS 0x000000074e400000, 0x000000074e200000| Complete 
| 100|0x000000074e400000, 0x000000074e600000, 0x000000074e600000|100%|HC|  |TAMS 0x000000074e600000, 0x000000074e400000| Complete 
| 101|0x000000074e600000, 0x000000074e800000, 0x000000074e800000|100%|HS|  |TAMS 0x000000074e800000, 0x000000074e600000| Complete 
| 102|0x000000074e800000, 0x000000074ea00000, 0x000000074ea00000|100%|HC|  |TAMS 0x000000074ea00000, 0x000000074e800000| Complete 
| 103|0x000000074ea00000, 0x000000074ec00000, 0x000000074ec00000|100%|HC|  |TAMS 0x000000074ec00000, 0x000000074ea00000| Complete 
| 104|0x000000074ec00000, 0x000000074ee00000, 0x000000074ee00000|100%|HC|  |TAMS 0x000000074ee00000, 0x000000074ec00000| Complete 
| 105|0x000000074ee00000, 0x000000074f000000, 0x000000074f000000|100%|HC|  |TAMS 0x000000074f000000, 0x000000074ee00000| Complete 
| 106|0x000000074f000000, 0x000000074f200000, 0x000000074f200000|100%|HC|  |TAMS 0x000000074f200000, 0x000000074f000000| Complete 
| 107|0x000000074f200000, 0x000000074f400000, 0x000000074f400000|100%|HC|  |TAMS 0x000000074f400000, 0x000000074f200000| Complete 
| 108|0x000000074f400000, 0x000000074f600000, 0x000000074f600000|100%|HC|  |TAMS 0x000000074f600000, 0x000000074f400000| Complete 
| 109|0x000000074f600000, 0x000000074f800000, 0x000000074f800000|100%|HC|  |TAMS 0x000000074f800000, 0x000000074f600000| Complete 
| 110|0x000000074f800000, 0x000000074fa00000, 0x000000074fa00000|100%|HC|  |TAMS 0x000000074fa00000, 0x000000074f800000| Complete 
| 111|0x000000074fa00000, 0x000000074fc00000, 0x000000074fc00000|100%|HC|  |TAMS 0x000000074fc00000, 0x000000074fa00000| Complete 
| 112|0x000000074fc00000, 0x000000074fe00000, 0x000000074fe00000|100%|HS|  |TAMS 0x000000074fe00000, 0x000000074fc00000| Complete 
| 113|0x000000074fe00000, 0x0000000750000000, 0x0000000750000000|100%|HC|  |TAMS 0x0000000750000000, 0x000000074fe00000| Complete 
| 114|0x0000000750000000, 0x0000000750200000, 0x0000000750200000|100%|HC|  |TAMS 0x0000000750200000, 0x0000000750000000| Complete 
| 115|0x0000000750200000, 0x0000000750400000, 0x0000000750400000|100%|HS|  |TAMS 0x0000000750200000, 0x0000000750200000| Complete 
| 116|0x0000000750400000, 0x0000000750600000, 0x0000000750600000|100%|HC|  |TAMS 0x0000000750400000, 0x0000000750400000| Complete 
| 117|0x0000000750600000, 0x0000000750800000, 0x0000000750800000|100%|HC|  |TAMS 0x0000000750600000, 0x0000000750600000| Complete 
| 118|0x0000000750800000, 0x0000000750800000, 0x0000000750a00000|  0%| F|  |TAMS 0x0000000750800000, 0x0000000750800000| Untracked 
| 119|0x0000000750a00000, 0x0000000750a00000, 0x0000000750c00000|  0%| F|  |TAMS 0x0000000750a00000, 0x0000000750a00000| Untracked 
| 120|0x0000000750c00000, 0x0000000750c00000, 0x0000000750e00000|  0%| F|  |TAMS 0x0000000750c00000, 0x0000000750c00000| Untracked 
| 121|0x0000000750e00000, 0x0000000750e00000, 0x0000000751000000|  0%| F|  |TAMS 0x0000000750e00000, 0x0000000750e00000| Untracked 
| 122|0x0000000751000000, 0x0000000751000000, 0x0000000751200000|  0%| F|  |TAMS 0x0000000751000000, 0x0000000751000000| Untracked 
| 123|0x0000000751200000, 0x0000000751200000, 0x0000000751400000|  0%| F|  |TAMS 0x0000000751200000, 0x0000000751200000| Untracked 
| 124|0x0000000751400000, 0x0000000751400000, 0x0000000751600000|  0%| F|  |TAMS 0x0000000751400000, 0x0000000751400000| Untracked 
| 125|0x0000000751600000, 0x0000000751600000, 0x0000000751800000|  0%| F|  |TAMS 0x0000000751600000, 0x0000000751600000| Untracked 
| 126|0x0000000751800000, 0x0000000751800000, 0x0000000751a00000|  0%| F|  |TAMS 0x0000000751800000, 0x0000000751800000| Untracked 
| 127|0x0000000751a00000, 0x0000000751a00000, 0x0000000751c00000|  0%| F|  |TAMS 0x0000000751a00000, 0x0000000751a00000| Untracked 
| 128|0x0000000751c00000, 0x0000000751c00000, 0x0000000751e00000|  0%| F|  |TAMS 0x0000000751c00000, 0x0000000751c00000| Untracked 
| 129|0x0000000751e00000, 0x0000000751e00000, 0x0000000752000000|  0%| F|  |TAMS 0x0000000751e00000, 0x0000000751e00000| Untracked 
| 130|0x0000000752000000, 0x0000000752000000, 0x0000000752200000|  0%| F|  |TAMS 0x0000000752000000, 0x0000000752000000| Untracked 
| 131|0x0000000752200000, 0x0000000752200000, 0x0000000752400000|  0%| F|  |TAMS 0x0000000752200000, 0x0000000752200000| Untracked 
| 132|0x0000000752400000, 0x0000000752400000, 0x0000000752600000|  0%| F|  |TAMS 0x0000000752400000, 0x0000000752400000| Untracked 
| 133|0x0000000752600000, 0x0000000752600000, 0x0000000752800000|  0%| F|  |TAMS 0x0000000752600000, 0x0000000752600000| Untracked 
| 134|0x0000000752800000, 0x0000000752800000, 0x0000000752a00000|  0%| F|  |TAMS 0x0000000752800000, 0x0000000752800000| Untracked 
| 135|0x0000000752a00000, 0x0000000752a00000, 0x0000000752c00000|  0%| F|  |TAMS 0x0000000752a00000, 0x0000000752a00000| Untracked 
| 136|0x0000000752c00000, 0x0000000752c00000, 0x0000000752e00000|  0%| F|  |TAMS 0x0000000752c00000, 0x0000000752c00000| Untracked 
| 137|0x0000000752e00000, 0x0000000752e00000, 0x0000000753000000|  0%| F|  |TAMS 0x0000000752e00000, 0x0000000752e00000| Untracked 
| 138|0x0000000753000000, 0x0000000753000000, 0x0000000753200000|  0%| F|  |TAMS 0x0000000753000000, 0x0000000753000000| Untracked 
| 139|0x0000000753200000, 0x0000000753200000, 0x0000000753400000|  0%| F|  |TAMS 0x0000000753200000, 0x0000000753200000| Untracked 
| 140|0x0000000753400000, 0x0000000753400000, 0x0000000753600000|  0%| F|  |TAMS 0x0000000753400000, 0x0000000753400000| Untracked 
| 141|0x0000000753600000, 0x0000000753600000, 0x0000000753800000|  0%| F|  |TAMS 0x0000000753600000, 0x0000000753600000| Untracked 
| 142|0x0000000753800000, 0x0000000753800000, 0x0000000753a00000|  0%| F|  |TAMS 0x0000000753800000, 0x0000000753800000| Untracked 
| 143|0x0000000753a00000, 0x0000000753a00000, 0x0000000753c00000|  0%| F|  |TAMS 0x0000000753a00000, 0x0000000753a00000| Untracked 
| 144|0x0000000753c00000, 0x0000000753c00000, 0x0000000753e00000|  0%| F|  |TAMS 0x0000000753c00000, 0x0000000753c00000| Untracked 
| 145|0x0000000753e00000, 0x0000000753e00000, 0x0000000754000000|  0%| F|  |TAMS 0x0000000753e00000, 0x0000000753e00000| Untracked 
| 146|0x0000000754000000, 0x0000000754000000, 0x0000000754200000|  0%| F|  |TAMS 0x0000000754000000, 0x0000000754000000| Untracked 
| 147|0x0000000754200000, 0x0000000754200000, 0x0000000754400000|  0%| F|  |TAMS 0x0000000754200000, 0x0000000754200000| Untracked 
| 148|0x0000000754400000, 0x0000000754400000, 0x0000000754600000|  0%| F|  |TAMS 0x0000000754400000, 0x0000000754400000| Untracked 
| 149|0x0000000754600000, 0x0000000754600000, 0x0000000754800000|  0%| F|  |TAMS 0x0000000754600000, 0x0000000754600000| Untracked 
| 150|0x0000000754800000, 0x0000000754800000, 0x0000000754a00000|  0%| F|  |TAMS 0x0000000754800000, 0x0000000754800000| Untracked 
| 151|0x0000000754a00000, 0x0000000754a00000, 0x0000000754c00000|  0%| F|  |TAMS 0x0000000754a00000, 0x0000000754a00000| Untracked 
| 152|0x0000000754c00000, 0x0000000754c00000, 0x0000000754e00000|  0%| F|  |TAMS 0x0000000754c00000, 0x0000000754c00000| Untracked 
| 153|0x0000000754e00000, 0x0000000754e00000, 0x0000000755000000|  0%| F|  |TAMS 0x0000000754e00000, 0x0000000754e00000| Untracked 
| 154|0x0000000755000000, 0x0000000755000000, 0x0000000755200000|  0%| F|  |TAMS 0x0000000755000000, 0x0000000755000000| Untracked 
| 155|0x0000000755200000, 0x0000000755200000, 0x0000000755400000|  0%| F|  |TAMS 0x0000000755200000, 0x0000000755200000| Untracked 
| 156|0x0000000755400000, 0x0000000755400000, 0x0000000755600000|  0%| F|  |TAMS 0x0000000755400000, 0x0000000755400000| Untracked 
| 157|0x0000000755600000, 0x0000000755600000, 0x0000000755800000|  0%| F|  |TAMS 0x0000000755600000, 0x0000000755600000| Untracked 
| 158|0x0000000755800000, 0x0000000755800000, 0x0000000755a00000|  0%| F|  |TAMS 0x0000000755800000, 0x0000000755800000| Untracked 
| 159|0x0000000755a00000, 0x0000000755a00000, 0x0000000755c00000|  0%| F|  |TAMS 0x0000000755a00000, 0x0000000755a00000| Untracked 
| 160|0x0000000755c00000, 0x0000000755c00000, 0x0000000755e00000|  0%| F|  |TAMS 0x0000000755c00000, 0x0000000755c00000| Untracked 
| 161|0x0000000755e00000, 0x0000000755e00000, 0x0000000756000000|  0%| F|  |TAMS 0x0000000755e00000, 0x0000000755e00000| Untracked 
| 162|0x0000000756000000, 0x0000000756000000, 0x0000000756200000|  0%| F|  |TAMS 0x0000000756000000, 0x0000000756000000| Untracked 
| 163|0x0000000756200000, 0x0000000756200000, 0x0000000756400000|  0%| F|  |TAMS 0x0000000756200000, 0x0000000756200000| Untracked 
| 164|0x0000000756400000, 0x0000000756400000, 0x0000000756600000|  0%| F|  |TAMS 0x0000000756400000, 0x0000000756400000| Untracked 
| 165|0x0000000756600000, 0x0000000756600000, 0x0000000756800000|  0%| F|  |TAMS 0x0000000756600000, 0x0000000756600000| Untracked 
| 166|0x0000000756800000, 0x0000000756800000, 0x0000000756a00000|  0%| F|  |TAMS 0x0000000756800000, 0x0000000756800000| Untracked 
| 167|0x0000000756a00000, 0x0000000756a00000, 0x0000000756c00000|  0%| F|  |TAMS 0x0000000756a00000, 0x0000000756a00000| Untracked 
| 168|0x0000000756c00000, 0x0000000756c00000, 0x0000000756e00000|  0%| F|  |TAMS 0x0000000756c00000, 0x0000000756c00000| Untracked 
| 169|0x0000000756e00000, 0x0000000756e00000, 0x0000000757000000|  0%| F|  |TAMS 0x0000000756e00000, 0x0000000756e00000| Untracked 
| 170|0x0000000757000000, 0x0000000757000000, 0x0000000757200000|  0%| F|  |TAMS 0x0000000757000000, 0x0000000757000000| Untracked 
| 171|0x0000000757200000, 0x0000000757200000, 0x0000000757400000|  0%| F|  |TAMS 0x0000000757200000, 0x0000000757200000| Untracked 
| 172|0x0000000757400000, 0x0000000757400000, 0x0000000757600000|  0%| F|  |TAMS 0x0000000757400000, 0x0000000757400000| Untracked 
| 173|0x0000000757600000, 0x0000000757600000, 0x0000000757800000|  0%| F|  |TAMS 0x0000000757600000, 0x0000000757600000| Untracked 
| 174|0x0000000757800000, 0x0000000757800000, 0x0000000757a00000|  0%| F|  |TAMS 0x0000000757800000, 0x0000000757800000| Untracked 
| 175|0x0000000757a00000, 0x0000000757a00000, 0x0000000757c00000|  0%| F|  |TAMS 0x0000000757a00000, 0x0000000757a00000| Untracked 
| 176|0x0000000757c00000, 0x0000000757d19430, 0x0000000757e00000| 54%| S|CS|TAMS 0x0000000757c00000, 0x0000000757c00000| Complete 
| 177|0x0000000757e00000, 0x0000000758000000, 0x0000000758000000|100%| S|CS|TAMS 0x0000000757e00000, 0x0000000757e00000| Complete 
| 178|0x0000000758000000, 0x0000000758200000, 0x0000000758200000|100%| S|CS|TAMS 0x0000000758000000, 0x0000000758000000| Complete 
| 179|0x0000000758200000, 0x0000000758400000, 0x0000000758400000|100%| S|CS|TAMS 0x0000000758200000, 0x0000000758200000| Complete 
| 180|0x0000000758400000, 0x0000000758600000, 0x0000000758600000|100%| S|CS|TAMS 0x0000000758400000, 0x0000000758400000| Complete 
| 181|0x0000000758600000, 0x0000000758800000, 0x0000000758800000|100%| S|CS|TAMS 0x0000000758600000, 0x0000000758600000| Complete 
| 182|0x0000000758800000, 0x0000000758800000, 0x0000000758a00000|  0%| F|  |TAMS 0x0000000758800000, 0x0000000758800000| Untracked 
| 183|0x0000000758a00000, 0x0000000758a00000, 0x0000000758c00000|  0%| F|  |TAMS 0x0000000758a00000, 0x0000000758a00000| Untracked 
| 184|0x0000000758c00000, 0x0000000758e00000, 0x0000000758e00000|100%| S|CS|TAMS 0x0000000758c00000, 0x0000000758c00000| Complete 
| 185|0x0000000758e00000, 0x0000000758e00000, 0x0000000759000000|  0%| F|  |TAMS 0x0000000758e00000, 0x0000000758e00000| Untracked 
| 186|0x0000000759000000, 0x0000000759000000, 0x0000000759200000|  0%| F|  |TAMS 0x0000000759000000, 0x0000000759000000| Untracked 
| 187|0x0000000759200000, 0x0000000759200000, 0x0000000759400000|  0%| F|  |TAMS 0x0000000759200000, 0x0000000759200000| Untracked 
| 188|0x0000000759400000, 0x0000000759400000, 0x0000000759600000|  0%| F|  |TAMS 0x0000000759400000, 0x0000000759400000| Untracked 
| 189|0x0000000759600000, 0x0000000759600000, 0x0000000759800000|  0%| F|  |TAMS 0x0000000759600000, 0x0000000759600000| Untracked 
| 190|0x0000000759800000, 0x0000000759800000, 0x0000000759a00000|  0%| F|  |TAMS 0x0000000759800000, 0x0000000759800000| Untracked 
| 191|0x0000000759a00000, 0x0000000759a00000, 0x0000000759c00000|  0%| F|  |TAMS 0x0000000759a00000, 0x0000000759a00000| Untracked 
| 192|0x0000000759c00000, 0x0000000759c00000, 0x0000000759e00000|  0%| F|  |TAMS 0x0000000759c00000, 0x0000000759c00000| Untracked 
| 193|0x0000000759e00000, 0x0000000759e00000, 0x000000075a000000|  0%| F|  |TAMS 0x0000000759e00000, 0x0000000759e00000| Untracked 
| 194|0x000000075a000000, 0x000000075a000000, 0x000000075a200000|  0%| F|  |TAMS 0x000000075a000000, 0x000000075a000000| Untracked 
| 195|0x000000075a200000, 0x000000075a200000, 0x000000075a400000|  0%| F|  |TAMS 0x000000075a200000, 0x000000075a200000| Untracked 
| 196|0x000000075a400000, 0x000000075a500000, 0x000000075a600000| 50%| E|  |TAMS 0x000000075a400000, 0x000000075a400000| Complete 

Card table byte_map: [0x000002a2981b0000,0x000002a2987b0000] _byte_map_base: 0x000002a2947a2000

Marking Bits (Prev, Next): (CMBitMap*) 0x000002a2ffb56960, (CMBitMap*) 0x000002a2ffb56920
 Prev Bits: [0x000002a29bd40000, 0x000002a29ecd0000)
 Next Bits: [0x000002a298db0000, 0x000002a29bd40000)

Polling page: 0x000002a2feed0000

Metaspace:

Usage:
  Non-class:      7.30 MB used.
      Class:    862.72 KB used.
       Both:      8.15 MB used.

Virtual space:
  Non-class space:        8.00 MB reserved,       7.38 MB ( 92%) committed,  1 nodes.
      Class space:        1.00 GB reserved,     960.00 KB ( <1%) committed,  1 nodes.
             Both:        1.01 GB reserved,       8.31 MB ( <1%) committed. 

Chunk freelists:
   Non-Class:  417.00 KB
       Class:  3.07 MB
        Both:  3.47 MB

MaxMetaspaceSize: unlimited
CompressedClassSpaceSize: 1.00 GB
Initial GC threshold: 21.00 MB
Current GC threshold: 21.00 MB
CDS: on
MetaspaceReclaimPolicy: balanced
 - commit_granule_bytes: 65536.
 - commit_granule_words: 8192.
 - virtual_space_node_default_size: 1048576.
 - enlarge_chunks_in_place: 1.
 - new_chunks_are_fully_committed: 0.
 - uncommit_free_chunks: 1.
 - use_allocation_guard: 0.
 - handle_deallocations: 1.


Internal statistics:

num_allocs_failed_limit: 0.
num_arena_births: 130.
num_arena_deaths: 0.
num_vsnodes_births: 2.
num_vsnodes_deaths: 0.
num_space_committed: 133.
num_space_uncommitted: 0.
num_chunks_returned_to_freelist: 0.
num_chunks_taken_from_freelist: 180.
num_chunk_merges: 0.
num_chunk_splits: 112.
num_chunks_enlarged: 67.
num_purges: 0.
num_inconsistent_stats: 0.

CodeHeap 'non-profiled nmethods': size=120000Kb used=680Kb max_used=680Kb free=119319Kb
 bounds [0x000002a290680000, 0x000002a2908f0000, 0x000002a297bb0000]
CodeHeap 'profiled nmethods': size=120000Kb used=3127Kb max_used=3127Kb free=116872Kb
 bounds [0x000002a289150000, 0x000002a289460000, 0x000002a290680000]
CodeHeap 'non-nmethods': size=5760Kb used=1251Kb max_used=1268Kb free=4508Kb
 bounds [0x000002a288bb0000, 0x000002a288e20000, 0x000002a289150000]
 total_blobs=2217 nmethods=1645 adapters=485
 compilation: enabled
              stopped_count=0, restarted_count=0
 full_count=0

Compilation events (20 events):
Event: 2.589 Thread 0x000002a2a0e9ab70 1635   !   3       com.sun.imageio.stream.StreamCloser::removeFromQueue (30 bytes)
Event: 2.589 Thread 0x000002a2a0e9ab70 nmethod 1635 0x000002a28945ae10 code [0x000002a28945afc0, 0x000002a28945b248]
Event: 2.589 Thread 0x000002a2a0e9ab70 1636       3       sun.java2d.SunGraphics2D::drawImage (15 bytes)
Event: 2.589 Thread 0x000002a2a0e9ab70 nmethod 1636 0x000002a28945b390 code [0x000002a28945b520, 0x000002a28945b668]
Event: 2.589 Thread 0x000002a2a0e9ab70 1637   !   3       sun.java2d.SunGraphics2D::drawImage (202 bytes)
Event: 2.590 Thread 0x000002a2a0e9ab70 nmethod 1637 0x000002a28945b710 code [0x000002a28945b9a0, 0x000002a28945c7a8]
Event: 2.592 Thread 0x000002a2a0e9ab70 1638       3       sun.awt.image.PixelConverter$Rgba::rgbToPixel (10 bytes)
Event: 2.592 Thread 0x000002a2a0e9ab70 nmethod 1638 0x000002a28945cd90 code [0x000002a28945cf20, 0x000002a28945d038]
Event: 2.599 Thread 0x000002a2a0e9ab70 1639   !   3       java.nio.channels.spi.AbstractInterruptibleChannel::close (37 bytes)
Event: 2.599 Thread 0x000002a2a0e9ab70 nmethod 1639 0x000002a28945d110 code [0x000002a28945d2c0, 0x000002a28945d588]
Event: 2.599 Thread 0x000002a2a0e960c0 1640       4       java.lang.Integer::valueOf (32 bytes)
Event: 2.600 Thread 0x000002a2a0e960c0 nmethod 1640 0x000002a290728690 code [0x000002a290728820, 0x000002a2907288f8]
Event: 2.747 Thread 0x000002a2a0e960c0 1641       4       com.sun.imageio.plugins.common.ReaderUtil::computeUpdatedPixels (184 bytes)
Event: 2.758 Thread 0x000002a2a0e960c0 nmethod 1641 0x000002a290728990 code [0x000002a290728b20, 0x000002a290729318]
Event: 2.791 Thread 0x000002a2a0e9ab70 1642       1       java.security.CodeSource::getLocation (5 bytes)
Event: 2.791 Thread 0x000002a2a0e9ab70 nmethod 1642 0x000002a290729710 code [0x000002a2907298a0, 0x000002a290729978]
Event: 2.797 Thread 0x000002a2a0e9ab70 1643       3       sun.java2d.DefaultDisposerRecord::dispose (12 bytes)
Event: 2.797 Thread 0x000002a2a0e9ab70 nmethod 1643 0x000002a28945d690 code [0x000002a28945d820, 0x000002a28945d968]
Event: 2.798 Thread 0x000002a2a0e9ab70 1645   !   3       java.io.FileCleanable::performCleanup (27 bytes)
Event: 2.798 Thread 0x000002a2a0e9ab70 nmethod 1645 0x000002a28945da10 code [0x000002a28945dbc0, 0x000002a28945ddb8]

GC Heap History (20 events):
Event: 0.966 GC heap before
{Heap before GC invocations=2 (full 0):
 garbage-first heap   total 196608K, used 37644K [0x0000000741c00000, 0x0000000800000000)
  region size 2048K, 18 young (36864K), 1 survivors (2048K)
 Metaspace       used 6574K, committed 6784K, reserved 1056768K
  class space    used 664K, committed 768K, reserved 1048576K
}
Event: 0.967 GC heap after
{Heap after GC invocations=3 (full 0):
 garbage-first heap   total 196608K, used 4363K [0x0000000741c00000, 0x0000000800000000)
  region size 2048K, 1 young (2048K), 1 survivors (2048K)
 Metaspace       used 6574K, committed 6784K, reserved 1056768K
  class space    used 664K, committed 768K, reserved 1048576K
}
Event: 1.329 GC heap before
{Heap before GC invocations=3 (full 0):
 garbage-first heap   total 196608K, used 121099K [0x0000000741c00000, 0x0000000800000000)
  region size 2048K, 26 young (53248K), 1 survivors (2048K)
 Metaspace       used 6685K, committed 6912K, reserved 1056768K
  class space    used 669K, committed 768K, reserved 1048576K
}
Event: 1.331 GC heap after
{Heap after GC invocations=4 (full 0):
 garbage-first heap   total 196608K, used 72646K [0x0000000741c00000, 0x0000000800000000)
  region size 2048K, 2 young (4096K), 2 survivors (4096K)
 Metaspace       used 6685K, committed 6912K, reserved 1056768K
  class space    used 669K, committed 768K, reserved 1048576K
}
Event: 1.390 GC heap before
{Heap before GC invocations=4 (full 0):
 garbage-first heap   total 196608K, used 95174K [0x0000000741c00000, 0x0000000800000000)
  region size 2048K, 3 young (6144K), 2 survivors (4096K)
 Metaspace       used 6688K, committed 6912K, reserved 1056768K
  class space    used 669K, committed 768K, reserved 1048576K
}
Event: 1.391 GC heap after
{Heap after GC invocations=5 (full 0):
 garbage-first heap   total 196608K, used 95109K [0x0000000741c00000, 0x0000000800000000)
  region size 2048K, 2 young (4096K), 2 survivors (4096K)
 Metaspace       used 6688K, committed 6912K, reserved 1056768K
  class space    used 669K, committed 768K, reserved 1048576K
}
Event: 1.427 GC heap before
{Heap before GC invocations=6 (full 0):
 garbage-first heap   total 202752K, used 117637K [0x0000000741c00000, 0x0000000800000000)
  region size 2048K, 3 young (6144K), 2 survivors (4096K)
 Metaspace       used 6688K, committed 6912K, reserved 1056768K
  class space    used 669K, committed 768K, reserved 1048576K
}
Event: 1.429 GC heap after
{Heap after GC invocations=7 (full 0):
 garbage-first heap   total 202752K, used 117775K [0x0000000741c00000, 0x0000000800000000)
  region size 2048K, 2 young (4096K), 2 survivors (4096K)
 Metaspace       used 6688K, committed 6912K, reserved 1056768K
  class space    used 669K, committed 768K, reserved 1048576K
}
Event: 1.465 GC heap before
{Heap before GC invocations=8 (full 0):
 garbage-first heap   total 239616K, used 140303K [0x0000000741c00000, 0x0000000800000000)
  region size 2048K, 3 young (6144K), 2 survivors (4096K)
 Metaspace       used 6688K, committed 6912K, reserved 1056768K
  class space    used 669K, committed 768K, reserved 1048576K
}
Event: 1.466 GC heap after
{Heap after GC invocations=9 (full 0):
 garbage-first heap   total 239616K, used 140331K [0x0000000741c00000, 0x0000000800000000)
  region size 2048K, 2 young (4096K), 2 survivors (4096K)
 Metaspace       used 6688K, committed 6912K, reserved 1056768K
  class space    used 669K, committed 768K, reserved 1048576K
}
Event: 1.495 GC heap before
{Heap before GC invocations=10 (full 0):
 garbage-first heap   total 280576K, used 162859K [0x0000000741c00000, 0x0000000800000000)
  region size 2048K, 3 young (6144K), 2 survivors (4096K)
 Metaspace       used 6688K, committed 6912K, reserved 1056768K
  class space    used 669K, committed 768K, reserved 1048576K
}
Event: 1.498 GC heap after
{Heap after GC invocations=11 (full 0):
 garbage-first heap   total 389120K, used 162756K [0x0000000741c00000, 0x0000000800000000)
  region size 2048K, 2 young (4096K), 2 survivors (4096K)
 Metaspace       used 6688K, committed 6912K, reserved 1056768K
  class space    used 669K, committed 768K, reserved 1048576K
}
Event: 1.525 GC heap before
{Heap before GC invocations=11 (full 0):
 garbage-first heap   total 389120K, used 185284K [0x0000000741c00000, 0x0000000800000000)
  region size 2048K, 3 young (6144K), 2 survivors (4096K)
 Metaspace       used 6688K, committed 6912K, reserved 1056768K
  class space    used 669K, committed 768K, reserved 1048576K
}
Event: 1.526 GC heap after
{Heap after GC invocations=12 (full 0):
 garbage-first heap   total 389120K, used 185286K [0x0000000741c00000, 0x0000000800000000)
  region size 2048K, 2 young (4096K), 2 survivors (4096K)
 Metaspace       used 6688K, committed 6912K, reserved 1056768K
  class space    used 669K, committed 768K, reserved 1048576K
}
Event: 1.556 GC heap before
{Heap before GC invocations=13 (full 0):
 garbage-first heap   total 389120K, used 207814K [0x0000000741c00000, 0x0000000800000000)
  region size 2048K, 3 young (6144K), 2 survivors (4096K)
 Metaspace       used 6688K, committed 6912K, reserved 1056768K
  class space    used 669K, committed 768K, reserved 1048576K
}
Event: 1.557 GC heap after
{Heap after GC invocations=14 (full 0):
 garbage-first heap   total 389120K, used 207814K [0x0000000741c00000, 0x0000000800000000)
  region size 2048K, 2 young (4096K), 2 survivors (4096K)
 Metaspace       used 6688K, committed 6912K, reserved 1056768K
  class space    used 669K, committed 768K, reserved 1048576K
}
Event: 1.895 GC heap before
{Heap before GC invocations=15 (full 0):
 garbage-first heap   total 389120K, used 236486K [0x0000000741c00000, 0x0000000800000000)
  region size 2048K, 6 young (12288K), 2 survivors (4096K)
 Metaspace       used 7757K, committed 7936K, reserved 1056768K
  class space    used 819K, committed 896K, reserved 1048576K
}
Event: 1.897 GC heap after
{Heap after GC invocations=16 (full 0):
 garbage-first heap   total 389120K, used 231221K [0x0000000741c00000, 0x0000000800000000)
  region size 2048K, 2 young (4096K), 2 survivors (4096K)
 Metaspace       used 7757K, committed 7936K, reserved 1056768K
  class space    used 819K, committed 896K, reserved 1048576K
}
Event: 2.791 GC heap before
{Heap before GC invocations=17 (full 0):
 garbage-first heap   total 403456K, used 257845K [0x0000000741c00000, 0x0000000800000000)
  region size 2048K, 14 young (28672K), 2 survivors (4096K)
 Metaspace       used 8336K, committed 8512K, reserved 1056768K
  class space    used 861K, committed 960K, reserved 1048576K
}
Event: 2.796 GC heap after
{Heap after GC invocations=18 (full 0):
 garbage-first heap   total 403456K, used 247522K [0x0000000741c00000, 0x0000000800000000)
  region size 2048K, 7 young (14336K), 7 survivors (14336K)
 Metaspace       used 8336K, committed 8512K, reserved 1056768K
  class space    used 861K, committed 960K, reserved 1048576K
}

Deoptimization events (20 events):
Event: 2.068 Thread 0x000002a2ffafea70 DEOPT PACKING pc=0x000002a2906b8978 sp=0x000000b22befeac0
Event: 2.068 Thread 0x000002a2ffafea70 DEOPT UNPACKING pc=0x000002a288c023a3 sp=0x000000b22befea48 mode 2
Event: 2.374 Thread 0x000002a2ffafea70 DEOPT PACKING pc=0x000002a28929f158 sp=0x000000b22befe840
Event: 2.374 Thread 0x000002a2ffafea70 DEOPT UNPACKING pc=0x000002a288c02b43 sp=0x000000b22befdca0 mode 0
Event: 2.381 Thread 0x000002a2ffafea70 Uncommon trap: trap_request=0xffffffbe fr.pc=0x000002a2907245fc relative=0x00000000000002dc
Event: 2.381 Thread 0x000002a2ffafea70 Uncommon trap: reason=profile_predicate action=maybe_recompile pc=0x000002a2907245fc method=sun.security.provider.HashDrbg.addBytes([BI[[B)V @ 36 c2
Event: 2.381 Thread 0x000002a2ffafea70 DEOPT PACKING pc=0x000002a2907245fc sp=0x000000b22befe860
Event: 2.381 Thread 0x000002a2ffafea70 DEOPT UNPACKING pc=0x000002a288c023a3 sp=0x000000b22befe7b0 mode 2
Event: 2.381 Thread 0x000002a2ffafea70 Uncommon trap: trap_request=0xffffffbe fr.pc=0x000002a2907245fc relative=0x00000000000002dc
Event: 2.381 Thread 0x000002a2ffafea70 Uncommon trap: reason=profile_predicate action=maybe_recompile pc=0x000002a2907245fc method=sun.security.provider.HashDrbg.addBytes([BI[[B)V @ 36 c2
Event: 2.381 Thread 0x000002a2ffafea70 DEOPT PACKING pc=0x000002a2907245fc sp=0x000000b22befe850
Event: 2.381 Thread 0x000002a2ffafea70 DEOPT UNPACKING pc=0x000002a288c023a3 sp=0x000000b22befe7a0 mode 2
Event: 2.385 Thread 0x000002a2ffafea70 Uncommon trap: trap_request=0xffffffbe fr.pc=0x000002a2907245fc relative=0x00000000000002dc
Event: 2.385 Thread 0x000002a2ffafea70 Uncommon trap: reason=profile_predicate action=maybe_recompile pc=0x000002a2907245fc method=sun.security.provider.HashDrbg.addBytes([BI[[B)V @ 36 c2
Event: 2.385 Thread 0x000002a2ffafea70 DEOPT PACKING pc=0x000002a2907245fc sp=0x000000b22befe860
Event: 2.385 Thread 0x000002a2ffafea70 DEOPT UNPACKING pc=0x000002a288c023a3 sp=0x000000b22befe7b0 mode 2
Event: 2.385 Thread 0x000002a2ffafea70 Uncommon trap: trap_request=0xffffffbe fr.pc=0x000002a2907245fc relative=0x00000000000002dc
Event: 2.385 Thread 0x000002a2ffafea70 Uncommon trap: reason=profile_predicate action=maybe_recompile pc=0x000002a2907245fc method=sun.security.provider.HashDrbg.addBytes([BI[[B)V @ 36 c2
Event: 2.385 Thread 0x000002a2ffafea70 DEOPT PACKING pc=0x000002a2907245fc sp=0x000000b22befe850
Event: 2.385 Thread 0x000002a2ffafea70 DEOPT UNPACKING pc=0x000002a288c023a3 sp=0x000000b22befe7a0 mode 2

Classes unloaded (0 events):
No events

Classes redefined (0 events):
No events

Internal exceptions (20 events):
Event: 0.102 Thread 0x000002a2ffafea70 Exception <a 'sun/nio/fs/WindowsException'{0x000000074db3bf00}> (0x000000074db3bf00) 
thrown [s\open\src\hotspot\share\prims\jni.cpp, line 516]
Event: 0.151 Thread 0x000002a2ffafea70 Exception <a 'java/lang/ClassNotFoundException'{0x000000074d83fd68}: sun/awt/resources/spi/awtProvider> (0x000000074d83fd68) 
thrown [s\open\src\hotspot\share\classfile\systemDictionary.cpp, line 256]
Event: 0.176 Thread 0x000002a2ffafea70 Exception <a 'java/io/FileNotFoundException'{0x000000074d892f10}> (0x000000074d892f10) 
thrown [s\open\src\hotspot\share\prims\jni.cpp, line 516]
Event: 0.185 Thread 0x000002a2ffafea70 Exception <a 'java/io/FileNotFoundException'{0x000000074d8c0070}> (0x000000074d8c0070) 
thrown [s\open\src\hotspot\share\prims\jni.cpp, line 516]
Event: 0.233 Thread 0x000002a2ffafea70 Exception <a 'java/lang/NoSuchMethodError'{0x000000074d9372d8}: 'java.lang.Object java.lang.invoke.DirectMethodHandle$Holder.invokeStaticInit(java.lang.Object)'> (0x000000074d9372d8) 
thrown [s\open\src\hotspot\share\interpreter\linkResolver.cpp, line 759]
Event: 0.256 Thread 0x000002a2ffafea70 Exception <a 'java/lang/NoSuchMethodError'{0x000000074d961fb8}: 'void java.lang.invoke.DirectMethodHandle$Holder.invokeSpecial(java.lang.Object, java.lang.Object, java.lang.Object)'> (0x000000074d961fb8) 
thrown [s\open\src\hotspot\share\interpreter\linkResolver.cpp, line 759]
Event: 0.265 Thread 0x000002a2ffafea70 Exception <a 'java/lang/NoSuchMethodError'{0x000000074d9ca288}: 'java.lang.Object java.lang.invoke.DirectMethodHandle$Holder.newInvokeSpecial(java.lang.Object, java.lang.Object, java.lang.Object, java.lang.Object, java.lang.Object)'> (0x000000074d9ca288) 
thrown [s\open\src\hotspot\share\interpreter\linkResolver.cpp, line 759]
Event: 0.267 Thread 0x000002a2ffafea70 Exception <a 'java/lang/NoSuchMethodError'{0x000000074d9d5c50}: 'java.lang.Object java.lang.invoke.DirectMethodHandle$Holder.invokeStatic(java.lang.Object, int, java.lang.Object, java.lang.Object, java.lang.Object, java.lang.Object)'> (0x000000074d9d5c50) 
thrown [s\open\src\hotspot\share\interpreter\linkResolver.cpp, line 759]
Event: 0.272 Thread 0x000002a2ffafea70 Exception <a 'java/lang/NoSuchMethodError'{0x000000074d9fb660}: 'java.lang.Object java.lang.invoke.DirectMethodHandle$Holder.invokeStatic(java.lang.Object, int, java.lang.Object)'> (0x000000074d9fb660) 
thrown [s\open\src\hotspot\share\interpreter\linkResolver.cpp, line 759]
Event: 0.303 Thread 0x000002a2ffafea70 Exception <a 'java/lang/ClassNotFoundException'{0x000000074d6b6570}: com/sun/swing/internal/plaf/metal/resources/spi/metalProvider> (0x000000074d6b6570) 
thrown [s\open\src\hotspot\share\classfile\systemDictionary.cpp, line 256]
Event: 0.304 Thread 0x000002a2ffafea70 Exception <a 'java/lang/ClassNotFoundException'{0x000000074d6ba430}: com/sun/swing/internal/plaf/basic/resources/spi/basicProvider> (0x000000074d6ba430) 
thrown [s\open\src\hotspot\share\classfile\systemDictionary.cpp, line 256]
Event: 0.344 Thread 0x000002a2ffafea70 Exception <a 'java/lang/NoSuchMethodError'{0x000000074d731770}: 'java.lang.Object java.lang.invoke.DirectMethodHandle$Holder.invokeStaticInit(java.lang.Object, int, int, int, int)'> (0x000000074d731770) 
thrown [s\open\src\hotspot\share\interpreter\linkResolver.cpp, line 759]
Event: 0.396 Thread 0x000002a2ffafea70 Exception <a 'java/lang/NoSuchMethodError'{0x000000074d7b4788}: 'java.lang.Object java.lang.invoke.DirectMethodHandle$Holder.invokeStaticInit(java.lang.Object, java.lang.Object, int, int, int, int)'> (0x000000074d7b4788) 
thrown [s\open\src\hotspot\share\interpreter\linkResolver.cpp, line 759]
Event: 1.345 Thread 0x000002a2ffafea70 Implicit null exception at 0x000002a29070265a to 0x000002a290703630
Event: 1.671 Thread 0x000002a2ffafea70 Implicit null exception at 0x000002a2907011f9 to 0x000002a29070142c
Event: 1.839 Thread 0x000002a2ffafea70 Implicit null exception at 0x000002a2906d8a3e to 0x000002a2906d9404
Event: 1.852 Thread 0x000002a2a1b464e0 Exception <a 'java/lang/NoSuchMethodError'{0x000000075930a330}: 'void java.lang.invoke.DirectMethodHandle$Holder.invokeVirtual(java.lang.Object, java.lang.Object)'> (0x000000075930a330) 
thrown [s\open\src\hotspot\share\interpreter\linkResolver.cpp, line 759]
Event: 1.860 Thread 0x000002a2ffafea70 Exception <a 'java/lang/NoSuchMethodError'{0x0000000759235b30}: 'void java.lang.invoke.DirectMethodHandle$Holder.invokeStaticInit(java.lang.Object)'> (0x0000000759235b30) 
thrown [s\open\src\hotspot\share\interpreter\linkResolver.cpp, line 759]
Event: 1.943 Thread 0x000002a2ffafea70 Exception <a 'java/lang/NoSuchMethodError'{0x0000000759731718}: 'long java.lang.invoke.DirectMethodHandle$Holder.invokeStatic(java.lang.Object, java.lang.Object)'> (0x0000000759731718) 
thrown [s\open\src\hotspot\share\interpreter\linkResolver.cpp, line 759]
Event: 1.944 Thread 0x000002a2ffafea70 Exception <a 'java/lang/NoSuchMethodError'{0x0000000759738e50}: 'void java.lang.invoke.DirectMethodHandle$Holder.invokeStatic(java.lang.Object, java.lang.Object, java.lang.Object, java.lang.Object)'> (0x0000000759738e50) 
thrown [s\open\src\hotspot\share\interpreter\linkResolver.cpp, line 759]

VM Operations (20 events):
Event: 1.557 Executing VM operation: G1TryInitiateConcMark done
Event: 1.562 Executing VM operation: G1Concurrent
Event: 1.569 Executing VM operation: G1Concurrent done
Event: 1.571 Executing VM operation: G1Concurrent
Event: 1.571 Executing VM operation: G1Concurrent done
Event: 1.858 Executing VM operation: HandshakeAllThreads
Event: 1.858 Executing VM operation: HandshakeAllThreads done
Event: 1.889 Executing VM operation: HandshakeAllThreads
Event: 1.889 Executing VM operation: HandshakeAllThreads done
Event: 1.895 Executing VM operation: HandshakeAllThreads
Event: 1.895 Executing VM operation: HandshakeAllThreads done
Event: 1.895 Executing VM operation: G1TryInitiateConcMark
Event: 1.897 Executing VM operation: G1TryInitiateConcMark done
Event: 1.902 Executing VM operation: G1Concurrent
Event: 1.907 Executing VM operation: G1Concurrent done
Event: 1.909 Executing VM operation: G1Concurrent
Event: 1.909 Executing VM operation: G1Concurrent done
Event: 2.791 Executing VM operation: G1TryInitiateConcMark
Event: 2.796 Executing VM operation: G1TryInitiateConcMark done
Event: 2.801 Executing VM operation: G1Concurrent

Events (20 events):
Event: 1.919 loading class java/text/AttributedCharacterIterator done
Event: 1.919 loading class java/text/AttributedString$AttributedStringIterator done
Event: 1.919 loading class java/awt/TextComponent
Event: 1.920 loading class java/awt/TextComponent done
Event: 1.920 loading class javax/swing/text/JTextComponent
Event: 1.920 loading class javax/swing/Scrollable
Event: 1.920 loading class javax/swing/Scrollable done
Event: 1.920 loading class javax/swing/text/JTextComponent done
Event: 1.920 loading class java/awt/event/MouseWheelEvent
Event: 1.921 loading class java/awt/event/MouseWheelEvent done
Event: 1.923 loading class java/util/concurrent/locks/AbstractQueuedSynchronizer$ConditionNode
Event: 1.923 loading class java/util/concurrent/ForkJoinPool$ManagedBlocker
Event: 1.923 loading class java/util/concurrent/ForkJoinPool$ManagedBlocker done
Event: 1.923 loading class java/util/concurrent/locks/AbstractQueuedSynchronizer$Node
Event: 1.923 loading class java/util/concurrent/locks/AbstractQueuedSynchronizer$Node done
Event: 1.923 loading class java/util/concurrent/locks/AbstractQueuedSynchronizer$ConditionNode done
Event: 2.801 loading class java/awt/ColorPaintContext
Event: 2.801 loading class java/awt/PaintContext
Event: 2.801 loading class java/awt/PaintContext done
Event: 2.801 loading class java/awt/ColorPaintContext done


Dynamic libraries:
0x00007ff70c9c0000 - 0x00007ff70c9d0000 	C:\Program Files\Java\jdk-17.0.4.1\bin\java.exe
0x00007ffd7c0d0000 - 0x00007ffd7c2c8000 	C:\WINDOWS\SYSTEM32\ntdll.dll
0x00007ffd7a480000 - 0x00007ffd7a53f000 	C:\WINDOWS\System32\KERNEL32.DLL
0x00007ffd79ce0000 - 0x00007ffd79fb2000 	C:\WINDOWS\System32\KERNELBASE.dll
0x00007ffd797d0000 - 0x00007ffd798d0000 	C:\WINDOWS\System32\ucrtbase.dll
0x00007ffd76a20000 - 0x00007ffd76a3a000 	C:\Program Files\Java\jdk-17.0.4.1\bin\VCRUNTIME140.dll
0x00007ffd6c0b0000 - 0x00007ffd6c0c8000 	C:\Program Files\Java\jdk-17.0.4.1\bin\jli.dll
0x00007ffd7a120000 - 0x00007ffd7a1ce000 	C:\WINDOWS\System32\ADVAPI32.dll
0x00007ffd7a5f0000 - 0x00007ffd7a68e000 	C:\WINDOWS\System32\msvcrt.dll
0x00007ffd7aee0000 - 0x00007ffd7af7c000 	C:\WINDOWS\System32\sechost.dll
0x00007ffd7b8b0000 - 0x00007ffd7b9d5000 	C:\WINDOWS\System32\RPCRT4.dll
0x00007ffd7ba80000 - 0x00007ffd7bc1d000 	C:\WINDOWS\System32\USER32.dll
0x00007ffd79b60000 - 0x00007ffd79b82000 	C:\WINDOWS\System32\win32u.dll
0x00007ffd60df0000 - 0x00007ffd6108a000 	C:\WINDOWS\WinSxS\amd64_microsoft.windows.common-controls_6595b64144ccf1df_6.0.19041.1110_none_60b5254171f9507e\COMCTL32.dll
0x00007ffd7aa70000 - 0x00007ffd7aa9b000 	C:\WINDOWS\System32\GDI32.dll
0x00007ffd79fc0000 - 0x00007ffd7a0cf000 	C:\WINDOWS\System32\gdi32full.dll
0x00007ffd79b90000 - 0x00007ffd79c2d000 	C:\WINDOWS\System32\msvcp_win.dll
0x00007ffd71610000 - 0x00007ffd7161a000 	C:\WINDOWS\SYSTEM32\VERSION.dll
0x00007ffd7ba40000 - 0x00007ffd7ba72000 	C:\WINDOWS\System32\IMM32.DLL
0x00007ffd76e90000 - 0x00007ffd76e9c000 	C:\Program Files\Java\jdk-17.0.4.1\bin\vcruntime140_1.dll
0x00007ffd56e10000 - 0x00007ffd56e9d000 	C:\Program Files\Java\jdk-17.0.4.1\bin\msvcp140.dll
0x00007ffd4ae80000 - 0x00007ffd4ba42000 	C:\Program Files\Java\jdk-17.0.4.1\bin\server\jvm.dll
0x00007ffd7aa60000 - 0x00007ffd7aa68000 	C:\WINDOWS\System32\PSAPI.DLL
0x00007ffd66ec0000 - 0x00007ffd66ec9000 	C:\WINDOWS\SYSTEM32\WSOCK32.dll
0x00007ffd7ae60000 - 0x00007ffd7aecb000 	C:\WINDOWS\System32\WS2_32.dll
0x00007ffd672d0000 - 0x00007ffd672f7000 	C:\WINDOWS\SYSTEM32\WINMM.dll
0x00007ffd776b0000 - 0x00007ffd776c2000 	C:\WINDOWS\SYSTEM32\kernel.appcore.dll
0x00007ffd76e40000 - 0x00007ffd76e4a000 	C:\Program Files\Java\jdk-17.0.4.1\bin\jimage.dll
0x00007ffd6aed0000 - 0x00007ffd6b0b4000 	C:\WINDOWS\SYSTEM32\DBGHELP.DLL
0x00007ffd6aea0000 - 0x00007ffd6aecc000 	C:\WINDOWS\SYSTEM32\dbgcore.DLL
0x00007ffd79a60000 - 0x00007ffd79ae2000 	C:\WINDOWS\System32\bcryptPrimitives.dll
0x00007ffd728b0000 - 0x00007ffd728d5000 	C:\Program Files\Java\jdk-17.0.4.1\bin\java.dll
0x00007ffd6c220000 - 0x00007ffd6c2f6000 	C:\Program Files\Java\jdk-17.0.4.1\bin\jsvml.dll
0x00007ffd7af80000 - 0x00007ffd7b6c3000 	C:\WINDOWS\System32\SHELL32.dll
0x00007ffd778b0000 - 0x00007ffd78042000 	C:\WINDOWS\SYSTEM32\windows.storage.dll
0x00007ffd7aaa0000 - 0x00007ffd7adf4000 	C:\WINDOWS\System32\combase.dll
0x00007ffd79150000 - 0x00007ffd79180000 	C:\WINDOWS\SYSTEM32\Wldp.dll
0x00007ffd7b6d0000 - 0x00007ffd7b77d000 	C:\WINDOWS\System32\SHCORE.dll
0x00007ffd7b9e0000 - 0x00007ffd7ba35000 	C:\WINDOWS\System32\shlwapi.dll
0x00007ffd79710000 - 0x00007ffd7972f000 	C:\WINDOWS\SYSTEM32\profapi.dll
0x00007ffd727d0000 - 0x00007ffd727e9000 	C:\Program Files\Java\jdk-17.0.4.1\bin\net.dll
0x00007ffd72280000 - 0x00007ffd7238c000 	C:\WINDOWS\SYSTEM32\WINHTTP.dll
0x00007ffd78eb0000 - 0x00007ffd78f1a000 	C:\WINDOWS\system32\mswsock.dll
0x00007ffd727b0000 - 0x00007ffd727c6000 	C:\Program Files\Java\jdk-17.0.4.1\bin\nio.dll
0x00007ffd72790000 - 0x00007ffd727a8000 	C:\Program Files\Java\jdk-17.0.4.1\bin\zip.dll
0x00007ffd4eb00000 - 0x00007ffd4ec8f000 	C:\Program Files\Java\jdk-17.0.4.1\bin\awt.dll
0x00007ffd7a1d0000 - 0x00007ffd7a29d000 	C:\WINDOWS\System32\OLEAUT32.dll
0x00007ffd764b0000 - 0x00007ffd76541000 	C:\WINDOWS\SYSTEM32\apphelp.dll
0x00007ffd76a40000 - 0x00007ffd76ade000 	C:\WINDOWS\system32\uxtheme.dll
0x00007ffd7a710000 - 0x00007ffd7a825000 	C:\WINDOWS\System32\MSCTF.dll
0x00007ffd7b780000 - 0x00007ffd7b8aa000 	C:\WINDOWS\System32\ole32.dll
0x00007ffd77270000 - 0x00007ffd7729f000 	C:\WINDOWS\system32\DWMAPI.DLL
0x00007ffd4f000000 - 0x00007ffd4f125000 	C:\WINDOWS\system32\opengl32.dll
0x00007ffd72760000 - 0x00007ffd7278c000 	C:\WINDOWS\SYSTEM32\GLU32.dll
0x00007ffd790a0000 - 0x00007ffd790b8000 	C:\WINDOWS\SYSTEM32\CRYPTSP.dll
0x00007ffd787d0000 - 0x00007ffd78804000 	C:\WINDOWS\system32\rsaenh.dll
0x00007ffd798d0000 - 0x00007ffd798f7000 	C:\WINDOWS\System32\bcrypt.dll
0x00007ffd796d0000 - 0x00007ffd796fe000 	C:\WINDOWS\SYSTEM32\USERENV.dll
0x00007ffd790c0000 - 0x00007ffd790cc000 	C:\WINDOWS\SYSTEM32\CRYPTBASE.dll
0x00007ffd78ba0000 - 0x00007ffd78bdb000 	C:\WINDOWS\SYSTEM32\IPHLPAPI.DLL
0x00007ffd7a410000 - 0x00007ffd7a418000 	C:\WINDOWS\System32\NSI.dll
0x00007ffd73050000 - 0x00007ffd73067000 	C:\WINDOWS\SYSTEM32\dhcpcsvc6.DLL
0x00007ffd72fd0000 - 0x00007ffd72fed000 	C:\WINDOWS\SYSTEM32\dhcpcsvc.DLL
0x00007ffd78c30000 - 0x00007ffd78cfa000 	C:\WINDOWS\SYSTEM32\DNSAPI.dll
0x00007ffd4de00000 - 0x00007ffd4de89000 	C:\Program Files\Java\jdk-17.0.4.1\bin\freetype.dll
0x00007ffd4dd50000 - 0x00007ffd4ddf8000 	C:\Program Files\Java\jdk-17.0.4.1\bin\fontmanager.dll
0x00007ffd6f3a0000 - 0x00007ffd6f499000 	C:\WINDOWS\SYSTEM32\textinputframework.dll
0x00007ffd768f0000 - 0x00007ffd769e2000 	C:\WINDOWS\System32\CoreMessaging.dll
0x00007ffd76000000 - 0x00007ffd7635e000 	C:\WINDOWS\System32\CoreUIComponents.dll
0x00007ffd78910000 - 0x00007ffd78943000 	C:\WINDOWS\SYSTEM32\ntmarta.dll
0x00007ffd75ea0000 - 0x00007ffd75ff4000 	C:\WINDOWS\SYSTEM32\wintypes.dll

dbghelp: loaded successfully - version: 4.0.5 - missing functions: none
symbol engine: initialized successfully - sym options: 0x614 - pdb path: .;C:\Program Files\Java\jdk-17.0.4.1\bin;C:\WINDOWS\SYSTEM32;C:\WINDOWS\WinSxS\amd64_microsoft.windows.common-controls_6595b64144ccf1df_6.0.19041.1110_none_60b5254171f9507e;C:\Program Files\Java\jdk-17.0.4.1\bin\server

VM Arguments:
jvm_args: -Dfile.encoding=UTF-8 --module-path=C:\Users\VictorHugo\Documents\NetBeansProjects\JustA2Dgame\build\classes 
java_command: main.Main
java_class_path (initial): C:\Users\VictorHugo\Documents\NetBeansProjects\JustA2Dgame\lib\commons-codec-1.10.jar;C:\Users\VictorHugo\Documents\NetBeansProjects\JustA2Dgame\lib\commons-lang3-3.4.jar;C:\Users\VictorHugo\Documents\NetBeansProjects\JustA2Dgame\lib\guava-19.0.jar;C:\Users\VictorHugo\Documents\NetBeansProjects\JustA2Dgame\lib\pircbotx-2.1.jar;C:\Users\VictorHugo\Documents\NetBeansProjects\JustA2Dgame\lib\slf4j-api-1.7.13.jar;C:\Users\VictorHugo\Documents\NetBeansProjects\JustA2Dgame\lib\slf4j-simple-1.7.13.jar;C:\Users\VictorHugo\Documents\NetBeansProjects\JustA2Dgame\build\classes
Launcher Type: SUN_STANDARD

[Global flags]
     intx CICompilerCount                          = 3                                         {product} {ergonomic}
     uint ConcGCThreads                            = 1                                         {product} {ergonomic}
     uint G1ConcRefinementThreads                  = 4                                         {product} {ergonomic}
   size_t G1HeapRegionSize                         = 2097152                                   {product} {ergonomic}
    uintx GCDrainStackTargetSize                   = 64                                        {product} {ergonomic}
   size_t InitialHeapSize                          = 201326592                                 {product} {ergonomic}
   size_t MarkStackSize                            = 4194304                                   {product} {ergonomic}
   size_t MaxHeapSize                              = 3191865344                                {product} {ergonomic}
   size_t MaxNewSize                               = 1914699776                                {product} {ergonomic}
   size_t MinHeapDeltaBytes                        = 2097152                                   {product} {ergonomic}
   size_t MinHeapSize                              = 8388608                                   {product} {ergonomic}
    uintx NonNMethodCodeHeapSize                   = 5832780                                {pd product} {ergonomic}
    uintx NonProfiledCodeHeapSize                  = 122912730                              {pd product} {ergonomic}
    uintx ProfiledCodeHeapSize                     = 122912730                              {pd product} {ergonomic}
    uintx ReservedCodeCacheSize                    = 251658240                              {pd product} {ergonomic}
     bool SegmentedCodeCache                       = true                                      {product} {ergonomic}
   size_t SoftMaxHeapSize                          = 3191865344                             {manageable} {ergonomic}
     bool UseCompressedClassPointers               = true                           {product lp64_product} {ergonomic}
     bool UseCompressedOops                        = true                           {product lp64_product} {ergonomic}
     bool UseG1GC                                  = true                                      {product} {ergonomic}
     bool UseLargePagesIndividualAllocation        = false                                  {pd product} {ergonomic}

Logging:
Log output configuration:
 #0: stdout all=warning uptime,level,tags
 #1: stderr all=off uptime,level,tags

Environment Variables:
JAVA_HOME=C:\Program Files\Java\jdk-17.0.4.1
PATH=C:\Program Files\Common Files\Oracle\Java\javapath;C:\Program Files (x86)\Common Files\Oracle\Java\javapath;C:\ProgramData\Oracle\Java\javapath;C:\Oracle\product\10.1.0\Client_1\bin;C:\Oracle\product\10.1.0\Client_1\jre\1.4.2\bin\client;C:\Oracle\product\10.1.0\Client_1\jre\1.4.2\bin;C:\WINDOWS\system32;C:\WINDOWS;C:\WINDOWS\System32\Wbem;C:\WINDOWS\System32\WindowsPowerShell\v1.0\;C:\php;C:\composer;C:\wamp64\bin\php\php-5.6.31;C:\Program Files (x86)\QuickTime\QTSystem\;C:\Program Files\Microsoft Network Monitor 3\;C:\WINDOWS\System32\OpenSSH\;C:\Program Files\Java\jdk-17.0.4.1\bin;C:\Program Files\Git\cmd;C:\Program Files\nodejs\;C:\Program Files\dotnet\;C:\Program Files\Java\jdk-17.0.4.1\bin;C:\Users\VictorHugo\AppData\Local\Programs\Python\Python310\Scripts\;C:\Users\VictorHugo\AppData\Local\Programs\Python\Python310\;C:\Users\VictorHugo\AppData\Local\Microsoft\WindowsApps;C:\Program Files (x86)\Nmap;C:\Users\VictorHugo\AppData\Roaming\npm;C:\Users\VictorHugo\AppData\Local\Programs\Microsoft VS Code\bin;C:\Users\VictorHugo\.dotnet\tools;
USERNAME=VictorHugo
OS=Windows_NT
PROCESSOR_IDENTIFIER=Intel64 Family 6 Model 58 Stepping 9, GenuineIntel



---------------  S Y S T E M  ---------------

OS:
 Windows 10 , 64 bit Build 19041 (10.0.19041.2251)
OS uptime: 11 days 21:40 hours

CPU: total 4 (initial active 4) (4 cores per cpu, 1 threads per core) family 6 model 58 stepping 9 microcode 0x21, cx8, cmov, fxsr, mmx, sse, sse2, sse3, ssse3, sse4.1, sse4.2, popcnt, tsc, tscinvbit, avx, aes, erms, clmul, vzeroupper, clflush

Memory: 4k page, system-wide physical 12174M (2938M free)
TotalPageFile size 15244M (AvailPageFile size 13M)
current process WorkingSet (physical memory assigned to process): 350M, peak: 350M
current process commit charge ("private bytes"): 500M, peak: 526M

vm_info: Java HotSpot(TM) 64-Bit Server VM (17.0.4.1+1-LTS-2) for windows-amd64 JRE (17.0.4.1+1-LTS-2), built on Aug 16 2022 18:32:06 by "mach5one" with MS VC++ 16.8 / 16.9 (VS2019)

END.
